[0.475s] Invoking command in '/home/leewonjong/ros2_ws/src/gps_path_planner': PYTHONPATH=/home/leewonjong/ros2_ws/build/gps_path_planner/prefix_override:/usr/lib/python3/dist-packages/colcon_core/task/python/colcon_distutils_commands:/home/leewonjong/ros2_ws/install/gps_path_planner/lib/python3.10/site-packages:${PYTHONPATH} /usr/bin/python3 -W ignore:setup.py install is deprecated -W ignore:easy_install command is deprecated setup.py egg_info --egg-base ../../build/gps_path_planner build --build-base /home/leewonjong/ros2_ws/build/gps_path_planner/build install --record /home/leewonjong/ros2_ws/build/gps_path_planner/install.log --single-version-externally-managed install_data
[0.595s] running egg_info
[0.596s] writing ../../build/gps_path_planner/gps_path_planner.egg-info/PKG-INFO
[0.596s] writing dependency_links to ../../build/gps_path_planner/gps_path_planner.egg-info/dependency_links.txt
[0.596s] writing entry points to ../../build/gps_path_planner/gps_path_planner.egg-info/entry_points.txt
[0.596s] writing requirements to ../../build/gps_path_planner/gps_path_planner.egg-info/requires.txt
[0.596s] writing top-level names to ../../build/gps_path_planner/gps_path_planner.egg-info/top_level.txt
[0.597s] reading manifest file '../../build/gps_path_planner/gps_path_planner.egg-info/SOURCES.txt'
[0.597s] writing manifest file '../../build/gps_path_planner/gps_path_planner.egg-info/SOURCES.txt'
[0.597s] running build
[0.597s] running build_py
[0.598s] copying gps_path_planner/mission_manager.py -> /home/leewonjong/ros2_ws/build/gps_path_planner/build/lib/gps_path_planner
[0.598s] copying gps_path_planner/pure_pursuit_node.py -> /home/leewonjong/ros2_ws/build/gps_path_planner/build/lib/gps_path_planner
[0.598s] running install
[0.598s] running install_lib
[0.598s] copying /home/leewonjong/ros2_ws/build/gps_path_planner/build/lib/gps_path_planner/mission_manager.py -> /home/leewonjong/ros2_ws/install/gps_path_planner/lib/python3.10/site-packages/gps_path_planner
[0.598s] copying /home/leewonjong/ros2_ws/build/gps_path_planner/build/lib/gps_path_planner/pure_pursuit_node.py -> /home/leewonjong/ros2_ws/install/gps_path_planner/lib/python3.10/site-packages/gps_path_planner
[0.599s] byte-compiling /home/leewonjong/ros2_ws/install/gps_path_planner/lib/python3.10/site-packages/gps_path_planner/mission_manager.py to mission_manager.cpython-310.pyc
[0.601s] byte-compiling /home/leewonjong/ros2_ws/install/gps_path_planner/lib/python3.10/site-packages/gps_path_planner/pure_pursuit_node.py to pure_pursuit_node.cpython-310.pyc
[0.602s] running install_data
[0.602s] running install_egg_info
[0.602s] removing '/home/leewonjong/ros2_ws/install/gps_path_planner/lib/python3.10/site-packages/gps_path_planner-0.0.0-py3.10.egg-info' (and everything under it)
[0.604s] Copying ../../build/gps_path_planner/gps_path_planner.egg-info to /home/leewonjong/ros2_ws/install/gps_path_planner/lib/python3.10/site-packages/gps_path_planner-0.0.0-py3.10.egg-info
[0.607s] running install_scripts
[0.615s] Installing camera_publisher script to /home/leewonjong/ros2_ws/install/gps_path_planner/lib/gps_path_planner
[0.615s] Installing cone_detector script to /home/leewonjong/ros2_ws/install/gps_path_planner/lib/gps_path_planner
[0.615s] Installing gps_latlon_logger script to /home/leewonjong/ros2_ws/install/gps_path_planner/lib/gps_path_planner
[0.615s] Installing gps_publish_global_path_node script to /home/leewonjong/ros2_ws/install/gps_path_planner/lib/gps_path_planner
[0.615s] Installing mission_manager script to /home/leewonjong/ros2_ws/install/gps_path_planner/lib/gps_path_planner
[0.615s] Installing pose_publisher script to /home/leewonjong/ros2_ws/install/gps_path_planner/lib/gps_path_planner
[0.615s] Installing pure_pursuit_node script to /home/leewonjong/ros2_ws/install/gps_path_planner/lib/gps_path_planner
[0.615s] Installing traffic_light_node script to /home/leewonjong/ros2_ws/install/gps_path_planner/lib/gps_path_planner
[0.616s] Installing twist_serial_bridge script to /home/leewonjong/ros2_ws/install/gps_path_planner/lib/gps_path_planner
[0.616s] writing list of installed files to '/home/leewonjong/ros2_ws/build/gps_path_planner/install.log'
[0.636s] Invoked command in '/home/leewonjong/ros2_ws/src/gps_path_planner' returned '0': PYTHONPATH=/home/leewonjong/ros2_ws/build/gps_path_planner/prefix_override:/usr/lib/python3/dist-packages/colcon_core/task/python/colcon_distutils_commands:/home/leewonjong/ros2_ws/install/gps_path_planner/lib/python3.10/site-packages:${PYTHONPATH} /usr/bin/python3 -W ignore:setup.py install is deprecated -W ignore:easy_install command is deprecated setup.py egg_info --egg-base ../../build/gps_path_planner build --build-base /home/leewonjong/ros2_ws/build/gps_path_planner/build install --record /home/leewonjong/ros2_ws/build/gps_path_planner/install.log --single-version-externally-managed install_data
