[0.432s] Invoking command in '/home/leewonjong/ros2_ws/src/ntrip_client': PYTHONPATH=/home/leewonjong/ros2_ws/build/ntrip_client/prefix_override:/usr/lib/python3/dist-packages/colcon_core/task/python/colcon_distutils_commands:/home/leewonjong/ros2_ws/install/ntrip_client/lib/python3.10/site-packages:${PYTHONPATH} /usr/bin/python3 -W ignore:setup.py install is deprecated -W ignore:easy_install command is deprecated setup.py egg_info --egg-base ../../build/ntrip_client build --build-base /home/leewonjong/ros2_ws/build/ntrip_client/build install --record /home/leewonjong/ros2_ws/build/ntrip_client/install.log --single-version-externally-managed install_data
[0.552s] running egg_info
[0.552s] creating ../../build/ntrip_client/ntrip_client.egg-info
[0.552s] writing ../../build/ntrip_client/ntrip_client.egg-info/PKG-INFO
[0.553s] writing dependency_links to ../../build/ntrip_client/ntrip_client.egg-info/dependency_links.txt
[0.553s] writing requirements to ../../build/ntrip_client/ntrip_client.egg-info/requires.txt
[0.553s] writing top-level names to ../../build/ntrip_client/ntrip_client.egg-info/top_level.txt
[0.553s] writing manifest file '../../build/ntrip_client/ntrip_client.egg-info/SOURCES.txt'
[0.554s] reading manifest file '../../build/ntrip_client/ntrip_client.egg-info/SOURCES.txt'
[0.556s] adding license file 'LICENSE'
[0.556s] writing manifest file '../../build/ntrip_client/ntrip_client.egg-info/SOURCES.txt'
[0.556s] running build
[0.556s] running build_py
[0.556s] creating /home/leewonjong/ros2_ws/build/ntrip_client/build
[0.556s] creating /home/leewonjong/ros2_ws/build/ntrip_client/build/lib
[0.556s] creating /home/leewonjong/ros2_ws/build/ntrip_client/build/lib/ntrip_client
[0.556s] copying src/ntrip_client/__init__.py -> /home/leewonjong/ros2_ws/build/ntrip_client/build/lib/ntrip_client
[0.556s] copying src/ntrip_client/ntrip_serial_device.py -> /home/leewonjong/ros2_ws/build/ntrip_client/build/lib/ntrip_client
[0.556s] copying src/ntrip_client/ntrip_client.py -> /home/leewonjong/ros2_ws/build/ntrip_client/build/lib/ntrip_client
[0.556s] copying src/ntrip_client/nmea_parser.py -> /home/leewonjong/ros2_ws/build/ntrip_client/build/lib/ntrip_client
[0.556s] copying src/ntrip_client/ntrip_base.py -> /home/leewonjong/ros2_ws/build/ntrip_client/build/lib/ntrip_client
[0.557s] copying src/ntrip_client/rtcm_parser.py -> /home/leewonjong/ros2_ws/build/ntrip_client/build/lib/ntrip_client
[0.557s] running build_scripts
[0.557s] creating /home/leewonjong/ros2_ws/build/ntrip_client/build/scripts-3.10
[0.557s] copying and adjusting scripts/ntrip_ros.py -> /home/leewonjong/ros2_ws/build/ntrip_client/build/scripts-3.10
[0.557s] copying and adjusting scripts/ntrip_ros_base.py -> /home/leewonjong/ros2_ws/build/ntrip_client/build/scripts-3.10
[0.557s] copying and adjusting scripts/ntrip_serial_device_ros.py -> /home/leewonjong/ros2_ws/build/ntrip_client/build/scripts-3.10
[0.557s] changing mode of /home/leewonjong/ros2_ws/build/ntrip_client/build/scripts-3.10/ntrip_ros.py from 664 to 775
[0.557s] changing mode of /home/leewonjong/ros2_ws/build/ntrip_client/build/scripts-3.10/ntrip_ros_base.py from 664 to 775
[0.557s] changing mode of /home/leewonjong/ros2_ws/build/ntrip_client/build/scripts-3.10/ntrip_serial_device_ros.py from 664 to 775
[0.557s] running install
[0.557s] running install_lib
[0.557s] creating /home/leewonjong/ros2_ws/install/ntrip_client/lib/python3.10/site-packages/ntrip_client
[0.557s] copying /home/leewonjong/ros2_ws/build/ntrip_client/build/lib/ntrip_client/__init__.py -> /home/leewonjong/ros2_ws/install/ntrip_client/lib/python3.10/site-packages/ntrip_client
[0.557s] copying /home/leewonjong/ros2_ws/build/ntrip_client/build/lib/ntrip_client/ntrip_serial_device.py -> /home/leewonjong/ros2_ws/install/ntrip_client/lib/python3.10/site-packages/ntrip_client
[0.557s] copying /home/leewonjong/ros2_ws/build/ntrip_client/build/lib/ntrip_client/ntrip_client.py -> /home/leewonjong/ros2_ws/install/ntrip_client/lib/python3.10/site-packages/ntrip_client
[0.557s] copying /home/leewonjong/ros2_ws/build/ntrip_client/build/lib/ntrip_client/nmea_parser.py -> /home/leewonjong/ros2_ws/install/ntrip_client/lib/python3.10/site-packages/ntrip_client
[0.557s] copying /home/leewonjong/ros2_ws/build/ntrip_client/build/lib/ntrip_client/ntrip_base.py -> /home/leewonjong/ros2_ws/install/ntrip_client/lib/python3.10/site-packages/ntrip_client
[0.557s] copying /home/leewonjong/ros2_ws/build/ntrip_client/build/lib/ntrip_client/rtcm_parser.py -> /home/leewonjong/ros2_ws/install/ntrip_client/lib/python3.10/site-packages/ntrip_client
[0.557s] byte-compiling /home/leewonjong/ros2_ws/install/ntrip_client/lib/python3.10/site-packages/ntrip_client/__init__.py to __init__.cpython-310.pyc
[0.557s] byte-compiling /home/leewonjong/ros2_ws/install/ntrip_client/lib/python3.10/site-packages/ntrip_client/ntrip_serial_device.py to ntrip_serial_device.cpython-310.pyc
[0.557s] byte-compiling /home/leewonjong/ros2_ws/install/ntrip_client/lib/python3.10/site-packages/ntrip_client/ntrip_client.py to ntrip_client.cpython-310.pyc
[0.558s] byte-compiling /home/leewonjong/ros2_ws/install/ntrip_client/lib/python3.10/site-packages/ntrip_client/nmea_parser.py to nmea_parser.cpython-310.pyc
[0.558s] byte-compiling /home/leewonjong/ros2_ws/install/ntrip_client/lib/python3.10/site-packages/ntrip_client/ntrip_base.py to ntrip_base.cpython-310.pyc
[0.558s] byte-compiling /home/leewonjong/ros2_ws/install/ntrip_client/lib/python3.10/site-packages/ntrip_client/rtcm_parser.py to rtcm_parser.cpython-310.pyc
[0.558s] running install_data
[0.558s] running install_egg_info
[0.559s] Copying ../../build/ntrip_client/ntrip_client.egg-info to /home/leewonjong/ros2_ws/install/ntrip_client/lib/python3.10/site-packages/ntrip_client-1.4.0-py3.10.egg-info
[0.560s] running install_scripts
[0.571s] copying /home/leewonjong/ros2_ws/build/ntrip_client/build/scripts-3.10/ntrip_ros.py -> /home/leewonjong/ros2_ws/install/ntrip_client/lib/ntrip_client
[0.571s] copying /home/leewonjong/ros2_ws/build/ntrip_client/build/scripts-3.10/ntrip_serial_device_ros.py -> /home/leewonjong/ros2_ws/install/ntrip_client/lib/ntrip_client
[0.571s] copying /home/leewonjong/ros2_ws/build/ntrip_client/build/scripts-3.10/ntrip_ros_base.py -> /home/leewonjong/ros2_ws/install/ntrip_client/lib/ntrip_client
[0.571s] changing mode of /home/leewonjong/ros2_ws/install/ntrip_client/lib/ntrip_client/ntrip_ros.py to 775
[0.571s] changing mode of /home/leewonjong/ros2_ws/install/ntrip_client/lib/ntrip_client/ntrip_serial_device_ros.py to 775
[0.571s] changing mode of /home/leewonjong/ros2_ws/install/ntrip_client/lib/ntrip_client/ntrip_ros_base.py to 775
[0.571s] writing list of installed files to '/home/leewonjong/ros2_ws/build/ntrip_client/install.log'
[0.587s] Invoked command in '/home/leewonjong/ros2_ws/src/ntrip_client' returned '0': PYTHONPATH=/home/leewonjong/ros2_ws/build/ntrip_client/prefix_override:/usr/lib/python3/dist-packages/colcon_core/task/python/colcon_distutils_commands:/home/leewonjong/ros2_ws/install/ntrip_client/lib/python3.10/site-packages:${PYTHONPATH} /usr/bin/python3 -W ignore:setup.py install is deprecated -W ignore:easy_install command is deprecated setup.py egg_info --egg-base ../../build/ntrip_client build --build-base /home/leewonjong/ros2_ws/build/ntrip_client/build install --record /home/leewonjong/ros2_ws/build/ntrip_client/install.log --single-version-externally-managed install_data
