[0.237s] Invoking command in '/home/leewonjong/ros2_ws/build/rplidar_ros': CMAKE_PREFIX_PATH=${CMAKE_PREFIX_PATH}:/home/leewonjong/ros2_ws/install/combined_rtk:/home/leewonjong/ros2_ws/install/ntrip_client:/home/leewonjong/ros2_ws/install/gps_path_planner:/opt/ros/humble /usr/bin/cmake /home/leewonjong/ros2_ws/src/rplidar_ros -DCMAKE_INSTALL_PREFIX=/home/leewonjong/ros2_ws/install/rplidar_ros
[0.249s] -- Found ament_cmake: 1.3.12 (/opt/ros/humble/share/ament_cmake/cmake)
[0.323s] -- Override CMake install command with custom implementation using symlinks instead of copying resources
[0.327s] -- Found rclcpp: 16.0.14 (/opt/ros/humble/share/rclcpp/cmake)
[0.342s] -- Found rosidl_generator_c: 3.1.7 (/opt/ros/humble/share/rosidl_generator_c/cmake)
[0.343s] -- Found rosidl_adapter: 3.1.7 (/opt/ros/humble/share/rosidl_adapter/cmake)
[0.346s] -- Found rosidl_generator_cpp: 3.1.7 (/opt/ros/humble/share/rosidl_generator_cpp/cmake)
[0.351s] -- Using all available rosidl_typesupport_c: rosidl_typesupport_fastrtps_c;rosidl_typesupport_introspection_c
[0.357s] -- Using all available rosidl_typesupport_cpp: rosidl_typesupport_fastrtps_cpp;rosidl_typesupport_introspection_cpp
[0.374s] -- Found rmw_implementation_cmake: 6.1.2 (/opt/ros/humble/share/rmw_implementation_cmake/cmake)
[0.375s] -- Found rmw_fastrtps_cpp: 6.2.8 (/opt/ros/humble/share/rmw_fastrtps_cpp/cmake)
[0.444s] -- Using RMW implementation 'rmw_fastrtps_cpp' as default
[0.471s] -- Found sensor_msgs: 4.9.0 (/opt/ros/humble/share/sensor_msgs/cmake)
[0.488s] -- Found std_srvs: 4.9.0 (/opt/ros/humble/share/std_srvs/cmake)
[0.546s] -- Configuring done
[0.555s] -- Generating done
[0.560s] -- Build files have been written to: /home/leewonjong/ros2_ws/build/rplidar_ros
[0.567s] Invoked command in '/home/leewonjong/ros2_ws/build/rplidar_ros' returned '0': CMAKE_PREFIX_PATH=${CMAKE_PREFIX_PATH}:/home/leewonjong/ros2_ws/install/combined_rtk:/home/leewonjong/ros2_ws/install/ntrip_client:/home/leewonjong/ros2_ws/install/gps_path_planner:/opt/ros/humble /usr/bin/cmake /home/leewonjong/ros2_ws/src/rplidar_ros -DCMAKE_INSTALL_PREFIX=/home/leewonjong/ros2_ws/install/rplidar_ros
[0.567s] Invoking command in '/home/leewonjong/ros2_ws/build/rplidar_ros': CMAKE_PREFIX_PATH=${CMAKE_PREFIX_PATH}:/home/leewonjong/ros2_ws/install/combined_rtk:/home/leewonjong/ros2_ws/install/ntrip_client:/home/leewonjong/ros2_ws/install/gps_path_planner:/opt/ros/humble /usr/bin/cmake --build /home/leewonjong/ros2_ws/build/rplidar_ros -- -j16 -l16
[0.598s] [35m[1mConsolidate compiler generated dependencies of target rplidar_node[0m
[0.599s] [35m[1mConsolidate compiler generated dependencies of target rplidar_client[0m
[0.603s] [35m[1mConsolidate compiler generated dependencies of target rplidar_composition[0m
[0.616s] [  5%] Built target rplidar_client
[0.618s] [ 52%] Built target rplidar_node
[0.622s] [100%] Built target rplidar_composition
[0.632s] Invoked command in '/home/leewonjong/ros2_ws/build/rplidar_ros' returned '0': CMAKE_PREFIX_PATH=${CMAKE_PREFIX_PATH}:/home/leewonjong/ros2_ws/install/combined_rtk:/home/leewonjong/ros2_ws/install/ntrip_client:/home/leewonjong/ros2_ws/install/gps_path_planner:/opt/ros/humble /usr/bin/cmake --build /home/leewonjong/ros2_ws/build/rplidar_ros -- -j16 -l16
[0.633s] Invoking command in '/home/leewonjong/ros2_ws/build/rplidar_ros': CMAKE_PREFIX_PATH=${CMAKE_PREFIX_PATH}:/home/leewonjong/ros2_ws/install/combined_rtk:/home/leewonjong/ros2_ws/install/ntrip_client:/home/leewonjong/ros2_ws/install/gps_path_planner:/opt/ros/humble /usr/bin/cmake --install /home/leewonjong/ros2_ws/build/rplidar_ros
[0.638s] -- Install configuration: ""
[0.638s] -- Execute custom install script
[0.638s] -- Up-to-date symlink: /home/leewonjong/ros2_ws/install/rplidar_ros/share/rplidar_ros/launch/rplidar_a1_launch.py
[0.638s] -- Up-to-date symlink: /home/leewonjong/ros2_ws/install/rplidar_ros/share/rplidar_ros/launch/rplidar_a2m12_launch.py
[0.638s] -- Up-to-date symlink: /home/leewonjong/ros2_ws/install/rplidar_ros/share/rplidar_ros/launch/rplidar_a2m7_launch.py
[0.638s] -- Up-to-date symlink: /home/leewonjong/ros2_ws/install/rplidar_ros/share/rplidar_ros/launch/rplidar_a2m8_launch.py
[0.638s] -- Up-to-date symlink: /home/leewonjong/ros2_ws/install/rplidar_ros/share/rplidar_ros/launch/rplidar_a3_launch.py
[0.639s] -- Up-to-date symlink: /home/leewonjong/ros2_ws/install/rplidar_ros/share/rplidar_ros/launch/rplidar_c1_launch.py
[0.639s] -- Up-to-date symlink: /home/leewonjong/ros2_ws/install/rplidar_ros/share/rplidar_ros/launch/rplidar_s1_launch.py
[0.639s] -- Up-to-date symlink: /home/leewonjong/ros2_ws/install/rplidar_ros/share/rplidar_ros/launch/rplidar_s1_tcp_launch.py
[0.639s] -- Up-to-date symlink: /home/leewonjong/ros2_ws/install/rplidar_ros/share/rplidar_ros/launch/rplidar_s2_launch.py
[0.639s] -- Up-to-date symlink: /home/leewonjong/ros2_ws/install/rplidar_ros/share/rplidar_ros/launch/rplidar_s2e_launch.py
[0.639s] -- Up-to-date symlink: /home/leewonjong/ros2_ws/install/rplidar_ros/share/rplidar_ros/launch/rplidar_s3_launch.py
[0.639s] -- Up-to-date symlink: /home/leewonjong/ros2_ws/install/rplidar_ros/share/rplidar_ros/launch/rplidar_t1_launch.py
[0.639s] -- Up-to-date symlink: /home/leewonjong/ros2_ws/install/rplidar_ros/share/rplidar_ros/launch/view_rplidar_a1_launch.py
[0.639s] -- Up-to-date symlink: /home/leewonjong/ros2_ws/install/rplidar_ros/share/rplidar_ros/launch/view_rplidar_a2m12_launch.py
[0.639s] -- Up-to-date symlink: /home/leewonjong/ros2_ws/install/rplidar_ros/share/rplidar_ros/launch/view_rplidar_a2m7_launch.py
[0.639s] -- Up-to-date symlink: /home/leewonjong/ros2_ws/install/rplidar_ros/share/rplidar_ros/launch/view_rplidar_a2m8_launch.py
[0.639s] -- Up-to-date symlink: /home/leewonjong/ros2_ws/install/rplidar_ros/share/rplidar_ros/launch/view_rplidar_a3_launch.py
[0.639s] -- Up-to-date symlink: /home/leewonjong/ros2_ws/install/rplidar_ros/share/rplidar_ros/launch/view_rplidar_c1_launch.py
[0.639s] -- Up-to-date symlink: /home/leewonjong/ros2_ws/install/rplidar_ros/share/rplidar_ros/launch/view_rplidar_s1_launch.py
[0.639s] -- Up-to-date symlink: /home/leewonjong/ros2_ws/install/rplidar_ros/share/rplidar_ros/launch/view_rplidar_s1_tcp_launch.py
[0.639s] -- Up-to-date symlink: /home/leewonjong/ros2_ws/install/rplidar_ros/share/rplidar_ros/launch/view_rplidar_s2_launch.py
[0.639s] -- Up-to-date symlink: /home/leewonjong/ros2_ws/install/rplidar_ros/share/rplidar_ros/launch/view_rplidar_s2e_launch.py
[0.639s] -- Up-to-date symlink: /home/leewonjong/ros2_ws/install/rplidar_ros/share/rplidar_ros/launch/view_rplidar_s3_launch.py
[0.639s] -- Up-to-date symlink: /home/leewonjong/ros2_ws/install/rplidar_ros/share/rplidar_ros/launch/view_rplidar_t1_launch.py
[0.639s] -- Up-to-date symlink: /home/leewonjong/ros2_ws/install/rplidar_ros/share/rplidar_ros/rviz/rplidar_ros.rviz
[0.639s] -- Up-to-date symlink: /home/leewonjong/ros2_ws/install/rplidar_ros/lib/rplidar_ros/rplidar_node
[0.639s] -- Up-to-date symlink: /home/leewonjong/ros2_ws/install/rplidar_ros/lib/rplidar_ros/rplidar_composition
[0.640s] -- Up-to-date symlink: /home/leewonjong/ros2_ws/install/rplidar_ros/lib/rplidar_ros/rplidar_client
[0.640s] -- Up-to-date symlink: /home/leewonjong/ros2_ws/install/rplidar_ros/share/ament_index/resource_index/package_run_dependencies/rplidar_ros
[0.640s] -- Up-to-date symlink: /home/leewonjong/ros2_ws/install/rplidar_ros/share/ament_index/resource_index/parent_prefix_path/rplidar_ros
[0.640s] -- Up-to-date symlink: /home/leewonjong/ros2_ws/install/rplidar_ros/share/rplidar_ros/environment/ament_prefix_path.sh
[0.640s] -- Up-to-date symlink: /home/leewonjong/ros2_ws/install/rplidar_ros/share/rplidar_ros/environment/ament_prefix_path.dsv
[0.640s] -- Up-to-date symlink: /home/leewonjong/ros2_ws/install/rplidar_ros/share/rplidar_ros/environment/path.sh
[0.640s] -- Up-to-date symlink: /home/leewonjong/ros2_ws/install/rplidar_ros/share/rplidar_ros/environment/path.dsv
[0.640s] -- Up-to-date symlink: /home/leewonjong/ros2_ws/install/rplidar_ros/share/rplidar_ros/local_setup.bash
[0.640s] -- Up-to-date symlink: /home/leewonjong/ros2_ws/install/rplidar_ros/share/rplidar_ros/local_setup.sh
[0.640s] -- Up-to-date symlink: /home/leewonjong/ros2_ws/install/rplidar_ros/share/rplidar_ros/local_setup.zsh
[0.640s] -- Up-to-date symlink: /home/leewonjong/ros2_ws/install/rplidar_ros/share/rplidar_ros/local_setup.dsv
[0.640s] -- Symlinking: /home/leewonjong/ros2_ws/install/rplidar_ros/share/rplidar_ros/package.dsv
[0.651s] -- Up-to-date symlink: /home/leewonjong/ros2_ws/install/rplidar_ros/share/ament_index/resource_index/packages/rplidar_ros
[0.651s] -- Up-to-date symlink: /home/leewonjong/ros2_ws/install/rplidar_ros/share/rplidar_ros/cmake/ament_cmake_export_dependencies-extras.cmake
[0.651s] -- Up-to-date symlink: /home/leewonjong/ros2_ws/install/rplidar_ros/share/rplidar_ros/cmake/ament_cmake_export_include_directories-extras.cmake
[0.651s] -- Up-to-date symlink: /home/leewonjong/ros2_ws/install/rplidar_ros/share/rplidar_ros/cmake/rplidar_rosConfig.cmake
[0.651s] -- Up-to-date symlink: /home/leewonjong/ros2_ws/install/rplidar_ros/share/rplidar_ros/cmake/rplidar_rosConfig-version.cmake
[0.651s] -- Up-to-date symlink: /home/leewonjong/ros2_ws/install/rplidar_ros/share/rplidar_ros/package.xml
[0.654s] Invoked command in '/home/leewonjong/ros2_ws/build/rplidar_ros' returned '0': CMAKE_PREFIX_PATH=${CMAKE_PREFIX_PATH}:/home/leewonjong/ros2_ws/install/combined_rtk:/home/leewonjong/ros2_ws/install/ntrip_client:/home/leewonjong/ros2_ws/install/gps_path_planner:/opt/ros/humble /usr/bin/cmake --install /home/leewonjong/ros2_ws/build/rplidar_ros
