[0.050s] DEBUG:colcon:Command line arguments: ['/usr/bin/colcon', 'build', '--symlink-install']
[0.050s] DEBUG:colcon:Parsed command line arguments: Namespace(log_base=None, log_level=None, verb_name='build', build_base='build', install_base='install', merge_install=False, symlink_install=True, test_result_base=None, continue_on_error=False, executor='parallel', parallel_workers=16, event_handlers=None, ignore_user_meta=False, metas=['./colcon.meta'], base_paths=['.'], packages_ignore=None, packages_ignore_regex=None, paths=None, packages_up_to=None, packages_up_to_regex=None, packages_above=None, packages_above_and_dependencies=None, packages_above_depth=None, packages_select_by_dep=None, packages_skip_by_dep=None, packages_skip_up_to=None, packages_select_build_failed=False, packages_skip_build_finished=False, packages_select_test_failures=False, packages_skip_test_passed=False, packages_select=None, packages_skip=None, packages_select_regex=None, packages_skip_regex=None, packages_start=None, packages_end=None, allow_overriding=[], cmake_args=None, cmake_target=None, cmake_target_skip_unavailable=False, cmake_clean_cache=False, cmake_clean_first=False, cmake_force_configure=False, ament_cmake_args=None, catkin_cmake_args=None, catkin_skip_building_tests=False, mixin_files=None, mixin=None, verb_parser=<colcon_mixin.mixin.mixin_argument.MixinArgumentDecorator object at 0x710f6e04ddb0>, verb_extension=<colcon_core.verb.build.BuildVerb object at 0x710f6e04d6c0>, main=<bound method BuildVerb.main of <colcon_core.verb.build.BuildVerb object at 0x710f6e04d6c0>>, mixin_verb=('build',))
[0.118s] Level 1:colcon.colcon_core.package_discovery:discover_packages(colcon_meta) check parameters
[0.118s] Level 1:colcon.colcon_core.package_discovery:discover_packages(recursive) check parameters
[0.119s] Level 1:colcon.colcon_core.package_discovery:discover_packages(ignore) check parameters
[0.119s] Level 1:colcon.colcon_core.package_discovery:discover_packages(path) check parameters
[0.119s] Level 1:colcon.colcon_core.package_discovery:discover_packages(colcon_meta) discover
[0.119s] Level 1:colcon.colcon_core.package_discovery:discover_packages(recursive) discover
[0.119s] INFO:colcon.colcon_core.package_discovery:Crawling recursively for packages in '/home/leewonjong/ros2_ws'
[0.119s] Level 1:colcon.colcon_core.package_identification:_identify(.) by extensions ['ignore', 'ignore_ament_install']
[0.119s] Level 1:colcon.colcon_core.package_identification:_identify(.) by extension 'ignore'
[0.119s] Level 1:colcon.colcon_core.package_identification:_identify(.) by extension 'ignore_ament_install'
[0.119s] Level 1:colcon.colcon_core.package_identification:_identify(.) by extensions ['colcon_pkg']
[0.119s] Level 1:colcon.colcon_core.package_identification:_identify(.) by extension 'colcon_pkg'
[0.119s] Level 1:colcon.colcon_core.package_identification:_identify(.) by extensions ['colcon_meta']
[0.119s] Level 1:colcon.colcon_core.package_identification:_identify(.) by extension 'colcon_meta'
[0.119s] Level 1:colcon.colcon_core.package_identification:_identify(.) by extensions ['ros']
[0.119s] Level 1:colcon.colcon_core.package_identification:_identify(.) by extension 'ros'
[0.136s] Level 1:colcon.colcon_core.package_identification:_identify(.) by extensions ['cmake', 'python']
[0.137s] Level 1:colcon.colcon_core.package_identification:_identify(.) by extension 'cmake'
[0.137s] Level 1:colcon.colcon_core.package_identification:_identify(.) by extension 'python'
[0.137s] Level 1:colcon.colcon_core.package_identification:_identify(.) by extensions ['python_setup_py']
[0.137s] Level 1:colcon.colcon_core.package_identification:_identify(.) by extension 'python_setup_py'
[0.137s] Level 1:colcon.colcon_core.package_identification:_identify(build) by extensions ['ignore', 'ignore_ament_install']
[0.137s] Level 1:colcon.colcon_core.package_identification:_identify(build) by extension 'ignore'
[0.137s] Level 1:colcon.colcon_core.package_identification:_identify(build) ignored
[0.137s] Level 1:colcon.colcon_core.package_identification:_identify(install) by extensions ['ignore', 'ignore_ament_install']
[0.137s] Level 1:colcon.colcon_core.package_identification:_identify(install) by extension 'ignore'
[0.137s] Level 1:colcon.colcon_core.package_identification:_identify(install) ignored
[0.137s] Level 1:colcon.colcon_core.package_identification:_identify(log) by extensions ['ignore', 'ignore_ament_install']
[0.137s] Level 1:colcon.colcon_core.package_identification:_identify(log) by extension 'ignore'
[0.137s] Level 1:colcon.colcon_core.package_identification:_identify(log) ignored
[0.137s] Level 1:colcon.colcon_core.package_identification:_identify(src) by extensions ['ignore', 'ignore_ament_install']
[0.137s] Level 1:colcon.colcon_core.package_identification:_identify(src) by extension 'ignore'
[0.137s] Level 1:colcon.colcon_core.package_identification:_identify(src) by extension 'ignore_ament_install'
[0.137s] Level 1:colcon.colcon_core.package_identification:_identify(src) by extensions ['colcon_pkg']
[0.137s] Level 1:colcon.colcon_core.package_identification:_identify(src) by extension 'colcon_pkg'
[0.137s] Level 1:colcon.colcon_core.package_identification:_identify(src) by extensions ['colcon_meta']
[0.137s] Level 1:colcon.colcon_core.package_identification:_identify(src) by extension 'colcon_meta'
[0.137s] Level 1:colcon.colcon_core.package_identification:_identify(src) by extensions ['ros']
[0.137s] Level 1:colcon.colcon_core.package_identification:_identify(src) by extension 'ros'
[0.137s] Level 1:colcon.colcon_core.package_identification:_identify(src) by extensions ['cmake', 'python']
[0.137s] Level 1:colcon.colcon_core.package_identification:_identify(src) by extension 'cmake'
[0.137s] Level 1:colcon.colcon_core.package_identification:_identify(src) by extension 'python'
[0.137s] Level 1:colcon.colcon_core.package_identification:_identify(src) by extensions ['python_setup_py']
[0.137s] Level 1:colcon.colcon_core.package_identification:_identify(src) by extension 'python_setup_py'
[0.137s] Level 1:colcon.colcon_core.package_identification:_identify(src/combined_rtk) by extensions ['ignore', 'ignore_ament_install']
[0.137s] Level 1:colcon.colcon_core.package_identification:_identify(src/combined_rtk) by extension 'ignore'
[0.137s] Level 1:colcon.colcon_core.package_identification:_identify(src/combined_rtk) by extension 'ignore_ament_install'
[0.137s] Level 1:colcon.colcon_core.package_identification:_identify(src/combined_rtk) by extensions ['colcon_pkg']
[0.137s] Level 1:colcon.colcon_core.package_identification:_identify(src/combined_rtk) by extension 'colcon_pkg'
[0.137s] Level 1:colcon.colcon_core.package_identification:_identify(src/combined_rtk) by extensions ['colcon_meta']
[0.137s] Level 1:colcon.colcon_core.package_identification:_identify(src/combined_rtk) by extension 'colcon_meta'
[0.137s] Level 1:colcon.colcon_core.package_identification:_identify(src/combined_rtk) by extensions ['ros']
[0.137s] Level 1:colcon.colcon_core.package_identification:_identify(src/combined_rtk) by extension 'ros'
[0.139s] DEBUG:colcon.colcon_core.package_identification:Package 'src/combined_rtk' with type 'ros.ament_python' and name 'combined_rtk'
[0.139s] Level 1:colcon.colcon_core.package_identification:_identify(src/gps_path_planner) by extensions ['ignore', 'ignore_ament_install']
[0.139s] Level 1:colcon.colcon_core.package_identification:_identify(src/gps_path_planner) by extension 'ignore'
[0.139s] Level 1:colcon.colcon_core.package_identification:_identify(src/gps_path_planner) by extension 'ignore_ament_install'
[0.139s] Level 1:colcon.colcon_core.package_identification:_identify(src/gps_path_planner) by extensions ['colcon_pkg']
[0.139s] Level 1:colcon.colcon_core.package_identification:_identify(src/gps_path_planner) by extension 'colcon_pkg'
[0.139s] Level 1:colcon.colcon_core.package_identification:_identify(src/gps_path_planner) by extensions ['colcon_meta']
[0.139s] Level 1:colcon.colcon_core.package_identification:_identify(src/gps_path_planner) by extension 'colcon_meta'
[0.139s] Level 1:colcon.colcon_core.package_identification:_identify(src/gps_path_planner) by extensions ['ros']
[0.139s] Level 1:colcon.colcon_core.package_identification:_identify(src/gps_path_planner) by extension 'ros'
[0.139s] DEBUG:colcon.colcon_core.package_identification:Package 'src/gps_path_planner' with type 'ros.ament_python' and name 'gps_path_planner'
[0.139s] Level 1:colcon.colcon_core.package_identification:_identify(src/ntrip_client) by extensions ['ignore', 'ignore_ament_install']
[0.139s] Level 1:colcon.colcon_core.package_identification:_identify(src/ntrip_client) by extension 'ignore'
[0.139s] Level 1:colcon.colcon_core.package_identification:_identify(src/ntrip_client) by extension 'ignore_ament_install'
[0.139s] Level 1:colcon.colcon_core.package_identification:_identify(src/ntrip_client) by extensions ['colcon_pkg']
[0.139s] Level 1:colcon.colcon_core.package_identification:_identify(src/ntrip_client) by extension 'colcon_pkg'
[0.139s] Level 1:colcon.colcon_core.package_identification:_identify(src/ntrip_client) by extensions ['colcon_meta']
[0.139s] Level 1:colcon.colcon_core.package_identification:_identify(src/ntrip_client) by extension 'colcon_meta'
[0.139s] Level 1:colcon.colcon_core.package_identification:_identify(src/ntrip_client) by extensions ['ros']
[0.139s] Level 1:colcon.colcon_core.package_identification:_identify(src/ntrip_client) by extension 'ros'
[0.140s] DEBUG:colcon.colcon_core.package_identification:Package 'src/ntrip_client' with type 'ros.ament_python' and name 'ntrip_client'
[0.140s] Level 1:colcon.colcon_core.package_identification:_identify(src/rplidar_ros) by extensions ['ignore', 'ignore_ament_install']
[0.140s] Level 1:colcon.colcon_core.package_identification:_identify(src/rplidar_ros) by extension 'ignore'
[0.140s] Level 1:colcon.colcon_core.package_identification:_identify(src/rplidar_ros) by extension 'ignore_ament_install'
[0.140s] Level 1:colcon.colcon_core.package_identification:_identify(src/rplidar_ros) by extensions ['colcon_pkg']
[0.140s] Level 1:colcon.colcon_core.package_identification:_identify(src/rplidar_ros) by extension 'colcon_pkg'
[0.140s] Level 1:colcon.colcon_core.package_identification:_identify(src/rplidar_ros) by extensions ['colcon_meta']
[0.140s] Level 1:colcon.colcon_core.package_identification:_identify(src/rplidar_ros) by extension 'colcon_meta'
[0.140s] Level 1:colcon.colcon_core.package_identification:_identify(src/rplidar_ros) by extensions ['ros']
[0.140s] Level 1:colcon.colcon_core.package_identification:_identify(src/rplidar_ros) by extension 'ros'
[0.140s] DEBUG:colcon.colcon_core.package_identification:Package 'src/rplidar_ros' with type 'ros.ament_cmake' and name 'rplidar_ros'
[0.140s] Level 1:colcon.colcon_core.package_identification:_identify(src/ublox) by extensions ['ignore', 'ignore_ament_install']
[0.140s] Level 1:colcon.colcon_core.package_identification:_identify(src/ublox) by extension 'ignore'
[0.140s] Level 1:colcon.colcon_core.package_identification:_identify(src/ublox) by extension 'ignore_ament_install'
[0.140s] Level 1:colcon.colcon_core.package_identification:_identify(src/ublox) by extensions ['colcon_pkg']
[0.140s] Level 1:colcon.colcon_core.package_identification:_identify(src/ublox) by extension 'colcon_pkg'
[0.140s] Level 1:colcon.colcon_core.package_identification:_identify(src/ublox) by extensions ['colcon_meta']
[0.140s] Level 1:colcon.colcon_core.package_identification:_identify(src/ublox) by extension 'colcon_meta'
[0.140s] Level 1:colcon.colcon_core.package_identification:_identify(src/ublox) by extensions ['ros']
[0.140s] Level 1:colcon.colcon_core.package_identification:_identify(src/ublox) by extension 'ros'
[0.140s] Level 1:colcon.colcon_core.package_identification:_identify(src/ublox) by extensions ['cmake', 'python']
[0.140s] Level 1:colcon.colcon_core.package_identification:_identify(src/ublox) by extension 'cmake'
[0.140s] Level 1:colcon.colcon_core.package_identification:_identify(src/ublox) by extension 'python'
[0.140s] Level 1:colcon.colcon_core.package_identification:_identify(src/ublox) by extensions ['python_setup_py']
[0.140s] Level 1:colcon.colcon_core.package_identification:_identify(src/ublox) by extension 'python_setup_py'
[0.141s] Level 1:colcon.colcon_core.package_identification:_identify(src/ublox/ublox) by extensions ['ignore', 'ignore_ament_install']
[0.141s] Level 1:colcon.colcon_core.package_identification:_identify(src/ublox/ublox) by extension 'ignore'
[0.141s] Level 1:colcon.colcon_core.package_identification:_identify(src/ublox/ublox) by extension 'ignore_ament_install'
[0.141s] Level 1:colcon.colcon_core.package_identification:_identify(src/ublox/ublox) by extensions ['colcon_pkg']
[0.141s] Level 1:colcon.colcon_core.package_identification:_identify(src/ublox/ublox) by extension 'colcon_pkg'
[0.141s] Level 1:colcon.colcon_core.package_identification:_identify(src/ublox/ublox) by extensions ['colcon_meta']
[0.141s] Level 1:colcon.colcon_core.package_identification:_identify(src/ublox/ublox) by extension 'colcon_meta'
[0.141s] Level 1:colcon.colcon_core.package_identification:_identify(src/ublox/ublox) by extensions ['ros']
[0.141s] Level 1:colcon.colcon_core.package_identification:_identify(src/ublox/ublox) by extension 'ros'
[0.141s] DEBUG:colcon.colcon_core.package_identification:Package 'src/ublox/ublox' with type 'ros.ament_cmake' and name 'ublox'
[0.141s] Level 1:colcon.colcon_core.package_identification:_identify(src/ublox/ublox_gps) by extensions ['ignore', 'ignore_ament_install']
[0.141s] Level 1:colcon.colcon_core.package_identification:_identify(src/ublox/ublox_gps) by extension 'ignore'
[0.141s] Level 1:colcon.colcon_core.package_identification:_identify(src/ublox/ublox_gps) by extension 'ignore_ament_install'
[0.141s] Level 1:colcon.colcon_core.package_identification:_identify(src/ublox/ublox_gps) by extensions ['colcon_pkg']
[0.141s] Level 1:colcon.colcon_core.package_identification:_identify(src/ublox/ublox_gps) by extension 'colcon_pkg'
[0.141s] Level 1:colcon.colcon_core.package_identification:_identify(src/ublox/ublox_gps) by extensions ['colcon_meta']
[0.141s] Level 1:colcon.colcon_core.package_identification:_identify(src/ublox/ublox_gps) by extension 'colcon_meta'
[0.141s] Level 1:colcon.colcon_core.package_identification:_identify(src/ublox/ublox_gps) by extensions ['ros']
[0.141s] Level 1:colcon.colcon_core.package_identification:_identify(src/ublox/ublox_gps) by extension 'ros'
[0.142s] DEBUG:colcon.colcon_core.package_identification:Package 'src/ublox/ublox_gps' with type 'ros.ament_cmake' and name 'ublox_gps'
[0.142s] Level 1:colcon.colcon_core.package_identification:_identify(src/ublox/ublox_msgs) by extensions ['ignore', 'ignore_ament_install']
[0.142s] Level 1:colcon.colcon_core.package_identification:_identify(src/ublox/ublox_msgs) by extension 'ignore'
[0.142s] Level 1:colcon.colcon_core.package_identification:_identify(src/ublox/ublox_msgs) by extension 'ignore_ament_install'
[0.142s] Level 1:colcon.colcon_core.package_identification:_identify(src/ublox/ublox_msgs) by extensions ['colcon_pkg']
[0.142s] Level 1:colcon.colcon_core.package_identification:_identify(src/ublox/ublox_msgs) by extension 'colcon_pkg'
[0.142s] Level 1:colcon.colcon_core.package_identification:_identify(src/ublox/ublox_msgs) by extensions ['colcon_meta']
[0.142s] Level 1:colcon.colcon_core.package_identification:_identify(src/ublox/ublox_msgs) by extension 'colcon_meta'
[0.142s] Level 1:colcon.colcon_core.package_identification:_identify(src/ublox/ublox_msgs) by extensions ['ros']
[0.142s] Level 1:colcon.colcon_core.package_identification:_identify(src/ublox/ublox_msgs) by extension 'ros'
[0.142s] DEBUG:colcon.colcon_core.package_identification:Package 'src/ublox/ublox_msgs' with type 'ros.ament_cmake' and name 'ublox_msgs'
[0.142s] Level 1:colcon.colcon_core.package_identification:_identify(src/ublox/ublox_serialization) by extensions ['ignore', 'ignore_ament_install']
[0.142s] Level 1:colcon.colcon_core.package_identification:_identify(src/ublox/ublox_serialization) by extension 'ignore'
[0.142s] Level 1:colcon.colcon_core.package_identification:_identify(src/ublox/ublox_serialization) by extension 'ignore_ament_install'
[0.142s] Level 1:colcon.colcon_core.package_identification:_identify(src/ublox/ublox_serialization) by extensions ['colcon_pkg']
[0.142s] Level 1:colcon.colcon_core.package_identification:_identify(src/ublox/ublox_serialization) by extension 'colcon_pkg'
[0.142s] Level 1:colcon.colcon_core.package_identification:_identify(src/ublox/ublox_serialization) by extensions ['colcon_meta']
[0.142s] Level 1:colcon.colcon_core.package_identification:_identify(src/ublox/ublox_serialization) by extension 'colcon_meta'
[0.142s] Level 1:colcon.colcon_core.package_identification:_identify(src/ublox/ublox_serialization) by extensions ['ros']
[0.142s] Level 1:colcon.colcon_core.package_identification:_identify(src/ublox/ublox_serialization) by extension 'ros'
[0.143s] DEBUG:colcon.colcon_core.package_identification:Package 'src/ublox/ublox_serialization' with type 'ros.ament_cmake' and name 'ublox_serialization'
[0.143s] Level 1:colcon.colcon_core.package_discovery:discover_packages(recursive) using defaults
[0.143s] Level 1:colcon.colcon_core.package_discovery:discover_packages(ignore) discover
[0.143s] Level 1:colcon.colcon_core.package_discovery:discover_packages(ignore) using defaults
[0.143s] Level 1:colcon.colcon_core.package_discovery:discover_packages(path) discover
[0.143s] Level 1:colcon.colcon_core.package_discovery:discover_packages(path) using defaults
[0.152s] Level 1:colcon.colcon_core.package_discovery:discover_packages(prefix_path) check parameters
[0.152s] Level 1:colcon.colcon_core.package_discovery:discover_packages(prefix_path) discover
[0.153s] DEBUG:colcon.colcon_installed_package_information.package_discovery:Found 286 installed packages in /opt/ros/humble
[0.154s] Level 1:colcon.colcon_core.package_discovery:discover_packages(prefix_path) using defaults
[0.168s] Level 5:colcon.colcon_core.verb:set package 'gps_path_planner' build argument 'cmake_args' from command line to 'None'
[0.168s] Level 5:colcon.colcon_core.verb:set package 'gps_path_planner' build argument 'cmake_target' from command line to 'None'
[0.168s] Level 5:colcon.colcon_core.verb:set package 'gps_path_planner' build argument 'cmake_target_skip_unavailable' from command line to 'False'
[0.168s] Level 5:colcon.colcon_core.verb:set package 'gps_path_planner' build argument 'cmake_clean_cache' from command line to 'False'
[0.168s] Level 5:colcon.colcon_core.verb:set package 'gps_path_planner' build argument 'cmake_clean_first' from command line to 'False'
[0.168s] Level 5:colcon.colcon_core.verb:set package 'gps_path_planner' build argument 'cmake_force_configure' from command line to 'False'
[0.168s] Level 5:colcon.colcon_core.verb:set package 'gps_path_planner' build argument 'ament_cmake_args' from command line to 'None'
[0.168s] Level 5:colcon.colcon_core.verb:set package 'gps_path_planner' build argument 'catkin_cmake_args' from command line to 'None'
[0.168s] Level 5:colcon.colcon_core.verb:set package 'gps_path_planner' build argument 'catkin_skip_building_tests' from command line to 'False'
[0.168s] DEBUG:colcon.colcon_core.verb:Building package 'gps_path_planner' with the following arguments: {'ament_cmake_args': None, 'build_base': '/home/leewonjong/ros2_ws/build/gps_path_planner', 'catkin_cmake_args': None, 'catkin_skip_building_tests': False, 'cmake_args': None, 'cmake_clean_cache': False, 'cmake_clean_first': False, 'cmake_force_configure': False, 'cmake_target': None, 'cmake_target_skip_unavailable': False, 'install_base': '/home/leewonjong/ros2_ws/install/gps_path_planner', 'merge_install': False, 'path': '/home/leewonjong/ros2_ws/src/gps_path_planner', 'symlink_install': True, 'test_result_base': None}
[0.168s] Level 5:colcon.colcon_core.verb:set package 'ntrip_client' build argument 'cmake_args' from command line to 'None'
[0.168s] Level 5:colcon.colcon_core.verb:set package 'ntrip_client' build argument 'cmake_target' from command line to 'None'
[0.168s] Level 5:colcon.colcon_core.verb:set package 'ntrip_client' build argument 'cmake_target_skip_unavailable' from command line to 'False'
[0.168s] Level 5:colcon.colcon_core.verb:set package 'ntrip_client' build argument 'cmake_clean_cache' from command line to 'False'
[0.168s] Level 5:colcon.colcon_core.verb:set package 'ntrip_client' build argument 'cmake_clean_first' from command line to 'False'
[0.168s] Level 5:colcon.colcon_core.verb:set package 'ntrip_client' build argument 'cmake_force_configure' from command line to 'False'
[0.168s] Level 5:colcon.colcon_core.verb:set package 'ntrip_client' build argument 'ament_cmake_args' from command line to 'None'
[0.168s] Level 5:colcon.colcon_core.verb:set package 'ntrip_client' build argument 'catkin_cmake_args' from command line to 'None'
[0.168s] Level 5:colcon.colcon_core.verb:set package 'ntrip_client' build argument 'catkin_skip_building_tests' from command line to 'False'
[0.168s] DEBUG:colcon.colcon_core.verb:Building package 'ntrip_client' with the following arguments: {'ament_cmake_args': None, 'build_base': '/home/leewonjong/ros2_ws/build/ntrip_client', 'catkin_cmake_args': None, 'catkin_skip_building_tests': False, 'cmake_args': None, 'cmake_clean_cache': False, 'cmake_clean_first': False, 'cmake_force_configure': False, 'cmake_target': None, 'cmake_target_skip_unavailable': False, 'install_base': '/home/leewonjong/ros2_ws/install/ntrip_client', 'merge_install': False, 'path': '/home/leewonjong/ros2_ws/src/ntrip_client', 'symlink_install': True, 'test_result_base': None}
[0.168s] Level 5:colcon.colcon_core.verb:set package 'rplidar_ros' build argument 'cmake_args' from command line to 'None'
[0.168s] Level 5:colcon.colcon_core.verb:set package 'rplidar_ros' build argument 'cmake_target' from command line to 'None'
[0.168s] Level 5:colcon.colcon_core.verb:set package 'rplidar_ros' build argument 'cmake_target_skip_unavailable' from command line to 'False'
[0.168s] Level 5:colcon.colcon_core.verb:set package 'rplidar_ros' build argument 'cmake_clean_cache' from command line to 'False'
[0.168s] Level 5:colcon.colcon_core.verb:set package 'rplidar_ros' build argument 'cmake_clean_first' from command line to 'False'
[0.168s] Level 5:colcon.colcon_core.verb:set package 'rplidar_ros' build argument 'cmake_force_configure' from command line to 'False'
[0.168s] Level 5:colcon.colcon_core.verb:set package 'rplidar_ros' build argument 'ament_cmake_args' from command line to 'None'
[0.168s] Level 5:colcon.colcon_core.verb:set package 'rplidar_ros' build argument 'catkin_cmake_args' from command line to 'None'
[0.168s] Level 5:colcon.colcon_core.verb:set package 'rplidar_ros' build argument 'catkin_skip_building_tests' from command line to 'False'
[0.168s] DEBUG:colcon.colcon_core.verb:Building package 'rplidar_ros' with the following arguments: {'ament_cmake_args': None, 'build_base': '/home/leewonjong/ros2_ws/build/rplidar_ros', 'catkin_cmake_args': None, 'catkin_skip_building_tests': False, 'cmake_args': None, 'cmake_clean_cache': False, 'cmake_clean_first': False, 'cmake_force_configure': False, 'cmake_target': None, 'cmake_target_skip_unavailable': False, 'install_base': '/home/leewonjong/ros2_ws/install/rplidar_ros', 'merge_install': False, 'path': '/home/leewonjong/ros2_ws/src/rplidar_ros', 'symlink_install': True, 'test_result_base': None}
[0.168s] Level 5:colcon.colcon_core.verb:set package 'ublox_serialization' build argument 'cmake_args' from command line to 'None'
[0.168s] Level 5:colcon.colcon_core.verb:set package 'ublox_serialization' build argument 'cmake_target' from command line to 'None'
[0.168s] Level 5:colcon.colcon_core.verb:set package 'ublox_serialization' build argument 'cmake_target_skip_unavailable' from command line to 'False'
[0.168s] Level 5:colcon.colcon_core.verb:set package 'ublox_serialization' build argument 'cmake_clean_cache' from command line to 'False'
[0.168s] Level 5:colcon.colcon_core.verb:set package 'ublox_serialization' build argument 'cmake_clean_first' from command line to 'False'
[0.168s] Level 5:colcon.colcon_core.verb:set package 'ublox_serialization' build argument 'cmake_force_configure' from command line to 'False'
[0.168s] Level 5:colcon.colcon_core.verb:set package 'ublox_serialization' build argument 'ament_cmake_args' from command line to 'None'
[0.168s] Level 5:colcon.colcon_core.verb:set package 'ublox_serialization' build argument 'catkin_cmake_args' from command line to 'None'
[0.168s] Level 5:colcon.colcon_core.verb:set package 'ublox_serialization' build argument 'catkin_skip_building_tests' from command line to 'False'
[0.168s] DEBUG:colcon.colcon_core.verb:Building package 'ublox_serialization' with the following arguments: {'ament_cmake_args': None, 'build_base': '/home/leewonjong/ros2_ws/build/ublox_serialization', 'catkin_cmake_args': None, 'catkin_skip_building_tests': False, 'cmake_args': None, 'cmake_clean_cache': False, 'cmake_clean_first': False, 'cmake_force_configure': False, 'cmake_target': None, 'cmake_target_skip_unavailable': False, 'install_base': '/home/leewonjong/ros2_ws/install/ublox_serialization', 'merge_install': False, 'path': '/home/leewonjong/ros2_ws/src/ublox/ublox_serialization', 'symlink_install': True, 'test_result_base': None}
[0.169s] Level 5:colcon.colcon_core.verb:set package 'ublox_msgs' build argument 'cmake_args' from command line to 'None'
[0.169s] Level 5:colcon.colcon_core.verb:set package 'ublox_msgs' build argument 'cmake_target' from command line to 'None'
[0.169s] Level 5:colcon.colcon_core.verb:set package 'ublox_msgs' build argument 'cmake_target_skip_unavailable' from command line to 'False'
[0.169s] Level 5:colcon.colcon_core.verb:set package 'ublox_msgs' build argument 'cmake_clean_cache' from command line to 'False'
[0.169s] Level 5:colcon.colcon_core.verb:set package 'ublox_msgs' build argument 'cmake_clean_first' from command line to 'False'
[0.169s] Level 5:colcon.colcon_core.verb:set package 'ublox_msgs' build argument 'cmake_force_configure' from command line to 'False'
[0.169s] Level 5:colcon.colcon_core.verb:set package 'ublox_msgs' build argument 'ament_cmake_args' from command line to 'None'
[0.169s] Level 5:colcon.colcon_core.verb:set package 'ublox_msgs' build argument 'catkin_cmake_args' from command line to 'None'
[0.169s] Level 5:colcon.colcon_core.verb:set package 'ublox_msgs' build argument 'catkin_skip_building_tests' from command line to 'False'
[0.169s] DEBUG:colcon.colcon_core.verb:Building package 'ublox_msgs' with the following arguments: {'ament_cmake_args': None, 'build_base': '/home/leewonjong/ros2_ws/build/ublox_msgs', 'catkin_cmake_args': None, 'catkin_skip_building_tests': False, 'cmake_args': None, 'cmake_clean_cache': False, 'cmake_clean_first': False, 'cmake_force_configure': False, 'cmake_target': None, 'cmake_target_skip_unavailable': False, 'install_base': '/home/leewonjong/ros2_ws/install/ublox_msgs', 'merge_install': False, 'path': '/home/leewonjong/ros2_ws/src/ublox/ublox_msgs', 'symlink_install': True, 'test_result_base': None}
[0.169s] Level 5:colcon.colcon_core.verb:set package 'ublox_gps' build argument 'cmake_args' from command line to 'None'
[0.169s] Level 5:colcon.colcon_core.verb:set package 'ublox_gps' build argument 'cmake_target' from command line to 'None'
[0.169s] Level 5:colcon.colcon_core.verb:set package 'ublox_gps' build argument 'cmake_target_skip_unavailable' from command line to 'False'
[0.169s] Level 5:colcon.colcon_core.verb:set package 'ublox_gps' build argument 'cmake_clean_cache' from command line to 'False'
[0.169s] Level 5:colcon.colcon_core.verb:set package 'ublox_gps' build argument 'cmake_clean_first' from command line to 'False'
[0.169s] Level 5:colcon.colcon_core.verb:set package 'ublox_gps' build argument 'cmake_force_configure' from command line to 'False'
[0.169s] Level 5:colcon.colcon_core.verb:set package 'ublox_gps' build argument 'ament_cmake_args' from command line to 'None'
[0.169s] Level 5:colcon.colcon_core.verb:set package 'ublox_gps' build argument 'catkin_cmake_args' from command line to 'None'
[0.169s] Level 5:colcon.colcon_core.verb:set package 'ublox_gps' build argument 'catkin_skip_building_tests' from command line to 'False'
[0.169s] DEBUG:colcon.colcon_core.verb:Building package 'ublox_gps' with the following arguments: {'ament_cmake_args': None, 'build_base': '/home/leewonjong/ros2_ws/build/ublox_gps', 'catkin_cmake_args': None, 'catkin_skip_building_tests': False, 'cmake_args': None, 'cmake_clean_cache': False, 'cmake_clean_first': False, 'cmake_force_configure': False, 'cmake_target': None, 'cmake_target_skip_unavailable': False, 'install_base': '/home/leewonjong/ros2_ws/install/ublox_gps', 'merge_install': False, 'path': '/home/leewonjong/ros2_ws/src/ublox/ublox_gps', 'symlink_install': True, 'test_result_base': None}
[0.169s] Level 5:colcon.colcon_core.verb:set package 'combined_rtk' build argument 'cmake_args' from command line to 'None'
[0.169s] Level 5:colcon.colcon_core.verb:set package 'combined_rtk' build argument 'cmake_target' from command line to 'None'
[0.169s] Level 5:colcon.colcon_core.verb:set package 'combined_rtk' build argument 'cmake_target_skip_unavailable' from command line to 'False'
[0.169s] Level 5:colcon.colcon_core.verb:set package 'combined_rtk' build argument 'cmake_clean_cache' from command line to 'False'
[0.169s] Level 5:colcon.colcon_core.verb:set package 'combined_rtk' build argument 'cmake_clean_first' from command line to 'False'
[0.169s] Level 5:colcon.colcon_core.verb:set package 'combined_rtk' build argument 'cmake_force_configure' from command line to 'False'
[0.169s] Level 5:colcon.colcon_core.verb:set package 'combined_rtk' build argument 'ament_cmake_args' from command line to 'None'
[0.169s] Level 5:colcon.colcon_core.verb:set package 'combined_rtk' build argument 'catkin_cmake_args' from command line to 'None'
[0.169s] Level 5:colcon.colcon_core.verb:set package 'combined_rtk' build argument 'catkin_skip_building_tests' from command line to 'False'
[0.169s] DEBUG:colcon.colcon_core.verb:Building package 'combined_rtk' with the following arguments: {'ament_cmake_args': None, 'build_base': '/home/leewonjong/ros2_ws/build/combined_rtk', 'catkin_cmake_args': None, 'catkin_skip_building_tests': False, 'cmake_args': None, 'cmake_clean_cache': False, 'cmake_clean_first': False, 'cmake_force_configure': False, 'cmake_target': None, 'cmake_target_skip_unavailable': False, 'install_base': '/home/leewonjong/ros2_ws/install/combined_rtk', 'merge_install': False, 'path': '/home/leewonjong/ros2_ws/src/combined_rtk', 'symlink_install': True, 'test_result_base': None}
[0.169s] Level 5:colcon.colcon_core.verb:set package 'ublox' build argument 'cmake_args' from command line to 'None'
[0.169s] Level 5:colcon.colcon_core.verb:set package 'ublox' build argument 'cmake_target' from command line to 'None'
[0.169s] Level 5:colcon.colcon_core.verb:set package 'ublox' build argument 'cmake_target_skip_unavailable' from command line to 'False'
[0.169s] Level 5:colcon.colcon_core.verb:set package 'ublox' build argument 'cmake_clean_cache' from command line to 'False'
[0.169s] Level 5:colcon.colcon_core.verb:set package 'ublox' build argument 'cmake_clean_first' from command line to 'False'
[0.169s] Level 5:colcon.colcon_core.verb:set package 'ublox' build argument 'cmake_force_configure' from command line to 'False'
[0.169s] Level 5:colcon.colcon_core.verb:set package 'ublox' build argument 'ament_cmake_args' from command line to 'None'
[0.169s] Level 5:colcon.colcon_core.verb:set package 'ublox' build argument 'catkin_cmake_args' from command line to 'None'
[0.169s] Level 5:colcon.colcon_core.verb:set package 'ublox' build argument 'catkin_skip_building_tests' from command line to 'False'
[0.169s] DEBUG:colcon.colcon_core.verb:Building package 'ublox' with the following arguments: {'ament_cmake_args': None, 'build_base': '/home/leewonjong/ros2_ws/build/ublox', 'catkin_cmake_args': None, 'catkin_skip_building_tests': False, 'cmake_args': None, 'cmake_clean_cache': False, 'cmake_clean_first': False, 'cmake_force_configure': False, 'cmake_target': None, 'cmake_target_skip_unavailable': False, 'install_base': '/home/leewonjong/ros2_ws/install/ublox', 'merge_install': False, 'path': '/home/leewonjong/ros2_ws/src/ublox/ublox', 'symlink_install': True, 'test_result_base': None}
[0.169s] INFO:colcon.colcon_core.executor:Executing jobs using 'parallel' executor
[0.170s] DEBUG:colcon.colcon_parallel_executor.executor.parallel:run_until_complete
[0.170s] INFO:colcon.colcon_ros.task.ament_cmake.build:Building ROS package in '/home/leewonjong/ros2_ws/src/ublox/ublox_serialization' with build type 'ament_cmake'
[0.171s] INFO:colcon.colcon_cmake.task.cmake.build:Building CMake package in '/home/leewonjong/ros2_ws/src/ublox/ublox_serialization'
[0.171s] INFO:colcon.colcon_core.plugin_system:Skipping extension 'colcon_core.shell.bat': Not used on non-Windows systems
[0.171s] INFO:colcon.colcon_core.shell:Skip shell extension 'powershell' for command environment: Not usable outside of PowerShell
[0.171s] DEBUG:colcon.colcon_core.shell:Skip shell extension 'dsv' for command environment
[0.173s] INFO:colcon.colcon_ros.task.ament_python.build:Building ROS package in '/home/leewonjong/ros2_ws/src/ntrip_client' with build type 'ament_python'
[0.173s] Level 1:colcon.colcon_core.shell:create_environment_hook('ntrip_client', 'ament_prefix_path')
[0.173s] INFO:colcon.colcon_core.shell:Creating environment hook '/home/leewonjong/ros2_ws/install/ntrip_client/share/ntrip_client/hook/ament_prefix_path.ps1'
[0.173s] INFO:colcon.colcon_core.shell:Creating environment descriptor '/home/leewonjong/ros2_ws/install/ntrip_client/share/ntrip_client/hook/ament_prefix_path.dsv'
[0.173s] INFO:colcon.colcon_core.shell:Creating environment hook '/home/leewonjong/ros2_ws/install/ntrip_client/share/ntrip_client/hook/ament_prefix_path.sh'
[0.174s] INFO:colcon.colcon_core.shell:Skip shell extension 'powershell' for command environment: Not usable outside of PowerShell
[0.174s] DEBUG:colcon.colcon_core.shell:Skip shell extension 'dsv' for command environment
[0.175s] INFO:colcon.colcon_ros.task.ament_python.build:Building ROS package in '/home/leewonjong/ros2_ws/src/gps_path_planner' with build type 'ament_python'
[0.175s] Level 1:colcon.colcon_core.shell:create_environment_hook('gps_path_planner', 'ament_prefix_path')
[0.175s] INFO:colcon.colcon_core.shell:Creating environment hook '/home/leewonjong/ros2_ws/install/gps_path_planner/share/gps_path_planner/hook/ament_prefix_path.ps1'
[0.175s] INFO:colcon.colcon_core.shell:Creating environment descriptor '/home/leewonjong/ros2_ws/install/gps_path_planner/share/gps_path_planner/hook/ament_prefix_path.dsv'
[0.175s] INFO:colcon.colcon_core.shell:Creating environment hook '/home/leewonjong/ros2_ws/install/gps_path_planner/share/gps_path_planner/hook/ament_prefix_path.sh'
[0.175s] INFO:colcon.colcon_core.shell:Skip shell extension 'powershell' for command environment: Not usable outside of PowerShell
[0.175s] DEBUG:colcon.colcon_core.shell:Skip shell extension 'dsv' for command environment
[0.176s] INFO:colcon.colcon_ros.task.ament_cmake.build:Building ROS package in '/home/leewonjong/ros2_ws/src/rplidar_ros' with build type 'ament_cmake'
[0.176s] INFO:colcon.colcon_cmake.task.cmake.build:Building CMake package in '/home/leewonjong/ros2_ws/src/rplidar_ros'
[0.177s] INFO:colcon.colcon_core.shell:Skip shell extension 'powershell' for command environment: Not usable outside of PowerShell
[0.177s] DEBUG:colcon.colcon_core.shell:Skip shell extension 'dsv' for command environment
[0.180s] DEBUG:colcon.colcon_core.event_handler.log_command:Invoking command in '/home/leewonjong/ros2_ws/build/ublox_serialization': CMAKE_PREFIX_PATH=/opt/ros/humble /usr/bin/cmake /home/leewonjong/ros2_ws/src/ublox/ublox_serialization -DAMENT_CMAKE_SYMLINK_INSTALL=1 -DCMAKE_INSTALL_PREFIX=/home/leewonjong/ros2_ws/install/ublox_serialization
[0.303s] INFO:colcon.colcon_core.task.python.build:Building Python package in '/home/leewonjong/ros2_ws/src/ntrip_client'
[0.303s] INFO:colcon.colcon_core.shell:Skip shell extension 'powershell' for command environment: Not usable outside of PowerShell
[0.303s] DEBUG:colcon.colcon_core.shell:Skip shell extension 'dsv' for command environment
[0.433s] INFO:colcon.colcon_core.task.python.build:Building Python package in '/home/leewonjong/ros2_ws/src/gps_path_planner'
[0.433s] INFO:colcon.colcon_core.shell:Skip shell extension 'powershell' for command environment: Not usable outside of PowerShell
[0.433s] DEBUG:colcon.colcon_core.shell:Skip shell extension 'dsv' for command environment
[0.443s] DEBUG:colcon.colcon_core.event_handler.log_command:Invoking command in '/home/leewonjong/ros2_ws/build/rplidar_ros': CMAKE_PREFIX_PATH=/opt/ros/humble /usr/bin/cmake /home/leewonjong/ros2_ws/src/rplidar_ros -DAMENT_CMAKE_SYMLINK_INSTALL=1 -DCMAKE_INSTALL_PREFIX=/home/leewonjong/ros2_ws/install/rplidar_ros
[0.572s] DEBUG:colcon.colcon_core.event_handler.log_command:Invoked command in '/home/leewonjong/ros2_ws/build/ublox_serialization' returned '0': CMAKE_PREFIX_PATH=/opt/ros/humble /usr/bin/cmake /home/leewonjong/ros2_ws/src/ublox/ublox_serialization -DAMENT_CMAKE_SYMLINK_INSTALL=1 -DCMAKE_INSTALL_PREFIX=/home/leewonjong/ros2_ws/install/ublox_serialization
[0.578s] DEBUG:colcon.colcon_core.event_handler.log_command:Invoking command in '/home/leewonjong/ros2_ws/build/ublox_serialization': CMAKE_PREFIX_PATH=/opt/ros/humble /usr/bin/cmake --build /home/leewonjong/ros2_ws/build/ublox_serialization -- -j16 -l16
[0.601s] DEBUG:colcon.colcon_core.event_handler.log_command:Invoked command in '/home/leewonjong/ros2_ws/build/ublox_serialization' returned '0': CMAKE_PREFIX_PATH=/opt/ros/humble /usr/bin/cmake --build /home/leewonjong/ros2_ws/build/ublox_serialization -- -j16 -l16
[0.607s] DEBUG:colcon.colcon_core.event_handler.log_command:Invoking command in '/home/leewonjong/ros2_ws/build/ublox_serialization': CMAKE_PREFIX_PATH=/opt/ros/humble /usr/bin/cmake --install /home/leewonjong/ros2_ws/build/ublox_serialization
[0.625s] DEBUG:colcon.colcon_core.event_handler.log_command:Invoking command in '/home/leewonjong/ros2_ws/build/ntrip_client': PYTHONPATH=/home/leewonjong/ros2_ws/build/ntrip_client/prefix_override:/usr/lib/python3/dist-packages/colcon_core/task/python/colcon_distutils_commands:/home/leewonjong/ros2_ws/install/ntrip_client/lib/python3.10/site-packages:${PYTHONPATH} /usr/bin/python3 -W ignore:setup.py install is deprecated -W ignore:easy_install command is deprecated setup.py develop --editable --build-directory /home/leewonjong/ros2_ws/build/ntrip_client/build --no-deps symlink_data
[0.637s] DEBUG:colcon.colcon_core.event_handler.log_command:Invoking command in '/home/leewonjong/ros2_ws/build/gps_path_planner': PYTHONPATH=/home/leewonjong/ros2_ws/build/gps_path_planner/prefix_override:/usr/lib/python3/dist-packages/colcon_core/task/python/colcon_distutils_commands:/home/leewonjong/ros2_ws/install/gps_path_planner/lib/python3.10/site-packages:${PYTHONPATH} /usr/bin/python3 -W ignore:setup.py install is deprecated -W ignore:easy_install command is deprecated setup.py develop --editable --build-directory /home/leewonjong/ros2_ws/build/gps_path_planner/build --no-deps symlink_data
[0.744s] Level 1:colcon.colcon_core.environment:create_environment_scripts_only(ublox_serialization)
[0.744s] DEBUG:colcon.colcon_core.event_handler.log_command:Invoked command in '/home/leewonjong/ros2_ws/build/ublox_serialization' returned '0': CMAKE_PREFIX_PATH=/opt/ros/humble /usr/bin/cmake --install /home/leewonjong/ros2_ws/build/ublox_serialization
[0.745s] Level 1:colcon.colcon_core.environment:checking '/home/leewonjong/ros2_ws/install/ublox_serialization' for CMake module files
[0.746s] Level 1:colcon.colcon_core.environment:checking '/home/leewonjong/ros2_ws/install/ublox_serialization' for CMake config files
[0.746s] Level 1:colcon.colcon_core.shell:create_environment_hook('ublox_serialization', 'cmake_prefix_path')
[0.746s] INFO:colcon.colcon_core.shell:Creating environment hook '/home/leewonjong/ros2_ws/install/ublox_serialization/share/ublox_serialization/hook/cmake_prefix_path.ps1'
[0.746s] INFO:colcon.colcon_core.shell:Creating environment descriptor '/home/leewonjong/ros2_ws/install/ublox_serialization/share/ublox_serialization/hook/cmake_prefix_path.dsv'
[0.746s] INFO:colcon.colcon_core.shell:Creating environment hook '/home/leewonjong/ros2_ws/install/ublox_serialization/share/ublox_serialization/hook/cmake_prefix_path.sh'
[0.746s] Level 1:colcon.colcon_core.environment:checking '/home/leewonjong/ros2_ws/install/ublox_serialization/bin'
[0.747s] Level 1:colcon.colcon_core.environment:checking '/home/leewonjong/ros2_ws/install/ublox_serialization/lib/pkgconfig/ublox_serialization.pc'
[0.747s] Level 1:colcon.colcon_core.environment:checking '/home/leewonjong/ros2_ws/install/ublox_serialization/lib/python3.10/site-packages'
[0.747s] Level 1:colcon.colcon_core.environment:checking '/home/leewonjong/ros2_ws/install/ublox_serialization/bin'
[0.747s] INFO:colcon.colcon_core.shell:Creating package script '/home/leewonjong/ros2_ws/install/ublox_serialization/share/ublox_serialization/package.ps1'
[0.747s] INFO:colcon.colcon_core.shell:Creating package descriptor '/home/leewonjong/ros2_ws/install/ublox_serialization/share/ublox_serialization/package.dsv'
[0.747s] INFO:colcon.colcon_core.shell:Creating package script '/home/leewonjong/ros2_ws/install/ublox_serialization/share/ublox_serialization/package.sh'
[0.748s] INFO:colcon.colcon_core.shell:Creating package script '/home/leewonjong/ros2_ws/install/ublox_serialization/share/ublox_serialization/package.bash'
[0.748s] INFO:colcon.colcon_core.shell:Creating package script '/home/leewonjong/ros2_ws/install/ublox_serialization/share/ublox_serialization/package.zsh'
[0.748s] Level 1:colcon.colcon_core.environment:create_file_with_runtime_dependencies(/home/leewonjong/ros2_ws/install/ublox_serialization/share/colcon-core/packages/ublox_serialization)
[0.749s] Level 1:colcon.colcon_core.environment:create_environment_scripts_only(ublox_serialization)
[0.749s] Level 1:colcon.colcon_core.environment:checking '/home/leewonjong/ros2_ws/install/ublox_serialization' for CMake module files
[0.749s] Level 1:colcon.colcon_core.environment:checking '/home/leewonjong/ros2_ws/install/ublox_serialization' for CMake config files
[0.749s] Level 1:colcon.colcon_core.shell:create_environment_hook('ublox_serialization', 'cmake_prefix_path')
[0.749s] INFO:colcon.colcon_core.shell:Creating environment hook '/home/leewonjong/ros2_ws/install/ublox_serialization/share/ublox_serialization/hook/cmake_prefix_path.ps1'
[0.749s] INFO:colcon.colcon_core.shell:Creating environment descriptor '/home/leewonjong/ros2_ws/install/ublox_serialization/share/ublox_serialization/hook/cmake_prefix_path.dsv'
[0.749s] INFO:colcon.colcon_core.shell:Creating environment hook '/home/leewonjong/ros2_ws/install/ublox_serialization/share/ublox_serialization/hook/cmake_prefix_path.sh'
[0.749s] Level 1:colcon.colcon_core.environment:checking '/home/leewonjong/ros2_ws/install/ublox_serialization/bin'
[0.750s] Level 1:colcon.colcon_core.environment:checking '/home/leewonjong/ros2_ws/install/ublox_serialization/lib/pkgconfig/ublox_serialization.pc'
[0.750s] Level 1:colcon.colcon_core.environment:checking '/home/leewonjong/ros2_ws/install/ublox_serialization/lib/python3.10/site-packages'
[0.750s] Level 1:colcon.colcon_core.environment:checking '/home/leewonjong/ros2_ws/install/ublox_serialization/bin'
[0.750s] INFO:colcon.colcon_core.shell:Creating package script '/home/leewonjong/ros2_ws/install/ublox_serialization/share/ublox_serialization/package.ps1'
[0.750s] INFO:colcon.colcon_core.shell:Creating package descriptor '/home/leewonjong/ros2_ws/install/ublox_serialization/share/ublox_serialization/package.dsv'
[0.750s] INFO:colcon.colcon_core.shell:Creating package script '/home/leewonjong/ros2_ws/install/ublox_serialization/share/ublox_serialization/package.sh'
[0.750s] INFO:colcon.colcon_core.shell:Creating package script '/home/leewonjong/ros2_ws/install/ublox_serialization/share/ublox_serialization/package.bash'
[0.751s] INFO:colcon.colcon_core.shell:Creating package script '/home/leewonjong/ros2_ws/install/ublox_serialization/share/ublox_serialization/package.zsh'
[0.751s] Level 1:colcon.colcon_core.environment:create_file_with_runtime_dependencies(/home/leewonjong/ros2_ws/install/ublox_serialization/share/colcon-core/packages/ublox_serialization)
[0.751s] INFO:colcon.colcon_ros.task.ament_cmake.build:Building ROS package in '/home/leewonjong/ros2_ws/src/ublox/ublox_msgs' with build type 'ament_cmake'
[0.751s] INFO:colcon.colcon_cmake.task.cmake.build:Building CMake package in '/home/leewonjong/ros2_ws/src/ublox/ublox_msgs'
[0.751s] INFO:colcon.colcon_core.shell:Skip shell extension 'powershell' for command environment: Not usable outside of PowerShell
[0.751s] DEBUG:colcon.colcon_core.shell:Skip shell extension 'dsv' for command environment
[0.755s] DEBUG:colcon.colcon_core.event_handler.log_command:Invoking command in '/home/leewonjong/ros2_ws/build/ublox_msgs': AMENT_PREFIX_PATH=/home/leewonjong/ros2_ws/install/ublox_serialization:${AMENT_PREFIX_PATH} CMAKE_PREFIX_PATH=/home/leewonjong/ros2_ws/install/ublox_serialization:/opt/ros/humble /usr/bin/cmake /home/leewonjong/ros2_ws/src/ublox/ublox_msgs -DAMENT_CMAKE_SYMLINK_INSTALL=1 -DCMAKE_INSTALL_PREFIX=/home/leewonjong/ros2_ws/install/ublox_msgs
[0.861s] Level 1:colcon.colcon_core.shell:create_environment_hook('ntrip_client', 'pythonpath_develop')
[0.861s] INFO:colcon.colcon_core.shell:Creating environment hook '/home/leewonjong/ros2_ws/build/ntrip_client/src/share/ntrip_client/hook/pythonpath_develop.ps1'
[0.861s] DEBUG:colcon.colcon_core.event_handler.log_command:Invoked command in '/home/leewonjong/ros2_ws/build/ntrip_client' returned '0': PYTHONPATH=/home/leewonjong/ros2_ws/build/ntrip_client/prefix_override:/usr/lib/python3/dist-packages/colcon_core/task/python/colcon_distutils_commands:/home/leewonjong/ros2_ws/install/ntrip_client/lib/python3.10/site-packages:${PYTHONPATH} /usr/bin/python3 -W ignore:setup.py install is deprecated -W ignore:easy_install command is deprecated setup.py develop --editable --build-directory /home/leewonjong/ros2_ws/build/ntrip_client/build --no-deps symlink_data
[0.862s] INFO:colcon.colcon_core.shell:Creating environment descriptor '/home/leewonjong/ros2_ws/build/ntrip_client/src/share/ntrip_client/hook/pythonpath_develop.dsv'
[0.862s] INFO:colcon.colcon_core.shell:Creating environment hook '/home/leewonjong/ros2_ws/build/ntrip_client/src/share/ntrip_client/hook/pythonpath_develop.sh'
[0.862s] Level 1:colcon.colcon_core.environment:checking '/home/leewonjong/ros2_ws/install/ntrip_client' for CMake module files
[0.862s] Level 1:colcon.colcon_core.environment:checking '/home/leewonjong/ros2_ws/install/ntrip_client' for CMake config files
[0.862s] Level 1:colcon.colcon_core.environment:checking '/home/leewonjong/ros2_ws/install/ntrip_client/lib'
[0.862s] Level 1:colcon.colcon_core.environment:checking '/home/leewonjong/ros2_ws/install/ntrip_client/bin'
[0.863s] Level 1:colcon.colcon_core.environment:checking '/home/leewonjong/ros2_ws/install/ntrip_client/lib/pkgconfig/ntrip_client.pc'
[0.863s] Level 1:colcon.colcon_core.environment:checking '/home/leewonjong/ros2_ws/install/ntrip_client/lib/python3.10/site-packages'
[0.863s] Level 1:colcon.colcon_core.shell:create_environment_hook('ntrip_client', 'pythonpath')
[0.863s] INFO:colcon.colcon_core.shell:Creating environment hook '/home/leewonjong/ros2_ws/install/ntrip_client/share/ntrip_client/hook/pythonpath.ps1'
[0.863s] INFO:colcon.colcon_core.shell:Creating environment descriptor '/home/leewonjong/ros2_ws/install/ntrip_client/share/ntrip_client/hook/pythonpath.dsv'
[0.863s] INFO:colcon.colcon_core.shell:Creating environment hook '/home/leewonjong/ros2_ws/install/ntrip_client/share/ntrip_client/hook/pythonpath.sh'
[0.863s] Level 1:colcon.colcon_core.environment:checking '/home/leewonjong/ros2_ws/install/ntrip_client/bin'
[0.863s] Level 1:colcon.colcon_core.environment:create_environment_scripts_only(ntrip_client)
[0.863s] INFO:colcon.colcon_core.shell:Creating package script '/home/leewonjong/ros2_ws/install/ntrip_client/share/ntrip_client/package.ps1'
[0.864s] INFO:colcon.colcon_core.shell:Creating package descriptor '/home/leewonjong/ros2_ws/install/ntrip_client/share/ntrip_client/package.dsv'
[0.864s] INFO:colcon.colcon_core.shell:Creating package script '/home/leewonjong/ros2_ws/install/ntrip_client/share/ntrip_client/package.sh'
[0.864s] INFO:colcon.colcon_core.shell:Creating package script '/home/leewonjong/ros2_ws/install/ntrip_client/share/ntrip_client/package.bash'
[0.864s] INFO:colcon.colcon_core.shell:Creating package script '/home/leewonjong/ros2_ws/install/ntrip_client/share/ntrip_client/package.zsh'
[0.864s] Level 1:colcon.colcon_core.environment:create_file_with_runtime_dependencies(/home/leewonjong/ros2_ws/install/ntrip_client/share/colcon-core/packages/ntrip_client)
[0.889s] Level 1:colcon.colcon_core.shell:create_environment_hook('gps_path_planner', 'pythonpath_develop')
[0.889s] INFO:colcon.colcon_core.shell:Creating environment hook '/home/leewonjong/ros2_ws/build/gps_path_planner/share/gps_path_planner/hook/pythonpath_develop.ps1'
[0.889s] DEBUG:colcon.colcon_core.event_handler.log_command:Invoked command in '/home/leewonjong/ros2_ws/build/gps_path_planner' returned '0': PYTHONPATH=/home/leewonjong/ros2_ws/build/gps_path_planner/prefix_override:/usr/lib/python3/dist-packages/colcon_core/task/python/colcon_distutils_commands:/home/leewonjong/ros2_ws/install/gps_path_planner/lib/python3.10/site-packages:${PYTHONPATH} /usr/bin/python3 -W ignore:setup.py install is deprecated -W ignore:easy_install command is deprecated setup.py develop --editable --build-directory /home/leewonjong/ros2_ws/build/gps_path_planner/build --no-deps symlink_data
[0.890s] INFO:colcon.colcon_core.shell:Creating environment descriptor '/home/leewonjong/ros2_ws/build/gps_path_planner/share/gps_path_planner/hook/pythonpath_develop.dsv'
[0.890s] INFO:colcon.colcon_core.shell:Creating environment hook '/home/leewonjong/ros2_ws/build/gps_path_planner/share/gps_path_planner/hook/pythonpath_develop.sh'
[0.890s] Level 1:colcon.colcon_core.environment:checking '/home/leewonjong/ros2_ws/install/gps_path_planner' for CMake module files
[0.890s] Level 1:colcon.colcon_core.environment:checking '/home/leewonjong/ros2_ws/install/gps_path_planner' for CMake config files
[0.891s] Level 1:colcon.colcon_core.environment:checking '/home/leewonjong/ros2_ws/install/gps_path_planner/lib'
[0.891s] Level 1:colcon.colcon_core.environment:checking '/home/leewonjong/ros2_ws/install/gps_path_planner/bin'
[0.891s] Level 1:colcon.colcon_core.environment:checking '/home/leewonjong/ros2_ws/install/gps_path_planner/lib/pkgconfig/gps_path_planner.pc'
[0.891s] Level 1:colcon.colcon_core.environment:checking '/home/leewonjong/ros2_ws/install/gps_path_planner/lib/python3.10/site-packages'
[0.891s] Level 1:colcon.colcon_core.shell:create_environment_hook('gps_path_planner', 'pythonpath')
[0.891s] INFO:colcon.colcon_core.shell:Creating environment hook '/home/leewonjong/ros2_ws/install/gps_path_planner/share/gps_path_planner/hook/pythonpath.ps1'
[0.891s] INFO:colcon.colcon_core.shell:Creating environment descriptor '/home/leewonjong/ros2_ws/install/gps_path_planner/share/gps_path_planner/hook/pythonpath.dsv'
[0.891s] INFO:colcon.colcon_core.shell:Creating environment hook '/home/leewonjong/ros2_ws/install/gps_path_planner/share/gps_path_planner/hook/pythonpath.sh'
[0.892s] Level 1:colcon.colcon_core.environment:checking '/home/leewonjong/ros2_ws/install/gps_path_planner/bin'
[0.892s] Level 1:colcon.colcon_core.environment:create_environment_scripts_only(gps_path_planner)
[0.892s] INFO:colcon.colcon_core.shell:Creating package script '/home/leewonjong/ros2_ws/install/gps_path_planner/share/gps_path_planner/package.ps1'
[0.892s] INFO:colcon.colcon_core.shell:Creating package descriptor '/home/leewonjong/ros2_ws/install/gps_path_planner/share/gps_path_planner/package.dsv'
[0.892s] INFO:colcon.colcon_core.shell:Creating package script '/home/leewonjong/ros2_ws/install/gps_path_planner/share/gps_path_planner/package.sh'
[0.892s] INFO:colcon.colcon_core.shell:Creating package script '/home/leewonjong/ros2_ws/install/gps_path_planner/share/gps_path_planner/package.bash'
[0.892s] INFO:colcon.colcon_core.shell:Creating package script '/home/leewonjong/ros2_ws/install/gps_path_planner/share/gps_path_planner/package.zsh'
[0.892s] Level 1:colcon.colcon_core.environment:create_file_with_runtime_dependencies(/home/leewonjong/ros2_ws/install/gps_path_planner/share/colcon-core/packages/gps_path_planner)
[1.173s] DEBUG:colcon.colcon_core.event_handler.log_command:Invoked command in '/home/leewonjong/ros2_ws/build/rplidar_ros' returned '0': CMAKE_PREFIX_PATH=/opt/ros/humble /usr/bin/cmake /home/leewonjong/ros2_ws/src/rplidar_ros -DAMENT_CMAKE_SYMLINK_INSTALL=1 -DCMAKE_INSTALL_PREFIX=/home/leewonjong/ros2_ws/install/rplidar_ros
[1.174s] DEBUG:colcon.colcon_core.event_handler.log_command:Invoking command in '/home/leewonjong/ros2_ws/build/rplidar_ros': CMAKE_PREFIX_PATH=/opt/ros/humble /usr/bin/cmake --build /home/leewonjong/ros2_ws/build/rplidar_ros -- -j16 -l16
[2.790s] DEBUG:colcon.colcon_core.event_handler.log_command:Invoked command in '/home/leewonjong/ros2_ws/build/ublox_msgs' returned '0': AMENT_PREFIX_PATH=/home/leewonjong/ros2_ws/install/ublox_serialization:${AMENT_PREFIX_PATH} CMAKE_PREFIX_PATH=/home/leewonjong/ros2_ws/install/ublox_serialization:/opt/ros/humble /usr/bin/cmake /home/leewonjong/ros2_ws/src/ublox/ublox_msgs -DAMENT_CMAKE_SYMLINK_INSTALL=1 -DCMAKE_INSTALL_PREFIX=/home/leewonjong/ros2_ws/install/ublox_msgs
[2.790s] DEBUG:colcon.colcon_core.event_handler.log_command:Invoking command in '/home/leewonjong/ros2_ws/build/ublox_msgs': AMENT_PREFIX_PATH=/home/leewonjong/ros2_ws/install/ublox_serialization:${AMENT_PREFIX_PATH} CMAKE_PREFIX_PATH=/home/leewonjong/ros2_ws/install/ublox_serialization:/opt/ros/humble /usr/bin/cmake --build /home/leewonjong/ros2_ws/build/ublox_msgs -- -j16 -l16
[6.112s] DEBUG:colcon.colcon_core.event_handler.log_command:Invoked command in '/home/leewonjong/ros2_ws/build/rplidar_ros' returned '0': CMAKE_PREFIX_PATH=/opt/ros/humble /usr/bin/cmake --build /home/leewonjong/ros2_ws/build/rplidar_ros -- -j16 -l16
[6.113s] DEBUG:colcon.colcon_core.event_handler.log_command:Invoking command in '/home/leewonjong/ros2_ws/build/rplidar_ros': CMAKE_PREFIX_PATH=/opt/ros/humble /usr/bin/cmake --install /home/leewonjong/ros2_ws/build/rplidar_ros
[6.337s] Level 1:colcon.colcon_core.environment:create_environment_scripts_only(rplidar_ros)
[6.337s] Level 1:colcon.colcon_core.environment:checking '/home/leewonjong/ros2_ws/install/rplidar_ros' for CMake module files
[6.337s] Level 1:colcon.colcon_core.environment:checking '/home/leewonjong/ros2_ws/install/rplidar_ros' for CMake config files
[6.337s] Level 1:colcon.colcon_core.shell:create_environment_hook('rplidar_ros', 'cmake_prefix_path')
[6.337s] INFO:colcon.colcon_core.shell:Creating environment hook '/home/leewonjong/ros2_ws/install/rplidar_ros/share/rplidar_ros/hook/cmake_prefix_path.ps1'
[6.338s] DEBUG:colcon.colcon_core.event_handler.log_command:Invoked command in '/home/leewonjong/ros2_ws/build/rplidar_ros' returned '0': CMAKE_PREFIX_PATH=/opt/ros/humble /usr/bin/cmake --install /home/leewonjong/ros2_ws/build/rplidar_ros
[6.338s] INFO:colcon.colcon_core.shell:Creating environment descriptor '/home/leewonjong/ros2_ws/install/rplidar_ros/share/rplidar_ros/hook/cmake_prefix_path.dsv'
[6.338s] INFO:colcon.colcon_core.shell:Creating environment hook '/home/leewonjong/ros2_ws/install/rplidar_ros/share/rplidar_ros/hook/cmake_prefix_path.sh'
[6.339s] Level 1:colcon.colcon_core.environment:checking '/home/leewonjong/ros2_ws/install/rplidar_ros/lib'
[6.339s] Level 1:colcon.colcon_core.environment:checking '/home/leewonjong/ros2_ws/install/rplidar_ros/bin'
[6.339s] Level 1:colcon.colcon_core.environment:checking '/home/leewonjong/ros2_ws/install/rplidar_ros/lib/pkgconfig/rplidar_ros.pc'
[6.339s] Level 1:colcon.colcon_core.environment:checking '/home/leewonjong/ros2_ws/install/rplidar_ros/lib/python3.10/site-packages'
[6.339s] Level 1:colcon.colcon_core.environment:checking '/home/leewonjong/ros2_ws/install/rplidar_ros/bin'
[6.339s] INFO:colcon.colcon_core.shell:Creating package script '/home/leewonjong/ros2_ws/install/rplidar_ros/share/rplidar_ros/package.ps1'
[6.339s] INFO:colcon.colcon_core.shell:Creating package descriptor '/home/leewonjong/ros2_ws/install/rplidar_ros/share/rplidar_ros/package.dsv'
[6.339s] INFO:colcon.colcon_core.shell:Creating package script '/home/leewonjong/ros2_ws/install/rplidar_ros/share/rplidar_ros/package.sh'
[6.340s] INFO:colcon.colcon_core.shell:Creating package script '/home/leewonjong/ros2_ws/install/rplidar_ros/share/rplidar_ros/package.bash'
[6.340s] INFO:colcon.colcon_core.shell:Creating package script '/home/leewonjong/ros2_ws/install/rplidar_ros/share/rplidar_ros/package.zsh'
[6.340s] Level 1:colcon.colcon_core.environment:create_file_with_runtime_dependencies(/home/leewonjong/ros2_ws/install/rplidar_ros/share/colcon-core/packages/rplidar_ros)
[6.340s] Level 1:colcon.colcon_core.environment:create_environment_scripts_only(rplidar_ros)
[6.341s] Level 1:colcon.colcon_core.environment:checking '/home/leewonjong/ros2_ws/install/rplidar_ros' for CMake module files
[6.341s] Level 1:colcon.colcon_core.environment:checking '/home/leewonjong/ros2_ws/install/rplidar_ros' for CMake config files
[6.341s] Level 1:colcon.colcon_core.shell:create_environment_hook('rplidar_ros', 'cmake_prefix_path')
[6.341s] INFO:colcon.colcon_core.shell:Creating environment hook '/home/leewonjong/ros2_ws/install/rplidar_ros/share/rplidar_ros/hook/cmake_prefix_path.ps1'
[6.341s] INFO:colcon.colcon_core.shell:Creating environment descriptor '/home/leewonjong/ros2_ws/install/rplidar_ros/share/rplidar_ros/hook/cmake_prefix_path.dsv'
[6.341s] INFO:colcon.colcon_core.shell:Creating environment hook '/home/leewonjong/ros2_ws/install/rplidar_ros/share/rplidar_ros/hook/cmake_prefix_path.sh'
[6.341s] Level 1:colcon.colcon_core.environment:checking '/home/leewonjong/ros2_ws/install/rplidar_ros/lib'
[6.341s] Level 1:colcon.colcon_core.environment:checking '/home/leewonjong/ros2_ws/install/rplidar_ros/bin'
[6.341s] Level 1:colcon.colcon_core.environment:checking '/home/leewonjong/ros2_ws/install/rplidar_ros/lib/pkgconfig/rplidar_ros.pc'
[6.342s] Level 1:colcon.colcon_core.environment:checking '/home/leewonjong/ros2_ws/install/rplidar_ros/lib/python3.10/site-packages'
[6.342s] Level 1:colcon.colcon_core.environment:checking '/home/leewonjong/ros2_ws/install/rplidar_ros/bin'
[6.342s] INFO:colcon.colcon_core.shell:Creating package script '/home/leewonjong/ros2_ws/install/rplidar_ros/share/rplidar_ros/package.ps1'
[6.342s] INFO:colcon.colcon_core.shell:Creating package descriptor '/home/leewonjong/ros2_ws/install/rplidar_ros/share/rplidar_ros/package.dsv'
[6.342s] INFO:colcon.colcon_core.shell:Creating package script '/home/leewonjong/ros2_ws/install/rplidar_ros/share/rplidar_ros/package.sh'
[6.342s] INFO:colcon.colcon_core.shell:Creating package script '/home/leewonjong/ros2_ws/install/rplidar_ros/share/rplidar_ros/package.bash'
[6.342s] INFO:colcon.colcon_core.shell:Creating package script '/home/leewonjong/ros2_ws/install/rplidar_ros/share/rplidar_ros/package.zsh'
[6.343s] Level 1:colcon.colcon_core.environment:create_file_with_runtime_dependencies(/home/leewonjong/ros2_ws/install/rplidar_ros/share/colcon-core/packages/rplidar_ros)
[49.164s] DEBUG:colcon.colcon_core.event_handler.log_command:Invoked command in '/home/leewonjong/ros2_ws/build/ublox_msgs' returned '0': AMENT_PREFIX_PATH=/home/leewonjong/ros2_ws/install/ublox_serialization:${AMENT_PREFIX_PATH} CMAKE_PREFIX_PATH=/home/leewonjong/ros2_ws/install/ublox_serialization:/opt/ros/humble /usr/bin/cmake --build /home/leewonjong/ros2_ws/build/ublox_msgs -- -j16 -l16
[49.165s] DEBUG:colcon.colcon_core.event_handler.log_command:Invoking command in '/home/leewonjong/ros2_ws/build/ublox_msgs': AMENT_PREFIX_PATH=/home/leewonjong/ros2_ws/install/ublox_serialization:${AMENT_PREFIX_PATH} CMAKE_PREFIX_PATH=/home/leewonjong/ros2_ws/install/ublox_serialization:/opt/ros/humble /usr/bin/cmake --install /home/leewonjong/ros2_ws/build/ublox_msgs
[60.658s] Level 1:colcon.colcon_core.environment:create_environment_scripts_only(ublox_msgs)
[60.658s] Level 1:colcon.colcon_core.environment:checking '/home/leewonjong/ros2_ws/install/ublox_msgs' for CMake module files
[60.658s] DEBUG:colcon.colcon_core.event_handler.log_command:Invoked command in '/home/leewonjong/ros2_ws/build/ublox_msgs' returned '0': AMENT_PREFIX_PATH=/home/leewonjong/ros2_ws/install/ublox_serialization:${AMENT_PREFIX_PATH} CMAKE_PREFIX_PATH=/home/leewonjong/ros2_ws/install/ublox_serialization:/opt/ros/humble /usr/bin/cmake --install /home/leewonjong/ros2_ws/build/ublox_msgs
[60.658s] Level 1:colcon.colcon_core.environment:checking '/home/leewonjong/ros2_ws/install/ublox_msgs' for CMake config files
[60.662s] Level 1:colcon.colcon_core.shell:create_environment_hook('ublox_msgs', 'cmake_prefix_path')
[60.662s] INFO:colcon.colcon_core.shell:Creating environment hook '/home/leewonjong/ros2_ws/install/ublox_msgs/share/ublox_msgs/hook/cmake_prefix_path.ps1'
[60.662s] INFO:colcon.colcon_core.shell:Creating environment descriptor '/home/leewonjong/ros2_ws/install/ublox_msgs/share/ublox_msgs/hook/cmake_prefix_path.dsv'
[60.663s] INFO:colcon.colcon_core.shell:Creating environment hook '/home/leewonjong/ros2_ws/install/ublox_msgs/share/ublox_msgs/hook/cmake_prefix_path.sh'
[60.663s] Level 1:colcon.colcon_core.environment:checking '/home/leewonjong/ros2_ws/install/ublox_msgs/lib'
[60.663s] Level 1:colcon.colcon_core.shell:create_environment_hook('ublox_msgs', 'ld_library_path_lib')
[60.663s] INFO:colcon.colcon_core.shell:Creating environment hook '/home/leewonjong/ros2_ws/install/ublox_msgs/share/ublox_msgs/hook/ld_library_path_lib.ps1'
[60.663s] INFO:colcon.colcon_core.shell:Creating environment descriptor '/home/leewonjong/ros2_ws/install/ublox_msgs/share/ublox_msgs/hook/ld_library_path_lib.dsv'
[60.663s] INFO:colcon.colcon_core.shell:Creating environment hook '/home/leewonjong/ros2_ws/install/ublox_msgs/share/ublox_msgs/hook/ld_library_path_lib.sh'
[60.663s] Level 1:colcon.colcon_core.environment:checking '/home/leewonjong/ros2_ws/install/ublox_msgs/bin'
[60.663s] Level 1:colcon.colcon_core.environment:checking '/home/leewonjong/ros2_ws/install/ublox_msgs/lib/pkgconfig/ublox_msgs.pc'
[60.663s] Level 1:colcon.colcon_core.environment:checking '/home/leewonjong/ros2_ws/install/ublox_msgs/lib/python3.10/site-packages'
[60.664s] Level 1:colcon.colcon_core.environment:checking '/home/leewonjong/ros2_ws/install/ublox_msgs/bin'
[60.664s] INFO:colcon.colcon_core.shell:Creating package script '/home/leewonjong/ros2_ws/install/ublox_msgs/share/ublox_msgs/package.ps1'
[60.664s] INFO:colcon.colcon_core.shell:Creating package descriptor '/home/leewonjong/ros2_ws/install/ublox_msgs/share/ublox_msgs/package.dsv'
[60.664s] INFO:colcon.colcon_core.shell:Creating package script '/home/leewonjong/ros2_ws/install/ublox_msgs/share/ublox_msgs/package.sh'
[60.664s] INFO:colcon.colcon_core.shell:Creating package script '/home/leewonjong/ros2_ws/install/ublox_msgs/share/ublox_msgs/package.bash'
[60.664s] INFO:colcon.colcon_core.shell:Creating package script '/home/leewonjong/ros2_ws/install/ublox_msgs/share/ublox_msgs/package.zsh'
[60.664s] Level 1:colcon.colcon_core.environment:create_file_with_runtime_dependencies(/home/leewonjong/ros2_ws/install/ublox_msgs/share/colcon-core/packages/ublox_msgs)
[60.665s] Level 1:colcon.colcon_core.environment:create_environment_scripts_only(ublox_msgs)
[60.665s] Level 1:colcon.colcon_core.environment:checking '/home/leewonjong/ros2_ws/install/ublox_msgs' for CMake module files
[60.665s] Level 1:colcon.colcon_core.environment:checking '/home/leewonjong/ros2_ws/install/ublox_msgs' for CMake config files
[60.667s] Level 1:colcon.colcon_core.shell:create_environment_hook('ublox_msgs', 'cmake_prefix_path')
[60.668s] INFO:colcon.colcon_core.shell:Creating environment hook '/home/leewonjong/ros2_ws/install/ublox_msgs/share/ublox_msgs/hook/cmake_prefix_path.ps1'
[60.668s] INFO:colcon.colcon_core.shell:Creating environment descriptor '/home/leewonjong/ros2_ws/install/ublox_msgs/share/ublox_msgs/hook/cmake_prefix_path.dsv'
[60.668s] INFO:colcon.colcon_core.shell:Creating environment hook '/home/leewonjong/ros2_ws/install/ublox_msgs/share/ublox_msgs/hook/cmake_prefix_path.sh'
[60.668s] Level 1:colcon.colcon_core.environment:checking '/home/leewonjong/ros2_ws/install/ublox_msgs/lib'
[60.668s] Level 1:colcon.colcon_core.shell:create_environment_hook('ublox_msgs', 'ld_library_path_lib')
[60.668s] INFO:colcon.colcon_core.shell:Creating environment hook '/home/leewonjong/ros2_ws/install/ublox_msgs/share/ublox_msgs/hook/ld_library_path_lib.ps1'
[60.668s] INFO:colcon.colcon_core.shell:Creating environment descriptor '/home/leewonjong/ros2_ws/install/ublox_msgs/share/ublox_msgs/hook/ld_library_path_lib.dsv'
[60.668s] INFO:colcon.colcon_core.shell:Creating environment hook '/home/leewonjong/ros2_ws/install/ublox_msgs/share/ublox_msgs/hook/ld_library_path_lib.sh'
[60.669s] Level 1:colcon.colcon_core.environment:checking '/home/leewonjong/ros2_ws/install/ublox_msgs/bin'
[60.669s] Level 1:colcon.colcon_core.environment:checking '/home/leewonjong/ros2_ws/install/ublox_msgs/lib/pkgconfig/ublox_msgs.pc'
[60.669s] Level 1:colcon.colcon_core.environment:checking '/home/leewonjong/ros2_ws/install/ublox_msgs/lib/python3.10/site-packages'
[60.669s] Level 1:colcon.colcon_core.environment:checking '/home/leewonjong/ros2_ws/install/ublox_msgs/bin'
[60.669s] INFO:colcon.colcon_core.shell:Creating package script '/home/leewonjong/ros2_ws/install/ublox_msgs/share/ublox_msgs/package.ps1'
[60.669s] INFO:colcon.colcon_core.shell:Creating package descriptor '/home/leewonjong/ros2_ws/install/ublox_msgs/share/ublox_msgs/package.dsv'
[60.669s] INFO:colcon.colcon_core.shell:Creating package script '/home/leewonjong/ros2_ws/install/ublox_msgs/share/ublox_msgs/package.sh'
[60.669s] INFO:colcon.colcon_core.shell:Creating package script '/home/leewonjong/ros2_ws/install/ublox_msgs/share/ublox_msgs/package.bash'
[60.670s] INFO:colcon.colcon_core.shell:Creating package script '/home/leewonjong/ros2_ws/install/ublox_msgs/share/ublox_msgs/package.zsh'
[60.670s] Level 1:colcon.colcon_core.environment:create_file_with_runtime_dependencies(/home/leewonjong/ros2_ws/install/ublox_msgs/share/colcon-core/packages/ublox_msgs)
[60.670s] INFO:colcon.colcon_ros.task.ament_cmake.build:Building ROS package in '/home/leewonjong/ros2_ws/src/ublox/ublox_gps' with build type 'ament_cmake'
[60.670s] INFO:colcon.colcon_cmake.task.cmake.build:Building CMake package in '/home/leewonjong/ros2_ws/src/ublox/ublox_gps'
[60.670s] INFO:colcon.colcon_core.shell:Skip shell extension 'powershell' for command environment: Not usable outside of PowerShell
[60.670s] DEBUG:colcon.colcon_core.shell:Skip shell extension 'dsv' for command environment
[60.678s] DEBUG:colcon.colcon_core.event_handler.log_command:Invoking command in '/home/leewonjong/ros2_ws/build/ublox_gps': AMENT_PREFIX_PATH=/home/leewonjong/ros2_ws/install/ublox_msgs:/home/leewonjong/ros2_ws/install/ublox_serialization:${AMENT_PREFIX_PATH} CMAKE_PREFIX_PATH=/home/leewonjong/ros2_ws/install/ublox_msgs:/home/leewonjong/ros2_ws/install/ublox_serialization:/opt/ros/humble LD_LIBRARY_PATH=/home/leewonjong/ros2_ws/install/ublox_msgs/lib:${LD_LIBRARY_PATH} PYTHONPATH=/home/leewonjong/ros2_ws/install/ublox_msgs/local/lib/python3.10/dist-packages:${PYTHONPATH} /usr/bin/cmake /home/leewonjong/ros2_ws/src/ublox/ublox_gps -DAMENT_CMAKE_SYMLINK_INSTALL=1 -DCMAKE_INSTALL_PREFIX=/home/leewonjong/ros2_ws/install/ublox_gps
[61.608s] DEBUG:colcon.colcon_core.event_handler.log_command:Invoked command in '/home/leewonjong/ros2_ws/build/ublox_gps' returned '0': AMENT_PREFIX_PATH=/home/leewonjong/ros2_ws/install/ublox_msgs:/home/leewonjong/ros2_ws/install/ublox_serialization:${AMENT_PREFIX_PATH} CMAKE_PREFIX_PATH=/home/leewonjong/ros2_ws/install/ublox_msgs:/home/leewonjong/ros2_ws/install/ublox_serialization:/opt/ros/humble LD_LIBRARY_PATH=/home/leewonjong/ros2_ws/install/ublox_msgs/lib:${LD_LIBRARY_PATH} PYTHONPATH=/home/leewonjong/ros2_ws/install/ublox_msgs/local/lib/python3.10/dist-packages:${PYTHONPATH} /usr/bin/cmake /home/leewonjong/ros2_ws/src/ublox/ublox_gps -DAMENT_CMAKE_SYMLINK_INSTALL=1 -DCMAKE_INSTALL_PREFIX=/home/leewonjong/ros2_ws/install/ublox_gps
[61.609s] DEBUG:colcon.colcon_core.event_handler.log_command:Invoking command in '/home/leewonjong/ros2_ws/build/ublox_gps': AMENT_PREFIX_PATH=/home/leewonjong/ros2_ws/install/ublox_msgs:/home/leewonjong/ros2_ws/install/ublox_serialization:${AMENT_PREFIX_PATH} CMAKE_PREFIX_PATH=/home/leewonjong/ros2_ws/install/ublox_msgs:/home/leewonjong/ros2_ws/install/ublox_serialization:/opt/ros/humble LD_LIBRARY_PATH=/home/leewonjong/ros2_ws/install/ublox_msgs/lib:${LD_LIBRARY_PATH} PYTHONPATH=/home/leewonjong/ros2_ws/install/ublox_msgs/local/lib/python3.10/dist-packages:${PYTHONPATH} /usr/bin/cmake --build /home/leewonjong/ros2_ws/build/ublox_gps -- -j16 -l16
[81.253s] DEBUG:colcon.colcon_core.event_handler.log_command:Invoked command in '/home/leewonjong/ros2_ws/build/ublox_gps' returned '0': AMENT_PREFIX_PATH=/home/leewonjong/ros2_ws/install/ublox_msgs:/home/leewonjong/ros2_ws/install/ublox_serialization:${AMENT_PREFIX_PATH} CMAKE_PREFIX_PATH=/home/leewonjong/ros2_ws/install/ublox_msgs:/home/leewonjong/ros2_ws/install/ublox_serialization:/opt/ros/humble LD_LIBRARY_PATH=/home/leewonjong/ros2_ws/install/ublox_msgs/lib:${LD_LIBRARY_PATH} PYTHONPATH=/home/leewonjong/ros2_ws/install/ublox_msgs/local/lib/python3.10/dist-packages:${PYTHONPATH} /usr/bin/cmake --build /home/leewonjong/ros2_ws/build/ublox_gps -- -j16 -l16
[81.254s] DEBUG:colcon.colcon_core.event_handler.log_command:Invoking command in '/home/leewonjong/ros2_ws/build/ublox_gps': AMENT_PREFIX_PATH=/home/leewonjong/ros2_ws/install/ublox_msgs:/home/leewonjong/ros2_ws/install/ublox_serialization:${AMENT_PREFIX_PATH} CMAKE_PREFIX_PATH=/home/leewonjong/ros2_ws/install/ublox_msgs:/home/leewonjong/ros2_ws/install/ublox_serialization:/opt/ros/humble LD_LIBRARY_PATH=/home/leewonjong/ros2_ws/install/ublox_msgs/lib:${LD_LIBRARY_PATH} PYTHONPATH=/home/leewonjong/ros2_ws/install/ublox_msgs/local/lib/python3.10/dist-packages:${PYTHONPATH} /usr/bin/cmake --install /home/leewonjong/ros2_ws/build/ublox_gps
[81.729s] Level 1:colcon.colcon_core.environment:create_environment_scripts_only(ublox_gps)
[81.729s] DEBUG:colcon.colcon_core.event_handler.log_command:Invoked command in '/home/leewonjong/ros2_ws/build/ublox_gps' returned '0': AMENT_PREFIX_PATH=/home/leewonjong/ros2_ws/install/ublox_msgs:/home/leewonjong/ros2_ws/install/ublox_serialization:${AMENT_PREFIX_PATH} CMAKE_PREFIX_PATH=/home/leewonjong/ros2_ws/install/ublox_msgs:/home/leewonjong/ros2_ws/install/ublox_serialization:/opt/ros/humble LD_LIBRARY_PATH=/home/leewonjong/ros2_ws/install/ublox_msgs/lib:${LD_LIBRARY_PATH} PYTHONPATH=/home/leewonjong/ros2_ws/install/ublox_msgs/local/lib/python3.10/dist-packages:${PYTHONPATH} /usr/bin/cmake --install /home/leewonjong/ros2_ws/build/ublox_gps
[81.729s] Level 1:colcon.colcon_core.environment:checking '/home/leewonjong/ros2_ws/install/ublox_gps' for CMake module files
[81.730s] Level 1:colcon.colcon_core.environment:checking '/home/leewonjong/ros2_ws/install/ublox_gps' for CMake config files
[81.730s] Level 1:colcon.colcon_core.shell:create_environment_hook('ublox_gps', 'cmake_prefix_path')
[81.730s] INFO:colcon.colcon_core.shell:Creating environment hook '/home/leewonjong/ros2_ws/install/ublox_gps/share/ublox_gps/hook/cmake_prefix_path.ps1'
[81.730s] INFO:colcon.colcon_core.shell:Creating environment descriptor '/home/leewonjong/ros2_ws/install/ublox_gps/share/ublox_gps/hook/cmake_prefix_path.dsv'
[81.731s] INFO:colcon.colcon_core.shell:Creating environment hook '/home/leewonjong/ros2_ws/install/ublox_gps/share/ublox_gps/hook/cmake_prefix_path.sh'
[81.731s] Level 1:colcon.colcon_core.environment:checking '/home/leewonjong/ros2_ws/install/ublox_gps/lib'
[81.731s] Level 1:colcon.colcon_core.shell:create_environment_hook('ublox_gps', 'ld_library_path_lib')
[81.731s] INFO:colcon.colcon_core.shell:Creating environment hook '/home/leewonjong/ros2_ws/install/ublox_gps/share/ublox_gps/hook/ld_library_path_lib.ps1'
[81.732s] INFO:colcon.colcon_core.shell:Creating environment descriptor '/home/leewonjong/ros2_ws/install/ublox_gps/share/ublox_gps/hook/ld_library_path_lib.dsv'
[81.732s] INFO:colcon.colcon_core.shell:Creating environment hook '/home/leewonjong/ros2_ws/install/ublox_gps/share/ublox_gps/hook/ld_library_path_lib.sh'
[81.732s] Level 1:colcon.colcon_core.environment:checking '/home/leewonjong/ros2_ws/install/ublox_gps/bin'
[81.732s] Level 1:colcon.colcon_core.environment:checking '/home/leewonjong/ros2_ws/install/ublox_gps/lib/pkgconfig/ublox_gps.pc'
[81.732s] Level 1:colcon.colcon_core.environment:checking '/home/leewonjong/ros2_ws/install/ublox_gps/lib/python3.10/site-packages'
[81.733s] Level 1:colcon.colcon_core.environment:checking '/home/leewonjong/ros2_ws/install/ublox_gps/bin'
[81.733s] INFO:colcon.colcon_core.shell:Creating package script '/home/leewonjong/ros2_ws/install/ublox_gps/share/ublox_gps/package.ps1'
[81.733s] INFO:colcon.colcon_core.shell:Creating package descriptor '/home/leewonjong/ros2_ws/install/ublox_gps/share/ublox_gps/package.dsv'
[81.734s] INFO:colcon.colcon_core.shell:Creating package script '/home/leewonjong/ros2_ws/install/ublox_gps/share/ublox_gps/package.sh'
[81.734s] INFO:colcon.colcon_core.shell:Creating package script '/home/leewonjong/ros2_ws/install/ublox_gps/share/ublox_gps/package.bash'
[81.734s] INFO:colcon.colcon_core.shell:Creating package script '/home/leewonjong/ros2_ws/install/ublox_gps/share/ublox_gps/package.zsh'
[81.734s] Level 1:colcon.colcon_core.environment:create_file_with_runtime_dependencies(/home/leewonjong/ros2_ws/install/ublox_gps/share/colcon-core/packages/ublox_gps)
[81.735s] Level 1:colcon.colcon_core.environment:create_environment_scripts_only(ublox_gps)
[81.735s] Level 1:colcon.colcon_core.environment:checking '/home/leewonjong/ros2_ws/install/ublox_gps' for CMake module files
[81.736s] Level 1:colcon.colcon_core.environment:checking '/home/leewonjong/ros2_ws/install/ublox_gps' for CMake config files
[81.736s] Level 1:colcon.colcon_core.shell:create_environment_hook('ublox_gps', 'cmake_prefix_path')
[81.736s] INFO:colcon.colcon_core.shell:Creating environment hook '/home/leewonjong/ros2_ws/install/ublox_gps/share/ublox_gps/hook/cmake_prefix_path.ps1'
[81.737s] INFO:colcon.colcon_core.shell:Creating environment descriptor '/home/leewonjong/ros2_ws/install/ublox_gps/share/ublox_gps/hook/cmake_prefix_path.dsv'
[81.737s] INFO:colcon.colcon_core.shell:Creating environment hook '/home/leewonjong/ros2_ws/install/ublox_gps/share/ublox_gps/hook/cmake_prefix_path.sh'
[81.737s] Level 1:colcon.colcon_core.environment:checking '/home/leewonjong/ros2_ws/install/ublox_gps/lib'
[81.738s] Level 1:colcon.colcon_core.shell:create_environment_hook('ublox_gps', 'ld_library_path_lib')
[81.738s] INFO:colcon.colcon_core.shell:Creating environment hook '/home/leewonjong/ros2_ws/install/ublox_gps/share/ublox_gps/hook/ld_library_path_lib.ps1'
[81.738s] INFO:colcon.colcon_core.shell:Creating environment descriptor '/home/leewonjong/ros2_ws/install/ublox_gps/share/ublox_gps/hook/ld_library_path_lib.dsv'
[81.738s] INFO:colcon.colcon_core.shell:Creating environment hook '/home/leewonjong/ros2_ws/install/ublox_gps/share/ublox_gps/hook/ld_library_path_lib.sh'
[81.739s] Level 1:colcon.colcon_core.environment:checking '/home/leewonjong/ros2_ws/install/ublox_gps/bin'
[81.739s] Level 1:colcon.colcon_core.environment:checking '/home/leewonjong/ros2_ws/install/ublox_gps/lib/pkgconfig/ublox_gps.pc'
[81.739s] Level 1:colcon.colcon_core.environment:checking '/home/leewonjong/ros2_ws/install/ublox_gps/lib/python3.10/site-packages'
[81.739s] Level 1:colcon.colcon_core.environment:checking '/home/leewonjong/ros2_ws/install/ublox_gps/bin'
[81.740s] INFO:colcon.colcon_core.shell:Creating package script '/home/leewonjong/ros2_ws/install/ublox_gps/share/ublox_gps/package.ps1'
[81.740s] INFO:colcon.colcon_core.shell:Creating package descriptor '/home/leewonjong/ros2_ws/install/ublox_gps/share/ublox_gps/package.dsv'
[81.741s] INFO:colcon.colcon_core.shell:Creating package script '/home/leewonjong/ros2_ws/install/ublox_gps/share/ublox_gps/package.sh'
[81.741s] INFO:colcon.colcon_core.shell:Creating package script '/home/leewonjong/ros2_ws/install/ublox_gps/share/ublox_gps/package.bash'
[81.741s] INFO:colcon.colcon_core.shell:Creating package script '/home/leewonjong/ros2_ws/install/ublox_gps/share/ublox_gps/package.zsh'
[81.742s] Level 1:colcon.colcon_core.environment:create_file_with_runtime_dependencies(/home/leewonjong/ros2_ws/install/ublox_gps/share/colcon-core/packages/ublox_gps)
[81.742s] INFO:colcon.colcon_ros.task.ament_python.build:Building ROS package in '/home/leewonjong/ros2_ws/src/combined_rtk' with build type 'ament_python'
[81.742s] Level 1:colcon.colcon_core.shell:create_environment_hook('combined_rtk', 'ament_prefix_path')
[81.742s] INFO:colcon.colcon_core.shell:Creating environment hook '/home/leewonjong/ros2_ws/install/combined_rtk/share/combined_rtk/hook/ament_prefix_path.ps1'
[81.743s] INFO:colcon.colcon_core.shell:Creating environment descriptor '/home/leewonjong/ros2_ws/install/combined_rtk/share/combined_rtk/hook/ament_prefix_path.dsv'
[81.744s] INFO:colcon.colcon_core.shell:Creating environment hook '/home/leewonjong/ros2_ws/install/combined_rtk/share/combined_rtk/hook/ament_prefix_path.sh'
[81.744s] INFO:colcon.colcon_core.shell:Skip shell extension 'powershell' for command environment: Not usable outside of PowerShell
[81.744s] DEBUG:colcon.colcon_core.shell:Skip shell extension 'dsv' for command environment
[81.747s] INFO:colcon.colcon_ros.task.ament_cmake.build:Building ROS package in '/home/leewonjong/ros2_ws/src/ublox/ublox' with build type 'ament_cmake'
[81.747s] INFO:colcon.colcon_cmake.task.cmake.build:Building CMake package in '/home/leewonjong/ros2_ws/src/ublox/ublox'
[81.747s] INFO:colcon.colcon_core.shell:Skip shell extension 'powershell' for command environment: Not usable outside of PowerShell
[81.747s] DEBUG:colcon.colcon_core.shell:Skip shell extension 'dsv' for command environment
[81.893s] INFO:colcon.colcon_core.task.python.build:Building Python package in '/home/leewonjong/ros2_ws/src/combined_rtk'
[81.893s] INFO:colcon.colcon_core.shell:Skip shell extension 'powershell' for command environment: Not usable outside of PowerShell
[81.893s] DEBUG:colcon.colcon_core.shell:Skip shell extension 'dsv' for command environment
[81.896s] DEBUG:colcon.colcon_core.event_handler.log_command:Invoking command in '/home/leewonjong/ros2_ws/build/ublox': AMENT_PREFIX_PATH=/home/leewonjong/ros2_ws/install/ublox_gps:/home/leewonjong/ros2_ws/install/ublox_msgs:/home/leewonjong/ros2_ws/install/ublox_serialization:${AMENT_PREFIX_PATH} CMAKE_PREFIX_PATH=/home/leewonjong/ros2_ws/install/ublox_gps:/home/leewonjong/ros2_ws/install/ublox_msgs:/home/leewonjong/ros2_ws/install/ublox_serialization:/opt/ros/humble LD_LIBRARY_PATH=/home/leewonjong/ros2_ws/install/ublox_gps/lib:/home/leewonjong/ros2_ws/install/ublox_msgs/lib:${LD_LIBRARY_PATH} PYTHONPATH=/home/leewonjong/ros2_ws/install/ublox_msgs/local/lib/python3.10/dist-packages:${PYTHONPATH} /usr/bin/cmake /home/leewonjong/ros2_ws/src/ublox/ublox -DAMENT_CMAKE_SYMLINK_INSTALL=1 -DCMAKE_INSTALL_PREFIX=/home/leewonjong/ros2_ws/install/ublox
[82.066s] DEBUG:colcon.colcon_core.event_handler.log_command:Invoking command in '/home/leewonjong/ros2_ws/build/combined_rtk': AMENT_PREFIX_PATH=/home/leewonjong/ros2_ws/install/ublox_gps:/home/leewonjong/ros2_ws/install/ublox_msgs:/home/leewonjong/ros2_ws/install/ublox_serialization:/home/leewonjong/ros2_ws/install/ntrip_client:${AMENT_PREFIX_PATH} CMAKE_PREFIX_PATH=/home/leewonjong/ros2_ws/install/ublox_gps:/home/leewonjong/ros2_ws/install/ublox_msgs:/home/leewonjong/ros2_ws/install/ublox_serialization LD_LIBRARY_PATH=/home/leewonjong/ros2_ws/install/ublox_gps/lib:/home/leewonjong/ros2_ws/install/ublox_msgs/lib:${LD_LIBRARY_PATH} PYTHONPATH=/home/leewonjong/ros2_ws/build/combined_rtk/prefix_override:/usr/lib/python3/dist-packages/colcon_core/task/python/colcon_distutils_commands:/home/leewonjong/ros2_ws/install/combined_rtk/lib/python3.10/site-packages:/home/leewonjong/ros2_ws/install/ublox_msgs/local/lib/python3.10/dist-packages:/home/leewonjong/ros2_ws/build/ntrip_client/src:/home/leewonjong/ros2_ws/install/ntrip_client/lib/python3.10/site-packages:${PYTHONPATH} /usr/bin/python3 -W ignore:setup.py install is deprecated -W ignore:easy_install command is deprecated setup.py develop --editable --build-directory /home/leewonjong/ros2_ws/build/combined_rtk/build --no-deps symlink_data
[82.231s] DEBUG:colcon.colcon_core.event_handler.log_command:Invoked command in '/home/leewonjong/ros2_ws/build/ublox' returned '0': AMENT_PREFIX_PATH=/home/leewonjong/ros2_ws/install/ublox_gps:/home/leewonjong/ros2_ws/install/ublox_msgs:/home/leewonjong/ros2_ws/install/ublox_serialization:${AMENT_PREFIX_PATH} CMAKE_PREFIX_PATH=/home/leewonjong/ros2_ws/install/ublox_gps:/home/leewonjong/ros2_ws/install/ublox_msgs:/home/leewonjong/ros2_ws/install/ublox_serialization:/opt/ros/humble LD_LIBRARY_PATH=/home/leewonjong/ros2_ws/install/ublox_gps/lib:/home/leewonjong/ros2_ws/install/ublox_msgs/lib:${LD_LIBRARY_PATH} PYTHONPATH=/home/leewonjong/ros2_ws/install/ublox_msgs/local/lib/python3.10/dist-packages:${PYTHONPATH} /usr/bin/cmake /home/leewonjong/ros2_ws/src/ublox/ublox -DAMENT_CMAKE_SYMLINK_INSTALL=1 -DCMAKE_INSTALL_PREFIX=/home/leewonjong/ros2_ws/install/ublox
[82.231s] DEBUG:colcon.colcon_core.event_handler.log_command:Invoking command in '/home/leewonjong/ros2_ws/build/ublox': AMENT_PREFIX_PATH=/home/leewonjong/ros2_ws/install/ublox_gps:/home/leewonjong/ros2_ws/install/ublox_msgs:/home/leewonjong/ros2_ws/install/ublox_serialization:${AMENT_PREFIX_PATH} CMAKE_PREFIX_PATH=/home/leewonjong/ros2_ws/install/ublox_gps:/home/leewonjong/ros2_ws/install/ublox_msgs:/home/leewonjong/ros2_ws/install/ublox_serialization:/opt/ros/humble LD_LIBRARY_PATH=/home/leewonjong/ros2_ws/install/ublox_gps/lib:/home/leewonjong/ros2_ws/install/ublox_msgs/lib:${LD_LIBRARY_PATH} PYTHONPATH=/home/leewonjong/ros2_ws/install/ublox_msgs/local/lib/python3.10/dist-packages:${PYTHONPATH} /usr/bin/cmake --build /home/leewonjong/ros2_ws/build/ublox -- -j16 -l16
[82.251s] DEBUG:colcon.colcon_core.event_handler.log_command:Invoked command in '/home/leewonjong/ros2_ws/build/ublox' returned '0': AMENT_PREFIX_PATH=/home/leewonjong/ros2_ws/install/ublox_gps:/home/leewonjong/ros2_ws/install/ublox_msgs:/home/leewonjong/ros2_ws/install/ublox_serialization:${AMENT_PREFIX_PATH} CMAKE_PREFIX_PATH=/home/leewonjong/ros2_ws/install/ublox_gps:/home/leewonjong/ros2_ws/install/ublox_msgs:/home/leewonjong/ros2_ws/install/ublox_serialization:/opt/ros/humble LD_LIBRARY_PATH=/home/leewonjong/ros2_ws/install/ublox_gps/lib:/home/leewonjong/ros2_ws/install/ublox_msgs/lib:${LD_LIBRARY_PATH} PYTHONPATH=/home/leewonjong/ros2_ws/install/ublox_msgs/local/lib/python3.10/dist-packages:${PYTHONPATH} /usr/bin/cmake --build /home/leewonjong/ros2_ws/build/ublox -- -j16 -l16
[82.252s] DEBUG:colcon.colcon_core.event_handler.log_command:Invoking command in '/home/leewonjong/ros2_ws/build/ublox': AMENT_PREFIX_PATH=/home/leewonjong/ros2_ws/install/ublox_gps:/home/leewonjong/ros2_ws/install/ublox_msgs:/home/leewonjong/ros2_ws/install/ublox_serialization:${AMENT_PREFIX_PATH} CMAKE_PREFIX_PATH=/home/leewonjong/ros2_ws/install/ublox_gps:/home/leewonjong/ros2_ws/install/ublox_msgs:/home/leewonjong/ros2_ws/install/ublox_serialization:/opt/ros/humble LD_LIBRARY_PATH=/home/leewonjong/ros2_ws/install/ublox_gps/lib:/home/leewonjong/ros2_ws/install/ublox_msgs/lib:${LD_LIBRARY_PATH} PYTHONPATH=/home/leewonjong/ros2_ws/install/ublox_msgs/local/lib/python3.10/dist-packages:${PYTHONPATH} /usr/bin/cmake --install /home/leewonjong/ros2_ws/build/ublox
[82.283s] Level 1:colcon.colcon_core.shell:create_environment_hook('combined_rtk', 'pythonpath_develop')
[82.283s] INFO:colcon.colcon_core.shell:Creating environment hook '/home/leewonjong/ros2_ws/build/combined_rtk/share/combined_rtk/hook/pythonpath_develop.ps1'
[82.284s] DEBUG:colcon.colcon_core.event_handler.log_command:Invoked command in '/home/leewonjong/ros2_ws/build/combined_rtk' returned '0': AMENT_PREFIX_PATH=/home/leewonjong/ros2_ws/install/ublox_gps:/home/leewonjong/ros2_ws/install/ublox_msgs:/home/leewonjong/ros2_ws/install/ublox_serialization:/home/leewonjong/ros2_ws/install/ntrip_client:${AMENT_PREFIX_PATH} CMAKE_PREFIX_PATH=/home/leewonjong/ros2_ws/install/ublox_gps:/home/leewonjong/ros2_ws/install/ublox_msgs:/home/leewonjong/ros2_ws/install/ublox_serialization LD_LIBRARY_PATH=/home/leewonjong/ros2_ws/install/ublox_gps/lib:/home/leewonjong/ros2_ws/install/ublox_msgs/lib:${LD_LIBRARY_PATH} PYTHONPATH=/home/leewonjong/ros2_ws/build/combined_rtk/prefix_override:/usr/lib/python3/dist-packages/colcon_core/task/python/colcon_distutils_commands:/home/leewonjong/ros2_ws/install/combined_rtk/lib/python3.10/site-packages:/home/leewonjong/ros2_ws/install/ublox_msgs/local/lib/python3.10/dist-packages:/home/leewonjong/ros2_ws/build/ntrip_client/src:/home/leewonjong/ros2_ws/install/ntrip_client/lib/python3.10/site-packages:${PYTHONPATH} /usr/bin/python3 -W ignore:setup.py install is deprecated -W ignore:easy_install command is deprecated setup.py develop --editable --build-directory /home/leewonjong/ros2_ws/build/combined_rtk/build --no-deps symlink_data
[82.284s] INFO:colcon.colcon_core.shell:Creating environment descriptor '/home/leewonjong/ros2_ws/build/combined_rtk/share/combined_rtk/hook/pythonpath_develop.dsv'
[82.284s] INFO:colcon.colcon_core.shell:Creating environment hook '/home/leewonjong/ros2_ws/build/combined_rtk/share/combined_rtk/hook/pythonpath_develop.sh'
[82.284s] Level 1:colcon.colcon_core.environment:checking '/home/leewonjong/ros2_ws/install/combined_rtk' for CMake module files
[82.284s] Level 1:colcon.colcon_core.environment:checking '/home/leewonjong/ros2_ws/install/combined_rtk' for CMake config files
[82.285s] Level 1:colcon.colcon_core.environment:checking '/home/leewonjong/ros2_ws/install/combined_rtk/lib'
[82.285s] Level 1:colcon.colcon_core.environment:checking '/home/leewonjong/ros2_ws/install/combined_rtk/bin'
[82.285s] Level 1:colcon.colcon_core.environment:checking '/home/leewonjong/ros2_ws/install/combined_rtk/lib/pkgconfig/combined_rtk.pc'
[82.285s] Level 1:colcon.colcon_core.environment:checking '/home/leewonjong/ros2_ws/install/combined_rtk/lib/python3.10/site-packages'
[82.285s] Level 1:colcon.colcon_core.shell:create_environment_hook('combined_rtk', 'pythonpath')
[82.285s] INFO:colcon.colcon_core.shell:Creating environment hook '/home/leewonjong/ros2_ws/install/combined_rtk/share/combined_rtk/hook/pythonpath.ps1'
[82.285s] INFO:colcon.colcon_core.shell:Creating environment descriptor '/home/leewonjong/ros2_ws/install/combined_rtk/share/combined_rtk/hook/pythonpath.dsv'
[82.285s] INFO:colcon.colcon_core.shell:Creating environment hook '/home/leewonjong/ros2_ws/install/combined_rtk/share/combined_rtk/hook/pythonpath.sh'
[82.285s] Level 1:colcon.colcon_core.environment:checking '/home/leewonjong/ros2_ws/install/combined_rtk/bin'
[82.285s] Level 1:colcon.colcon_core.environment:create_environment_scripts_only(combined_rtk)
[82.286s] INFO:colcon.colcon_core.shell:Creating package script '/home/leewonjong/ros2_ws/install/combined_rtk/share/combined_rtk/package.ps1'
[82.286s] INFO:colcon.colcon_core.shell:Creating package descriptor '/home/leewonjong/ros2_ws/install/combined_rtk/share/combined_rtk/package.dsv'
[82.286s] INFO:colcon.colcon_core.shell:Creating package script '/home/leewonjong/ros2_ws/install/combined_rtk/share/combined_rtk/package.sh'
[82.286s] INFO:colcon.colcon_core.shell:Creating package script '/home/leewonjong/ros2_ws/install/combined_rtk/share/combined_rtk/package.bash'
[82.286s] INFO:colcon.colcon_core.shell:Creating package script '/home/leewonjong/ros2_ws/install/combined_rtk/share/combined_rtk/package.zsh'
[82.286s] Level 1:colcon.colcon_core.environment:create_file_with_runtime_dependencies(/home/leewonjong/ros2_ws/install/combined_rtk/share/colcon-core/packages/combined_rtk)
[82.334s] Level 1:colcon.colcon_core.environment:create_environment_scripts_only(ublox)
[82.335s] Level 1:colcon.colcon_core.environment:checking '/home/leewonjong/ros2_ws/install/ublox' for CMake module files
[82.336s] DEBUG:colcon.colcon_core.event_handler.log_command:Invoked command in '/home/leewonjong/ros2_ws/build/ublox' returned '0': AMENT_PREFIX_PATH=/home/leewonjong/ros2_ws/install/ublox_gps:/home/leewonjong/ros2_ws/install/ublox_msgs:/home/leewonjong/ros2_ws/install/ublox_serialization:${AMENT_PREFIX_PATH} CMAKE_PREFIX_PATH=/home/leewonjong/ros2_ws/install/ublox_gps:/home/leewonjong/ros2_ws/install/ublox_msgs:/home/leewonjong/ros2_ws/install/ublox_serialization:/opt/ros/humble LD_LIBRARY_PATH=/home/leewonjong/ros2_ws/install/ublox_gps/lib:/home/leewonjong/ros2_ws/install/ublox_msgs/lib:${LD_LIBRARY_PATH} PYTHONPATH=/home/leewonjong/ros2_ws/install/ublox_msgs/local/lib/python3.10/dist-packages:${PYTHONPATH} /usr/bin/cmake --install /home/leewonjong/ros2_ws/build/ublox
[82.336s] Level 1:colcon.colcon_core.environment:checking '/home/leewonjong/ros2_ws/install/ublox' for CMake config files
[82.336s] Level 1:colcon.colcon_core.shell:create_environment_hook('ublox', 'cmake_prefix_path')
[82.337s] INFO:colcon.colcon_core.shell:Creating environment hook '/home/leewonjong/ros2_ws/install/ublox/share/ublox/hook/cmake_prefix_path.ps1'
[82.337s] INFO:colcon.colcon_core.shell:Creating environment descriptor '/home/leewonjong/ros2_ws/install/ublox/share/ublox/hook/cmake_prefix_path.dsv'
[82.338s] INFO:colcon.colcon_core.shell:Creating environment hook '/home/leewonjong/ros2_ws/install/ublox/share/ublox/hook/cmake_prefix_path.sh'
[82.338s] Level 1:colcon.colcon_core.environment:checking '/home/leewonjong/ros2_ws/install/ublox/bin'
[82.338s] Level 1:colcon.colcon_core.environment:checking '/home/leewonjong/ros2_ws/install/ublox/lib/pkgconfig/ublox.pc'
[82.339s] Level 1:colcon.colcon_core.environment:checking '/home/leewonjong/ros2_ws/install/ublox/lib/python3.10/site-packages'
[82.339s] Level 1:colcon.colcon_core.environment:checking '/home/leewonjong/ros2_ws/install/ublox/bin'
[82.339s] INFO:colcon.colcon_core.shell:Creating package script '/home/leewonjong/ros2_ws/install/ublox/share/ublox/package.ps1'
[82.340s] INFO:colcon.colcon_core.shell:Creating package descriptor '/home/leewonjong/ros2_ws/install/ublox/share/ublox/package.dsv'
[82.340s] INFO:colcon.colcon_core.shell:Creating package script '/home/leewonjong/ros2_ws/install/ublox/share/ublox/package.sh'
[82.341s] INFO:colcon.colcon_core.shell:Creating package script '/home/leewonjong/ros2_ws/install/ublox/share/ublox/package.bash'
[82.341s] INFO:colcon.colcon_core.shell:Creating package script '/home/leewonjong/ros2_ws/install/ublox/share/ublox/package.zsh'
[82.341s] Level 1:colcon.colcon_core.environment:create_file_with_runtime_dependencies(/home/leewonjong/ros2_ws/install/ublox/share/colcon-core/packages/ublox)
[82.342s] Level 1:colcon.colcon_core.environment:create_environment_scripts_only(ublox)
[82.342s] Level 1:colcon.colcon_core.environment:checking '/home/leewonjong/ros2_ws/install/ublox' for CMake module files
[82.342s] Level 1:colcon.colcon_core.environment:checking '/home/leewonjong/ros2_ws/install/ublox' for CMake config files
[82.342s] Level 1:colcon.colcon_core.shell:create_environment_hook('ublox', 'cmake_prefix_path')
[82.343s] INFO:colcon.colcon_core.shell:Creating environment hook '/home/leewonjong/ros2_ws/install/ublox/share/ublox/hook/cmake_prefix_path.ps1'
[82.343s] INFO:colcon.colcon_core.shell:Creating environment descriptor '/home/leewonjong/ros2_ws/install/ublox/share/ublox/hook/cmake_prefix_path.dsv'
[82.343s] INFO:colcon.colcon_core.shell:Creating environment hook '/home/leewonjong/ros2_ws/install/ublox/share/ublox/hook/cmake_prefix_path.sh'
[82.344s] Level 1:colcon.colcon_core.environment:checking '/home/leewonjong/ros2_ws/install/ublox/bin'
[82.344s] Level 1:colcon.colcon_core.environment:checking '/home/leewonjong/ros2_ws/install/ublox/lib/pkgconfig/ublox.pc'
[82.344s] Level 1:colcon.colcon_core.environment:checking '/home/leewonjong/ros2_ws/install/ublox/lib/python3.10/site-packages'
[82.344s] Level 1:colcon.colcon_core.environment:checking '/home/leewonjong/ros2_ws/install/ublox/bin'
[82.344s] INFO:colcon.colcon_core.shell:Creating package script '/home/leewonjong/ros2_ws/install/ublox/share/ublox/package.ps1'
[82.345s] INFO:colcon.colcon_core.shell:Creating package descriptor '/home/leewonjong/ros2_ws/install/ublox/share/ublox/package.dsv'
[82.345s] INFO:colcon.colcon_core.shell:Creating package script '/home/leewonjong/ros2_ws/install/ublox/share/ublox/package.sh'
[82.345s] INFO:colcon.colcon_core.shell:Creating package script '/home/leewonjong/ros2_ws/install/ublox/share/ublox/package.bash'
[82.346s] INFO:colcon.colcon_core.shell:Creating package script '/home/leewonjong/ros2_ws/install/ublox/share/ublox/package.zsh'
[82.346s] Level 1:colcon.colcon_core.environment:create_file_with_runtime_dependencies(/home/leewonjong/ros2_ws/install/ublox/share/colcon-core/packages/ublox)
[82.346s] DEBUG:colcon.colcon_parallel_executor.executor.parallel:closing loop
[82.346s] DEBUG:colcon.colcon_parallel_executor.executor.parallel:loop closed
[82.346s] DEBUG:colcon.colcon_parallel_executor.executor.parallel:run_until_complete finished with '0'
[82.346s] DEBUG:colcon.colcon_core.event_reactor:joining thread
[82.352s] INFO:colcon.colcon_core.plugin_system:Skipping extension 'colcon_notification.desktop_notification.terminal_notifier': Not used on non-Darwin systems
[82.352s] INFO:colcon.colcon_core.plugin_system:Skipping extension 'colcon_notification.desktop_notification.win32': Not used on non-Windows systems
[82.352s] INFO:colcon.colcon_notification.desktop_notification:Sending desktop notification using 'notify2'
[82.368s] DEBUG:colcon.colcon_core.event_reactor:joined thread
[82.368s] INFO:colcon.colcon_core.shell:Creating prefix script '/home/leewonjong/ros2_ws/install/local_setup.ps1'
[82.369s] INFO:colcon.colcon_core.shell:Creating prefix util module '/home/leewonjong/ros2_ws/install/_local_setup_util_ps1.py'
[82.370s] INFO:colcon.colcon_core.shell:Creating prefix chain script '/home/leewonjong/ros2_ws/install/setup.ps1'
[82.372s] INFO:colcon.colcon_core.shell:Creating prefix script '/home/leewonjong/ros2_ws/install/local_setup.sh'
[82.372s] INFO:colcon.colcon_core.shell:Creating prefix util module '/home/leewonjong/ros2_ws/install/_local_setup_util_sh.py'
[82.373s] INFO:colcon.colcon_core.shell:Creating prefix chain script '/home/leewonjong/ros2_ws/install/setup.sh'
[82.374s] INFO:colcon.colcon_core.shell:Creating prefix script '/home/leewonjong/ros2_ws/install/local_setup.bash'
[82.375s] INFO:colcon.colcon_core.shell:Creating prefix chain script '/home/leewonjong/ros2_ws/install/setup.bash'
[82.376s] INFO:colcon.colcon_core.shell:Creating prefix script '/home/leewonjong/ros2_ws/install/local_setup.zsh'
[82.376s] INFO:colcon.colcon_core.shell:Creating prefix chain script '/home/leewonjong/ros2_ws/install/setup.zsh'
