[0.462s] Invoking command in '/home/leewonjong/ros2_ws/src/gps_path_planner': PYTHONPATH=/home/leewonjong/ros2_ws/build/gps_path_planner/prefix_override:/usr/lib/python3/dist-packages/colcon_core/task/python/colcon_distutils_commands:/home/leewonjong/ros2_ws/install/gps_path_planner/lib/python3.10/site-packages:${PYTHONPATH} /usr/bin/python3 -W ignore:setup.py install is deprecated -W ignore:easy_install command is deprecated setup.py egg_info --egg-base ../../build/gps_path_planner build --build-base /home/leewonjong/ros2_ws/build/gps_path_planner/build install --record /home/leewonjong/ros2_ws/build/gps_path_planner/install.log --single-version-externally-managed install_data
[0.584s] running egg_info
[0.584s] writing ../../build/gps_path_planner/gps_path_planner.egg-info/PKG-INFO
[0.584s] writing dependency_links to ../../build/gps_path_planner/gps_path_planner.egg-info/dependency_links.txt
[0.586s] writing entry points to ../../build/gps_path_planner/gps_path_planner.egg-info/entry_points.txt
[0.586s] writing requirements to ../../build/gps_path_planner/gps_path_planner.egg-info/requires.txt
[0.586s] writing top-level names to ../../build/gps_path_planner/gps_path_planner.egg-info/top_level.txt
[0.588s] reading manifest file '../../build/gps_path_planner/gps_path_planner.egg-info/SOURCES.txt'
[0.589s] writing manifest file '../../build/gps_path_planner/gps_path_planner.egg-info/SOURCES.txt'
[0.589s] running build
[0.589s] running build_py
[0.589s] copying gps_path_planner/lidar_roi_node.py -> /home/leewonjong/ros2_ws/build/gps_path_planner/build/lib/gps_path_planner
[0.589s] running install
[0.590s] running install_lib
[0.591s] copying /home/leewonjong/ros2_ws/build/gps_path_planner/build/lib/gps_path_planner/lidar_roi_node.py -> /home/leewonjong/ros2_ws/install/gps_path_planner/lib/python3.10/site-packages/gps_path_planner
[0.591s] byte-compiling /home/leewonjong/ros2_ws/install/gps_path_planner/lib/python3.10/site-packages/gps_path_planner/lidar_roi_node.py to lidar_roi_node.cpython-310.pyc
[0.592s] running install_data
[0.593s] running install_egg_info
[0.596s] removing '/home/leewonjong/ros2_ws/install/gps_path_planner/lib/python3.10/site-packages/gps_path_planner-0.0.0-py3.10.egg-info' (and everything under it)
[0.596s] Copying ../../build/gps_path_planner/gps_path_planner.egg-info to /home/leewonjong/ros2_ws/install/gps_path_planner/lib/python3.10/site-packages/gps_path_planner-0.0.0-py3.10.egg-info
[0.599s] running install_scripts
[0.605s] Installing camera_publisher script to /home/leewonjong/ros2_ws/install/gps_path_planner/lib/gps_path_planner
[0.605s] Installing cone_detector script to /home/leewonjong/ros2_ws/install/gps_path_planner/lib/gps_path_planner
[0.605s] Installing gps_latlon_logger script to /home/leewonjong/ros2_ws/install/gps_path_planner/lib/gps_path_planner
[0.605s] Installing gps_publish_global_path_node script to /home/leewonjong/ros2_ws/install/gps_path_planner/lib/gps_path_planner
[0.605s] Installing lidar_roi_node script to /home/leewonjong/ros2_ws/install/gps_path_planner/lib/gps_path_planner
[0.606s] Installing mission_manager script to /home/leewonjong/ros2_ws/install/gps_path_planner/lib/gps_path_planner
[0.606s] Installing pose_publisher script to /home/leewonjong/ros2_ws/install/gps_path_planner/lib/gps_path_planner
[0.606s] Installing pure_pursuit_node script to /home/leewonjong/ros2_ws/install/gps_path_planner/lib/gps_path_planner
[0.606s] Installing traffic_light_node script to /home/leewonjong/ros2_ws/install/gps_path_planner/lib/gps_path_planner
[0.606s] Installing twist_serial_bridge script to /home/leewonjong/ros2_ws/install/gps_path_planner/lib/gps_path_planner
[0.606s] writing list of installed files to '/home/leewonjong/ros2_ws/build/gps_path_planner/install.log'
[0.621s] Invoked command in '/home/leewonjong/ros2_ws/src/gps_path_planner' returned '0': PYTHONPATH=/home/leewonjong/ros2_ws/build/gps_path_planner/prefix_override:/usr/lib/python3/dist-packages/colcon_core/task/python/colcon_distutils_commands:/home/leewonjong/ros2_ws/install/gps_path_planner/lib/python3.10/site-packages:${PYTHONPATH} /usr/bin/python3 -W ignore:setup.py install is deprecated -W ignore:easy_install command is deprecated setup.py egg_info --egg-base ../../build/gps_path_planner build --build-base /home/leewonjong/ros2_ws/build/gps_path_planner/build install --record /home/leewonjong/ros2_ws/build/gps_path_planner/install.log --single-version-externally-managed install_data
