[0.012s] Invoking command in '/home/leewonjong/ros2_ws/build/ublox_serialization': CMAKE_PREFIX_PATH=${CMAKE_PREFIX_PATH}:/home/leewonjong/ros2_ws/install/combined_rtk:/home/leewonjong/ros2_ws/install/ntrip_client:/home/leewonjong/ros2_ws/install/gps_path_planner:/opt/ros/humble /usr/bin/cmake --build /home/leewonjong/ros2_ws/build/ublox_serialization -- -j16 -l16
[0.254s] Invoked command in '/home/leewonjong/ros2_ws/build/ublox_serialization' returned '0': CMAKE_PREFIX_PATH=${CMAKE_PREFIX_PATH}:/home/leewonjong/ros2_ws/install/combined_rtk:/home/leewonjong/ros2_ws/install/ntrip_client:/home/leewonjong/ros2_ws/install/gps_path_planner:/opt/ros/humble /usr/bin/cmake --build /home/leewonjong/ros2_ws/build/ublox_serialization -- -j16 -l16
[0.260s] Invoking command in '/home/leewonjong/ros2_ws/build/ublox_serialization': CMAKE_PREFIX_PATH=${CMAKE_PREFIX_PATH}:/home/leewonjong/ros2_ws/install/combined_rtk:/home/leewonjong/ros2_ws/install/ntrip_client:/home/leewonjong/ros2_ws/install/gps_path_planner:/opt/ros/humble /usr/bin/cmake --install /home/leewonjong/ros2_ws/build/ublox_serialization
[0.266s] -- Install configuration: ""
[0.266s] -- Execute custom install script
[0.266s] -- Up-to-date symlink: /home/leewonjong/ros2_ws/install/ublox_serialization/include/ublox_serialization/ublox_serialization/checksum.hpp
[0.266s] -- Up-to-date symlink: /home/leewonjong/ros2_ws/install/ublox_serialization/include/ublox_serialization/ublox_serialization/serialization.hpp
[0.266s] -- Up-to-date symlink: /home/leewonjong/ros2_ws/install/ublox_serialization/share/ament_index/resource_index/package_run_dependencies/ublox_serialization
[0.266s] -- Up-to-date symlink: /home/leewonjong/ros2_ws/install/ublox_serialization/share/ament_index/resource_index/parent_prefix_path/ublox_serialization
[0.266s] -- Up-to-date symlink: /home/leewonjong/ros2_ws/install/ublox_serialization/share/ublox_serialization/environment/ament_prefix_path.sh
[0.266s] -- Up-to-date symlink: /home/leewonjong/ros2_ws/install/ublox_serialization/share/ublox_serialization/environment/ament_prefix_path.dsv
[0.266s] -- Up-to-date symlink: /home/leewonjong/ros2_ws/install/ublox_serialization/share/ublox_serialization/environment/path.sh
[0.266s] -- Up-to-date symlink: /home/leewonjong/ros2_ws/install/ublox_serialization/share/ublox_serialization/environment/path.dsv
[0.266s] -- Up-to-date symlink: /home/leewonjong/ros2_ws/install/ublox_serialization/share/ublox_serialization/local_setup.bash
[0.266s] -- Up-to-date symlink: /home/leewonjong/ros2_ws/install/ublox_serialization/share/ublox_serialization/local_setup.sh
[0.266s] -- Up-to-date symlink: /home/leewonjong/ros2_ws/install/ublox_serialization/share/ublox_serialization/local_setup.zsh
[0.266s] -- Up-to-date symlink: /home/leewonjong/ros2_ws/install/ublox_serialization/share/ublox_serialization/local_setup.dsv
[0.266s] -- Symlinking: /home/leewonjong/ros2_ws/install/ublox_serialization/share/ublox_serialization/package.dsv
[0.272s] -- Up-to-date symlink: /home/leewonjong/ros2_ws/install/ublox_serialization/share/ament_index/resource_index/packages/ublox_serialization
[0.272s] -- Up-to-date symlink: /home/leewonjong/ros2_ws/install/ublox_serialization/share/ublox_serialization/cmake/ament_cmake_export_include_directories-extras.cmake
[0.272s] -- Up-to-date symlink: /home/leewonjong/ros2_ws/install/ublox_serialization/share/ublox_serialization/cmake/ament_cmake_export_targets-extras.cmake
[0.272s] -- Up-to-date symlink: /home/leewonjong/ros2_ws/install/ublox_serialization/share/ublox_serialization/cmake/ublox_serializationConfig.cmake
[0.272s] -- Up-to-date symlink: /home/leewonjong/ros2_ws/install/ublox_serialization/share/ublox_serialization/cmake/ublox_serializationConfig-version.cmake
[0.272s] -- Up-to-date symlink: /home/leewonjong/ros2_ws/install/ublox_serialization/share/ublox_serialization/package.xml
[0.272s] -- Up-to-date: /home/leewonjong/ros2_ws/install/ublox_serialization/share/ublox_serialization/cmake/export_ublox_serializationExport.cmake
[0.275s] Invoked command in '/home/leewonjong/ros2_ws/build/ublox_serialization' returned '0': CMAKE_PREFIX_PATH=${CMAKE_PREFIX_PATH}:/home/leewonjong/ros2_ws/install/combined_rtk:/home/leewonjong/ros2_ws/install/ntrip_client:/home/leewonjong/ros2_ws/install/gps_path_planner:/opt/ros/humble /usr/bin/cmake --install /home/leewonjong/ros2_ws/build/ublox_serialization
