[0.049s] DEBUG:colcon:Command line arguments: ['/usr/bin/colcon', 'build']
[0.049s] DEBUG:colcon:Parsed command line arguments: Namespace(log_base=None, log_level=None, verb_name='build', build_base='build', install_base='install', merge_install=False, symlink_install=False, test_result_base=None, continue_on_error=False, executor='parallel', parallel_workers=16, event_handlers=None, ignore_user_meta=False, metas=['./colcon.meta'], base_paths=['.'], packages_ignore=None, packages_ignore_regex=None, paths=None, packages_up_to=None, packages_up_to_regex=None, packages_above=None, packages_above_and_dependencies=None, packages_above_depth=None, packages_select_by_dep=None, packages_skip_by_dep=None, packages_skip_up_to=None, packages_select_build_failed=False, packages_skip_build_finished=False, packages_select_test_failures=False, packages_skip_test_passed=False, packages_select=None, packages_skip=None, packages_select_regex=None, packages_skip_regex=None, packages_start=None, packages_end=None, allow_overriding=[], cmake_args=None, cmake_target=None, cmake_target_skip_unavailable=False, cmake_clean_cache=False, cmake_clean_first=False, cmake_force_configure=False, ament_cmake_args=None, catkin_cmake_args=None, catkin_skip_building_tests=False, mixin_files=None, mixin=None, verb_parser=<colcon_mixin.mixin.mixin_argument.MixinArgumentDecorator object at 0x77f23fb5efe0>, verb_extension=<colcon_core.verb.build.BuildVerb object at 0x77f23fb5e8f0>, main=<bound method BuildVerb.main of <colcon_core.verb.build.BuildVerb object at 0x77f23fb5e8f0>>, mixin_verb=('build',))
[0.123s] Level 1:colcon.colcon_core.package_discovery:discover_packages(colcon_meta) check parameters
[0.123s] Level 1:colcon.colcon_core.package_discovery:discover_packages(recursive) check parameters
[0.123s] Level 1:colcon.colcon_core.package_discovery:discover_packages(ignore) check parameters
[0.123s] Level 1:colcon.colcon_core.package_discovery:discover_packages(path) check parameters
[0.123s] Level 1:colcon.colcon_core.package_discovery:discover_packages(colcon_meta) discover
[0.123s] Level 1:colcon.colcon_core.package_discovery:discover_packages(recursive) discover
[0.123s] INFO:colcon.colcon_core.package_discovery:Crawling recursively for packages in '/home/leewonjong/ros2_ws'
[0.124s] Level 1:colcon.colcon_core.package_identification:_identify(.) by extensions ['ignore', 'ignore_ament_install']
[0.124s] Level 1:colcon.colcon_core.package_identification:_identify(.) by extension 'ignore'
[0.124s] Level 1:colcon.colcon_core.package_identification:_identify(.) by extension 'ignore_ament_install'
[0.124s] Level 1:colcon.colcon_core.package_identification:_identify(.) by extensions ['colcon_pkg']
[0.124s] Level 1:colcon.colcon_core.package_identification:_identify(.) by extension 'colcon_pkg'
[0.124s] Level 1:colcon.colcon_core.package_identification:_identify(.) by extensions ['colcon_meta']
[0.124s] Level 1:colcon.colcon_core.package_identification:_identify(.) by extension 'colcon_meta'
[0.124s] Level 1:colcon.colcon_core.package_identification:_identify(.) by extensions ['ros']
[0.124s] Level 1:colcon.colcon_core.package_identification:_identify(.) by extension 'ros'
[0.141s] Level 1:colcon.colcon_core.package_identification:_identify(.) by extensions ['cmake', 'python']
[0.141s] Level 1:colcon.colcon_core.package_identification:_identify(.) by extension 'cmake'
[0.141s] Level 1:colcon.colcon_core.package_identification:_identify(.) by extension 'python'
[0.141s] Level 1:colcon.colcon_core.package_identification:_identify(.) by extensions ['python_setup_py']
[0.141s] Level 1:colcon.colcon_core.package_identification:_identify(.) by extension 'python_setup_py'
[0.141s] Level 1:colcon.colcon_core.package_identification:_identify(build) by extensions ['ignore', 'ignore_ament_install']
[0.141s] Level 1:colcon.colcon_core.package_identification:_identify(build) by extension 'ignore'
[0.141s] Level 1:colcon.colcon_core.package_identification:_identify(build) ignored
[0.141s] Level 1:colcon.colcon_core.package_identification:_identify(install) by extensions ['ignore', 'ignore_ament_install']
[0.141s] Level 1:colcon.colcon_core.package_identification:_identify(install) by extension 'ignore'
[0.141s] Level 1:colcon.colcon_core.package_identification:_identify(install) ignored
[0.141s] Level 1:colcon.colcon_core.package_identification:_identify(log) by extensions ['ignore', 'ignore_ament_install']
[0.141s] Level 1:colcon.colcon_core.package_identification:_identify(log) by extension 'ignore'
[0.141s] Level 1:colcon.colcon_core.package_identification:_identify(log) ignored
[0.141s] Level 1:colcon.colcon_core.package_identification:_identify(src) by extensions ['ignore', 'ignore_ament_install']
[0.141s] Level 1:colcon.colcon_core.package_identification:_identify(src) by extension 'ignore'
[0.141s] Level 1:colcon.colcon_core.package_identification:_identify(src) by extension 'ignore_ament_install'
[0.141s] Level 1:colcon.colcon_core.package_identification:_identify(src) by extensions ['colcon_pkg']
[0.141s] Level 1:colcon.colcon_core.package_identification:_identify(src) by extension 'colcon_pkg'
[0.141s] Level 1:colcon.colcon_core.package_identification:_identify(src) by extensions ['colcon_meta']
[0.141s] Level 1:colcon.colcon_core.package_identification:_identify(src) by extension 'colcon_meta'
[0.141s] Level 1:colcon.colcon_core.package_identification:_identify(src) by extensions ['ros']
[0.141s] Level 1:colcon.colcon_core.package_identification:_identify(src) by extension 'ros'
[0.141s] Level 1:colcon.colcon_core.package_identification:_identify(src) by extensions ['cmake', 'python']
[0.141s] Level 1:colcon.colcon_core.package_identification:_identify(src) by extension 'cmake'
[0.141s] Level 1:colcon.colcon_core.package_identification:_identify(src) by extension 'python'
[0.141s] Level 1:colcon.colcon_core.package_identification:_identify(src) by extensions ['python_setup_py']
[0.141s] Level 1:colcon.colcon_core.package_identification:_identify(src) by extension 'python_setup_py'
[0.142s] Level 1:colcon.colcon_core.package_identification:_identify(src/combined_rtk) by extensions ['ignore', 'ignore_ament_install']
[0.142s] Level 1:colcon.colcon_core.package_identification:_identify(src/combined_rtk) by extension 'ignore'
[0.142s] Level 1:colcon.colcon_core.package_identification:_identify(src/combined_rtk) by extension 'ignore_ament_install'
[0.142s] Level 1:colcon.colcon_core.package_identification:_identify(src/combined_rtk) by extensions ['colcon_pkg']
[0.142s] Level 1:colcon.colcon_core.package_identification:_identify(src/combined_rtk) by extension 'colcon_pkg'
[0.142s] Level 1:colcon.colcon_core.package_identification:_identify(src/combined_rtk) by extensions ['colcon_meta']
[0.142s] Level 1:colcon.colcon_core.package_identification:_identify(src/combined_rtk) by extension 'colcon_meta'
[0.142s] Level 1:colcon.colcon_core.package_identification:_identify(src/combined_rtk) by extensions ['ros']
[0.142s] Level 1:colcon.colcon_core.package_identification:_identify(src/combined_rtk) by extension 'ros'
[0.143s] DEBUG:colcon.colcon_core.package_identification:Package 'src/combined_rtk' with type 'ros.ament_python' and name 'combined_rtk'
[0.143s] Level 1:colcon.colcon_core.package_identification:_identify(src/gps_path_planner) by extensions ['ignore', 'ignore_ament_install']
[0.143s] Level 1:colcon.colcon_core.package_identification:_identify(src/gps_path_planner) by extension 'ignore'
[0.143s] Level 1:colcon.colcon_core.package_identification:_identify(src/gps_path_planner) by extension 'ignore_ament_install'
[0.143s] Level 1:colcon.colcon_core.package_identification:_identify(src/gps_path_planner) by extensions ['colcon_pkg']
[0.143s] Level 1:colcon.colcon_core.package_identification:_identify(src/gps_path_planner) by extension 'colcon_pkg'
[0.143s] Level 1:colcon.colcon_core.package_identification:_identify(src/gps_path_planner) by extensions ['colcon_meta']
[0.143s] Level 1:colcon.colcon_core.package_identification:_identify(src/gps_path_planner) by extension 'colcon_meta'
[0.143s] Level 1:colcon.colcon_core.package_identification:_identify(src/gps_path_planner) by extensions ['ros']
[0.143s] Level 1:colcon.colcon_core.package_identification:_identify(src/gps_path_planner) by extension 'ros'
[0.143s] DEBUG:colcon.colcon_core.package_identification:Package 'src/gps_path_planner' with type 'ros.ament_python' and name 'gps_path_planner'
[0.143s] Level 1:colcon.colcon_core.package_identification:_identify(src/ntrip_client) by extensions ['ignore', 'ignore_ament_install']
[0.143s] Level 1:colcon.colcon_core.package_identification:_identify(src/ntrip_client) by extension 'ignore'
[0.143s] Level 1:colcon.colcon_core.package_identification:_identify(src/ntrip_client) by extension 'ignore_ament_install'
[0.144s] Level 1:colcon.colcon_core.package_identification:_identify(src/ntrip_client) by extensions ['colcon_pkg']
[0.144s] Level 1:colcon.colcon_core.package_identification:_identify(src/ntrip_client) by extension 'colcon_pkg'
[0.144s] Level 1:colcon.colcon_core.package_identification:_identify(src/ntrip_client) by extensions ['colcon_meta']
[0.144s] Level 1:colcon.colcon_core.package_identification:_identify(src/ntrip_client) by extension 'colcon_meta'
[0.144s] Level 1:colcon.colcon_core.package_identification:_identify(src/ntrip_client) by extensions ['ros']
[0.144s] Level 1:colcon.colcon_core.package_identification:_identify(src/ntrip_client) by extension 'ros'
[0.144s] DEBUG:colcon.colcon_core.package_identification:Package 'src/ntrip_client' with type 'ros.ament_python' and name 'ntrip_client'
[0.144s] Level 1:colcon.colcon_core.package_identification:_identify(src/rplidar_ros) by extensions ['ignore', 'ignore_ament_install']
[0.144s] Level 1:colcon.colcon_core.package_identification:_identify(src/rplidar_ros) by extension 'ignore'
[0.144s] Level 1:colcon.colcon_core.package_identification:_identify(src/rplidar_ros) by extension 'ignore_ament_install'
[0.144s] Level 1:colcon.colcon_core.package_identification:_identify(src/rplidar_ros) by extensions ['colcon_pkg']
[0.144s] Level 1:colcon.colcon_core.package_identification:_identify(src/rplidar_ros) by extension 'colcon_pkg'
[0.144s] Level 1:colcon.colcon_core.package_identification:_identify(src/rplidar_ros) by extensions ['colcon_meta']
[0.144s] Level 1:colcon.colcon_core.package_identification:_identify(src/rplidar_ros) by extension 'colcon_meta'
[0.144s] Level 1:colcon.colcon_core.package_identification:_identify(src/rplidar_ros) by extensions ['ros']
[0.144s] Level 1:colcon.colcon_core.package_identification:_identify(src/rplidar_ros) by extension 'ros'
[0.144s] DEBUG:colcon.colcon_core.package_identification:Package 'src/rplidar_ros' with type 'ros.ament_cmake' and name 'rplidar_ros'
[0.145s] Level 1:colcon.colcon_core.package_identification:_identify(src/ublox) by extensions ['ignore', 'ignore_ament_install']
[0.145s] Level 1:colcon.colcon_core.package_identification:_identify(src/ublox) by extension 'ignore'
[0.145s] Level 1:colcon.colcon_core.package_identification:_identify(src/ublox) by extension 'ignore_ament_install'
[0.145s] Level 1:colcon.colcon_core.package_identification:_identify(src/ublox) by extensions ['colcon_pkg']
[0.145s] Level 1:colcon.colcon_core.package_identification:_identify(src/ublox) by extension 'colcon_pkg'
[0.145s] Level 1:colcon.colcon_core.package_identification:_identify(src/ublox) by extensions ['colcon_meta']
[0.145s] Level 1:colcon.colcon_core.package_identification:_identify(src/ublox) by extension 'colcon_meta'
[0.145s] Level 1:colcon.colcon_core.package_identification:_identify(src/ublox) by extensions ['ros']
[0.145s] Level 1:colcon.colcon_core.package_identification:_identify(src/ublox) by extension 'ros'
[0.145s] Level 1:colcon.colcon_core.package_identification:_identify(src/ublox) by extensions ['cmake', 'python']
[0.145s] Level 1:colcon.colcon_core.package_identification:_identify(src/ublox) by extension 'cmake'
[0.145s] Level 1:colcon.colcon_core.package_identification:_identify(src/ublox) by extension 'python'
[0.145s] Level 1:colcon.colcon_core.package_identification:_identify(src/ublox) by extensions ['python_setup_py']
[0.145s] Level 1:colcon.colcon_core.package_identification:_identify(src/ublox) by extension 'python_setup_py'
[0.145s] Level 1:colcon.colcon_core.package_identification:_identify(src/ublox/ublox) by extensions ['ignore', 'ignore_ament_install']
[0.145s] Level 1:colcon.colcon_core.package_identification:_identify(src/ublox/ublox) by extension 'ignore'
[0.145s] Level 1:colcon.colcon_core.package_identification:_identify(src/ublox/ublox) by extension 'ignore_ament_install'
[0.145s] Level 1:colcon.colcon_core.package_identification:_identify(src/ublox/ublox) by extensions ['colcon_pkg']
[0.145s] Level 1:colcon.colcon_core.package_identification:_identify(src/ublox/ublox) by extension 'colcon_pkg'
[0.145s] Level 1:colcon.colcon_core.package_identification:_identify(src/ublox/ublox) by extensions ['colcon_meta']
[0.145s] Level 1:colcon.colcon_core.package_identification:_identify(src/ublox/ublox) by extension 'colcon_meta'
[0.145s] Level 1:colcon.colcon_core.package_identification:_identify(src/ublox/ublox) by extensions ['ros']
[0.145s] Level 1:colcon.colcon_core.package_identification:_identify(src/ublox/ublox) by extension 'ros'
[0.145s] DEBUG:colcon.colcon_core.package_identification:Package 'src/ublox/ublox' with type 'ros.ament_cmake' and name 'ublox'
[0.145s] Level 1:colcon.colcon_core.package_identification:_identify(src/ublox/ublox_gps) by extensions ['ignore', 'ignore_ament_install']
[0.145s] Level 1:colcon.colcon_core.package_identification:_identify(src/ublox/ublox_gps) by extension 'ignore'
[0.145s] Level 1:colcon.colcon_core.package_identification:_identify(src/ublox/ublox_gps) by extension 'ignore_ament_install'
[0.145s] Level 1:colcon.colcon_core.package_identification:_identify(src/ublox/ublox_gps) by extensions ['colcon_pkg']
[0.145s] Level 1:colcon.colcon_core.package_identification:_identify(src/ublox/ublox_gps) by extension 'colcon_pkg'
[0.145s] Level 1:colcon.colcon_core.package_identification:_identify(src/ublox/ublox_gps) by extensions ['colcon_meta']
[0.145s] Level 1:colcon.colcon_core.package_identification:_identify(src/ublox/ublox_gps) by extension 'colcon_meta'
[0.145s] Level 1:colcon.colcon_core.package_identification:_identify(src/ublox/ublox_gps) by extensions ['ros']
[0.145s] Level 1:colcon.colcon_core.package_identification:_identify(src/ublox/ublox_gps) by extension 'ros'
[0.146s] DEBUG:colcon.colcon_core.package_identification:Package 'src/ublox/ublox_gps' with type 'ros.ament_cmake' and name 'ublox_gps'
[0.146s] Level 1:colcon.colcon_core.package_identification:_identify(src/ublox/ublox_msgs) by extensions ['ignore', 'ignore_ament_install']
[0.146s] Level 1:colcon.colcon_core.package_identification:_identify(src/ublox/ublox_msgs) by extension 'ignore'
[0.146s] Level 1:colcon.colcon_core.package_identification:_identify(src/ublox/ublox_msgs) by extension 'ignore_ament_install'
[0.146s] Level 1:colcon.colcon_core.package_identification:_identify(src/ublox/ublox_msgs) by extensions ['colcon_pkg']
[0.146s] Level 1:colcon.colcon_core.package_identification:_identify(src/ublox/ublox_msgs) by extension 'colcon_pkg'
[0.146s] Level 1:colcon.colcon_core.package_identification:_identify(src/ublox/ublox_msgs) by extensions ['colcon_meta']
[0.146s] Level 1:colcon.colcon_core.package_identification:_identify(src/ublox/ublox_msgs) by extension 'colcon_meta'
[0.146s] Level 1:colcon.colcon_core.package_identification:_identify(src/ublox/ublox_msgs) by extensions ['ros']
[0.146s] Level 1:colcon.colcon_core.package_identification:_identify(src/ublox/ublox_msgs) by extension 'ros'
[0.146s] DEBUG:colcon.colcon_core.package_identification:Package 'src/ublox/ublox_msgs' with type 'ros.ament_cmake' and name 'ublox_msgs'
[0.146s] Level 1:colcon.colcon_core.package_identification:_identify(src/ublox/ublox_serialization) by extensions ['ignore', 'ignore_ament_install']
[0.146s] Level 1:colcon.colcon_core.package_identification:_identify(src/ublox/ublox_serialization) by extension 'ignore'
[0.146s] Level 1:colcon.colcon_core.package_identification:_identify(src/ublox/ublox_serialization) by extension 'ignore_ament_install'
[0.147s] Level 1:colcon.colcon_core.package_identification:_identify(src/ublox/ublox_serialization) by extensions ['colcon_pkg']
[0.147s] Level 1:colcon.colcon_core.package_identification:_identify(src/ublox/ublox_serialization) by extension 'colcon_pkg'
[0.147s] Level 1:colcon.colcon_core.package_identification:_identify(src/ublox/ublox_serialization) by extensions ['colcon_meta']
[0.147s] Level 1:colcon.colcon_core.package_identification:_identify(src/ublox/ublox_serialization) by extension 'colcon_meta'
[0.147s] Level 1:colcon.colcon_core.package_identification:_identify(src/ublox/ublox_serialization) by extensions ['ros']
[0.147s] Level 1:colcon.colcon_core.package_identification:_identify(src/ublox/ublox_serialization) by extension 'ros'
[0.147s] DEBUG:colcon.colcon_core.package_identification:Package 'src/ublox/ublox_serialization' with type 'ros.ament_cmake' and name 'ublox_serialization'
[0.147s] Level 1:colcon.colcon_core.package_discovery:discover_packages(recursive) using defaults
[0.147s] Level 1:colcon.colcon_core.package_discovery:discover_packages(ignore) discover
[0.147s] Level 1:colcon.colcon_core.package_discovery:discover_packages(ignore) using defaults
[0.147s] Level 1:colcon.colcon_core.package_discovery:discover_packages(path) discover
[0.147s] Level 1:colcon.colcon_core.package_discovery:discover_packages(path) using defaults
[0.158s] Level 1:colcon.colcon_core.package_discovery:discover_packages(prefix_path) check parameters
[0.158s] Level 1:colcon.colcon_core.package_discovery:discover_packages(prefix_path) discover
[0.159s] DEBUG:colcon.colcon_installed_package_information.package_discovery:Found 8 installed packages in /home/leewonjong/ros2_ws/install
[0.159s] DEBUG:colcon.colcon_installed_package_information.package_discovery:Found 287 installed packages in /opt/ros/humble
[0.160s] Level 1:colcon.colcon_core.package_discovery:discover_packages(prefix_path) using defaults
[0.175s] Level 5:colcon.colcon_core.verb:set package 'gps_path_planner' build argument 'cmake_args' from command line to 'None'
[0.175s] Level 5:colcon.colcon_core.verb:set package 'gps_path_planner' build argument 'cmake_target' from command line to 'None'
[0.175s] Level 5:colcon.colcon_core.verb:set package 'gps_path_planner' build argument 'cmake_target_skip_unavailable' from command line to 'False'
[0.175s] Level 5:colcon.colcon_core.verb:set package 'gps_path_planner' build argument 'cmake_clean_cache' from command line to 'False'
[0.175s] Level 5:colcon.colcon_core.verb:set package 'gps_path_planner' build argument 'cmake_clean_first' from command line to 'False'
[0.175s] Level 5:colcon.colcon_core.verb:set package 'gps_path_planner' build argument 'cmake_force_configure' from command line to 'False'
[0.175s] Level 5:colcon.colcon_core.verb:set package 'gps_path_planner' build argument 'ament_cmake_args' from command line to 'None'
[0.175s] Level 5:colcon.colcon_core.verb:set package 'gps_path_planner' build argument 'catkin_cmake_args' from command line to 'None'
[0.175s] Level 5:colcon.colcon_core.verb:set package 'gps_path_planner' build argument 'catkin_skip_building_tests' from command line to 'False'
[0.175s] DEBUG:colcon.colcon_core.verb:Building package 'gps_path_planner' with the following arguments: {'ament_cmake_args': None, 'build_base': '/home/leewonjong/ros2_ws/build/gps_path_planner', 'catkin_cmake_args': None, 'catkin_skip_building_tests': False, 'cmake_args': None, 'cmake_clean_cache': False, 'cmake_clean_first': False, 'cmake_force_configure': False, 'cmake_target': None, 'cmake_target_skip_unavailable': False, 'install_base': '/home/leewonjong/ros2_ws/install/gps_path_planner', 'merge_install': False, 'path': '/home/leewonjong/ros2_ws/src/gps_path_planner', 'symlink_install': False, 'test_result_base': None}
[0.175s] Level 5:colcon.colcon_core.verb:set package 'ntrip_client' build argument 'cmake_args' from command line to 'None'
[0.175s] Level 5:colcon.colcon_core.verb:set package 'ntrip_client' build argument 'cmake_target' from command line to 'None'
[0.175s] Level 5:colcon.colcon_core.verb:set package 'ntrip_client' build argument 'cmake_target_skip_unavailable' from command line to 'False'
[0.175s] Level 5:colcon.colcon_core.verb:set package 'ntrip_client' build argument 'cmake_clean_cache' from command line to 'False'
[0.175s] Level 5:colcon.colcon_core.verb:set package 'ntrip_client' build argument 'cmake_clean_first' from command line to 'False'
[0.175s] Level 5:colcon.colcon_core.verb:set package 'ntrip_client' build argument 'cmake_force_configure' from command line to 'False'
[0.175s] Level 5:colcon.colcon_core.verb:set package 'ntrip_client' build argument 'ament_cmake_args' from command line to 'None'
[0.175s] Level 5:colcon.colcon_core.verb:set package 'ntrip_client' build argument 'catkin_cmake_args' from command line to 'None'
[0.175s] Level 5:colcon.colcon_core.verb:set package 'ntrip_client' build argument 'catkin_skip_building_tests' from command line to 'False'
[0.175s] DEBUG:colcon.colcon_core.verb:Building package 'ntrip_client' with the following arguments: {'ament_cmake_args': None, 'build_base': '/home/leewonjong/ros2_ws/build/ntrip_client', 'catkin_cmake_args': None, 'catkin_skip_building_tests': False, 'cmake_args': None, 'cmake_clean_cache': False, 'cmake_clean_first': False, 'cmake_force_configure': False, 'cmake_target': None, 'cmake_target_skip_unavailable': False, 'install_base': '/home/leewonjong/ros2_ws/install/ntrip_client', 'merge_install': False, 'path': '/home/leewonjong/ros2_ws/src/ntrip_client', 'symlink_install': False, 'test_result_base': None}
[0.175s] Level 5:colcon.colcon_core.verb:set package 'rplidar_ros' build argument 'cmake_args' from command line to 'None'
[0.175s] Level 5:colcon.colcon_core.verb:set package 'rplidar_ros' build argument 'cmake_target' from command line to 'None'
[0.175s] Level 5:colcon.colcon_core.verb:set package 'rplidar_ros' build argument 'cmake_target_skip_unavailable' from command line to 'False'
[0.175s] Level 5:colcon.colcon_core.verb:set package 'rplidar_ros' build argument 'cmake_clean_cache' from command line to 'False'
[0.175s] Level 5:colcon.colcon_core.verb:set package 'rplidar_ros' build argument 'cmake_clean_first' from command line to 'False'
[0.175s] Level 5:colcon.colcon_core.verb:set package 'rplidar_ros' build argument 'cmake_force_configure' from command line to 'False'
[0.175s] Level 5:colcon.colcon_core.verb:set package 'rplidar_ros' build argument 'ament_cmake_args' from command line to 'None'
[0.175s] Level 5:colcon.colcon_core.verb:set package 'rplidar_ros' build argument 'catkin_cmake_args' from command line to 'None'
[0.175s] Level 5:colcon.colcon_core.verb:set package 'rplidar_ros' build argument 'catkin_skip_building_tests' from command line to 'False'
[0.175s] DEBUG:colcon.colcon_core.verb:Building package 'rplidar_ros' with the following arguments: {'ament_cmake_args': None, 'build_base': '/home/leewonjong/ros2_ws/build/rplidar_ros', 'catkin_cmake_args': None, 'catkin_skip_building_tests': False, 'cmake_args': None, 'cmake_clean_cache': False, 'cmake_clean_first': False, 'cmake_force_configure': False, 'cmake_target': None, 'cmake_target_skip_unavailable': False, 'install_base': '/home/leewonjong/ros2_ws/install/rplidar_ros', 'merge_install': False, 'path': '/home/leewonjong/ros2_ws/src/rplidar_ros', 'symlink_install': False, 'test_result_base': None}
[0.176s] Level 5:colcon.colcon_core.verb:set package 'ublox_serialization' build argument 'cmake_args' from command line to 'None'
[0.176s] Level 5:colcon.colcon_core.verb:set package 'ublox_serialization' build argument 'cmake_target' from command line to 'None'
[0.176s] Level 5:colcon.colcon_core.verb:set package 'ublox_serialization' build argument 'cmake_target_skip_unavailable' from command line to 'False'
[0.176s] Level 5:colcon.colcon_core.verb:set package 'ublox_serialization' build argument 'cmake_clean_cache' from command line to 'False'
[0.176s] Level 5:colcon.colcon_core.verb:set package 'ublox_serialization' build argument 'cmake_clean_first' from command line to 'False'
[0.176s] Level 5:colcon.colcon_core.verb:set package 'ublox_serialization' build argument 'cmake_force_configure' from command line to 'False'
[0.176s] Level 5:colcon.colcon_core.verb:set package 'ublox_serialization' build argument 'ament_cmake_args' from command line to 'None'
[0.176s] Level 5:colcon.colcon_core.verb:set package 'ublox_serialization' build argument 'catkin_cmake_args' from command line to 'None'
[0.176s] Level 5:colcon.colcon_core.verb:set package 'ublox_serialization' build argument 'catkin_skip_building_tests' from command line to 'False'
[0.176s] DEBUG:colcon.colcon_core.verb:Building package 'ublox_serialization' with the following arguments: {'ament_cmake_args': None, 'build_base': '/home/leewonjong/ros2_ws/build/ublox_serialization', 'catkin_cmake_args': None, 'catkin_skip_building_tests': False, 'cmake_args': None, 'cmake_clean_cache': False, 'cmake_clean_first': False, 'cmake_force_configure': False, 'cmake_target': None, 'cmake_target_skip_unavailable': False, 'install_base': '/home/leewonjong/ros2_ws/install/ublox_serialization', 'merge_install': False, 'path': '/home/leewonjong/ros2_ws/src/ublox/ublox_serialization', 'symlink_install': False, 'test_result_base': None}
[0.176s] Level 5:colcon.colcon_core.verb:set package 'ublox_msgs' build argument 'cmake_args' from command line to 'None'
[0.176s] Level 5:colcon.colcon_core.verb:set package 'ublox_msgs' build argument 'cmake_target' from command line to 'None'
[0.176s] Level 5:colcon.colcon_core.verb:set package 'ublox_msgs' build argument 'cmake_target_skip_unavailable' from command line to 'False'
[0.176s] Level 5:colcon.colcon_core.verb:set package 'ublox_msgs' build argument 'cmake_clean_cache' from command line to 'False'
[0.176s] Level 5:colcon.colcon_core.verb:set package 'ublox_msgs' build argument 'cmake_clean_first' from command line to 'False'
[0.176s] Level 5:colcon.colcon_core.verb:set package 'ublox_msgs' build argument 'cmake_force_configure' from command line to 'False'
[0.176s] Level 5:colcon.colcon_core.verb:set package 'ublox_msgs' build argument 'ament_cmake_args' from command line to 'None'
[0.176s] Level 5:colcon.colcon_core.verb:set package 'ublox_msgs' build argument 'catkin_cmake_args' from command line to 'None'
[0.176s] Level 5:colcon.colcon_core.verb:set package 'ublox_msgs' build argument 'catkin_skip_building_tests' from command line to 'False'
[0.176s] DEBUG:colcon.colcon_core.verb:Building package 'ublox_msgs' with the following arguments: {'ament_cmake_args': None, 'build_base': '/home/leewonjong/ros2_ws/build/ublox_msgs', 'catkin_cmake_args': None, 'catkin_skip_building_tests': False, 'cmake_args': None, 'cmake_clean_cache': False, 'cmake_clean_first': False, 'cmake_force_configure': False, 'cmake_target': None, 'cmake_target_skip_unavailable': False, 'install_base': '/home/leewonjong/ros2_ws/install/ublox_msgs', 'merge_install': False, 'path': '/home/leewonjong/ros2_ws/src/ublox/ublox_msgs', 'symlink_install': False, 'test_result_base': None}
[0.176s] Level 5:colcon.colcon_core.verb:set package 'ublox_gps' build argument 'cmake_args' from command line to 'None'
[0.176s] Level 5:colcon.colcon_core.verb:set package 'ublox_gps' build argument 'cmake_target' from command line to 'None'
[0.176s] Level 5:colcon.colcon_core.verb:set package 'ublox_gps' build argument 'cmake_target_skip_unavailable' from command line to 'False'
[0.176s] Level 5:colcon.colcon_core.verb:set package 'ublox_gps' build argument 'cmake_clean_cache' from command line to 'False'
[0.176s] Level 5:colcon.colcon_core.verb:set package 'ublox_gps' build argument 'cmake_clean_first' from command line to 'False'
[0.176s] Level 5:colcon.colcon_core.verb:set package 'ublox_gps' build argument 'cmake_force_configure' from command line to 'False'
[0.176s] Level 5:colcon.colcon_core.verb:set package 'ublox_gps' build argument 'ament_cmake_args' from command line to 'None'
[0.176s] Level 5:colcon.colcon_core.verb:set package 'ublox_gps' build argument 'catkin_cmake_args' from command line to 'None'
[0.176s] Level 5:colcon.colcon_core.verb:set package 'ublox_gps' build argument 'catkin_skip_building_tests' from command line to 'False'
[0.176s] DEBUG:colcon.colcon_core.verb:Building package 'ublox_gps' with the following arguments: {'ament_cmake_args': None, 'build_base': '/home/leewonjong/ros2_ws/build/ublox_gps', 'catkin_cmake_args': None, 'catkin_skip_building_tests': False, 'cmake_args': None, 'cmake_clean_cache': False, 'cmake_clean_first': False, 'cmake_force_configure': False, 'cmake_target': None, 'cmake_target_skip_unavailable': False, 'install_base': '/home/leewonjong/ros2_ws/install/ublox_gps', 'merge_install': False, 'path': '/home/leewonjong/ros2_ws/src/ublox/ublox_gps', 'symlink_install': False, 'test_result_base': None}
[0.176s] Level 5:colcon.colcon_core.verb:set package 'combined_rtk' build argument 'cmake_args' from command line to 'None'
[0.176s] Level 5:colcon.colcon_core.verb:set package 'combined_rtk' build argument 'cmake_target' from command line to 'None'
[0.176s] Level 5:colcon.colcon_core.verb:set package 'combined_rtk' build argument 'cmake_target_skip_unavailable' from command line to 'False'
[0.176s] Level 5:colcon.colcon_core.verb:set package 'combined_rtk' build argument 'cmake_clean_cache' from command line to 'False'
[0.176s] Level 5:colcon.colcon_core.verb:set package 'combined_rtk' build argument 'cmake_clean_first' from command line to 'False'
[0.176s] Level 5:colcon.colcon_core.verb:set package 'combined_rtk' build argument 'cmake_force_configure' from command line to 'False'
[0.176s] Level 5:colcon.colcon_core.verb:set package 'combined_rtk' build argument 'ament_cmake_args' from command line to 'None'
[0.176s] Level 5:colcon.colcon_core.verb:set package 'combined_rtk' build argument 'catkin_cmake_args' from command line to 'None'
[0.176s] Level 5:colcon.colcon_core.verb:set package 'combined_rtk' build argument 'catkin_skip_building_tests' from command line to 'False'
[0.176s] DEBUG:colcon.colcon_core.verb:Building package 'combined_rtk' with the following arguments: {'ament_cmake_args': None, 'build_base': '/home/leewonjong/ros2_ws/build/combined_rtk', 'catkin_cmake_args': None, 'catkin_skip_building_tests': False, 'cmake_args': None, 'cmake_clean_cache': False, 'cmake_clean_first': False, 'cmake_force_configure': False, 'cmake_target': None, 'cmake_target_skip_unavailable': False, 'install_base': '/home/leewonjong/ros2_ws/install/combined_rtk', 'merge_install': False, 'path': '/home/leewonjong/ros2_ws/src/combined_rtk', 'symlink_install': False, 'test_result_base': None}
[0.176s] Level 5:colcon.colcon_core.verb:set package 'ublox' build argument 'cmake_args' from command line to 'None'
[0.176s] Level 5:colcon.colcon_core.verb:set package 'ublox' build argument 'cmake_target' from command line to 'None'
[0.176s] Level 5:colcon.colcon_core.verb:set package 'ublox' build argument 'cmake_target_skip_unavailable' from command line to 'False'
[0.176s] Level 5:colcon.colcon_core.verb:set package 'ublox' build argument 'cmake_clean_cache' from command line to 'False'
[0.176s] Level 5:colcon.colcon_core.verb:set package 'ublox' build argument 'cmake_clean_first' from command line to 'False'
[0.176s] Level 5:colcon.colcon_core.verb:set package 'ublox' build argument 'cmake_force_configure' from command line to 'False'
[0.176s] Level 5:colcon.colcon_core.verb:set package 'ublox' build argument 'ament_cmake_args' from command line to 'None'
[0.176s] Level 5:colcon.colcon_core.verb:set package 'ublox' build argument 'catkin_cmake_args' from command line to 'None'
[0.176s] Level 5:colcon.colcon_core.verb:set package 'ublox' build argument 'catkin_skip_building_tests' from command line to 'False'
[0.176s] DEBUG:colcon.colcon_core.verb:Building package 'ublox' with the following arguments: {'ament_cmake_args': None, 'build_base': '/home/leewonjong/ros2_ws/build/ublox', 'catkin_cmake_args': None, 'catkin_skip_building_tests': False, 'cmake_args': None, 'cmake_clean_cache': False, 'cmake_clean_first': False, 'cmake_force_configure': False, 'cmake_target': None, 'cmake_target_skip_unavailable': False, 'install_base': '/home/leewonjong/ros2_ws/install/ublox', 'merge_install': False, 'path': '/home/leewonjong/ros2_ws/src/ublox/ublox', 'symlink_install': False, 'test_result_base': None}
[0.177s] INFO:colcon.colcon_core.executor:Executing jobs using 'parallel' executor
[0.177s] DEBUG:colcon.colcon_parallel_executor.executor.parallel:run_until_complete
[0.177s] INFO:colcon.colcon_ros.task.ament_cmake.build:Building ROS package in '/home/leewonjong/ros2_ws/src/ublox/ublox_serialization' with build type 'ament_cmake'
[0.178s] INFO:colcon.colcon_cmake.task.cmake.build:Building CMake package in '/home/leewonjong/ros2_ws/src/ublox/ublox_serialization'
[0.178s] INFO:colcon.colcon_core.plugin_system:Skipping extension 'colcon_core.shell.bat': Not used on non-Windows systems
[0.179s] INFO:colcon.colcon_core.shell:Skip shell extension 'powershell' for command environment: Not usable outside of PowerShell
[0.179s] DEBUG:colcon.colcon_core.shell:Skip shell extension 'dsv' for command environment
[0.181s] INFO:colcon.colcon_ros.task.ament_python.build:Building ROS package in '/home/leewonjong/ros2_ws/src/ntrip_client' with build type 'ament_python'
[0.181s] Level 1:colcon.colcon_core.shell:create_environment_hook('ntrip_client', 'ament_prefix_path')
[0.181s] INFO:colcon.colcon_core.shell:Creating environment hook '/home/leewonjong/ros2_ws/install/ntrip_client/share/ntrip_client/hook/ament_prefix_path.ps1'
[0.181s] INFO:colcon.colcon_core.shell:Creating environment descriptor '/home/leewonjong/ros2_ws/install/ntrip_client/share/ntrip_client/hook/ament_prefix_path.dsv'
[0.181s] INFO:colcon.colcon_core.shell:Creating environment hook '/home/leewonjong/ros2_ws/install/ntrip_client/share/ntrip_client/hook/ament_prefix_path.sh'
[0.182s] INFO:colcon.colcon_core.shell:Skip shell extension 'powershell' for command environment: Not usable outside of PowerShell
[0.182s] DEBUG:colcon.colcon_core.shell:Skip shell extension 'dsv' for command environment
[0.184s] INFO:colcon.colcon_ros.task.ament_python.build:Building ROS package in '/home/leewonjong/ros2_ws/src/gps_path_planner' with build type 'ament_python'
[0.184s] Level 1:colcon.colcon_core.shell:create_environment_hook('gps_path_planner', 'ament_prefix_path')
[0.184s] INFO:colcon.colcon_core.shell:Creating environment hook '/home/leewonjong/ros2_ws/install/gps_path_planner/share/gps_path_planner/hook/ament_prefix_path.ps1'
[0.184s] INFO:colcon.colcon_core.shell:Creating environment descriptor '/home/leewonjong/ros2_ws/install/gps_path_planner/share/gps_path_planner/hook/ament_prefix_path.dsv'
[0.185s] INFO:colcon.colcon_core.shell:Creating environment hook '/home/leewonjong/ros2_ws/install/gps_path_planner/share/gps_path_planner/hook/ament_prefix_path.sh'
[0.185s] INFO:colcon.colcon_core.shell:Skip shell extension 'powershell' for command environment: Not usable outside of PowerShell
[0.185s] DEBUG:colcon.colcon_core.shell:Skip shell extension 'dsv' for command environment
[0.187s] INFO:colcon.colcon_ros.task.ament_cmake.build:Building ROS package in '/home/leewonjong/ros2_ws/src/rplidar_ros' with build type 'ament_cmake'
[0.187s] INFO:colcon.colcon_cmake.task.cmake.build:Building CMake package in '/home/leewonjong/ros2_ws/src/rplidar_ros'
[0.187s] INFO:colcon.colcon_core.shell:Skip shell extension 'powershell' for command environment: Not usable outside of PowerShell
[0.187s] DEBUG:colcon.colcon_core.shell:Skip shell extension 'dsv' for command environment
[0.191s] DEBUG:colcon.colcon_core.event_handler.log_command:Invoking command in '/home/leewonjong/ros2_ws/build/ublox_serialization': CMAKE_PREFIX_PATH=${CMAKE_PREFIX_PATH}:/home/leewonjong/ros2_ws/install/combined_rtk:/home/leewonjong/ros2_ws/install/ntrip_client:/home/leewonjong/ros2_ws/install/gps_path_planner:/opt/ros/humble /usr/bin/cmake --build /home/leewonjong/ros2_ws/build/ublox_serialization -- -j16 -l16
[0.327s] INFO:colcon.colcon_core.task.python.build:Building Python package in '/home/leewonjong/ros2_ws/src/ntrip_client'
[0.327s] INFO:colcon.colcon_core.shell:Skip shell extension 'powershell' for command environment: Not usable outside of PowerShell
[0.327s] DEBUG:colcon.colcon_core.shell:Skip shell extension 'dsv' for command environment
[0.451s] INFO:colcon.colcon_core.task.python.build:Building Python package in '/home/leewonjong/ros2_ws/src/gps_path_planner'
[0.451s] INFO:colcon.colcon_core.shell:Skip shell extension 'powershell' for command environment: Not usable outside of PowerShell
[0.451s] DEBUG:colcon.colcon_core.shell:Skip shell extension 'dsv' for command environment
[0.455s] DEBUG:colcon.colcon_core.event_handler.log_command:Invoking command in '/home/leewonjong/ros2_ws/build/rplidar_ros': CMAKE_PREFIX_PATH=${CMAKE_PREFIX_PATH}:/home/leewonjong/ros2_ws/install/combined_rtk:/home/leewonjong/ros2_ws/install/ntrip_client:/home/leewonjong/ros2_ws/install/gps_path_planner:/opt/ros/humble /usr/bin/cmake --build /home/leewonjong/ros2_ws/build/rplidar_ros -- -j16 -l16
[0.459s] DEBUG:colcon.colcon_core.event_handler.log_command:Invoked command in '/home/leewonjong/ros2_ws/build/ublox_serialization' returned '0': CMAKE_PREFIX_PATH=${CMAKE_PREFIX_PATH}:/home/leewonjong/ros2_ws/install/combined_rtk:/home/leewonjong/ros2_ws/install/ntrip_client:/home/leewonjong/ros2_ws/install/gps_path_planner:/opt/ros/humble /usr/bin/cmake --build /home/leewonjong/ros2_ws/build/ublox_serialization -- -j16 -l16
[0.463s] DEBUG:colcon.colcon_core.event_handler.log_command:Invoking command in '/home/leewonjong/ros2_ws/build/ublox_serialization': CMAKE_PREFIX_PATH=${CMAKE_PREFIX_PATH}:/home/leewonjong/ros2_ws/install/combined_rtk:/home/leewonjong/ros2_ws/install/ntrip_client:/home/leewonjong/ros2_ws/install/gps_path_planner:/opt/ros/humble /usr/bin/cmake --install /home/leewonjong/ros2_ws/build/ublox_serialization
[0.476s] Level 1:colcon.colcon_core.environment:create_environment_scripts_only(ublox_serialization)
[0.477s] DEBUG:colcon.colcon_core.event_handler.log_command:Invoked command in '/home/leewonjong/ros2_ws/build/ublox_serialization' returned '0': CMAKE_PREFIX_PATH=${CMAKE_PREFIX_PATH}:/home/leewonjong/ros2_ws/install/combined_rtk:/home/leewonjong/ros2_ws/install/ntrip_client:/home/leewonjong/ros2_ws/install/gps_path_planner:/opt/ros/humble /usr/bin/cmake --install /home/leewonjong/ros2_ws/build/ublox_serialization
[0.478s] Level 1:colcon.colcon_core.environment:checking '/home/leewonjong/ros2_ws/install/ublox_serialization' for CMake module files
[0.479s] Level 1:colcon.colcon_core.environment:checking '/home/leewonjong/ros2_ws/install/ublox_serialization' for CMake config files
[0.479s] Level 1:colcon.colcon_core.shell:create_environment_hook('ublox_serialization', 'cmake_prefix_path')
[0.479s] INFO:colcon.colcon_core.shell:Creating environment hook '/home/leewonjong/ros2_ws/install/ublox_serialization/share/ublox_serialization/hook/cmake_prefix_path.ps1'
[0.479s] INFO:colcon.colcon_core.shell:Creating environment descriptor '/home/leewonjong/ros2_ws/install/ublox_serialization/share/ublox_serialization/hook/cmake_prefix_path.dsv'
[0.479s] INFO:colcon.colcon_core.shell:Creating environment hook '/home/leewonjong/ros2_ws/install/ublox_serialization/share/ublox_serialization/hook/cmake_prefix_path.sh'
[0.480s] Level 1:colcon.colcon_core.environment:checking '/home/leewonjong/ros2_ws/install/ublox_serialization/bin'
[0.480s] Level 1:colcon.colcon_core.environment:checking '/home/leewonjong/ros2_ws/install/ublox_serialization/lib/pkgconfig/ublox_serialization.pc'
[0.480s] Level 1:colcon.colcon_core.environment:checking '/home/leewonjong/ros2_ws/install/ublox_serialization/lib/python3.10/site-packages'
[0.480s] Level 1:colcon.colcon_core.environment:checking '/home/leewonjong/ros2_ws/install/ublox_serialization/bin'
[0.480s] INFO:colcon.colcon_core.shell:Creating package script '/home/leewonjong/ros2_ws/install/ublox_serialization/share/ublox_serialization/package.ps1'
[0.481s] INFO:colcon.colcon_core.shell:Creating package descriptor '/home/leewonjong/ros2_ws/install/ublox_serialization/share/ublox_serialization/package.dsv'
[0.481s] INFO:colcon.colcon_core.shell:Creating package script '/home/leewonjong/ros2_ws/install/ublox_serialization/share/ublox_serialization/package.sh'
[0.482s] INFO:colcon.colcon_core.shell:Creating package script '/home/leewonjong/ros2_ws/install/ublox_serialization/share/ublox_serialization/package.bash'
[0.482s] INFO:colcon.colcon_core.shell:Creating package script '/home/leewonjong/ros2_ws/install/ublox_serialization/share/ublox_serialization/package.zsh'
[0.483s] Level 1:colcon.colcon_core.environment:create_file_with_runtime_dependencies(/home/leewonjong/ros2_ws/install/ublox_serialization/share/colcon-core/packages/ublox_serialization)
[0.483s] Level 1:colcon.colcon_core.environment:create_environment_scripts_only(ublox_serialization)
[0.483s] Level 1:colcon.colcon_core.environment:checking '/home/leewonjong/ros2_ws/install/ublox_serialization' for CMake module files
[0.483s] Level 1:colcon.colcon_core.environment:checking '/home/leewonjong/ros2_ws/install/ublox_serialization' for CMake config files
[0.483s] Level 1:colcon.colcon_core.shell:create_environment_hook('ublox_serialization', 'cmake_prefix_path')
[0.483s] INFO:colcon.colcon_core.shell:Creating environment hook '/home/leewonjong/ros2_ws/install/ublox_serialization/share/ublox_serialization/hook/cmake_prefix_path.ps1'
[0.484s] INFO:colcon.colcon_core.shell:Creating environment descriptor '/home/leewonjong/ros2_ws/install/ublox_serialization/share/ublox_serialization/hook/cmake_prefix_path.dsv'
[0.484s] INFO:colcon.colcon_core.shell:Creating environment hook '/home/leewonjong/ros2_ws/install/ublox_serialization/share/ublox_serialization/hook/cmake_prefix_path.sh'
[0.484s] Level 1:colcon.colcon_core.environment:checking '/home/leewonjong/ros2_ws/install/ublox_serialization/bin'
[0.484s] Level 1:colcon.colcon_core.environment:checking '/home/leewonjong/ros2_ws/install/ublox_serialization/lib/pkgconfig/ublox_serialization.pc'
[0.484s] Level 1:colcon.colcon_core.environment:checking '/home/leewonjong/ros2_ws/install/ublox_serialization/lib/python3.10/site-packages'
[0.484s] Level 1:colcon.colcon_core.environment:checking '/home/leewonjong/ros2_ws/install/ublox_serialization/bin'
[0.485s] INFO:colcon.colcon_core.shell:Creating package script '/home/leewonjong/ros2_ws/install/ublox_serialization/share/ublox_serialization/package.ps1'
[0.485s] INFO:colcon.colcon_core.shell:Creating package descriptor '/home/leewonjong/ros2_ws/install/ublox_serialization/share/ublox_serialization/package.dsv'
[0.485s] INFO:colcon.colcon_core.shell:Creating package script '/home/leewonjong/ros2_ws/install/ublox_serialization/share/ublox_serialization/package.sh'
[0.485s] INFO:colcon.colcon_core.shell:Creating package script '/home/leewonjong/ros2_ws/install/ublox_serialization/share/ublox_serialization/package.bash'
[0.485s] INFO:colcon.colcon_core.shell:Creating package script '/home/leewonjong/ros2_ws/install/ublox_serialization/share/ublox_serialization/package.zsh'
[0.485s] Level 1:colcon.colcon_core.environment:create_file_with_runtime_dependencies(/home/leewonjong/ros2_ws/install/ublox_serialization/share/colcon-core/packages/ublox_serialization)
[0.486s] INFO:colcon.colcon_ros.task.ament_cmake.build:Building ROS package in '/home/leewonjong/ros2_ws/src/ublox/ublox_msgs' with build type 'ament_cmake'
[0.486s] INFO:colcon.colcon_cmake.task.cmake.build:Building CMake package in '/home/leewonjong/ros2_ws/src/ublox/ublox_msgs'
[0.486s] INFO:colcon.colcon_core.shell:Skip shell extension 'powershell' for command environment: Not usable outside of PowerShell
[0.486s] DEBUG:colcon.colcon_core.shell:Skip shell extension 'dsv' for command environment
[0.496s] DEBUG:colcon.colcon_core.event_handler.log_command:Invoking command in '/home/leewonjong/ros2_ws/build/ublox_msgs': CMAKE_PREFIX_PATH=/home/leewonjong/ros2_ws/install/ublox_serialization:/home/leewonjong/ros2_ws/install/ublox:/home/leewonjong/ros2_ws/install/ublox_gps:/home/leewonjong/ros2_ws/install/ublox_msgs:/home/leewonjong/ros2_ws/install/rplidar_ros:/home/leewonjong/ros2_ws/install/combined_rtk:/home/leewonjong/ros2_ws/install/ntrip_client:/home/leewonjong/ros2_ws/install/gps_path_planner:/opt/ros/humble /usr/bin/cmake --build /home/leewonjong/ros2_ws/build/ublox_msgs -- -j16 -l16
[0.514s] DEBUG:colcon.colcon_core.event_handler.log_command:Invoked command in '/home/leewonjong/ros2_ws/build/rplidar_ros' returned '0': CMAKE_PREFIX_PATH=${CMAKE_PREFIX_PATH}:/home/leewonjong/ros2_ws/install/combined_rtk:/home/leewonjong/ros2_ws/install/ntrip_client:/home/leewonjong/ros2_ws/install/gps_path_planner:/opt/ros/humble /usr/bin/cmake --build /home/leewonjong/ros2_ws/build/rplidar_ros -- -j16 -l16
[0.515s] DEBUG:colcon.colcon_core.event_handler.log_command:Invoking command in '/home/leewonjong/ros2_ws/build/rplidar_ros': CMAKE_PREFIX_PATH=${CMAKE_PREFIX_PATH}:/home/leewonjong/ros2_ws/install/combined_rtk:/home/leewonjong/ros2_ws/install/ntrip_client:/home/leewonjong/ros2_ws/install/gps_path_planner:/opt/ros/humble /usr/bin/cmake --install /home/leewonjong/ros2_ws/build/rplidar_ros
[0.533s] Level 1:colcon.colcon_core.environment:create_environment_scripts_only(rplidar_ros)
[0.533s] DEBUG:colcon.colcon_core.event_handler.log_command:Invoked command in '/home/leewonjong/ros2_ws/build/rplidar_ros' returned '0': CMAKE_PREFIX_PATH=${CMAKE_PREFIX_PATH}:/home/leewonjong/ros2_ws/install/combined_rtk:/home/leewonjong/ros2_ws/install/ntrip_client:/home/leewonjong/ros2_ws/install/gps_path_planner:/opt/ros/humble /usr/bin/cmake --install /home/leewonjong/ros2_ws/build/rplidar_ros
[0.533s] Level 1:colcon.colcon_core.environment:checking '/home/leewonjong/ros2_ws/install/rplidar_ros' for CMake module files
[0.534s] Level 1:colcon.colcon_core.environment:checking '/home/leewonjong/ros2_ws/install/rplidar_ros' for CMake config files
[0.535s] Level 1:colcon.colcon_core.shell:create_environment_hook('rplidar_ros', 'cmake_prefix_path')
[0.536s] INFO:colcon.colcon_core.shell:Creating environment hook '/home/leewonjong/ros2_ws/install/rplidar_ros/share/rplidar_ros/hook/cmake_prefix_path.ps1'
[0.536s] INFO:colcon.colcon_core.shell:Creating environment descriptor '/home/leewonjong/ros2_ws/install/rplidar_ros/share/rplidar_ros/hook/cmake_prefix_path.dsv'
[0.536s] INFO:colcon.colcon_core.shell:Creating environment hook '/home/leewonjong/ros2_ws/install/rplidar_ros/share/rplidar_ros/hook/cmake_prefix_path.sh'
[0.537s] Level 1:colcon.colcon_core.environment:checking '/home/leewonjong/ros2_ws/install/rplidar_ros/lib'
[0.537s] Level 1:colcon.colcon_core.environment:checking '/home/leewonjong/ros2_ws/install/rplidar_ros/bin'
[0.537s] Level 1:colcon.colcon_core.environment:checking '/home/leewonjong/ros2_ws/install/rplidar_ros/lib/pkgconfig/rplidar_ros.pc'
[0.538s] Level 1:colcon.colcon_core.environment:checking '/home/leewonjong/ros2_ws/install/rplidar_ros/lib/python3.10/site-packages'
[0.538s] Level 1:colcon.colcon_core.environment:checking '/home/leewonjong/ros2_ws/install/rplidar_ros/bin'
[0.538s] INFO:colcon.colcon_core.shell:Creating package script '/home/leewonjong/ros2_ws/install/rplidar_ros/share/rplidar_ros/package.ps1'
[0.539s] INFO:colcon.colcon_core.shell:Creating package descriptor '/home/leewonjong/ros2_ws/install/rplidar_ros/share/rplidar_ros/package.dsv'
[0.539s] INFO:colcon.colcon_core.shell:Creating package script '/home/leewonjong/ros2_ws/install/rplidar_ros/share/rplidar_ros/package.sh'
[0.539s] INFO:colcon.colcon_core.shell:Creating package script '/home/leewonjong/ros2_ws/install/rplidar_ros/share/rplidar_ros/package.bash'
[0.539s] INFO:colcon.colcon_core.shell:Creating package script '/home/leewonjong/ros2_ws/install/rplidar_ros/share/rplidar_ros/package.zsh'
[0.540s] Level 1:colcon.colcon_core.environment:create_file_with_runtime_dependencies(/home/leewonjong/ros2_ws/install/rplidar_ros/share/colcon-core/packages/rplidar_ros)
[0.541s] Level 1:colcon.colcon_core.environment:create_environment_scripts_only(rplidar_ros)
[0.541s] Level 1:colcon.colcon_core.environment:checking '/home/leewonjong/ros2_ws/install/rplidar_ros' for CMake module files
[0.541s] Level 1:colcon.colcon_core.environment:checking '/home/leewonjong/ros2_ws/install/rplidar_ros' for CMake config files
[0.541s] Level 1:colcon.colcon_core.shell:create_environment_hook('rplidar_ros', 'cmake_prefix_path')
[0.541s] INFO:colcon.colcon_core.shell:Creating environment hook '/home/leewonjong/ros2_ws/install/rplidar_ros/share/rplidar_ros/hook/cmake_prefix_path.ps1'
[0.541s] INFO:colcon.colcon_core.shell:Creating environment descriptor '/home/leewonjong/ros2_ws/install/rplidar_ros/share/rplidar_ros/hook/cmake_prefix_path.dsv'
[0.542s] INFO:colcon.colcon_core.shell:Creating environment hook '/home/leewonjong/ros2_ws/install/rplidar_ros/share/rplidar_ros/hook/cmake_prefix_path.sh'
[0.542s] Level 1:colcon.colcon_core.environment:checking '/home/leewonjong/ros2_ws/install/rplidar_ros/lib'
[0.542s] Level 1:colcon.colcon_core.environment:checking '/home/leewonjong/ros2_ws/install/rplidar_ros/bin'
[0.542s] Level 1:colcon.colcon_core.environment:checking '/home/leewonjong/ros2_ws/install/rplidar_ros/lib/pkgconfig/rplidar_ros.pc'
[0.542s] Level 1:colcon.colcon_core.environment:checking '/home/leewonjong/ros2_ws/install/rplidar_ros/lib/python3.10/site-packages'
[0.542s] Level 1:colcon.colcon_core.environment:checking '/home/leewonjong/ros2_ws/install/rplidar_ros/bin'
[0.542s] INFO:colcon.colcon_core.shell:Creating package script '/home/leewonjong/ros2_ws/install/rplidar_ros/share/rplidar_ros/package.ps1'
[0.543s] INFO:colcon.colcon_core.shell:Creating package descriptor '/home/leewonjong/ros2_ws/install/rplidar_ros/share/rplidar_ros/package.dsv'
[0.543s] INFO:colcon.colcon_core.shell:Creating package script '/home/leewonjong/ros2_ws/install/rplidar_ros/share/rplidar_ros/package.sh'
[0.543s] INFO:colcon.colcon_core.shell:Creating package script '/home/leewonjong/ros2_ws/install/rplidar_ros/share/rplidar_ros/package.bash'
[0.543s] INFO:colcon.colcon_core.shell:Creating package script '/home/leewonjong/ros2_ws/install/rplidar_ros/share/rplidar_ros/package.zsh'
[0.544s] Level 1:colcon.colcon_core.environment:create_file_with_runtime_dependencies(/home/leewonjong/ros2_ws/install/rplidar_ros/share/colcon-core/packages/rplidar_ros)
[0.681s] DEBUG:colcon.colcon_core.event_handler.log_command:Invoking command in '/home/leewonjong/ros2_ws/src/ntrip_client': PYTHONPATH=/home/leewonjong/ros2_ws/build/ntrip_client/prefix_override:/usr/lib/python3/dist-packages/colcon_core/task/python/colcon_distutils_commands:/home/leewonjong/ros2_ws/install/ntrip_client/lib/python3.10/site-packages:${PYTHONPATH} /usr/bin/python3 -W ignore:setup.py install is deprecated -W ignore:easy_install command is deprecated setup.py egg_info --egg-base ../../build/ntrip_client build --build-base /home/leewonjong/ros2_ws/build/ntrip_client/build install --record /home/leewonjong/ros2_ws/build/ntrip_client/install.log --single-version-externally-managed install_data
[0.706s] DEBUG:colcon.colcon_core.event_handler.log_command:Invoking command in '/home/leewonjong/ros2_ws/src/gps_path_planner': PYTHONPATH=/home/leewonjong/ros2_ws/build/gps_path_planner/prefix_override:/usr/lib/python3/dist-packages/colcon_core/task/python/colcon_distutils_commands:/home/leewonjong/ros2_ws/install/gps_path_planner/lib/python3.10/site-packages:${PYTHONPATH} /usr/bin/python3 -W ignore:setup.py install is deprecated -W ignore:easy_install command is deprecated setup.py egg_info --egg-base ../../build/gps_path_planner build --build-base /home/leewonjong/ros2_ws/build/gps_path_planner/build install --record /home/leewonjong/ros2_ws/build/gps_path_planner/install.log --single-version-externally-managed install_data
[0.774s] DEBUG:colcon.colcon_core.event_handler.log_command:Invoked command in '/home/leewonjong/ros2_ws/build/ublox_msgs' returned '0': CMAKE_PREFIX_PATH=/home/leewonjong/ros2_ws/install/ublox_serialization:/home/leewonjong/ros2_ws/install/ublox:/home/leewonjong/ros2_ws/install/ublox_gps:/home/leewonjong/ros2_ws/install/ublox_msgs:/home/leewonjong/ros2_ws/install/rplidar_ros:/home/leewonjong/ros2_ws/install/combined_rtk:/home/leewonjong/ros2_ws/install/ntrip_client:/home/leewonjong/ros2_ws/install/gps_path_planner:/opt/ros/humble /usr/bin/cmake --build /home/leewonjong/ros2_ws/build/ublox_msgs -- -j16 -l16
[0.776s] DEBUG:colcon.colcon_core.event_handler.log_command:Invoking command in '/home/leewonjong/ros2_ws/build/ublox_msgs': CMAKE_PREFIX_PATH=/home/leewonjong/ros2_ws/install/ublox_serialization:/home/leewonjong/ros2_ws/install/ublox:/home/leewonjong/ros2_ws/install/ublox_gps:/home/leewonjong/ros2_ws/install/ublox_msgs:/home/leewonjong/ros2_ws/install/rplidar_ros:/home/leewonjong/ros2_ws/install/combined_rtk:/home/leewonjong/ros2_ws/install/ntrip_client:/home/leewonjong/ros2_ws/install/gps_path_planner:/opt/ros/humble /usr/bin/cmake --install /home/leewonjong/ros2_ws/build/ublox_msgs
[0.861s] Level 1:colcon.colcon_core.environment:checking '/home/leewonjong/ros2_ws/install/ntrip_client' for CMake module files
[0.862s] DEBUG:colcon.colcon_core.event_handler.log_command:Invoked command in '/home/leewonjong/ros2_ws/src/ntrip_client' returned '0': PYTHONPATH=/home/leewonjong/ros2_ws/build/ntrip_client/prefix_override:/usr/lib/python3/dist-packages/colcon_core/task/python/colcon_distutils_commands:/home/leewonjong/ros2_ws/install/ntrip_client/lib/python3.10/site-packages:${PYTHONPATH} /usr/bin/python3 -W ignore:setup.py install is deprecated -W ignore:easy_install command is deprecated setup.py egg_info --egg-base ../../build/ntrip_client build --build-base /home/leewonjong/ros2_ws/build/ntrip_client/build install --record /home/leewonjong/ros2_ws/build/ntrip_client/install.log --single-version-externally-managed install_data
[0.862s] Level 1:colcon.colcon_core.environment:checking '/home/leewonjong/ros2_ws/install/ntrip_client' for CMake config files
[0.863s] Level 1:colcon.colcon_core.environment:checking '/home/leewonjong/ros2_ws/install/ntrip_client/lib'
[0.863s] Level 1:colcon.colcon_core.environment:checking '/home/leewonjong/ros2_ws/install/ntrip_client/bin'
[0.863s] Level 1:colcon.colcon_core.environment:checking '/home/leewonjong/ros2_ws/install/ntrip_client/lib/pkgconfig/ntrip_client.pc'
[0.863s] Level 1:colcon.colcon_core.environment:checking '/home/leewonjong/ros2_ws/install/ntrip_client/lib/python3.10/site-packages'
[0.864s] Level 1:colcon.colcon_core.shell:create_environment_hook('ntrip_client', 'pythonpath')
[0.865s] INFO:colcon.colcon_core.shell:Creating environment hook '/home/leewonjong/ros2_ws/install/ntrip_client/share/ntrip_client/hook/pythonpath.ps1'
[0.865s] INFO:colcon.colcon_core.shell:Creating environment descriptor '/home/leewonjong/ros2_ws/install/ntrip_client/share/ntrip_client/hook/pythonpath.dsv'
[0.866s] INFO:colcon.colcon_core.shell:Creating environment hook '/home/leewonjong/ros2_ws/install/ntrip_client/share/ntrip_client/hook/pythonpath.sh'
[0.866s] Level 1:colcon.colcon_core.environment:checking '/home/leewonjong/ros2_ws/install/ntrip_client/bin'
[0.866s] Level 1:colcon.colcon_core.environment:create_environment_scripts_only(ntrip_client)
[0.866s] INFO:colcon.colcon_core.shell:Creating package script '/home/leewonjong/ros2_ws/install/ntrip_client/share/ntrip_client/package.ps1'
[0.867s] INFO:colcon.colcon_core.shell:Creating package descriptor '/home/leewonjong/ros2_ws/install/ntrip_client/share/ntrip_client/package.dsv'
[0.867s] INFO:colcon.colcon_core.shell:Creating package script '/home/leewonjong/ros2_ws/install/ntrip_client/share/ntrip_client/package.sh'
[0.868s] INFO:colcon.colcon_core.shell:Creating package script '/home/leewonjong/ros2_ws/install/ntrip_client/share/ntrip_client/package.bash'
[0.868s] INFO:colcon.colcon_core.shell:Creating package script '/home/leewonjong/ros2_ws/install/ntrip_client/share/ntrip_client/package.zsh'
[0.868s] Level 1:colcon.colcon_core.environment:create_file_with_runtime_dependencies(/home/leewonjong/ros2_ws/install/ntrip_client/share/colcon-core/packages/ntrip_client)
[0.888s] Level 1:colcon.colcon_core.environment:checking '/home/leewonjong/ros2_ws/install/gps_path_planner' for CMake module files
[0.888s] DEBUG:colcon.colcon_core.event_handler.log_command:Invoked command in '/home/leewonjong/ros2_ws/src/gps_path_planner' returned '0': PYTHONPATH=/home/leewonjong/ros2_ws/build/gps_path_planner/prefix_override:/usr/lib/python3/dist-packages/colcon_core/task/python/colcon_distutils_commands:/home/leewonjong/ros2_ws/install/gps_path_planner/lib/python3.10/site-packages:${PYTHONPATH} /usr/bin/python3 -W ignore:setup.py install is deprecated -W ignore:easy_install command is deprecated setup.py egg_info --egg-base ../../build/gps_path_planner build --build-base /home/leewonjong/ros2_ws/build/gps_path_planner/build install --record /home/leewonjong/ros2_ws/build/gps_path_planner/install.log --single-version-externally-managed install_data
[0.889s] Level 1:colcon.colcon_core.environment:checking '/home/leewonjong/ros2_ws/install/gps_path_planner' for CMake config files
[0.889s] Level 1:colcon.colcon_core.environment:checking '/home/leewonjong/ros2_ws/install/gps_path_planner/lib'
[0.889s] Level 1:colcon.colcon_core.environment:checking '/home/leewonjong/ros2_ws/install/gps_path_planner/bin'
[0.890s] Level 1:colcon.colcon_core.environment:checking '/home/leewonjong/ros2_ws/install/gps_path_planner/lib/pkgconfig/gps_path_planner.pc'
[0.890s] Level 1:colcon.colcon_core.environment:checking '/home/leewonjong/ros2_ws/install/gps_path_planner/lib/python3.10/site-packages'
[0.890s] Level 1:colcon.colcon_core.shell:create_environment_hook('gps_path_planner', 'pythonpath')
[0.891s] INFO:colcon.colcon_core.shell:Creating environment hook '/home/leewonjong/ros2_ws/install/gps_path_planner/share/gps_path_planner/hook/pythonpath.ps1'
[0.891s] INFO:colcon.colcon_core.shell:Creating environment descriptor '/home/leewonjong/ros2_ws/install/gps_path_planner/share/gps_path_planner/hook/pythonpath.dsv'
[0.891s] INFO:colcon.colcon_core.shell:Creating environment hook '/home/leewonjong/ros2_ws/install/gps_path_planner/share/gps_path_planner/hook/pythonpath.sh'
[0.892s] Level 1:colcon.colcon_core.environment:checking '/home/leewonjong/ros2_ws/install/gps_path_planner/bin'
[0.892s] Level 1:colcon.colcon_core.environment:create_environment_scripts_only(gps_path_planner)
[0.892s] INFO:colcon.colcon_core.shell:Creating package script '/home/leewonjong/ros2_ws/install/gps_path_planner/share/gps_path_planner/package.ps1'
[0.892s] INFO:colcon.colcon_core.shell:Creating package descriptor '/home/leewonjong/ros2_ws/install/gps_path_planner/share/gps_path_planner/package.dsv'
[0.892s] INFO:colcon.colcon_core.shell:Creating package script '/home/leewonjong/ros2_ws/install/gps_path_planner/share/gps_path_planner/package.sh'
[0.892s] INFO:colcon.colcon_core.shell:Creating package script '/home/leewonjong/ros2_ws/install/gps_path_planner/share/gps_path_planner/package.bash'
[0.893s] INFO:colcon.colcon_core.shell:Creating package script '/home/leewonjong/ros2_ws/install/gps_path_planner/share/gps_path_planner/package.zsh'
[0.893s] Level 1:colcon.colcon_core.environment:create_file_with_runtime_dependencies(/home/leewonjong/ros2_ws/install/gps_path_planner/share/colcon-core/packages/gps_path_planner)
[0.894s] Level 1:colcon.colcon_core.environment:create_environment_scripts_only(ublox_msgs)
[0.894s] Level 1:colcon.colcon_core.environment:checking '/home/leewonjong/ros2_ws/install/ublox_msgs' for CMake module files
[0.894s] DEBUG:colcon.colcon_core.event_handler.log_command:Invoked command in '/home/leewonjong/ros2_ws/build/ublox_msgs' returned '0': CMAKE_PREFIX_PATH=/home/leewonjong/ros2_ws/install/ublox_serialization:/home/leewonjong/ros2_ws/install/ublox:/home/leewonjong/ros2_ws/install/ublox_gps:/home/leewonjong/ros2_ws/install/ublox_msgs:/home/leewonjong/ros2_ws/install/rplidar_ros:/home/leewonjong/ros2_ws/install/combined_rtk:/home/leewonjong/ros2_ws/install/ntrip_client:/home/leewonjong/ros2_ws/install/gps_path_planner:/opt/ros/humble /usr/bin/cmake --install /home/leewonjong/ros2_ws/build/ublox_msgs
[0.895s] Level 1:colcon.colcon_core.environment:checking '/home/leewonjong/ros2_ws/install/ublox_msgs' for CMake config files
[0.902s] Level 1:colcon.colcon_core.shell:create_environment_hook('ublox_msgs', 'cmake_prefix_path')
[0.902s] INFO:colcon.colcon_core.shell:Creating environment hook '/home/leewonjong/ros2_ws/install/ublox_msgs/share/ublox_msgs/hook/cmake_prefix_path.ps1'
[0.902s] INFO:colcon.colcon_core.shell:Creating environment descriptor '/home/leewonjong/ros2_ws/install/ublox_msgs/share/ublox_msgs/hook/cmake_prefix_path.dsv'
[0.903s] INFO:colcon.colcon_core.shell:Creating environment hook '/home/leewonjong/ros2_ws/install/ublox_msgs/share/ublox_msgs/hook/cmake_prefix_path.sh'
[0.903s] Level 1:colcon.colcon_core.environment:checking '/home/leewonjong/ros2_ws/install/ublox_msgs/lib'
[0.903s] Level 1:colcon.colcon_core.shell:create_environment_hook('ublox_msgs', 'ld_library_path_lib')
[0.903s] INFO:colcon.colcon_core.shell:Creating environment hook '/home/leewonjong/ros2_ws/install/ublox_msgs/share/ublox_msgs/hook/ld_library_path_lib.ps1'
[0.903s] INFO:colcon.colcon_core.shell:Creating environment descriptor '/home/leewonjong/ros2_ws/install/ublox_msgs/share/ublox_msgs/hook/ld_library_path_lib.dsv'
[0.904s] INFO:colcon.colcon_core.shell:Creating environment hook '/home/leewonjong/ros2_ws/install/ublox_msgs/share/ublox_msgs/hook/ld_library_path_lib.sh'
[0.904s] Level 1:colcon.colcon_core.environment:checking '/home/leewonjong/ros2_ws/install/ublox_msgs/bin'
[0.904s] Level 1:colcon.colcon_core.environment:checking '/home/leewonjong/ros2_ws/install/ublox_msgs/lib/pkgconfig/ublox_msgs.pc'
[0.905s] Level 1:colcon.colcon_core.environment:checking '/home/leewonjong/ros2_ws/install/ublox_msgs/lib/python3.10/site-packages'
[0.905s] Level 1:colcon.colcon_core.environment:checking '/home/leewonjong/ros2_ws/install/ublox_msgs/bin'
[0.905s] INFO:colcon.colcon_core.shell:Creating package script '/home/leewonjong/ros2_ws/install/ublox_msgs/share/ublox_msgs/package.ps1'
[0.905s] INFO:colcon.colcon_core.shell:Creating package descriptor '/home/leewonjong/ros2_ws/install/ublox_msgs/share/ublox_msgs/package.dsv'
[0.905s] INFO:colcon.colcon_core.shell:Creating package script '/home/leewonjong/ros2_ws/install/ublox_msgs/share/ublox_msgs/package.sh'
[0.905s] INFO:colcon.colcon_core.shell:Creating package script '/home/leewonjong/ros2_ws/install/ublox_msgs/share/ublox_msgs/package.bash'
[0.906s] INFO:colcon.colcon_core.shell:Creating package script '/home/leewonjong/ros2_ws/install/ublox_msgs/share/ublox_msgs/package.zsh'
[0.906s] Level 1:colcon.colcon_core.environment:create_file_with_runtime_dependencies(/home/leewonjong/ros2_ws/install/ublox_msgs/share/colcon-core/packages/ublox_msgs)
[0.906s] Level 1:colcon.colcon_core.environment:create_environment_scripts_only(ublox_msgs)
[0.906s] Level 1:colcon.colcon_core.environment:checking '/home/leewonjong/ros2_ws/install/ublox_msgs' for CMake module files
[0.906s] Level 1:colcon.colcon_core.environment:checking '/home/leewonjong/ros2_ws/install/ublox_msgs' for CMake config files
[0.911s] Level 1:colcon.colcon_core.shell:create_environment_hook('ublox_msgs', 'cmake_prefix_path')
[0.911s] INFO:colcon.colcon_core.shell:Creating environment hook '/home/leewonjong/ros2_ws/install/ublox_msgs/share/ublox_msgs/hook/cmake_prefix_path.ps1'
[0.911s] INFO:colcon.colcon_core.shell:Creating environment descriptor '/home/leewonjong/ros2_ws/install/ublox_msgs/share/ublox_msgs/hook/cmake_prefix_path.dsv'
[0.911s] INFO:colcon.colcon_core.shell:Creating environment hook '/home/leewonjong/ros2_ws/install/ublox_msgs/share/ublox_msgs/hook/cmake_prefix_path.sh'
[0.911s] Level 1:colcon.colcon_core.environment:checking '/home/leewonjong/ros2_ws/install/ublox_msgs/lib'
[0.911s] Level 1:colcon.colcon_core.shell:create_environment_hook('ublox_msgs', 'ld_library_path_lib')
[0.912s] INFO:colcon.colcon_core.shell:Creating environment hook '/home/leewonjong/ros2_ws/install/ublox_msgs/share/ublox_msgs/hook/ld_library_path_lib.ps1'
[0.912s] INFO:colcon.colcon_core.shell:Creating environment descriptor '/home/leewonjong/ros2_ws/install/ublox_msgs/share/ublox_msgs/hook/ld_library_path_lib.dsv'
[0.912s] INFO:colcon.colcon_core.shell:Creating environment hook '/home/leewonjong/ros2_ws/install/ublox_msgs/share/ublox_msgs/hook/ld_library_path_lib.sh'
[0.912s] Level 1:colcon.colcon_core.environment:checking '/home/leewonjong/ros2_ws/install/ublox_msgs/bin'
[0.912s] Level 1:colcon.colcon_core.environment:checking '/home/leewonjong/ros2_ws/install/ublox_msgs/lib/pkgconfig/ublox_msgs.pc'
[0.912s] Level 1:colcon.colcon_core.environment:checking '/home/leewonjong/ros2_ws/install/ublox_msgs/lib/python3.10/site-packages'
[0.913s] Level 1:colcon.colcon_core.environment:checking '/home/leewonjong/ros2_ws/install/ublox_msgs/bin'
[0.913s] INFO:colcon.colcon_core.shell:Creating package script '/home/leewonjong/ros2_ws/install/ublox_msgs/share/ublox_msgs/package.ps1'
[0.913s] INFO:colcon.colcon_core.shell:Creating package descriptor '/home/leewonjong/ros2_ws/install/ublox_msgs/share/ublox_msgs/package.dsv'
[0.913s] INFO:colcon.colcon_core.shell:Creating package script '/home/leewonjong/ros2_ws/install/ublox_msgs/share/ublox_msgs/package.sh'
[0.913s] INFO:colcon.colcon_core.shell:Creating package script '/home/leewonjong/ros2_ws/install/ublox_msgs/share/ublox_msgs/package.bash'
[0.914s] INFO:colcon.colcon_core.shell:Creating package script '/home/leewonjong/ros2_ws/install/ublox_msgs/share/ublox_msgs/package.zsh'
[0.914s] Level 1:colcon.colcon_core.environment:create_file_with_runtime_dependencies(/home/leewonjong/ros2_ws/install/ublox_msgs/share/colcon-core/packages/ublox_msgs)
[0.914s] INFO:colcon.colcon_ros.task.ament_cmake.build:Building ROS package in '/home/leewonjong/ros2_ws/src/ublox/ublox_gps' with build type 'ament_cmake'
[0.914s] INFO:colcon.colcon_cmake.task.cmake.build:Building CMake package in '/home/leewonjong/ros2_ws/src/ublox/ublox_gps'
[0.915s] INFO:colcon.colcon_core.shell:Skip shell extension 'powershell' for command environment: Not usable outside of PowerShell
[0.915s] DEBUG:colcon.colcon_core.shell:Skip shell extension 'dsv' for command environment
[0.923s] DEBUG:colcon.colcon_core.event_handler.log_command:Invoking command in '/home/leewonjong/ros2_ws/build/ublox_gps': CMAKE_PREFIX_PATH=/home/leewonjong/ros2_ws/install/ublox_msgs:/home/leewonjong/ros2_ws/install/ublox_serialization:/home/leewonjong/ros2_ws/install/ublox:/home/leewonjong/ros2_ws/install/ublox_gps:/home/leewonjong/ros2_ws/install/rplidar_ros:/home/leewonjong/ros2_ws/install/combined_rtk:/home/leewonjong/ros2_ws/install/ntrip_client:/home/leewonjong/ros2_ws/install/gps_path_planner:/opt/ros/humble LD_LIBRARY_PATH=/home/leewonjong/ros2_ws/install/ublox_msgs/lib:/home/leewonjong/ros2_ws/install/ublox_gps/lib:/opt/ros/humble/opt/rviz_ogre_vendor/lib:/opt/ros/humble/lib/x86_64-linux-gnu:/opt/ros/humble/lib /usr/bin/cmake --build /home/leewonjong/ros2_ws/build/ublox_gps -- -j16 -l16
[1.027s] DEBUG:colcon.colcon_core.event_handler.log_command:Invoked command in '/home/leewonjong/ros2_ws/build/ublox_gps' returned '0': CMAKE_PREFIX_PATH=/home/leewonjong/ros2_ws/install/ublox_msgs:/home/leewonjong/ros2_ws/install/ublox_serialization:/home/leewonjong/ros2_ws/install/ublox:/home/leewonjong/ros2_ws/install/ublox_gps:/home/leewonjong/ros2_ws/install/rplidar_ros:/home/leewonjong/ros2_ws/install/combined_rtk:/home/leewonjong/ros2_ws/install/ntrip_client:/home/leewonjong/ros2_ws/install/gps_path_planner:/opt/ros/humble LD_LIBRARY_PATH=/home/leewonjong/ros2_ws/install/ublox_msgs/lib:/home/leewonjong/ros2_ws/install/ublox_gps/lib:/opt/ros/humble/opt/rviz_ogre_vendor/lib:/opt/ros/humble/lib/x86_64-linux-gnu:/opt/ros/humble/lib /usr/bin/cmake --build /home/leewonjong/ros2_ws/build/ublox_gps -- -j16 -l16
[1.028s] DEBUG:colcon.colcon_core.event_handler.log_command:Invoking command in '/home/leewonjong/ros2_ws/build/ublox_gps': CMAKE_PREFIX_PATH=/home/leewonjong/ros2_ws/install/ublox_msgs:/home/leewonjong/ros2_ws/install/ublox_serialization:/home/leewonjong/ros2_ws/install/ublox:/home/leewonjong/ros2_ws/install/ublox_gps:/home/leewonjong/ros2_ws/install/rplidar_ros:/home/leewonjong/ros2_ws/install/combined_rtk:/home/leewonjong/ros2_ws/install/ntrip_client:/home/leewonjong/ros2_ws/install/gps_path_planner:/opt/ros/humble LD_LIBRARY_PATH=/home/leewonjong/ros2_ws/install/ublox_msgs/lib:/home/leewonjong/ros2_ws/install/ublox_gps/lib:/opt/ros/humble/opt/rviz_ogre_vendor/lib:/opt/ros/humble/lib/x86_64-linux-gnu:/opt/ros/humble/lib /usr/bin/cmake --install /home/leewonjong/ros2_ws/build/ublox_gps
[1.042s] Level 1:colcon.colcon_core.environment:create_environment_scripts_only(ublox_gps)
[1.042s] Level 1:colcon.colcon_core.environment:checking '/home/leewonjong/ros2_ws/install/ublox_gps' for CMake module files
[1.043s] DEBUG:colcon.colcon_core.event_handler.log_command:Invoked command in '/home/leewonjong/ros2_ws/build/ublox_gps' returned '0': CMAKE_PREFIX_PATH=/home/leewonjong/ros2_ws/install/ublox_msgs:/home/leewonjong/ros2_ws/install/ublox_serialization:/home/leewonjong/ros2_ws/install/ublox:/home/leewonjong/ros2_ws/install/ublox_gps:/home/leewonjong/ros2_ws/install/rplidar_ros:/home/leewonjong/ros2_ws/install/combined_rtk:/home/leewonjong/ros2_ws/install/ntrip_client:/home/leewonjong/ros2_ws/install/gps_path_planner:/opt/ros/humble LD_LIBRARY_PATH=/home/leewonjong/ros2_ws/install/ublox_msgs/lib:/home/leewonjong/ros2_ws/install/ublox_gps/lib:/opt/ros/humble/opt/rviz_ogre_vendor/lib:/opt/ros/humble/lib/x86_64-linux-gnu:/opt/ros/humble/lib /usr/bin/cmake --install /home/leewonjong/ros2_ws/build/ublox_gps
[1.043s] Level 1:colcon.colcon_core.environment:checking '/home/leewonjong/ros2_ws/install/ublox_gps' for CMake config files
[1.043s] Level 1:colcon.colcon_core.shell:create_environment_hook('ublox_gps', 'cmake_prefix_path')
[1.043s] INFO:colcon.colcon_core.shell:Creating environment hook '/home/leewonjong/ros2_ws/install/ublox_gps/share/ublox_gps/hook/cmake_prefix_path.ps1'
[1.043s] INFO:colcon.colcon_core.shell:Creating environment descriptor '/home/leewonjong/ros2_ws/install/ublox_gps/share/ublox_gps/hook/cmake_prefix_path.dsv'
[1.043s] INFO:colcon.colcon_core.shell:Creating environment hook '/home/leewonjong/ros2_ws/install/ublox_gps/share/ublox_gps/hook/cmake_prefix_path.sh'
[1.044s] Level 1:colcon.colcon_core.environment:checking '/home/leewonjong/ros2_ws/install/ublox_gps/lib'
[1.044s] Level 1:colcon.colcon_core.shell:create_environment_hook('ublox_gps', 'ld_library_path_lib')
[1.044s] INFO:colcon.colcon_core.shell:Creating environment hook '/home/leewonjong/ros2_ws/install/ublox_gps/share/ublox_gps/hook/ld_library_path_lib.ps1'
[1.044s] INFO:colcon.colcon_core.shell:Creating environment descriptor '/home/leewonjong/ros2_ws/install/ublox_gps/share/ublox_gps/hook/ld_library_path_lib.dsv'
[1.044s] INFO:colcon.colcon_core.shell:Creating environment hook '/home/leewonjong/ros2_ws/install/ublox_gps/share/ublox_gps/hook/ld_library_path_lib.sh'
[1.044s] Level 1:colcon.colcon_core.environment:checking '/home/leewonjong/ros2_ws/install/ublox_gps/bin'
[1.044s] Level 1:colcon.colcon_core.environment:checking '/home/leewonjong/ros2_ws/install/ublox_gps/lib/pkgconfig/ublox_gps.pc'
[1.044s] Level 1:colcon.colcon_core.environment:checking '/home/leewonjong/ros2_ws/install/ublox_gps/lib/python3.10/site-packages'
[1.045s] Level 1:colcon.colcon_core.environment:checking '/home/leewonjong/ros2_ws/install/ublox_gps/bin'
[1.045s] INFO:colcon.colcon_core.shell:Creating package script '/home/leewonjong/ros2_ws/install/ublox_gps/share/ublox_gps/package.ps1'
[1.045s] INFO:colcon.colcon_core.shell:Creating package descriptor '/home/leewonjong/ros2_ws/install/ublox_gps/share/ublox_gps/package.dsv'
[1.045s] INFO:colcon.colcon_core.shell:Creating package script '/home/leewonjong/ros2_ws/install/ublox_gps/share/ublox_gps/package.sh'
[1.045s] INFO:colcon.colcon_core.shell:Creating package script '/home/leewonjong/ros2_ws/install/ublox_gps/share/ublox_gps/package.bash'
[1.045s] INFO:colcon.colcon_core.shell:Creating package script '/home/leewonjong/ros2_ws/install/ublox_gps/share/ublox_gps/package.zsh'
[1.046s] Level 1:colcon.colcon_core.environment:create_file_with_runtime_dependencies(/home/leewonjong/ros2_ws/install/ublox_gps/share/colcon-core/packages/ublox_gps)
[1.046s] Level 1:colcon.colcon_core.environment:create_environment_scripts_only(ublox_gps)
[1.046s] Level 1:colcon.colcon_core.environment:checking '/home/leewonjong/ros2_ws/install/ublox_gps' for CMake module files
[1.046s] Level 1:colcon.colcon_core.environment:checking '/home/leewonjong/ros2_ws/install/ublox_gps' for CMake config files
[1.046s] Level 1:colcon.colcon_core.shell:create_environment_hook('ublox_gps', 'cmake_prefix_path')
[1.046s] INFO:colcon.colcon_core.shell:Creating environment hook '/home/leewonjong/ros2_ws/install/ublox_gps/share/ublox_gps/hook/cmake_prefix_path.ps1'
[1.048s] INFO:colcon.colcon_core.shell:Creating environment descriptor '/home/leewonjong/ros2_ws/install/ublox_gps/share/ublox_gps/hook/cmake_prefix_path.dsv'
[1.048s] INFO:colcon.colcon_core.shell:Creating environment hook '/home/leewonjong/ros2_ws/install/ublox_gps/share/ublox_gps/hook/cmake_prefix_path.sh'
[1.049s] Level 1:colcon.colcon_core.environment:checking '/home/leewonjong/ros2_ws/install/ublox_gps/lib'
[1.049s] Level 1:colcon.colcon_core.shell:create_environment_hook('ublox_gps', 'ld_library_path_lib')
[1.049s] INFO:colcon.colcon_core.shell:Creating environment hook '/home/leewonjong/ros2_ws/install/ublox_gps/share/ublox_gps/hook/ld_library_path_lib.ps1'
[1.049s] INFO:colcon.colcon_core.shell:Creating environment descriptor '/home/leewonjong/ros2_ws/install/ublox_gps/share/ublox_gps/hook/ld_library_path_lib.dsv'
[1.050s] INFO:colcon.colcon_core.shell:Creating environment hook '/home/leewonjong/ros2_ws/install/ublox_gps/share/ublox_gps/hook/ld_library_path_lib.sh'
[1.050s] Level 1:colcon.colcon_core.environment:checking '/home/leewonjong/ros2_ws/install/ublox_gps/bin'
[1.050s] Level 1:colcon.colcon_core.environment:checking '/home/leewonjong/ros2_ws/install/ublox_gps/lib/pkgconfig/ublox_gps.pc'
[1.050s] Level 1:colcon.colcon_core.environment:checking '/home/leewonjong/ros2_ws/install/ublox_gps/lib/python3.10/site-packages'
[1.050s] Level 1:colcon.colcon_core.environment:checking '/home/leewonjong/ros2_ws/install/ublox_gps/bin'
[1.051s] INFO:colcon.colcon_core.shell:Creating package script '/home/leewonjong/ros2_ws/install/ublox_gps/share/ublox_gps/package.ps1'
[1.052s] INFO:colcon.colcon_core.shell:Creating package descriptor '/home/leewonjong/ros2_ws/install/ublox_gps/share/ublox_gps/package.dsv'
[1.053s] INFO:colcon.colcon_core.shell:Creating package script '/home/leewonjong/ros2_ws/install/ublox_gps/share/ublox_gps/package.sh'
[1.053s] INFO:colcon.colcon_core.shell:Creating package script '/home/leewonjong/ros2_ws/install/ublox_gps/share/ublox_gps/package.bash'
[1.053s] INFO:colcon.colcon_core.shell:Creating package script '/home/leewonjong/ros2_ws/install/ublox_gps/share/ublox_gps/package.zsh'
[1.053s] Level 1:colcon.colcon_core.environment:create_file_with_runtime_dependencies(/home/leewonjong/ros2_ws/install/ublox_gps/share/colcon-core/packages/ublox_gps)
[1.053s] INFO:colcon.colcon_ros.task.ament_python.build:Building ROS package in '/home/leewonjong/ros2_ws/src/combined_rtk' with build type 'ament_python'
[1.053s] Level 1:colcon.colcon_core.shell:create_environment_hook('combined_rtk', 'ament_prefix_path')
[1.054s] INFO:colcon.colcon_core.shell:Creating environment hook '/home/leewonjong/ros2_ws/install/combined_rtk/share/combined_rtk/hook/ament_prefix_path.ps1'
[1.054s] INFO:colcon.colcon_core.shell:Creating environment descriptor '/home/leewonjong/ros2_ws/install/combined_rtk/share/combined_rtk/hook/ament_prefix_path.dsv'
[1.054s] INFO:colcon.colcon_core.shell:Creating environment hook '/home/leewonjong/ros2_ws/install/combined_rtk/share/combined_rtk/hook/ament_prefix_path.sh'
[1.054s] INFO:colcon.colcon_core.shell:Skip shell extension 'powershell' for command environment: Not usable outside of PowerShell
[1.054s] DEBUG:colcon.colcon_core.shell:Skip shell extension 'dsv' for command environment
[1.056s] INFO:colcon.colcon_ros.task.ament_cmake.build:Building ROS package in '/home/leewonjong/ros2_ws/src/ublox/ublox' with build type 'ament_cmake'
[1.056s] INFO:colcon.colcon_cmake.task.cmake.build:Building CMake package in '/home/leewonjong/ros2_ws/src/ublox/ublox'
[1.056s] INFO:colcon.colcon_core.shell:Skip shell extension 'powershell' for command environment: Not usable outside of PowerShell
[1.056s] DEBUG:colcon.colcon_core.shell:Skip shell extension 'dsv' for command environment
[1.188s] INFO:colcon.colcon_core.task.python.build:Building Python package in '/home/leewonjong/ros2_ws/src/combined_rtk'
[1.188s] INFO:colcon.colcon_core.shell:Skip shell extension 'powershell' for command environment: Not usable outside of PowerShell
[1.188s] DEBUG:colcon.colcon_core.shell:Skip shell extension 'dsv' for command environment
[1.191s] DEBUG:colcon.colcon_core.event_handler.log_command:Invoking command in '/home/leewonjong/ros2_ws/build/ublox': CMAKE_PREFIX_PATH=/home/leewonjong/ros2_ws/install/ublox_gps:/home/leewonjong/ros2_ws/install/ublox_msgs:/home/leewonjong/ros2_ws/install/ublox_serialization:/home/leewonjong/ros2_ws/install/ublox:/home/leewonjong/ros2_ws/install/rplidar_ros:/home/leewonjong/ros2_ws/install/combined_rtk:/home/leewonjong/ros2_ws/install/ntrip_client:/home/leewonjong/ros2_ws/install/gps_path_planner:/opt/ros/humble /usr/bin/cmake --build /home/leewonjong/ros2_ws/build/ublox -- -j16 -l16
[1.216s] DEBUG:colcon.colcon_core.event_handler.log_command:Invoked command in '/home/leewonjong/ros2_ws/build/ublox' returned '0': CMAKE_PREFIX_PATH=/home/leewonjong/ros2_ws/install/ublox_gps:/home/leewonjong/ros2_ws/install/ublox_msgs:/home/leewonjong/ros2_ws/install/ublox_serialization:/home/leewonjong/ros2_ws/install/ublox:/home/leewonjong/ros2_ws/install/rplidar_ros:/home/leewonjong/ros2_ws/install/combined_rtk:/home/leewonjong/ros2_ws/install/ntrip_client:/home/leewonjong/ros2_ws/install/gps_path_planner:/opt/ros/humble /usr/bin/cmake --build /home/leewonjong/ros2_ws/build/ublox -- -j16 -l16
[1.217s] DEBUG:colcon.colcon_core.event_handler.log_command:Invoking command in '/home/leewonjong/ros2_ws/build/ublox': CMAKE_PREFIX_PATH=/home/leewonjong/ros2_ws/install/ublox_gps:/home/leewonjong/ros2_ws/install/ublox_msgs:/home/leewonjong/ros2_ws/install/ublox_serialization:/home/leewonjong/ros2_ws/install/ublox:/home/leewonjong/ros2_ws/install/rplidar_ros:/home/leewonjong/ros2_ws/install/combined_rtk:/home/leewonjong/ros2_ws/install/ntrip_client:/home/leewonjong/ros2_ws/install/gps_path_planner:/opt/ros/humble /usr/bin/cmake --install /home/leewonjong/ros2_ws/build/ublox
[1.230s] Level 1:colcon.colcon_core.environment:create_environment_scripts_only(ublox)
[1.230s] Level 1:colcon.colcon_core.environment:checking '/home/leewonjong/ros2_ws/install/ublox' for CMake module files
[1.230s] Level 1:colcon.colcon_core.environment:checking '/home/leewonjong/ros2_ws/install/ublox' for CMake config files
[1.230s] Level 1:colcon.colcon_core.shell:create_environment_hook('ublox', 'cmake_prefix_path')
[1.231s] INFO:colcon.colcon_core.shell:Creating environment hook '/home/leewonjong/ros2_ws/install/ublox/share/ublox/hook/cmake_prefix_path.ps1'
[1.231s] INFO:colcon.colcon_core.shell:Creating environment descriptor '/home/leewonjong/ros2_ws/install/ublox/share/ublox/hook/cmake_prefix_path.dsv'
[1.231s] DEBUG:colcon.colcon_core.event_handler.log_command:Invoked command in '/home/leewonjong/ros2_ws/build/ublox' returned '0': CMAKE_PREFIX_PATH=/home/leewonjong/ros2_ws/install/ublox_gps:/home/leewonjong/ros2_ws/install/ublox_msgs:/home/leewonjong/ros2_ws/install/ublox_serialization:/home/leewonjong/ros2_ws/install/ublox:/home/leewonjong/ros2_ws/install/rplidar_ros:/home/leewonjong/ros2_ws/install/combined_rtk:/home/leewonjong/ros2_ws/install/ntrip_client:/home/leewonjong/ros2_ws/install/gps_path_planner:/opt/ros/humble /usr/bin/cmake --install /home/leewonjong/ros2_ws/build/ublox
[1.231s] INFO:colcon.colcon_core.shell:Creating environment hook '/home/leewonjong/ros2_ws/install/ublox/share/ublox/hook/cmake_prefix_path.sh'
[1.232s] Level 1:colcon.colcon_core.environment:checking '/home/leewonjong/ros2_ws/install/ublox/bin'
[1.232s] Level 1:colcon.colcon_core.environment:checking '/home/leewonjong/ros2_ws/install/ublox/lib/pkgconfig/ublox.pc'
[1.232s] Level 1:colcon.colcon_core.environment:checking '/home/leewonjong/ros2_ws/install/ublox/lib/python3.10/site-packages'
[1.232s] Level 1:colcon.colcon_core.environment:checking '/home/leewonjong/ros2_ws/install/ublox/bin'
[1.232s] INFO:colcon.colcon_core.shell:Creating package script '/home/leewonjong/ros2_ws/install/ublox/share/ublox/package.ps1'
[1.232s] INFO:colcon.colcon_core.shell:Creating package descriptor '/home/leewonjong/ros2_ws/install/ublox/share/ublox/package.dsv'
[1.233s] INFO:colcon.colcon_core.shell:Creating package script '/home/leewonjong/ros2_ws/install/ublox/share/ublox/package.sh'
[1.233s] INFO:colcon.colcon_core.shell:Creating package script '/home/leewonjong/ros2_ws/install/ublox/share/ublox/package.bash'
[1.233s] INFO:colcon.colcon_core.shell:Creating package script '/home/leewonjong/ros2_ws/install/ublox/share/ublox/package.zsh'
[1.233s] Level 1:colcon.colcon_core.environment:create_file_with_runtime_dependencies(/home/leewonjong/ros2_ws/install/ublox/share/colcon-core/packages/ublox)
[1.233s] Level 1:colcon.colcon_core.environment:create_environment_scripts_only(ublox)
[1.233s] Level 1:colcon.colcon_core.environment:checking '/home/leewonjong/ros2_ws/install/ublox' for CMake module files
[1.233s] Level 1:colcon.colcon_core.environment:checking '/home/leewonjong/ros2_ws/install/ublox' for CMake config files
[1.234s] Level 1:colcon.colcon_core.shell:create_environment_hook('ublox', 'cmake_prefix_path')
[1.234s] INFO:colcon.colcon_core.shell:Creating environment hook '/home/leewonjong/ros2_ws/install/ublox/share/ublox/hook/cmake_prefix_path.ps1'
[1.234s] INFO:colcon.colcon_core.shell:Creating environment descriptor '/home/leewonjong/ros2_ws/install/ublox/share/ublox/hook/cmake_prefix_path.dsv'
[1.234s] INFO:colcon.colcon_core.shell:Creating environment hook '/home/leewonjong/ros2_ws/install/ublox/share/ublox/hook/cmake_prefix_path.sh'
[1.235s] Level 1:colcon.colcon_core.environment:checking '/home/leewonjong/ros2_ws/install/ublox/bin'
[1.235s] Level 1:colcon.colcon_core.environment:checking '/home/leewonjong/ros2_ws/install/ublox/lib/pkgconfig/ublox.pc'
[1.235s] Level 1:colcon.colcon_core.environment:checking '/home/leewonjong/ros2_ws/install/ublox/lib/python3.10/site-packages'
[1.235s] Level 1:colcon.colcon_core.environment:checking '/home/leewonjong/ros2_ws/install/ublox/bin'
[1.235s] INFO:colcon.colcon_core.shell:Creating package script '/home/leewonjong/ros2_ws/install/ublox/share/ublox/package.ps1'
[1.235s] INFO:colcon.colcon_core.shell:Creating package descriptor '/home/leewonjong/ros2_ws/install/ublox/share/ublox/package.dsv'
[1.235s] INFO:colcon.colcon_core.shell:Creating package script '/home/leewonjong/ros2_ws/install/ublox/share/ublox/package.sh'
[1.236s] INFO:colcon.colcon_core.shell:Creating package script '/home/leewonjong/ros2_ws/install/ublox/share/ublox/package.bash'
[1.236s] INFO:colcon.colcon_core.shell:Creating package script '/home/leewonjong/ros2_ws/install/ublox/share/ublox/package.zsh'
[1.236s] Level 1:colcon.colcon_core.environment:create_file_with_runtime_dependencies(/home/leewonjong/ros2_ws/install/ublox/share/colcon-core/packages/ublox)
[1.371s] DEBUG:colcon.colcon_core.event_handler.log_command:Invoking command in '/home/leewonjong/ros2_ws/src/combined_rtk': AMENT_PREFIX_PATH=/home/leewonjong/ros2_ws/install/ntrip_client:/home/leewonjong/ros2_ws/install/ublox:/home/leewonjong/ros2_ws/install/combined_rtk:/home/leewonjong/ros2_ws/install/ublox_gps:/home/leewonjong/ros2_ws/install/ublox_msgs:/home/leewonjong/ros2_ws/install/ublox_serialization:/home/leewonjong/ros2_ws/install/rplidar_ros:/home/leewonjong/ros2_ws/install/gps_path_planner:/opt/ros/humble CMAKE_PREFIX_PATH=/home/leewonjong/ros2_ws/install/ublox_gps:/home/leewonjong/ros2_ws/install/ublox_msgs:/home/leewonjong/ros2_ws/install/ublox_serialization:/home/leewonjong/ros2_ws/install/ublox:/home/leewonjong/ros2_ws/install/rplidar_ros PYTHONPATH=/home/leewonjong/ros2_ws/build/combined_rtk/prefix_override:/usr/lib/python3/dist-packages/colcon_core/task/python/colcon_distutils_commands:/home/leewonjong/ros2_ws/install/combined_rtk/lib/python3.10/site-packages:/home/leewonjong/ros2_ws/install/ntrip_client/lib/python3.10/site-packages:/home/leewonjong/ros2_ws/install/combined_rtk/lib/python3.10/site-packages:/home/leewonjong/ros2_ws/install/ublox_msgs/local/lib/python3.10/dist-packages:/home/leewonjong/ros2_ws/install/gps_path_planner/lib/python3.10/site-packages:/opt/ros/humble/lib/python3.10/site-packages:/opt/ros/humble/local/lib/python3.10/dist-packages /usr/bin/python3 -W ignore:setup.py install is deprecated -W ignore:easy_install command is deprecated setup.py egg_info --egg-base ../../build/combined_rtk build --build-base /home/leewonjong/ros2_ws/build/combined_rtk/build install --record /home/leewonjong/ros2_ws/build/combined_rtk/install.log --single-version-externally-managed install_data
[1.522s] Level 1:colcon.colcon_core.environment:checking '/home/leewonjong/ros2_ws/install/combined_rtk' for CMake module files
[1.523s] DEBUG:colcon.colcon_core.event_handler.log_command:Invoked command in '/home/leewonjong/ros2_ws/src/combined_rtk' returned '0': AMENT_PREFIX_PATH=/home/leewonjong/ros2_ws/install/ntrip_client:/home/leewonjong/ros2_ws/install/ublox:/home/leewonjong/ros2_ws/install/combined_rtk:/home/leewonjong/ros2_ws/install/ublox_gps:/home/leewonjong/ros2_ws/install/ublox_msgs:/home/leewonjong/ros2_ws/install/ublox_serialization:/home/leewonjong/ros2_ws/install/rplidar_ros:/home/leewonjong/ros2_ws/install/gps_path_planner:/opt/ros/humble CMAKE_PREFIX_PATH=/home/leewonjong/ros2_ws/install/ublox_gps:/home/leewonjong/ros2_ws/install/ublox_msgs:/home/leewonjong/ros2_ws/install/ublox_serialization:/home/leewonjong/ros2_ws/install/ublox:/home/leewonjong/ros2_ws/install/rplidar_ros PYTHONPATH=/home/leewonjong/ros2_ws/build/combined_rtk/prefix_override:/usr/lib/python3/dist-packages/colcon_core/task/python/colcon_distutils_commands:/home/leewonjong/ros2_ws/install/combined_rtk/lib/python3.10/site-packages:/home/leewonjong/ros2_ws/install/ntrip_client/lib/python3.10/site-packages:/home/leewonjong/ros2_ws/install/combined_rtk/lib/python3.10/site-packages:/home/leewonjong/ros2_ws/install/ublox_msgs/local/lib/python3.10/dist-packages:/home/leewonjong/ros2_ws/install/gps_path_planner/lib/python3.10/site-packages:/opt/ros/humble/lib/python3.10/site-packages:/opt/ros/humble/local/lib/python3.10/dist-packages /usr/bin/python3 -W ignore:setup.py install is deprecated -W ignore:easy_install command is deprecated setup.py egg_info --egg-base ../../build/combined_rtk build --build-base /home/leewonjong/ros2_ws/build/combined_rtk/build install --record /home/leewonjong/ros2_ws/build/combined_rtk/install.log --single-version-externally-managed install_data
[1.523s] Level 1:colcon.colcon_core.environment:checking '/home/leewonjong/ros2_ws/install/combined_rtk' for CMake config files
[1.523s] Level 1:colcon.colcon_core.environment:checking '/home/leewonjong/ros2_ws/install/combined_rtk/lib'
[1.523s] Level 1:colcon.colcon_core.environment:checking '/home/leewonjong/ros2_ws/install/combined_rtk/bin'
[1.523s] Level 1:colcon.colcon_core.environment:checking '/home/leewonjong/ros2_ws/install/combined_rtk/lib/pkgconfig/combined_rtk.pc'
[1.523s] Level 1:colcon.colcon_core.environment:checking '/home/leewonjong/ros2_ws/install/combined_rtk/lib/python3.10/site-packages'
[1.523s] Level 1:colcon.colcon_core.shell:create_environment_hook('combined_rtk', 'pythonpath')
[1.523s] INFO:colcon.colcon_core.shell:Creating environment hook '/home/leewonjong/ros2_ws/install/combined_rtk/share/combined_rtk/hook/pythonpath.ps1'
[1.524s] INFO:colcon.colcon_core.shell:Creating environment descriptor '/home/leewonjong/ros2_ws/install/combined_rtk/share/combined_rtk/hook/pythonpath.dsv'
[1.524s] INFO:colcon.colcon_core.shell:Creating environment hook '/home/leewonjong/ros2_ws/install/combined_rtk/share/combined_rtk/hook/pythonpath.sh'
[1.524s] Level 1:colcon.colcon_core.environment:checking '/home/leewonjong/ros2_ws/install/combined_rtk/bin'
[1.524s] Level 1:colcon.colcon_core.environment:create_environment_scripts_only(combined_rtk)
[1.524s] INFO:colcon.colcon_core.shell:Creating package script '/home/leewonjong/ros2_ws/install/combined_rtk/share/combined_rtk/package.ps1'
[1.525s] INFO:colcon.colcon_core.shell:Creating package descriptor '/home/leewonjong/ros2_ws/install/combined_rtk/share/combined_rtk/package.dsv'
[1.525s] INFO:colcon.colcon_core.shell:Creating package script '/home/leewonjong/ros2_ws/install/combined_rtk/share/combined_rtk/package.sh'
[1.525s] INFO:colcon.colcon_core.shell:Creating package script '/home/leewonjong/ros2_ws/install/combined_rtk/share/combined_rtk/package.bash'
[1.525s] INFO:colcon.colcon_core.shell:Creating package script '/home/leewonjong/ros2_ws/install/combined_rtk/share/combined_rtk/package.zsh'
[1.526s] Level 1:colcon.colcon_core.environment:create_file_with_runtime_dependencies(/home/leewonjong/ros2_ws/install/combined_rtk/share/colcon-core/packages/combined_rtk)
[1.526s] DEBUG:colcon.colcon_parallel_executor.executor.parallel:closing loop
[1.527s] DEBUG:colcon.colcon_parallel_executor.executor.parallel:loop closed
[1.527s] DEBUG:colcon.colcon_parallel_executor.executor.parallel:run_until_complete finished with '0'
[1.527s] DEBUG:colcon.colcon_core.event_reactor:joining thread
[1.532s] INFO:colcon.colcon_core.plugin_system:Skipping extension 'colcon_notification.desktop_notification.terminal_notifier': Not used on non-Darwin systems
[1.532s] INFO:colcon.colcon_core.plugin_system:Skipping extension 'colcon_notification.desktop_notification.win32': Not used on non-Windows systems
[1.532s] INFO:colcon.colcon_notification.desktop_notification:Sending desktop notification using 'notify2'
[1.541s] DEBUG:colcon.colcon_core.event_reactor:joined thread
[1.542s] INFO:colcon.colcon_core.shell:Creating prefix script '/home/leewonjong/ros2_ws/install/local_setup.ps1'
[1.543s] INFO:colcon.colcon_core.shell:Creating prefix util module '/home/leewonjong/ros2_ws/install/_local_setup_util_ps1.py'
[1.543s] INFO:colcon.colcon_core.shell:Creating prefix chain script '/home/leewonjong/ros2_ws/install/setup.ps1'
[1.544s] INFO:colcon.colcon_core.shell:Creating prefix script '/home/leewonjong/ros2_ws/install/local_setup.sh'
[1.544s] INFO:colcon.colcon_core.shell:Creating prefix util module '/home/leewonjong/ros2_ws/install/_local_setup_util_sh.py'
[1.545s] INFO:colcon.colcon_core.shell:Creating prefix chain script '/home/leewonjong/ros2_ws/install/setup.sh'
[1.546s] INFO:colcon.colcon_core.shell:Creating prefix script '/home/leewonjong/ros2_ws/install/local_setup.bash'
[1.546s] INFO:colcon.colcon_core.shell:Creating prefix chain script '/home/leewonjong/ros2_ws/install/setup.bash'
[1.546s] INFO:colcon.colcon_core.shell:Creating prefix script '/home/leewonjong/ros2_ws/install/local_setup.zsh'
[1.547s] INFO:colcon.colcon_core.shell:Creating prefix chain script '/home/leewonjong/ros2_ws/install/setup.zsh'
