running develop
Removing /home/leewonjong/ros2_ws/install/combined_rtk/lib/python3.10/site-packages/combined-rtk.egg-link (link to .)
running egg_info
writing ../../build/combined_rtk/combined_rtk.egg-info/PKG-INFO
writing dependency_links to ../../build/combined_rtk/combined_rtk.egg-info/dependency_links.txt
writing entry points to ../../build/combined_rtk/combined_rtk.egg-info/entry_points.txt
writing requirements to ../../build/combined_rtk/combined_rtk.egg-info/requires.txt
writing top-level names to ../../build/combined_rtk/combined_rtk.egg-info/top_level.txt
reading manifest file '../../build/combined_rtk/combined_rtk.egg-info/SOURCES.txt'
writing manifest file '../../build/combined_rtk/combined_rtk.egg-info/SOURCES.txt'
running build
running build_py
creating /home/leewonjong/ros2_ws/build/combined_rtk/build
creating /home/leewonjong/ros2_ws/build/combined_rtk/build/lib
creating /home/leewonjong/ros2_ws/build/combined_rtk/build/lib/combined_rtk
copying combined_rtk/bno055.py -> /home/leewonjong/ros2_ws/build/combined_rtk/build/lib/combined_rtk
copying combined_rtk/__init__.py -> /home/leewonjong/ros2_ws/build/combined_rtk/build/lib/combined_rtk
running install
running install_lib
creating /home/leewonjong/ros2_ws/install/combined_rtk/lib/python3.10/site-packages/combined_rtk
copying /home/leewonjong/ros2_ws/build/combined_rtk/build/lib/combined_rtk/bno055.py -> /home/leewonjong/ros2_ws/install/combined_rtk/lib/python3.10/site-packages/combined_rtk
copying /home/leewonjong/ros2_ws/build/combined_rtk/build/lib/combined_rtk/__init__.py -> /home/leewonjong/ros2_ws/install/combined_rtk/lib/python3.10/site-packages/combined_rtk
byte-compiling /home/leewonjong/ros2_ws/install/combined_rtk/lib/python3.10/site-packages/combined_rtk/bno055.py to bno055.cpython-310.pyc
byte-compiling /home/leewonjong/ros2_ws/install/combined_rtk/lib/python3.10/site-packages/combined_rtk/__init__.py to __init__.cpython-310.pyc
running install_data
copying resource/combined_rtk -> /home/leewonjong/ros2_ws/install/combined_rtk/share/ament_index/resource_index/packages
copying package.xml -> /home/leewonjong/ros2_ws/install/combined_rtk/share/combined_rtk
copying launch/combined_nodes.launch.py -> /home/leewonjong/ros2_ws/install/combined_rtk/share/combined_rtk/launch
running install_egg_info
Copying ../../build/combined_rtk/combined_rtk.egg-info to /home/leewonjong/ros2_ws/install/combined_rtk/lib/python3.10/site-packages/combined_rtk-0.0.0-py3.10.egg-info
running install_scripts
Installing bno055 script to /home/leewonjong/ros2_ws/install/combined_rtk/lib/combined_rtk
writing list of installed files to '/home/leewonjong/ros2_ws/build/combined_rtk/install.log'
