[0.132s] Invoking command in '/home/leewonjong/ros2_ws/build/ublox': CMAKE_PREFIX_PATH=/home/leewonjong/ros2_ws/install/ublox_gps:/home/leewonjong/ros2_ws/install/ublox_msgs:/home/leewonjong/ros2_ws/install/ublox_serialization:/home/leewonjong/ros2_ws/install/ublox:/home/leewonjong/ros2_ws/install/combined_rtk:/home/leewonjong/ros2_ws/install/ntrip_client:/home/leewonjong/ros2_ws/install/gps_path_planner:/opt/ros/humble /usr/bin/cmake /home/leewonjong/ros2_ws/src/ublox/ublox -DCMAKE_INSTALL_PREFIX=/home/leewonjong/ros2_ws/install/ublox
[0.141s] -- Found ament_cmake: 1.3.12 (/opt/ros/humble/share/ament_cmake/cmake)
[0.208s] -- Override CMake install command with custom implementation using symlinks instead of copying resources
[0.253s] -- Configuring done
[0.254s] -- Generating done
[0.256s] -- Build files have been written to: /home/leewonjong/ros2_ws/build/ublox
[0.258s] Invoked command in '/home/leewonjong/ros2_ws/build/ublox' returned '0': CMAKE_PREFIX_PATH=/home/leewonjong/ros2_ws/install/ublox_gps:/home/leewonjong/ros2_ws/install/ublox_msgs:/home/leewonjong/ros2_ws/install/ublox_serialization:/home/leewonjong/ros2_ws/install/ublox:/home/leewonjong/ros2_ws/install/combined_rtk:/home/leewonjong/ros2_ws/install/ntrip_client:/home/leewonjong/ros2_ws/install/gps_path_planner:/opt/ros/humble /usr/bin/cmake /home/leewonjong/ros2_ws/src/ublox/ublox -DCMAKE_INSTALL_PREFIX=/home/leewonjong/ros2_ws/install/ublox
[0.258s] Invoking command in '/home/leewonjong/ros2_ws/build/ublox': CMAKE_PREFIX_PATH=/home/leewonjong/ros2_ws/install/ublox_gps:/home/leewonjong/ros2_ws/install/ublox_msgs:/home/leewonjong/ros2_ws/install/ublox_serialization:/home/leewonjong/ros2_ws/install/ublox:/home/leewonjong/ros2_ws/install/combined_rtk:/home/leewonjong/ros2_ws/install/ntrip_client:/home/leewonjong/ros2_ws/install/gps_path_planner:/opt/ros/humble /usr/bin/cmake --build /home/leewonjong/ros2_ws/build/ublox -- -j16 -l16
[0.281s] Invoked command in '/home/leewonjong/ros2_ws/build/ublox' returned '0': CMAKE_PREFIX_PATH=/home/leewonjong/ros2_ws/install/ublox_gps:/home/leewonjong/ros2_ws/install/ublox_msgs:/home/leewonjong/ros2_ws/install/ublox_serialization:/home/leewonjong/ros2_ws/install/ublox:/home/leewonjong/ros2_ws/install/combined_rtk:/home/leewonjong/ros2_ws/install/ntrip_client:/home/leewonjong/ros2_ws/install/gps_path_planner:/opt/ros/humble /usr/bin/cmake --build /home/leewonjong/ros2_ws/build/ublox -- -j16 -l16
[0.281s] Invoking command in '/home/leewonjong/ros2_ws/build/ublox': CMAKE_PREFIX_PATH=/home/leewonjong/ros2_ws/install/ublox_gps:/home/leewonjong/ros2_ws/install/ublox_msgs:/home/leewonjong/ros2_ws/install/ublox_serialization:/home/leewonjong/ros2_ws/install/ublox:/home/leewonjong/ros2_ws/install/combined_rtk:/home/leewonjong/ros2_ws/install/ntrip_client:/home/leewonjong/ros2_ws/install/gps_path_planner:/opt/ros/humble /usr/bin/cmake --install /home/leewonjong/ros2_ws/build/ublox
[0.286s] -- Install configuration: ""
[0.286s] -- Execute custom install script
[0.286s] -- Up-to-date symlink: /home/leewonjong/ros2_ws/install/ublox/share/ament_index/resource_index/package_run_dependencies/ublox
[0.286s] -- Up-to-date symlink: /home/leewonjong/ros2_ws/install/ublox/share/ament_index/resource_index/parent_prefix_path/ublox
[0.286s] -- Up-to-date symlink: /home/leewonjong/ros2_ws/install/ublox/share/ublox/environment/ament_prefix_path.sh
[0.286s] -- Up-to-date symlink: /home/leewonjong/ros2_ws/install/ublox/share/ublox/environment/ament_prefix_path.dsv
[0.286s] -- Up-to-date symlink: /home/leewonjong/ros2_ws/install/ublox/share/ublox/environment/path.sh
[0.286s] -- Up-to-date symlink: /home/leewonjong/ros2_ws/install/ublox/share/ublox/environment/path.dsv
[0.286s] -- Up-to-date symlink: /home/leewonjong/ros2_ws/install/ublox/share/ublox/local_setup.bash
[0.286s] -- Up-to-date symlink: /home/leewonjong/ros2_ws/install/ublox/share/ublox/local_setup.sh
[0.286s] -- Up-to-date symlink: /home/leewonjong/ros2_ws/install/ublox/share/ublox/local_setup.zsh
[0.286s] -- Up-to-date symlink: /home/leewonjong/ros2_ws/install/ublox/share/ublox/local_setup.dsv
[0.287s] -- Symlinking: /home/leewonjong/ros2_ws/install/ublox/share/ublox/package.dsv
[0.294s] -- Up-to-date symlink: /home/leewonjong/ros2_ws/install/ublox/share/ament_index/resource_index/packages/ublox
[0.294s] -- Up-to-date symlink: /home/leewonjong/ros2_ws/install/ublox/share/ublox/cmake/ubloxConfig.cmake
[0.294s] -- Up-to-date symlink: /home/leewonjong/ros2_ws/install/ublox/share/ublox/cmake/ubloxConfig-version.cmake
[0.296s] -- Up-to-date symlink: /home/leewonjong/ros2_ws/install/ublox/share/ublox/package.xml
[0.296s] Invoked command in '/home/leewonjong/ros2_ws/build/ublox' returned '0': CMAKE_PREFIX_PATH=/home/leewonjong/ros2_ws/install/ublox_gps:/home/leewonjong/ros2_ws/install/ublox_msgs:/home/leewonjong/ros2_ws/install/ublox_serialization:/home/leewonjong/ros2_ws/install/ublox:/home/leewonjong/ros2_ws/install/combined_rtk:/home/leewonjong/ros2_ws/install/ntrip_client:/home/leewonjong/ros2_ws/install/gps_path_planner:/opt/ros/humble /usr/bin/cmake --install /home/leewonjong/ros2_ws/build/ublox
