running develop
running egg_info
creating combined_rtk.egg-info
writing combined_rtk.egg-info/PKG-INFO
writing dependency_links to combined_rtk.egg-info/dependency_links.txt
writing entry points to combined_rtk.egg-info/entry_points.txt
writing requirements to combined_rtk.egg-info/requires.txt
writing top-level names to combined_rtk.egg-info/top_level.txt
writing manifest file 'combined_rtk.egg-info/SOURCES.txt'
reading manifest file 'combined_rtk.egg-info/SOURCES.txt'
writing manifest file 'combined_rtk.egg-info/SOURCES.txt'
running build_ext
Creating /home/leewonjong/ros2_ws/install/combined_rtk/lib/python3.10/site-packages/combined-rtk.egg-link (link to .)
Installing bno055 script to /home/leewonjong/ros2_ws/install/combined_rtk/lib/combined_rtk

Installed /home/leewonjong/ros2_ws/build/combined_rtk
running symlink_data
creating /home/leewonjong/ros2_ws/install/combined_rtk/share/ament_index
creating /home/leewonjong/ros2_ws/install/combined_rtk/share/ament_index/resource_index
creating /home/leewonjong/ros2_ws/install/combined_rtk/share/ament_index/resource_index/packages
symbolically linking /home/leewonjong/ros2_ws/build/combined_rtk/resource/combined_rtk -> /home/leewonjong/ros2_ws/install/combined_rtk/share/ament_index/resource_index/packages
symbolically linking /home/leewonjong/ros2_ws/build/combined_rtk/package.xml -> /home/leewonjong/ros2_ws/install/combined_rtk/share/combined_rtk
creating /home/leewonjong/ros2_ws/install/combined_rtk/share/combined_rtk/launch
symbolically linking /home/leewonjong/ros2_ws/build/combined_rtk/launch/combined_nodes.launch.py -> /home/leewonjong/ros2_ws/install/combined_rtk/share/combined_rtk/launch
