[0.322s] Invoking command in '/home/leewonjong/ros2_ws/build/combined_rtk': AMENT_PREFIX_PATH=/home/leewonjong/ros2_ws/install/ublox_gps:/home/leewonjong/ros2_ws/install/ublox_msgs:/home/leewonjong/ros2_ws/install/ublox_serialization:/home/leewonjong/ros2_ws/install/ntrip_client:${AMENT_PREFIX_PATH} CMAKE_PREFIX_PATH=/home/leewonjong/ros2_ws/install/ublox_gps:/home/leewonjong/ros2_ws/install/ublox_msgs:/home/leewonjong/ros2_ws/install/ublox_serialization LD_LIBRARY_PATH=/home/leewonjong/ros2_ws/install/ublox_gps/lib:/home/leewonjong/ros2_ws/install/ublox_msgs/lib:${LD_LIBRARY_PATH} PYTHONPATH=/home/leewonjong/ros2_ws/build/combined_rtk/prefix_override:/usr/lib/python3/dist-packages/colcon_core/task/python/colcon_distutils_commands:/home/leewonjong/ros2_ws/install/combined_rtk/lib/python3.10/site-packages:/home/leewonjong/ros2_ws/install/ublox_msgs/local/lib/python3.10/dist-packages:/home/leewonjong/ros2_ws/build/ntrip_client/src:/home/leewonjong/ros2_ws/install/ntrip_client/lib/python3.10/site-packages:${PYTHONPATH} /usr/bin/python3 -W ignore:setup.py install is deprecated -W ignore:easy_install command is deprecated setup.py develop --editable --build-directory /home/leewonjong/ros2_ws/build/combined_rtk/build --no-deps symlink_data
[0.443s] running develop
[0.522s] running egg_info
[0.522s] creating combined_rtk.egg-info
[0.522s] writing combined_rtk.egg-info/PKG-INFO
[0.522s] writing dependency_links to combined_rtk.egg-info/dependency_links.txt
[0.522s] writing entry points to combined_rtk.egg-info/entry_points.txt
[0.522s] writing requirements to combined_rtk.egg-info/requires.txt
[0.522s] writing top-level names to combined_rtk.egg-info/top_level.txt
[0.522s] writing manifest file 'combined_rtk.egg-info/SOURCES.txt'
[0.522s] reading manifest file 'combined_rtk.egg-info/SOURCES.txt'
[0.522s] writing manifest file 'combined_rtk.egg-info/SOURCES.txt'
[0.523s] running build_ext
[0.523s] Creating /home/leewonjong/ros2_ws/install/combined_rtk/lib/python3.10/site-packages/combined-rtk.egg-link (link to .)
[0.523s] Installing bno055 script to /home/leewonjong/ros2_ws/install/combined_rtk/lib/combined_rtk
[0.528s] 
[0.528s] Installed /home/leewonjong/ros2_ws/build/combined_rtk
[0.528s] running symlink_data
[0.528s] creating /home/leewonjong/ros2_ws/install/combined_rtk/share/ament_index
[0.528s] creating /home/leewonjong/ros2_ws/install/combined_rtk/share/ament_index/resource_index
[0.528s] creating /home/leewonjong/ros2_ws/install/combined_rtk/share/ament_index/resource_index/packages
[0.528s] symbolically linking /home/leewonjong/ros2_ws/build/combined_rtk/resource/combined_rtk -> /home/leewonjong/ros2_ws/install/combined_rtk/share/ament_index/resource_index/packages
[0.528s] symbolically linking /home/leewonjong/ros2_ws/build/combined_rtk/package.xml -> /home/leewonjong/ros2_ws/install/combined_rtk/share/combined_rtk
[0.528s] creating /home/leewonjong/ros2_ws/install/combined_rtk/share/combined_rtk/launch
[0.528s] symbolically linking /home/leewonjong/ros2_ws/build/combined_rtk/launch/combined_nodes.launch.py -> /home/leewonjong/ros2_ws/install/combined_rtk/share/combined_rtk/launch
[0.540s] Invoked command in '/home/leewonjong/ros2_ws/build/combined_rtk' returned '0': AMENT_PREFIX_PATH=/home/leewonjong/ros2_ws/install/ublox_gps:/home/leewonjong/ros2_ws/install/ublox_msgs:/home/leewonjong/ros2_ws/install/ublox_serialization:/home/leewonjong/ros2_ws/install/ntrip_client:${AMENT_PREFIX_PATH} CMAKE_PREFIX_PATH=/home/leewonjong/ros2_ws/install/ublox_gps:/home/leewonjong/ros2_ws/install/ublox_msgs:/home/leewonjong/ros2_ws/install/ublox_serialization LD_LIBRARY_PATH=/home/leewonjong/ros2_ws/install/ublox_gps/lib:/home/leewonjong/ros2_ws/install/ublox_msgs/lib:${LD_LIBRARY_PATH} PYTHONPATH=/home/leewonjong/ros2_ws/build/combined_rtk/prefix_override:/usr/lib/python3/dist-packages/colcon_core/task/python/colcon_distutils_commands:/home/leewonjong/ros2_ws/install/combined_rtk/lib/python3.10/site-packages:/home/leewonjong/ros2_ws/install/ublox_msgs/local/lib/python3.10/dist-packages:/home/leewonjong/ros2_ws/build/ntrip_client/src:/home/leewonjong/ros2_ws/install/ntrip_client/lib/python3.10/site-packages:${PYTHONPATH} /usr/bin/python3 -W ignore:setup.py install is deprecated -W ignore:easy_install command is deprecated setup.py develop --editable --build-directory /home/leewonjong/ros2_ws/build/combined_rtk/build --no-deps symlink_data
