[0.449s] Invoking command in '/home/leewonjong/ros2_ws/src/gps_path_planner': PYTHONPATH=/home/leewonjong/ros2_ws/build/gps_path_planner/prefix_override:/usr/lib/python3/dist-packages/colcon_core/task/python/colcon_distutils_commands:/home/leewonjong/ros2_ws/install/gps_path_planner/lib/python3.10/site-packages:${PYTHONPATH} /usr/bin/python3 -W ignore:setup.py install is deprecated -W ignore:easy_install command is deprecated setup.py egg_info --egg-base ../../build/gps_path_planner build --build-base /home/leewonjong/ros2_ws/build/gps_path_planner/build install --record /home/leewonjong/ros2_ws/build/gps_path_planner/install.log --single-version-externally-managed install_data
[0.576s] running egg_info
[0.576s] writing ../../build/gps_path_planner/gps_path_planner.egg-info/PKG-INFO
[0.576s] writing dependency_links to ../../build/gps_path_planner/gps_path_planner.egg-info/dependency_links.txt
[0.576s] writing entry points to ../../build/gps_path_planner/gps_path_planner.egg-info/entry_points.txt
[0.577s] writing requirements to ../../build/gps_path_planner/gps_path_planner.egg-info/requires.txt
[0.577s] writing top-level names to ../../build/gps_path_planner/gps_path_planner.egg-info/top_level.txt
[0.578s] reading manifest file '../../build/gps_path_planner/gps_path_planner.egg-info/SOURCES.txt'
[0.579s] writing manifest file '../../build/gps_path_planner/gps_path_planner.egg-info/SOURCES.txt'
[0.580s] running build
[0.580s] running build_py
[0.580s] running install
[0.580s] running install_lib
[0.581s] running install_data
[0.581s] copying launch/gps_path_planner_launch.py -> /home/leewonjong/ros2_ws/install/gps_path_planner/share/gps_path_planner/launch
[0.581s] running install_egg_info
[0.581s] removing '/home/leewonjong/ros2_ws/install/gps_path_planner/lib/python3.10/site-packages/gps_path_planner-0.0.0-py3.10.egg-info' (and everything under it)
[0.582s] Copying ../../build/gps_path_planner/gps_path_planner.egg-info to /home/leewonjong/ros2_ws/install/gps_path_planner/lib/python3.10/site-packages/gps_path_planner-0.0.0-py3.10.egg-info
[0.582s] running install_scripts
[0.592s] Installing camera_publisher script to /home/leewonjong/ros2_ws/install/gps_path_planner/lib/gps_path_planner
[0.592s] Installing cone_detector script to /home/leewonjong/ros2_ws/install/gps_path_planner/lib/gps_path_planner
[0.592s] Installing gps_latlon_logger script to /home/leewonjong/ros2_ws/install/gps_path_planner/lib/gps_path_planner
[0.593s] Installing gps_publish_global_path_node script to /home/leewonjong/ros2_ws/install/gps_path_planner/lib/gps_path_planner
[0.593s] Installing mission_manager script to /home/leewonjong/ros2_ws/install/gps_path_planner/lib/gps_path_planner
[0.593s] Installing pose_publisher script to /home/leewonjong/ros2_ws/install/gps_path_planner/lib/gps_path_planner
[0.593s] Installing pure_pursuit_node script to /home/leewonjong/ros2_ws/install/gps_path_planner/lib/gps_path_planner
[0.593s] Installing traffic_light_node script to /home/leewonjong/ros2_ws/install/gps_path_planner/lib/gps_path_planner
[0.593s] Installing twist_serial_bridge script to /home/leewonjong/ros2_ws/install/gps_path_planner/lib/gps_path_planner
[0.593s] writing list of installed files to '/home/leewonjong/ros2_ws/build/gps_path_planner/install.log'
[0.620s] Invoked command in '/home/leewonjong/ros2_ws/src/gps_path_planner' returned '0': PYTHONPATH=/home/leewonjong/ros2_ws/build/gps_path_planner/prefix_override:/usr/lib/python3/dist-packages/colcon_core/task/python/colcon_distutils_commands:/home/leewonjong/ros2_ws/install/gps_path_planner/lib/python3.10/site-packages:${PYTHONPATH} /usr/bin/python3 -W ignore:setup.py install is deprecated -W ignore:easy_install command is deprecated setup.py egg_info --egg-base ../../build/gps_path_planner build --build-base /home/leewonjong/ros2_ws/build/gps_path_planner/build install --record /home/leewonjong/ros2_ws/build/gps_path_planner/install.log --single-version-externally-managed install_data
