[0.462s] Invoking command in '/home/leewonjong/ros2_ws/build/gps_path_planner': PYTHONPATH=/home/leewonjong/ros2_ws/build/gps_path_planner/prefix_override:/usr/lib/python3/dist-packages/colcon_core/task/python/colcon_distutils_commands:/home/leewonjong/ros2_ws/install/gps_path_planner/lib/python3.10/site-packages:${PYTHONPATH} /usr/bin/python3 -W ignore:setup.py install is deprecated -W ignore:easy_install command is deprecated setup.py develop --editable --build-directory /home/leewonjong/ros2_ws/build/gps_path_planner/build --no-deps symlink_data
[0.620s] running develop
[0.694s] running egg_info
[0.695s] creating gps_path_planner.egg-info
[0.695s] writing gps_path_planner.egg-info/PKG-INFO
[0.698s] writing dependency_links to gps_path_planner.egg-info/dependency_links.txt
[0.698s] writing entry points to gps_path_planner.egg-info/entry_points.txt
[0.698s] writing requirements to gps_path_planner.egg-info/requires.txt
[0.698s] writing top-level names to gps_path_planner.egg-info/top_level.txt
[0.698s] writing manifest file 'gps_path_planner.egg-info/SOURCES.txt'
[0.698s] reading manifest file 'gps_path_planner.egg-info/SOURCES.txt'
[0.698s] writing manifest file 'gps_path_planner.egg-info/SOURCES.txt'
[0.698s] running build_ext
[0.698s] Creating /home/leewonjong/ros2_ws/install/gps_path_planner/lib/python3.10/site-packages/gps-path-planner.egg-link (link to .)
[0.698s] Installing cone_detector script to /home/leewonjong/ros2_ws/install/gps_path_planner/lib/gps_path_planner
[0.698s] Installing gps_latlon_logger script to /home/leewonjong/ros2_ws/install/gps_path_planner/lib/gps_path_planner
[0.698s] Installing gps_publish_global_path_node script to /home/leewonjong/ros2_ws/install/gps_path_planner/lib/gps_path_planner
[0.698s] Installing mission_manager script to /home/leewonjong/ros2_ws/install/gps_path_planner/lib/gps_path_planner
[0.698s] Installing pose_publisher script to /home/leewonjong/ros2_ws/install/gps_path_planner/lib/gps_path_planner
[0.698s] Installing pure_pursuit_node script to /home/leewonjong/ros2_ws/install/gps_path_planner/lib/gps_path_planner
[0.698s] Installing traffic_light_node script to /home/leewonjong/ros2_ws/install/gps_path_planner/lib/gps_path_planner
[0.698s] Installing twist_serial_bridge script to /home/leewonjong/ros2_ws/install/gps_path_planner/lib/gps_path_planner
[0.698s] 
[0.698s] Installed /home/leewonjong/ros2_ws/build/gps_path_planner
[0.698s] running symlink_data
[0.698s] creating /home/leewonjong/ros2_ws/install/gps_path_planner/share/ament_index
[0.698s] creating /home/leewonjong/ros2_ws/install/gps_path_planner/share/ament_index/resource_index
[0.698s] creating /home/leewonjong/ros2_ws/install/gps_path_planner/share/ament_index/resource_index/packages
[0.698s] symbolically linking /home/leewonjong/ros2_ws/build/gps_path_planner/resource/gps_path_planner -> /home/leewonjong/ros2_ws/install/gps_path_planner/share/ament_index/resource_index/packages
[0.698s] symbolically linking /home/leewonjong/ros2_ws/build/gps_path_planner/package.xml -> /home/leewonjong/ros2_ws/install/gps_path_planner/share/gps_path_planner
[0.698s] creating /home/leewonjong/ros2_ws/install/gps_path_planner/share/gps_path_planner/launch
[0.698s] symbolically linking /home/leewonjong/ros2_ws/build/gps_path_planner/launch/gps_path_planner_launch.py -> /home/leewonjong/ros2_ws/install/gps_path_planner/share/gps_path_planner/launch
[0.714s] Invoked command in '/home/leewonjong/ros2_ws/build/gps_path_planner' returned '0': PYTHONPATH=/home/leewonjong/ros2_ws/build/gps_path_planner/prefix_override:/usr/lib/python3/dist-packages/colcon_core/task/python/colcon_distutils_commands:/home/leewonjong/ros2_ws/install/gps_path_planner/lib/python3.10/site-packages:${PYTHONPATH} /usr/bin/python3 -W ignore:setup.py install is deprecated -W ignore:easy_install command is deprecated setup.py develop --editable --build-directory /home/leewonjong/ros2_ws/build/gps_path_planner/build --no-deps symlink_data
