[0.139s] Invoking command in '/home/leewonjong/ros2_ws/build/ublox': CMAKE_PREFIX_PATH=/home/leewonjong/ros2_ws/install/ublox_gps:/home/leewonjong/ros2_ws/install/ublox_msgs:/home/leewonjong/ros2_ws/install/ublox_serialization:/home/leewonjong/ros2_ws/install/ublox:/home/leewonjong/ros2_ws/install/rplidar_ros:/home/leewonjong/ros2_ws/install/combined_rtk:/home/leewonjong/ros2_ws/install/ntrip_client:/home/leewonjong/ros2_ws/install/gps_path_planner:/opt/ros/humble /usr/bin/cmake --build /home/leewonjong/ros2_ws/build/ublox -- -j16 -l16
[0.168s] Invoked command in '/home/leewonjong/ros2_ws/build/ublox' returned '0': CMAKE_PREFIX_PATH=/home/leewonjong/ros2_ws/install/ublox_gps:/home/leewonjong/ros2_ws/install/ublox_msgs:/home/leewonjong/ros2_ws/install/ublox_serialization:/home/leewonjong/ros2_ws/install/ublox:/home/leewonjong/ros2_ws/install/rplidar_ros:/home/leewonjong/ros2_ws/install/combined_rtk:/home/leewonjong/ros2_ws/install/ntrip_client:/home/leewonjong/ros2_ws/install/gps_path_planner:/opt/ros/humble /usr/bin/cmake --build /home/leewonjong/ros2_ws/build/ublox -- -j16 -l16
[0.168s] Invoking command in '/home/leewonjong/ros2_ws/build/ublox': CMAKE_PREFIX_PATH=/home/leewonjong/ros2_ws/install/ublox_gps:/home/leewonjong/ros2_ws/install/ublox_msgs:/home/leewonjong/ros2_ws/install/ublox_serialization:/home/leewonjong/ros2_ws/install/ublox:/home/leewonjong/ros2_ws/install/rplidar_ros:/home/leewonjong/ros2_ws/install/combined_rtk:/home/leewonjong/ros2_ws/install/ntrip_client:/home/leewonjong/ros2_ws/install/gps_path_planner:/opt/ros/humble /usr/bin/cmake --install /home/leewonjong/ros2_ws/build/ublox
[0.168s] -- Install configuration: ""
[0.168s] -- Execute custom install script
[0.168s] -- Up-to-date symlink: /home/leewonjong/ros2_ws/install/ublox/share/ament_index/resource_index/package_run_dependencies/ublox
[0.168s] -- Up-to-date symlink: /home/leewonjong/ros2_ws/install/ublox/share/ament_index/resource_index/parent_prefix_path/ublox
[0.168s] -- Up-to-date symlink: /home/leewonjong/ros2_ws/install/ublox/share/ublox/environment/ament_prefix_path.sh
[0.168s] -- Up-to-date symlink: /home/leewonjong/ros2_ws/install/ublox/share/ublox/environment/ament_prefix_path.dsv
[0.168s] -- Up-to-date symlink: /home/leewonjong/ros2_ws/install/ublox/share/ublox/environment/path.sh
[0.168s] -- Up-to-date symlink: /home/leewonjong/ros2_ws/install/ublox/share/ublox/environment/path.dsv
[0.168s] -- Up-to-date symlink: /home/leewonjong/ros2_ws/install/ublox/share/ublox/local_setup.bash
[0.168s] -- Up-to-date symlink: /home/leewonjong/ros2_ws/install/ublox/share/ublox/local_setup.sh
[0.168s] -- Up-to-date symlink: /home/leewonjong/ros2_ws/install/ublox/share/ublox/local_setup.zsh
[0.168s] -- Up-to-date symlink: /home/leewonjong/ros2_ws/install/ublox/share/ublox/local_setup.dsv
[0.168s] -- Symlinking: /home/leewonjong/ros2_ws/install/ublox/share/ublox/package.dsv
[0.172s] -- Up-to-date symlink: /home/leewonjong/ros2_ws/install/ublox/share/ament_index/resource_index/packages/ublox
[0.172s] -- Up-to-date symlink: /home/leewonjong/ros2_ws/install/ublox/share/ublox/cmake/ubloxConfig.cmake
[0.172s] -- Up-to-date symlink: /home/leewonjong/ros2_ws/install/ublox/share/ublox/cmake/ubloxConfig-version.cmake
[0.172s] -- Up-to-date symlink: /home/leewonjong/ros2_ws/install/ublox/share/ublox/package.xml
[0.173s] Invoked command in '/home/leewonjong/ros2_ws/build/ublox' returned '0': CMAKE_PREFIX_PATH=/home/leewonjong/ros2_ws/install/ublox_gps:/home/leewonjong/ros2_ws/install/ublox_msgs:/home/leewonjong/ros2_ws/install/ublox_serialization:/home/leewonjong/ros2_ws/install/ublox:/home/leewonjong/ros2_ws/install/rplidar_ros:/home/leewonjong/ros2_ws/install/combined_rtk:/home/leewonjong/ros2_ws/install/ntrip_client:/home/leewonjong/ros2_ws/install/gps_path_planner:/opt/ros/humble /usr/bin/cmake --install /home/leewonjong/ros2_ws/build/ublox
