[0.046s] DEBUG:colcon:Command line arguments: ['/usr/bin/colcon', 'build']
[0.046s] DEBUG:colcon:Parsed command line arguments: Namespace(log_base=None, log_level=None, verb_name='build', build_base='build', install_base='install', merge_install=False, symlink_install=False, test_result_base=None, continue_on_error=False, executor='parallel', parallel_workers=16, event_handlers=None, ignore_user_meta=False, metas=['./colcon.meta'], base_paths=['.'], packages_ignore=None, packages_ignore_regex=None, paths=None, packages_up_to=None, packages_up_to_regex=None, packages_above=None, packages_above_and_dependencies=None, packages_above_depth=None, packages_select_by_dep=None, packages_skip_by_dep=None, packages_skip_up_to=None, packages_select_build_failed=False, packages_skip_build_finished=False, packages_select_test_failures=False, packages_skip_test_passed=False, packages_select=None, packages_skip=None, packages_select_regex=None, packages_skip_regex=None, packages_start=None, packages_end=None, allow_overriding=[], cmake_args=None, cmake_target=None, cmake_target_skip_unavailable=False, cmake_clean_cache=False, cmake_clean_first=False, cmake_force_configure=False, ament_cmake_args=None, catkin_cmake_args=None, catkin_skip_building_tests=False, mixin_files=None, mixin=None, verb_parser=<colcon_mixin.mixin.mixin_argument.MixinArgumentDecorator object at 0x74e92f066fe0>, verb_extension=<colcon_core.verb.build.BuildVerb object at 0x74e92f0668f0>, main=<bound method BuildVerb.main of <colcon_core.verb.build.BuildVerb object at 0x74e92f0668f0>>, mixin_verb=('build',))
[0.112s] Level 1:colcon.colcon_core.package_discovery:discover_packages(colcon_meta) check parameters
[0.112s] Level 1:colcon.colcon_core.package_discovery:discover_packages(recursive) check parameters
[0.112s] Level 1:colcon.colcon_core.package_discovery:discover_packages(ignore) check parameters
[0.112s] Level 1:colcon.colcon_core.package_discovery:discover_packages(path) check parameters
[0.112s] Level 1:colcon.colcon_core.package_discovery:discover_packages(colcon_meta) discover
[0.112s] Level 1:colcon.colcon_core.package_discovery:discover_packages(recursive) discover
[0.112s] INFO:colcon.colcon_core.package_discovery:Crawling recursively for packages in '/home/leewonjong/ros2_ws'
[0.112s] Level 1:colcon.colcon_core.package_identification:_identify(.) by extensions ['ignore', 'ignore_ament_install']
[0.112s] Level 1:colcon.colcon_core.package_identification:_identify(.) by extension 'ignore'
[0.112s] Level 1:colcon.colcon_core.package_identification:_identify(.) by extension 'ignore_ament_install'
[0.112s] Level 1:colcon.colcon_core.package_identification:_identify(.) by extensions ['colcon_pkg']
[0.112s] Level 1:colcon.colcon_core.package_identification:_identify(.) by extension 'colcon_pkg'
[0.112s] Level 1:colcon.colcon_core.package_identification:_identify(.) by extensions ['colcon_meta']
[0.112s] Level 1:colcon.colcon_core.package_identification:_identify(.) by extension 'colcon_meta'
[0.112s] Level 1:colcon.colcon_core.package_identification:_identify(.) by extensions ['ros']
[0.112s] Level 1:colcon.colcon_core.package_identification:_identify(.) by extension 'ros'
[0.127s] Level 1:colcon.colcon_core.package_identification:_identify(.) by extensions ['cmake', 'python']
[0.127s] Level 1:colcon.colcon_core.package_identification:_identify(.) by extension 'cmake'
[0.127s] Level 1:colcon.colcon_core.package_identification:_identify(.) by extension 'python'
[0.127s] Level 1:colcon.colcon_core.package_identification:_identify(.) by extensions ['python_setup_py']
[0.127s] Level 1:colcon.colcon_core.package_identification:_identify(.) by extension 'python_setup_py'
[0.127s] Level 1:colcon.colcon_core.package_identification:_identify(build) by extensions ['ignore', 'ignore_ament_install']
[0.127s] Level 1:colcon.colcon_core.package_identification:_identify(build) by extension 'ignore'
[0.127s] Level 1:colcon.colcon_core.package_identification:_identify(build) ignored
[0.128s] Level 1:colcon.colcon_core.package_identification:_identify(install) by extensions ['ignore', 'ignore_ament_install']
[0.128s] Level 1:colcon.colcon_core.package_identification:_identify(install) by extension 'ignore'
[0.128s] Level 1:colcon.colcon_core.package_identification:_identify(install) ignored
[0.128s] Level 1:colcon.colcon_core.package_identification:_identify(log) by extensions ['ignore', 'ignore_ament_install']
[0.128s] Level 1:colcon.colcon_core.package_identification:_identify(log) by extension 'ignore'
[0.128s] Level 1:colcon.colcon_core.package_identification:_identify(log) ignored
[0.128s] Level 1:colcon.colcon_core.package_identification:_identify(src) by extensions ['ignore', 'ignore_ament_install']
[0.128s] Level 1:colcon.colcon_core.package_identification:_identify(src) by extension 'ignore'
[0.128s] Level 1:colcon.colcon_core.package_identification:_identify(src) by extension 'ignore_ament_install'
[0.128s] Level 1:colcon.colcon_core.package_identification:_identify(src) by extensions ['colcon_pkg']
[0.128s] Level 1:colcon.colcon_core.package_identification:_identify(src) by extension 'colcon_pkg'
[0.128s] Level 1:colcon.colcon_core.package_identification:_identify(src) by extensions ['colcon_meta']
[0.128s] Level 1:colcon.colcon_core.package_identification:_identify(src) by extension 'colcon_meta'
[0.128s] Level 1:colcon.colcon_core.package_identification:_identify(src) by extensions ['ros']
[0.128s] Level 1:colcon.colcon_core.package_identification:_identify(src) by extension 'ros'
[0.128s] Level 1:colcon.colcon_core.package_identification:_identify(src) by extensions ['cmake', 'python']
[0.128s] Level 1:colcon.colcon_core.package_identification:_identify(src) by extension 'cmake'
[0.128s] Level 1:colcon.colcon_core.package_identification:_identify(src) by extension 'python'
[0.128s] Level 1:colcon.colcon_core.package_identification:_identify(src) by extensions ['python_setup_py']
[0.128s] Level 1:colcon.colcon_core.package_identification:_identify(src) by extension 'python_setup_py'
[0.128s] Level 1:colcon.colcon_core.package_identification:_identify(src/combined_rtk) by extensions ['ignore', 'ignore_ament_install']
[0.128s] Level 1:colcon.colcon_core.package_identification:_identify(src/combined_rtk) by extension 'ignore'
[0.128s] Level 1:colcon.colcon_core.package_identification:_identify(src/combined_rtk) by extension 'ignore_ament_install'
[0.128s] Level 1:colcon.colcon_core.package_identification:_identify(src/combined_rtk) by extensions ['colcon_pkg']
[0.128s] Level 1:colcon.colcon_core.package_identification:_identify(src/combined_rtk) by extension 'colcon_pkg'
[0.128s] Level 1:colcon.colcon_core.package_identification:_identify(src/combined_rtk) by extensions ['colcon_meta']
[0.128s] Level 1:colcon.colcon_core.package_identification:_identify(src/combined_rtk) by extension 'colcon_meta'
[0.128s] Level 1:colcon.colcon_core.package_identification:_identify(src/combined_rtk) by extensions ['ros']
[0.128s] Level 1:colcon.colcon_core.package_identification:_identify(src/combined_rtk) by extension 'ros'
[0.129s] DEBUG:colcon.colcon_core.package_identification:Package 'src/combined_rtk' with type 'ros.ament_python' and name 'combined_rtk'
[0.129s] Level 1:colcon.colcon_core.package_identification:_identify(src/gps_path_planner) by extensions ['ignore', 'ignore_ament_install']
[0.129s] Level 1:colcon.colcon_core.package_identification:_identify(src/gps_path_planner) by extension 'ignore'
[0.129s] Level 1:colcon.colcon_core.package_identification:_identify(src/gps_path_planner) by extension 'ignore_ament_install'
[0.129s] Level 1:colcon.colcon_core.package_identification:_identify(src/gps_path_planner) by extensions ['colcon_pkg']
[0.129s] Level 1:colcon.colcon_core.package_identification:_identify(src/gps_path_planner) by extension 'colcon_pkg'
[0.129s] Level 1:colcon.colcon_core.package_identification:_identify(src/gps_path_planner) by extensions ['colcon_meta']
[0.129s] Level 1:colcon.colcon_core.package_identification:_identify(src/gps_path_planner) by extension 'colcon_meta'
[0.129s] Level 1:colcon.colcon_core.package_identification:_identify(src/gps_path_planner) by extensions ['ros']
[0.129s] Level 1:colcon.colcon_core.package_identification:_identify(src/gps_path_planner) by extension 'ros'
[0.130s] DEBUG:colcon.colcon_core.package_identification:Package 'src/gps_path_planner' with type 'ros.ament_python' and name 'gps_path_planner'
[0.130s] Level 1:colcon.colcon_core.package_identification:_identify(src/ntrip_client) by extensions ['ignore', 'ignore_ament_install']
[0.130s] Level 1:colcon.colcon_core.package_identification:_identify(src/ntrip_client) by extension 'ignore'
[0.130s] Level 1:colcon.colcon_core.package_identification:_identify(src/ntrip_client) by extension 'ignore_ament_install'
[0.130s] Level 1:colcon.colcon_core.package_identification:_identify(src/ntrip_client) by extensions ['colcon_pkg']
[0.130s] Level 1:colcon.colcon_core.package_identification:_identify(src/ntrip_client) by extension 'colcon_pkg'
[0.130s] Level 1:colcon.colcon_core.package_identification:_identify(src/ntrip_client) by extensions ['colcon_meta']
[0.130s] Level 1:colcon.colcon_core.package_identification:_identify(src/ntrip_client) by extension 'colcon_meta'
[0.130s] Level 1:colcon.colcon_core.package_identification:_identify(src/ntrip_client) by extensions ['ros']
[0.130s] Level 1:colcon.colcon_core.package_identification:_identify(src/ntrip_client) by extension 'ros'
[0.130s] DEBUG:colcon.colcon_core.package_identification:Package 'src/ntrip_client' with type 'ros.ament_python' and name 'ntrip_client'
[0.130s] Level 1:colcon.colcon_core.package_identification:_identify(src/rplidar_ros) by extensions ['ignore', 'ignore_ament_install']
[0.130s] Level 1:colcon.colcon_core.package_identification:_identify(src/rplidar_ros) by extension 'ignore'
[0.130s] Level 1:colcon.colcon_core.package_identification:_identify(src/rplidar_ros) by extension 'ignore_ament_install'
[0.130s] Level 1:colcon.colcon_core.package_identification:_identify(src/rplidar_ros) by extensions ['colcon_pkg']
[0.130s] Level 1:colcon.colcon_core.package_identification:_identify(src/rplidar_ros) by extension 'colcon_pkg'
[0.130s] Level 1:colcon.colcon_core.package_identification:_identify(src/rplidar_ros) by extensions ['colcon_meta']
[0.130s] Level 1:colcon.colcon_core.package_identification:_identify(src/rplidar_ros) by extension 'colcon_meta'
[0.130s] Level 1:colcon.colcon_core.package_identification:_identify(src/rplidar_ros) by extensions ['ros']
[0.130s] Level 1:colcon.colcon_core.package_identification:_identify(src/rplidar_ros) by extension 'ros'
[0.131s] DEBUG:colcon.colcon_core.package_identification:Package 'src/rplidar_ros' with type 'ros.ament_cmake' and name 'rplidar_ros'
[0.131s] Level 1:colcon.colcon_core.package_identification:_identify(src/ublox) by extensions ['ignore', 'ignore_ament_install']
[0.131s] Level 1:colcon.colcon_core.package_identification:_identify(src/ublox) by extension 'ignore'
[0.131s] Level 1:colcon.colcon_core.package_identification:_identify(src/ublox) by extension 'ignore_ament_install'
[0.131s] Level 1:colcon.colcon_core.package_identification:_identify(src/ublox) by extensions ['colcon_pkg']
[0.131s] Level 1:colcon.colcon_core.package_identification:_identify(src/ublox) by extension 'colcon_pkg'
[0.131s] Level 1:colcon.colcon_core.package_identification:_identify(src/ublox) by extensions ['colcon_meta']
[0.131s] Level 1:colcon.colcon_core.package_identification:_identify(src/ublox) by extension 'colcon_meta'
[0.131s] Level 1:colcon.colcon_core.package_identification:_identify(src/ublox) by extensions ['ros']
[0.131s] Level 1:colcon.colcon_core.package_identification:_identify(src/ublox) by extension 'ros'
[0.131s] Level 1:colcon.colcon_core.package_identification:_identify(src/ublox) by extensions ['cmake', 'python']
[0.131s] Level 1:colcon.colcon_core.package_identification:_identify(src/ublox) by extension 'cmake'
[0.131s] Level 1:colcon.colcon_core.package_identification:_identify(src/ublox) by extension 'python'
[0.131s] Level 1:colcon.colcon_core.package_identification:_identify(src/ublox) by extensions ['python_setup_py']
[0.131s] Level 1:colcon.colcon_core.package_identification:_identify(src/ublox) by extension 'python_setup_py'
[0.131s] Level 1:colcon.colcon_core.package_identification:_identify(src/ublox/ublox) by extensions ['ignore', 'ignore_ament_install']
[0.131s] Level 1:colcon.colcon_core.package_identification:_identify(src/ublox/ublox) by extension 'ignore'
[0.131s] Level 1:colcon.colcon_core.package_identification:_identify(src/ublox/ublox) by extension 'ignore_ament_install'
[0.131s] Level 1:colcon.colcon_core.package_identification:_identify(src/ublox/ublox) by extensions ['colcon_pkg']
[0.131s] Level 1:colcon.colcon_core.package_identification:_identify(src/ublox/ublox) by extension 'colcon_pkg'
[0.131s] Level 1:colcon.colcon_core.package_identification:_identify(src/ublox/ublox) by extensions ['colcon_meta']
[0.131s] Level 1:colcon.colcon_core.package_identification:_identify(src/ublox/ublox) by extension 'colcon_meta'
[0.131s] Level 1:colcon.colcon_core.package_identification:_identify(src/ublox/ublox) by extensions ['ros']
[0.131s] Level 1:colcon.colcon_core.package_identification:_identify(src/ublox/ublox) by extension 'ros'
[0.131s] DEBUG:colcon.colcon_core.package_identification:Package 'src/ublox/ublox' with type 'ros.ament_cmake' and name 'ublox'
[0.131s] Level 1:colcon.colcon_core.package_identification:_identify(src/ublox/ublox_gps) by extensions ['ignore', 'ignore_ament_install']
[0.131s] Level 1:colcon.colcon_core.package_identification:_identify(src/ublox/ublox_gps) by extension 'ignore'
[0.131s] Level 1:colcon.colcon_core.package_identification:_identify(src/ublox/ublox_gps) by extension 'ignore_ament_install'
[0.131s] Level 1:colcon.colcon_core.package_identification:_identify(src/ublox/ublox_gps) by extensions ['colcon_pkg']
[0.131s] Level 1:colcon.colcon_core.package_identification:_identify(src/ublox/ublox_gps) by extension 'colcon_pkg'
[0.131s] Level 1:colcon.colcon_core.package_identification:_identify(src/ublox/ublox_gps) by extensions ['colcon_meta']
[0.131s] Level 1:colcon.colcon_core.package_identification:_identify(src/ublox/ublox_gps) by extension 'colcon_meta'
[0.131s] Level 1:colcon.colcon_core.package_identification:_identify(src/ublox/ublox_gps) by extensions ['ros']
[0.131s] Level 1:colcon.colcon_core.package_identification:_identify(src/ublox/ublox_gps) by extension 'ros'
[0.132s] DEBUG:colcon.colcon_core.package_identification:Package 'src/ublox/ublox_gps' with type 'ros.ament_cmake' and name 'ublox_gps'
[0.132s] Level 1:colcon.colcon_core.package_identification:_identify(src/ublox/ublox_msgs) by extensions ['ignore', 'ignore_ament_install']
[0.132s] Level 1:colcon.colcon_core.package_identification:_identify(src/ublox/ublox_msgs) by extension 'ignore'
[0.132s] Level 1:colcon.colcon_core.package_identification:_identify(src/ublox/ublox_msgs) by extension 'ignore_ament_install'
[0.132s] Level 1:colcon.colcon_core.package_identification:_identify(src/ublox/ublox_msgs) by extensions ['colcon_pkg']
[0.132s] Level 1:colcon.colcon_core.package_identification:_identify(src/ublox/ublox_msgs) by extension 'colcon_pkg'
[0.132s] Level 1:colcon.colcon_core.package_identification:_identify(src/ublox/ublox_msgs) by extensions ['colcon_meta']
[0.132s] Level 1:colcon.colcon_core.package_identification:_identify(src/ublox/ublox_msgs) by extension 'colcon_meta'
[0.132s] Level 1:colcon.colcon_core.package_identification:_identify(src/ublox/ublox_msgs) by extensions ['ros']
[0.132s] Level 1:colcon.colcon_core.package_identification:_identify(src/ublox/ublox_msgs) by extension 'ros'
[0.132s] DEBUG:colcon.colcon_core.package_identification:Package 'src/ublox/ublox_msgs' with type 'ros.ament_cmake' and name 'ublox_msgs'
[0.132s] Level 1:colcon.colcon_core.package_identification:_identify(src/ublox/ublox_serialization) by extensions ['ignore', 'ignore_ament_install']
[0.133s] Level 1:colcon.colcon_core.package_identification:_identify(src/ublox/ublox_serialization) by extension 'ignore'
[0.133s] Level 1:colcon.colcon_core.package_identification:_identify(src/ublox/ublox_serialization) by extension 'ignore_ament_install'
[0.133s] Level 1:colcon.colcon_core.package_identification:_identify(src/ublox/ublox_serialization) by extensions ['colcon_pkg']
[0.133s] Level 1:colcon.colcon_core.package_identification:_identify(src/ublox/ublox_serialization) by extension 'colcon_pkg'
[0.133s] Level 1:colcon.colcon_core.package_identification:_identify(src/ublox/ublox_serialization) by extensions ['colcon_meta']
[0.133s] Level 1:colcon.colcon_core.package_identification:_identify(src/ublox/ublox_serialization) by extension 'colcon_meta'
[0.133s] Level 1:colcon.colcon_core.package_identification:_identify(src/ublox/ublox_serialization) by extensions ['ros']
[0.133s] Level 1:colcon.colcon_core.package_identification:_identify(src/ublox/ublox_serialization) by extension 'ros'
[0.133s] DEBUG:colcon.colcon_core.package_identification:Package 'src/ublox/ublox_serialization' with type 'ros.ament_cmake' and name 'ublox_serialization'
[0.133s] Level 1:colcon.colcon_core.package_discovery:discover_packages(recursive) using defaults
[0.133s] Level 1:colcon.colcon_core.package_discovery:discover_packages(ignore) discover
[0.133s] Level 1:colcon.colcon_core.package_discovery:discover_packages(ignore) using defaults
[0.133s] Level 1:colcon.colcon_core.package_discovery:discover_packages(path) discover
[0.133s] Level 1:colcon.colcon_core.package_discovery:discover_packages(path) using defaults
[0.142s] Level 1:colcon.colcon_core.package_discovery:discover_packages(prefix_path) check parameters
[0.142s] Level 1:colcon.colcon_core.package_discovery:discover_packages(prefix_path) discover
[0.143s] DEBUG:colcon.colcon_installed_package_information.package_discovery:Found 8 installed packages in /home/leewonjong/ros2_ws/install
[0.144s] DEBUG:colcon.colcon_installed_package_information.package_discovery:Found 287 installed packages in /opt/ros/humble
[0.144s] Level 1:colcon.colcon_core.package_discovery:discover_packages(prefix_path) using defaults
[0.158s] Level 5:colcon.colcon_core.verb:set package 'gps_path_planner' build argument 'cmake_args' from command line to 'None'
[0.158s] Level 5:colcon.colcon_core.verb:set package 'gps_path_planner' build argument 'cmake_target' from command line to 'None'
[0.158s] Level 5:colcon.colcon_core.verb:set package 'gps_path_planner' build argument 'cmake_target_skip_unavailable' from command line to 'False'
[0.158s] Level 5:colcon.colcon_core.verb:set package 'gps_path_planner' build argument 'cmake_clean_cache' from command line to 'False'
[0.158s] Level 5:colcon.colcon_core.verb:set package 'gps_path_planner' build argument 'cmake_clean_first' from command line to 'False'
[0.158s] Level 5:colcon.colcon_core.verb:set package 'gps_path_planner' build argument 'cmake_force_configure' from command line to 'False'
[0.158s] Level 5:colcon.colcon_core.verb:set package 'gps_path_planner' build argument 'ament_cmake_args' from command line to 'None'
[0.158s] Level 5:colcon.colcon_core.verb:set package 'gps_path_planner' build argument 'catkin_cmake_args' from command line to 'None'
[0.158s] Level 5:colcon.colcon_core.verb:set package 'gps_path_planner' build argument 'catkin_skip_building_tests' from command line to 'False'
[0.158s] DEBUG:colcon.colcon_core.verb:Building package 'gps_path_planner' with the following arguments: {'ament_cmake_args': None, 'build_base': '/home/leewonjong/ros2_ws/build/gps_path_planner', 'catkin_cmake_args': None, 'catkin_skip_building_tests': False, 'cmake_args': None, 'cmake_clean_cache': False, 'cmake_clean_first': False, 'cmake_force_configure': False, 'cmake_target': None, 'cmake_target_skip_unavailable': False, 'install_base': '/home/leewonjong/ros2_ws/install/gps_path_planner', 'merge_install': False, 'path': '/home/leewonjong/ros2_ws/src/gps_path_planner', 'symlink_install': False, 'test_result_base': None}
[0.158s] Level 5:colcon.colcon_core.verb:set package 'ntrip_client' build argument 'cmake_args' from command line to 'None'
[0.158s] Level 5:colcon.colcon_core.verb:set package 'ntrip_client' build argument 'cmake_target' from command line to 'None'
[0.158s] Level 5:colcon.colcon_core.verb:set package 'ntrip_client' build argument 'cmake_target_skip_unavailable' from command line to 'False'
[0.158s] Level 5:colcon.colcon_core.verb:set package 'ntrip_client' build argument 'cmake_clean_cache' from command line to 'False'
[0.158s] Level 5:colcon.colcon_core.verb:set package 'ntrip_client' build argument 'cmake_clean_first' from command line to 'False'
[0.158s] Level 5:colcon.colcon_core.verb:set package 'ntrip_client' build argument 'cmake_force_configure' from command line to 'False'
[0.158s] Level 5:colcon.colcon_core.verb:set package 'ntrip_client' build argument 'ament_cmake_args' from command line to 'None'
[0.158s] Level 5:colcon.colcon_core.verb:set package 'ntrip_client' build argument 'catkin_cmake_args' from command line to 'None'
[0.158s] Level 5:colcon.colcon_core.verb:set package 'ntrip_client' build argument 'catkin_skip_building_tests' from command line to 'False'
[0.158s] DEBUG:colcon.colcon_core.verb:Building package 'ntrip_client' with the following arguments: {'ament_cmake_args': None, 'build_base': '/home/leewonjong/ros2_ws/build/ntrip_client', 'catkin_cmake_args': None, 'catkin_skip_building_tests': False, 'cmake_args': None, 'cmake_clean_cache': False, 'cmake_clean_first': False, 'cmake_force_configure': False, 'cmake_target': None, 'cmake_target_skip_unavailable': False, 'install_base': '/home/leewonjong/ros2_ws/install/ntrip_client', 'merge_install': False, 'path': '/home/leewonjong/ros2_ws/src/ntrip_client', 'symlink_install': False, 'test_result_base': None}
[0.158s] Level 5:colcon.colcon_core.verb:set package 'rplidar_ros' build argument 'cmake_args' from command line to 'None'
[0.158s] Level 5:colcon.colcon_core.verb:set package 'rplidar_ros' build argument 'cmake_target' from command line to 'None'
[0.158s] Level 5:colcon.colcon_core.verb:set package 'rplidar_ros' build argument 'cmake_target_skip_unavailable' from command line to 'False'
[0.158s] Level 5:colcon.colcon_core.verb:set package 'rplidar_ros' build argument 'cmake_clean_cache' from command line to 'False'
[0.158s] Level 5:colcon.colcon_core.verb:set package 'rplidar_ros' build argument 'cmake_clean_first' from command line to 'False'
[0.158s] Level 5:colcon.colcon_core.verb:set package 'rplidar_ros' build argument 'cmake_force_configure' from command line to 'False'
[0.158s] Level 5:colcon.colcon_core.verb:set package 'rplidar_ros' build argument 'ament_cmake_args' from command line to 'None'
[0.159s] Level 5:colcon.colcon_core.verb:set package 'rplidar_ros' build argument 'catkin_cmake_args' from command line to 'None'
[0.159s] Level 5:colcon.colcon_core.verb:set package 'rplidar_ros' build argument 'catkin_skip_building_tests' from command line to 'False'
[0.159s] DEBUG:colcon.colcon_core.verb:Building package 'rplidar_ros' with the following arguments: {'ament_cmake_args': None, 'build_base': '/home/leewonjong/ros2_ws/build/rplidar_ros', 'catkin_cmake_args': None, 'catkin_skip_building_tests': False, 'cmake_args': None, 'cmake_clean_cache': False, 'cmake_clean_first': False, 'cmake_force_configure': False, 'cmake_target': None, 'cmake_target_skip_unavailable': False, 'install_base': '/home/leewonjong/ros2_ws/install/rplidar_ros', 'merge_install': False, 'path': '/home/leewonjong/ros2_ws/src/rplidar_ros', 'symlink_install': False, 'test_result_base': None}
[0.159s] Level 5:colcon.colcon_core.verb:set package 'ublox_serialization' build argument 'cmake_args' from command line to 'None'
[0.159s] Level 5:colcon.colcon_core.verb:set package 'ublox_serialization' build argument 'cmake_target' from command line to 'None'
[0.159s] Level 5:colcon.colcon_core.verb:set package 'ublox_serialization' build argument 'cmake_target_skip_unavailable' from command line to 'False'
[0.159s] Level 5:colcon.colcon_core.verb:set package 'ublox_serialization' build argument 'cmake_clean_cache' from command line to 'False'
[0.159s] Level 5:colcon.colcon_core.verb:set package 'ublox_serialization' build argument 'cmake_clean_first' from command line to 'False'
[0.159s] Level 5:colcon.colcon_core.verb:set package 'ublox_serialization' build argument 'cmake_force_configure' from command line to 'False'
[0.159s] Level 5:colcon.colcon_core.verb:set package 'ublox_serialization' build argument 'ament_cmake_args' from command line to 'None'
[0.159s] Level 5:colcon.colcon_core.verb:set package 'ublox_serialization' build argument 'catkin_cmake_args' from command line to 'None'
[0.159s] Level 5:colcon.colcon_core.verb:set package 'ublox_serialization' build argument 'catkin_skip_building_tests' from command line to 'False'
[0.159s] DEBUG:colcon.colcon_core.verb:Building package 'ublox_serialization' with the following arguments: {'ament_cmake_args': None, 'build_base': '/home/leewonjong/ros2_ws/build/ublox_serialization', 'catkin_cmake_args': None, 'catkin_skip_building_tests': False, 'cmake_args': None, 'cmake_clean_cache': False, 'cmake_clean_first': False, 'cmake_force_configure': False, 'cmake_target': None, 'cmake_target_skip_unavailable': False, 'install_base': '/home/leewonjong/ros2_ws/install/ublox_serialization', 'merge_install': False, 'path': '/home/leewonjong/ros2_ws/src/ublox/ublox_serialization', 'symlink_install': False, 'test_result_base': None}
[0.159s] Level 5:colcon.colcon_core.verb:set package 'ublox_msgs' build argument 'cmake_args' from command line to 'None'
[0.159s] Level 5:colcon.colcon_core.verb:set package 'ublox_msgs' build argument 'cmake_target' from command line to 'None'
[0.159s] Level 5:colcon.colcon_core.verb:set package 'ublox_msgs' build argument 'cmake_target_skip_unavailable' from command line to 'False'
[0.159s] Level 5:colcon.colcon_core.verb:set package 'ublox_msgs' build argument 'cmake_clean_cache' from command line to 'False'
[0.159s] Level 5:colcon.colcon_core.verb:set package 'ublox_msgs' build argument 'cmake_clean_first' from command line to 'False'
[0.159s] Level 5:colcon.colcon_core.verb:set package 'ublox_msgs' build argument 'cmake_force_configure' from command line to 'False'
[0.159s] Level 5:colcon.colcon_core.verb:set package 'ublox_msgs' build argument 'ament_cmake_args' from command line to 'None'
[0.159s] Level 5:colcon.colcon_core.verb:set package 'ublox_msgs' build argument 'catkin_cmake_args' from command line to 'None'
[0.159s] Level 5:colcon.colcon_core.verb:set package 'ublox_msgs' build argument 'catkin_skip_building_tests' from command line to 'False'
[0.159s] DEBUG:colcon.colcon_core.verb:Building package 'ublox_msgs' with the following arguments: {'ament_cmake_args': None, 'build_base': '/home/leewonjong/ros2_ws/build/ublox_msgs', 'catkin_cmake_args': None, 'catkin_skip_building_tests': False, 'cmake_args': None, 'cmake_clean_cache': False, 'cmake_clean_first': False, 'cmake_force_configure': False, 'cmake_target': None, 'cmake_target_skip_unavailable': False, 'install_base': '/home/leewonjong/ros2_ws/install/ublox_msgs', 'merge_install': False, 'path': '/home/leewonjong/ros2_ws/src/ublox/ublox_msgs', 'symlink_install': False, 'test_result_base': None}
[0.159s] Level 5:colcon.colcon_core.verb:set package 'ublox_gps' build argument 'cmake_args' from command line to 'None'
[0.159s] Level 5:colcon.colcon_core.verb:set package 'ublox_gps' build argument 'cmake_target' from command line to 'None'
[0.159s] Level 5:colcon.colcon_core.verb:set package 'ublox_gps' build argument 'cmake_target_skip_unavailable' from command line to 'False'
[0.159s] Level 5:colcon.colcon_core.verb:set package 'ublox_gps' build argument 'cmake_clean_cache' from command line to 'False'
[0.159s] Level 5:colcon.colcon_core.verb:set package 'ublox_gps' build argument 'cmake_clean_first' from command line to 'False'
[0.159s] Level 5:colcon.colcon_core.verb:set package 'ublox_gps' build argument 'cmake_force_configure' from command line to 'False'
[0.159s] Level 5:colcon.colcon_core.verb:set package 'ublox_gps' build argument 'ament_cmake_args' from command line to 'None'
[0.159s] Level 5:colcon.colcon_core.verb:set package 'ublox_gps' build argument 'catkin_cmake_args' from command line to 'None'
[0.159s] Level 5:colcon.colcon_core.verb:set package 'ublox_gps' build argument 'catkin_skip_building_tests' from command line to 'False'
[0.159s] DEBUG:colcon.colcon_core.verb:Building package 'ublox_gps' with the following arguments: {'ament_cmake_args': None, 'build_base': '/home/leewonjong/ros2_ws/build/ublox_gps', 'catkin_cmake_args': None, 'catkin_skip_building_tests': False, 'cmake_args': None, 'cmake_clean_cache': False, 'cmake_clean_first': False, 'cmake_force_configure': False, 'cmake_target': None, 'cmake_target_skip_unavailable': False, 'install_base': '/home/leewonjong/ros2_ws/install/ublox_gps', 'merge_install': False, 'path': '/home/leewonjong/ros2_ws/src/ublox/ublox_gps', 'symlink_install': False, 'test_result_base': None}
[0.159s] Level 5:colcon.colcon_core.verb:set package 'combined_rtk' build argument 'cmake_args' from command line to 'None'
[0.159s] Level 5:colcon.colcon_core.verb:set package 'combined_rtk' build argument 'cmake_target' from command line to 'None'
[0.159s] Level 5:colcon.colcon_core.verb:set package 'combined_rtk' build argument 'cmake_target_skip_unavailable' from command line to 'False'
[0.159s] Level 5:colcon.colcon_core.verb:set package 'combined_rtk' build argument 'cmake_clean_cache' from command line to 'False'
[0.159s] Level 5:colcon.colcon_core.verb:set package 'combined_rtk' build argument 'cmake_clean_first' from command line to 'False'
[0.159s] Level 5:colcon.colcon_core.verb:set package 'combined_rtk' build argument 'cmake_force_configure' from command line to 'False'
[0.159s] Level 5:colcon.colcon_core.verb:set package 'combined_rtk' build argument 'ament_cmake_args' from command line to 'None'
[0.159s] Level 5:colcon.colcon_core.verb:set package 'combined_rtk' build argument 'catkin_cmake_args' from command line to 'None'
[0.159s] Level 5:colcon.colcon_core.verb:set package 'combined_rtk' build argument 'catkin_skip_building_tests' from command line to 'False'
[0.159s] DEBUG:colcon.colcon_core.verb:Building package 'combined_rtk' with the following arguments: {'ament_cmake_args': None, 'build_base': '/home/leewonjong/ros2_ws/build/combined_rtk', 'catkin_cmake_args': None, 'catkin_skip_building_tests': False, 'cmake_args': None, 'cmake_clean_cache': False, 'cmake_clean_first': False, 'cmake_force_configure': False, 'cmake_target': None, 'cmake_target_skip_unavailable': False, 'install_base': '/home/leewonjong/ros2_ws/install/combined_rtk', 'merge_install': False, 'path': '/home/leewonjong/ros2_ws/src/combined_rtk', 'symlink_install': False, 'test_result_base': None}
[0.159s] Level 5:colcon.colcon_core.verb:set package 'ublox' build argument 'cmake_args' from command line to 'None'
[0.159s] Level 5:colcon.colcon_core.verb:set package 'ublox' build argument 'cmake_target' from command line to 'None'
[0.159s] Level 5:colcon.colcon_core.verb:set package 'ublox' build argument 'cmake_target_skip_unavailable' from command line to 'False'
[0.159s] Level 5:colcon.colcon_core.verb:set package 'ublox' build argument 'cmake_clean_cache' from command line to 'False'
[0.159s] Level 5:colcon.colcon_core.verb:set package 'ublox' build argument 'cmake_clean_first' from command line to 'False'
[0.159s] Level 5:colcon.colcon_core.verb:set package 'ublox' build argument 'cmake_force_configure' from command line to 'False'
[0.159s] Level 5:colcon.colcon_core.verb:set package 'ublox' build argument 'ament_cmake_args' from command line to 'None'
[0.160s] Level 5:colcon.colcon_core.verb:set package 'ublox' build argument 'catkin_cmake_args' from command line to 'None'
[0.160s] Level 5:colcon.colcon_core.verb:set package 'ublox' build argument 'catkin_skip_building_tests' from command line to 'False'
[0.160s] DEBUG:colcon.colcon_core.verb:Building package 'ublox' with the following arguments: {'ament_cmake_args': None, 'build_base': '/home/leewonjong/ros2_ws/build/ublox', 'catkin_cmake_args': None, 'catkin_skip_building_tests': False, 'cmake_args': None, 'cmake_clean_cache': False, 'cmake_clean_first': False, 'cmake_force_configure': False, 'cmake_target': None, 'cmake_target_skip_unavailable': False, 'install_base': '/home/leewonjong/ros2_ws/install/ublox', 'merge_install': False, 'path': '/home/leewonjong/ros2_ws/src/ublox/ublox', 'symlink_install': False, 'test_result_base': None}
[0.160s] INFO:colcon.colcon_core.executor:Executing jobs using 'parallel' executor
[0.160s] DEBUG:colcon.colcon_parallel_executor.executor.parallel:run_until_complete
[0.160s] INFO:colcon.colcon_ros.task.ament_cmake.build:Building ROS package in '/home/leewonjong/ros2_ws/src/ublox/ublox_serialization' with build type 'ament_cmake'
[0.160s] INFO:colcon.colcon_cmake.task.cmake.build:Building CMake package in '/home/leewonjong/ros2_ws/src/ublox/ublox_serialization'
[0.162s] INFO:colcon.colcon_core.plugin_system:Skipping extension 'colcon_core.shell.bat': Not used on non-Windows systems
[0.162s] INFO:colcon.colcon_core.shell:Skip shell extension 'powershell' for command environment: Not usable outside of PowerShell
[0.162s] DEBUG:colcon.colcon_core.shell:Skip shell extension 'dsv' for command environment
[0.163s] INFO:colcon.colcon_ros.task.ament_python.build:Building ROS package in '/home/leewonjong/ros2_ws/src/ntrip_client' with build type 'ament_python'
[0.163s] Level 1:colcon.colcon_core.shell:create_environment_hook('ntrip_client', 'ament_prefix_path')
[0.164s] INFO:colcon.colcon_core.shell:Creating environment hook '/home/leewonjong/ros2_ws/install/ntrip_client/share/ntrip_client/hook/ament_prefix_path.ps1'
[0.164s] INFO:colcon.colcon_core.shell:Creating environment descriptor '/home/leewonjong/ros2_ws/install/ntrip_client/share/ntrip_client/hook/ament_prefix_path.dsv'
[0.164s] INFO:colcon.colcon_core.shell:Creating environment hook '/home/leewonjong/ros2_ws/install/ntrip_client/share/ntrip_client/hook/ament_prefix_path.sh'
[0.164s] INFO:colcon.colcon_core.shell:Skip shell extension 'powershell' for command environment: Not usable outside of PowerShell
[0.164s] DEBUG:colcon.colcon_core.shell:Skip shell extension 'dsv' for command environment
[0.166s] INFO:colcon.colcon_ros.task.ament_python.build:Building ROS package in '/home/leewonjong/ros2_ws/src/gps_path_planner' with build type 'ament_python'
[0.166s] Level 1:colcon.colcon_core.shell:create_environment_hook('gps_path_planner', 'ament_prefix_path')
[0.166s] INFO:colcon.colcon_core.shell:Creating environment hook '/home/leewonjong/ros2_ws/install/gps_path_planner/share/gps_path_planner/hook/ament_prefix_path.ps1'
[0.166s] INFO:colcon.colcon_core.shell:Creating environment descriptor '/home/leewonjong/ros2_ws/install/gps_path_planner/share/gps_path_planner/hook/ament_prefix_path.dsv'
[0.166s] INFO:colcon.colcon_core.shell:Creating environment hook '/home/leewonjong/ros2_ws/install/gps_path_planner/share/gps_path_planner/hook/ament_prefix_path.sh'
[0.167s] INFO:colcon.colcon_core.shell:Skip shell extension 'powershell' for command environment: Not usable outside of PowerShell
[0.167s] DEBUG:colcon.colcon_core.shell:Skip shell extension 'dsv' for command environment
[0.168s] INFO:colcon.colcon_ros.task.ament_cmake.build:Building ROS package in '/home/leewonjong/ros2_ws/src/rplidar_ros' with build type 'ament_cmake'
[0.168s] INFO:colcon.colcon_cmake.task.cmake.build:Building CMake package in '/home/leewonjong/ros2_ws/src/rplidar_ros'
[0.168s] INFO:colcon.colcon_core.shell:Skip shell extension 'powershell' for command environment: Not usable outside of PowerShell
[0.168s] DEBUG:colcon.colcon_core.shell:Skip shell extension 'dsv' for command environment
[0.176s] DEBUG:colcon.colcon_core.event_handler.log_command:Invoking command in '/home/leewonjong/ros2_ws/build/ublox_serialization': CMAKE_PREFIX_PATH=${CMAKE_PREFIX_PATH}:/home/leewonjong/ros2_ws/install/combined_rtk:/home/leewonjong/ros2_ws/install/ntrip_client:/home/leewonjong/ros2_ws/install/gps_path_planner:/opt/ros/humble /usr/bin/cmake --build /home/leewonjong/ros2_ws/build/ublox_serialization -- -j16 -l16
[0.287s] INFO:colcon.colcon_core.task.python.build:Building Python package in '/home/leewonjong/ros2_ws/src/ntrip_client'
[0.287s] INFO:colcon.colcon_core.shell:Skip shell extension 'powershell' for command environment: Not usable outside of PowerShell
[0.287s] DEBUG:colcon.colcon_core.shell:Skip shell extension 'dsv' for command environment
[0.405s] INFO:colcon.colcon_core.task.python.build:Building Python package in '/home/leewonjong/ros2_ws/src/gps_path_planner'
[0.405s] INFO:colcon.colcon_core.shell:Skip shell extension 'powershell' for command environment: Not usable outside of PowerShell
[0.405s] DEBUG:colcon.colcon_core.shell:Skip shell extension 'dsv' for command environment
[0.410s] DEBUG:colcon.colcon_core.event_handler.log_command:Invoking command in '/home/leewonjong/ros2_ws/build/rplidar_ros': CMAKE_PREFIX_PATH=${CMAKE_PREFIX_PATH}:/home/leewonjong/ros2_ws/install/combined_rtk:/home/leewonjong/ros2_ws/install/ntrip_client:/home/leewonjong/ros2_ws/install/gps_path_planner:/opt/ros/humble /usr/bin/cmake --build /home/leewonjong/ros2_ws/build/rplidar_ros -- -j16 -l16
[0.415s] DEBUG:colcon.colcon_core.event_handler.log_command:Invoked command in '/home/leewonjong/ros2_ws/build/ublox_serialization' returned '0': CMAKE_PREFIX_PATH=${CMAKE_PREFIX_PATH}:/home/leewonjong/ros2_ws/install/combined_rtk:/home/leewonjong/ros2_ws/install/ntrip_client:/home/leewonjong/ros2_ws/install/gps_path_planner:/opt/ros/humble /usr/bin/cmake --build /home/leewonjong/ros2_ws/build/ublox_serialization -- -j16 -l16
[0.417s] DEBUG:colcon.colcon_core.event_handler.log_command:Invoking command in '/home/leewonjong/ros2_ws/build/ublox_serialization': CMAKE_PREFIX_PATH=${CMAKE_PREFIX_PATH}:/home/leewonjong/ros2_ws/install/combined_rtk:/home/leewonjong/ros2_ws/install/ntrip_client:/home/leewonjong/ros2_ws/install/gps_path_planner:/opt/ros/humble /usr/bin/cmake --install /home/leewonjong/ros2_ws/build/ublox_serialization
[0.433s] Level 1:colcon.colcon_core.environment:create_environment_scripts_only(ublox_serialization)
[0.435s] Level 1:colcon.colcon_core.environment:checking '/home/leewonjong/ros2_ws/install/ublox_serialization' for CMake module files
[0.435s] Level 1:colcon.colcon_core.environment:checking '/home/leewonjong/ros2_ws/install/ublox_serialization' for CMake config files
[0.435s] Level 1:colcon.colcon_core.shell:create_environment_hook('ublox_serialization', 'cmake_prefix_path')
[0.435s] INFO:colcon.colcon_core.shell:Creating environment hook '/home/leewonjong/ros2_ws/install/ublox_serialization/share/ublox_serialization/hook/cmake_prefix_path.ps1'
[0.435s] DEBUG:colcon.colcon_core.event_handler.log_command:Invoked command in '/home/leewonjong/ros2_ws/build/ublox_serialization' returned '0': CMAKE_PREFIX_PATH=${CMAKE_PREFIX_PATH}:/home/leewonjong/ros2_ws/install/combined_rtk:/home/leewonjong/ros2_ws/install/ntrip_client:/home/leewonjong/ros2_ws/install/gps_path_planner:/opt/ros/humble /usr/bin/cmake --install /home/leewonjong/ros2_ws/build/ublox_serialization
[0.436s] INFO:colcon.colcon_core.shell:Creating environment descriptor '/home/leewonjong/ros2_ws/install/ublox_serialization/share/ublox_serialization/hook/cmake_prefix_path.dsv'
[0.436s] INFO:colcon.colcon_core.shell:Creating environment hook '/home/leewonjong/ros2_ws/install/ublox_serialization/share/ublox_serialization/hook/cmake_prefix_path.sh'
[0.436s] Level 1:colcon.colcon_core.environment:checking '/home/leewonjong/ros2_ws/install/ublox_serialization/bin'
[0.436s] Level 1:colcon.colcon_core.environment:checking '/home/leewonjong/ros2_ws/install/ublox_serialization/lib/pkgconfig/ublox_serialization.pc'
[0.436s] Level 1:colcon.colcon_core.environment:checking '/home/leewonjong/ros2_ws/install/ublox_serialization/lib/python3.10/site-packages'
[0.437s] Level 1:colcon.colcon_core.environment:checking '/home/leewonjong/ros2_ws/install/ublox_serialization/bin'
[0.437s] INFO:colcon.colcon_core.shell:Creating package script '/home/leewonjong/ros2_ws/install/ublox_serialization/share/ublox_serialization/package.ps1'
[0.437s] INFO:colcon.colcon_core.shell:Creating package descriptor '/home/leewonjong/ros2_ws/install/ublox_serialization/share/ublox_serialization/package.dsv'
[0.438s] INFO:colcon.colcon_core.shell:Creating package script '/home/leewonjong/ros2_ws/install/ublox_serialization/share/ublox_serialization/package.sh'
[0.438s] INFO:colcon.colcon_core.shell:Creating package script '/home/leewonjong/ros2_ws/install/ublox_serialization/share/ublox_serialization/package.bash'
[0.439s] INFO:colcon.colcon_core.shell:Creating package script '/home/leewonjong/ros2_ws/install/ublox_serialization/share/ublox_serialization/package.zsh'
[0.439s] Level 1:colcon.colcon_core.environment:create_file_with_runtime_dependencies(/home/leewonjong/ros2_ws/install/ublox_serialization/share/colcon-core/packages/ublox_serialization)
[0.439s] Level 1:colcon.colcon_core.environment:create_environment_scripts_only(ublox_serialization)
[0.439s] Level 1:colcon.colcon_core.environment:checking '/home/leewonjong/ros2_ws/install/ublox_serialization' for CMake module files
[0.440s] Level 1:colcon.colcon_core.environment:checking '/home/leewonjong/ros2_ws/install/ublox_serialization' for CMake config files
[0.440s] Level 1:colcon.colcon_core.shell:create_environment_hook('ublox_serialization', 'cmake_prefix_path')
[0.440s] INFO:colcon.colcon_core.shell:Creating environment hook '/home/leewonjong/ros2_ws/install/ublox_serialization/share/ublox_serialization/hook/cmake_prefix_path.ps1'
[0.440s] INFO:colcon.colcon_core.shell:Creating environment descriptor '/home/leewonjong/ros2_ws/install/ublox_serialization/share/ublox_serialization/hook/cmake_prefix_path.dsv'
[0.440s] INFO:colcon.colcon_core.shell:Creating environment hook '/home/leewonjong/ros2_ws/install/ublox_serialization/share/ublox_serialization/hook/cmake_prefix_path.sh'
[0.440s] Level 1:colcon.colcon_core.environment:checking '/home/leewonjong/ros2_ws/install/ublox_serialization/bin'
[0.440s] Level 1:colcon.colcon_core.environment:checking '/home/leewonjong/ros2_ws/install/ublox_serialization/lib/pkgconfig/ublox_serialization.pc'
[0.441s] Level 1:colcon.colcon_core.environment:checking '/home/leewonjong/ros2_ws/install/ublox_serialization/lib/python3.10/site-packages'
[0.441s] Level 1:colcon.colcon_core.environment:checking '/home/leewonjong/ros2_ws/install/ublox_serialization/bin'
[0.441s] INFO:colcon.colcon_core.shell:Creating package script '/home/leewonjong/ros2_ws/install/ublox_serialization/share/ublox_serialization/package.ps1'
[0.441s] INFO:colcon.colcon_core.shell:Creating package descriptor '/home/leewonjong/ros2_ws/install/ublox_serialization/share/ublox_serialization/package.dsv'
[0.441s] INFO:colcon.colcon_core.shell:Creating package script '/home/leewonjong/ros2_ws/install/ublox_serialization/share/ublox_serialization/package.sh'
[0.441s] INFO:colcon.colcon_core.shell:Creating package script '/home/leewonjong/ros2_ws/install/ublox_serialization/share/ublox_serialization/package.bash'
[0.442s] INFO:colcon.colcon_core.shell:Creating package script '/home/leewonjong/ros2_ws/install/ublox_serialization/share/ublox_serialization/package.zsh'
[0.442s] Level 1:colcon.colcon_core.environment:create_file_with_runtime_dependencies(/home/leewonjong/ros2_ws/install/ublox_serialization/share/colcon-core/packages/ublox_serialization)
[0.442s] INFO:colcon.colcon_ros.task.ament_cmake.build:Building ROS package in '/home/leewonjong/ros2_ws/src/ublox/ublox_msgs' with build type 'ament_cmake'
[0.442s] INFO:colcon.colcon_cmake.task.cmake.build:Building CMake package in '/home/leewonjong/ros2_ws/src/ublox/ublox_msgs'
[0.442s] INFO:colcon.colcon_core.shell:Skip shell extension 'powershell' for command environment: Not usable outside of PowerShell
[0.442s] DEBUG:colcon.colcon_core.shell:Skip shell extension 'dsv' for command environment
[0.450s] DEBUG:colcon.colcon_core.event_handler.log_command:Invoking command in '/home/leewonjong/ros2_ws/build/ublox_msgs': CMAKE_PREFIX_PATH=/home/leewonjong/ros2_ws/install/ublox_serialization:/home/leewonjong/ros2_ws/install/ublox:/home/leewonjong/ros2_ws/install/ublox_gps:/home/leewonjong/ros2_ws/install/ublox_msgs:/home/leewonjong/ros2_ws/install/rplidar_ros:/home/leewonjong/ros2_ws/install/combined_rtk:/home/leewonjong/ros2_ws/install/ntrip_client:/home/leewonjong/ros2_ws/install/gps_path_planner:/opt/ros/humble /usr/bin/cmake --build /home/leewonjong/ros2_ws/build/ublox_msgs -- -j16 -l16
[0.516s] DEBUG:colcon.colcon_core.event_handler.log_command:Invoked command in '/home/leewonjong/ros2_ws/build/rplidar_ros' returned '0': CMAKE_PREFIX_PATH=${CMAKE_PREFIX_PATH}:/home/leewonjong/ros2_ws/install/combined_rtk:/home/leewonjong/ros2_ws/install/ntrip_client:/home/leewonjong/ros2_ws/install/gps_path_planner:/opt/ros/humble /usr/bin/cmake --build /home/leewonjong/ros2_ws/build/rplidar_ros -- -j16 -l16
[0.516s] DEBUG:colcon.colcon_core.event_handler.log_command:Invoking command in '/home/leewonjong/ros2_ws/build/rplidar_ros': CMAKE_PREFIX_PATH=${CMAKE_PREFIX_PATH}:/home/leewonjong/ros2_ws/install/combined_rtk:/home/leewonjong/ros2_ws/install/ntrip_client:/home/leewonjong/ros2_ws/install/gps_path_planner:/opt/ros/humble /usr/bin/cmake --install /home/leewonjong/ros2_ws/build/rplidar_ros
[0.530s] Level 1:colcon.colcon_core.environment:create_environment_scripts_only(rplidar_ros)
[0.530s] Level 1:colcon.colcon_core.environment:checking '/home/leewonjong/ros2_ws/install/rplidar_ros' for CMake module files
[0.530s] Level 1:colcon.colcon_core.environment:checking '/home/leewonjong/ros2_ws/install/rplidar_ros' for CMake config files
[0.530s] Level 1:colcon.colcon_core.shell:create_environment_hook('rplidar_ros', 'cmake_prefix_path')
[0.531s] INFO:colcon.colcon_core.shell:Creating environment hook '/home/leewonjong/ros2_ws/install/rplidar_ros/share/rplidar_ros/hook/cmake_prefix_path.ps1'
[0.531s] INFO:colcon.colcon_core.shell:Creating environment descriptor '/home/leewonjong/ros2_ws/install/rplidar_ros/share/rplidar_ros/hook/cmake_prefix_path.dsv'
[0.531s] INFO:colcon.colcon_core.shell:Creating environment hook '/home/leewonjong/ros2_ws/install/rplidar_ros/share/rplidar_ros/hook/cmake_prefix_path.sh'
[0.531s] Level 1:colcon.colcon_core.environment:checking '/home/leewonjong/ros2_ws/install/rplidar_ros/lib'
[0.531s] Level 1:colcon.colcon_core.environment:checking '/home/leewonjong/ros2_ws/install/rplidar_ros/bin'
[0.531s] Level 1:colcon.colcon_core.environment:checking '/home/leewonjong/ros2_ws/install/rplidar_ros/lib/pkgconfig/rplidar_ros.pc'
[0.531s] Level 1:colcon.colcon_core.environment:checking '/home/leewonjong/ros2_ws/install/rplidar_ros/lib/python3.10/site-packages'
[0.532s] Level 1:colcon.colcon_core.environment:checking '/home/leewonjong/ros2_ws/install/rplidar_ros/bin'
[0.532s] INFO:colcon.colcon_core.shell:Creating package script '/home/leewonjong/ros2_ws/install/rplidar_ros/share/rplidar_ros/package.ps1'
[0.532s] INFO:colcon.colcon_core.shell:Creating package descriptor '/home/leewonjong/ros2_ws/install/rplidar_ros/share/rplidar_ros/package.dsv'
[0.532s] INFO:colcon.colcon_core.shell:Creating package script '/home/leewonjong/ros2_ws/install/rplidar_ros/share/rplidar_ros/package.sh'
[0.532s] INFO:colcon.colcon_core.shell:Creating package script '/home/leewonjong/ros2_ws/install/rplidar_ros/share/rplidar_ros/package.bash'
[0.532s] INFO:colcon.colcon_core.shell:Creating package script '/home/leewonjong/ros2_ws/install/rplidar_ros/share/rplidar_ros/package.zsh'
[0.533s] Level 1:colcon.colcon_core.environment:create_file_with_runtime_dependencies(/home/leewonjong/ros2_ws/install/rplidar_ros/share/colcon-core/packages/rplidar_ros)
[0.533s] Level 1:colcon.colcon_core.environment:create_environment_scripts_only(rplidar_ros)
[0.533s] Level 1:colcon.colcon_core.environment:checking '/home/leewonjong/ros2_ws/install/rplidar_ros' for CMake module files
[0.533s] Level 1:colcon.colcon_core.environment:checking '/home/leewonjong/ros2_ws/install/rplidar_ros' for CMake config files
[0.534s] DEBUG:colcon.colcon_core.event_handler.log_command:Invoked command in '/home/leewonjong/ros2_ws/build/rplidar_ros' returned '0': CMAKE_PREFIX_PATH=${CMAKE_PREFIX_PATH}:/home/leewonjong/ros2_ws/install/combined_rtk:/home/leewonjong/ros2_ws/install/ntrip_client:/home/leewonjong/ros2_ws/install/gps_path_planner:/opt/ros/humble /usr/bin/cmake --install /home/leewonjong/ros2_ws/build/rplidar_ros
[0.534s] Level 1:colcon.colcon_core.shell:create_environment_hook('rplidar_ros', 'cmake_prefix_path')
[0.534s] INFO:colcon.colcon_core.shell:Creating environment hook '/home/leewonjong/ros2_ws/install/rplidar_ros/share/rplidar_ros/hook/cmake_prefix_path.ps1'
[0.535s] INFO:colcon.colcon_core.shell:Creating environment descriptor '/home/leewonjong/ros2_ws/install/rplidar_ros/share/rplidar_ros/hook/cmake_prefix_path.dsv'
[0.535s] INFO:colcon.colcon_core.shell:Creating environment hook '/home/leewonjong/ros2_ws/install/rplidar_ros/share/rplidar_ros/hook/cmake_prefix_path.sh'
[0.535s] Level 1:colcon.colcon_core.environment:checking '/home/leewonjong/ros2_ws/install/rplidar_ros/lib'
[0.535s] Level 1:colcon.colcon_core.environment:checking '/home/leewonjong/ros2_ws/install/rplidar_ros/bin'
[0.535s] Level 1:colcon.colcon_core.environment:checking '/home/leewonjong/ros2_ws/install/rplidar_ros/lib/pkgconfig/rplidar_ros.pc'
[0.535s] Level 1:colcon.colcon_core.environment:checking '/home/leewonjong/ros2_ws/install/rplidar_ros/lib/python3.10/site-packages'
[0.535s] Level 1:colcon.colcon_core.environment:checking '/home/leewonjong/ros2_ws/install/rplidar_ros/bin'
[0.535s] INFO:colcon.colcon_core.shell:Creating package script '/home/leewonjong/ros2_ws/install/rplidar_ros/share/rplidar_ros/package.ps1'
[0.536s] INFO:colcon.colcon_core.shell:Creating package descriptor '/home/leewonjong/ros2_ws/install/rplidar_ros/share/rplidar_ros/package.dsv'
[0.536s] INFO:colcon.colcon_core.shell:Creating package script '/home/leewonjong/ros2_ws/install/rplidar_ros/share/rplidar_ros/package.sh'
[0.536s] INFO:colcon.colcon_core.shell:Creating package script '/home/leewonjong/ros2_ws/install/rplidar_ros/share/rplidar_ros/package.bash'
[0.536s] INFO:colcon.colcon_core.shell:Creating package script '/home/leewonjong/ros2_ws/install/rplidar_ros/share/rplidar_ros/package.zsh'
[0.536s] Level 1:colcon.colcon_core.environment:create_file_with_runtime_dependencies(/home/leewonjong/ros2_ws/install/rplidar_ros/share/colcon-core/packages/rplidar_ros)
[0.602s] DEBUG:colcon.colcon_core.event_handler.log_command:Invoking command in '/home/leewonjong/ros2_ws/src/ntrip_client': PYTHONPATH=/home/leewonjong/ros2_ws/build/ntrip_client/prefix_override:/usr/lib/python3/dist-packages/colcon_core/task/python/colcon_distutils_commands:/home/leewonjong/ros2_ws/install/ntrip_client/lib/python3.10/site-packages:${PYTHONPATH} /usr/bin/python3 -W ignore:setup.py install is deprecated -W ignore:easy_install command is deprecated setup.py egg_info --egg-base ../../build/ntrip_client build --build-base /home/leewonjong/ros2_ws/build/ntrip_client/build install --record /home/leewonjong/ros2_ws/build/ntrip_client/install.log --single-version-externally-managed install_data
[0.603s] DEBUG:colcon.colcon_core.event_handler.log_command:Invoking command in '/home/leewonjong/ros2_ws/src/gps_path_planner': PYTHONPATH=/home/leewonjong/ros2_ws/build/gps_path_planner/prefix_override:/usr/lib/python3/dist-packages/colcon_core/task/python/colcon_distutils_commands:/home/leewonjong/ros2_ws/install/gps_path_planner/lib/python3.10/site-packages:${PYTHONPATH} /usr/bin/python3 -W ignore:setup.py install is deprecated -W ignore:easy_install command is deprecated setup.py egg_info --egg-base ../../build/gps_path_planner build --build-base /home/leewonjong/ros2_ws/build/gps_path_planner/build install --record /home/leewonjong/ros2_ws/build/gps_path_planner/install.log --single-version-externally-managed install_data
[0.751s] Level 1:colcon.colcon_core.environment:checking '/home/leewonjong/ros2_ws/install/ntrip_client' for CMake module files
[0.752s] Level 1:colcon.colcon_core.environment:checking '/home/leewonjong/ros2_ws/install/ntrip_client' for CMake config files
[0.752s] Level 1:colcon.colcon_core.environment:checking '/home/leewonjong/ros2_ws/install/ntrip_client/lib'
[0.752s] Level 1:colcon.colcon_core.environment:checking '/home/leewonjong/ros2_ws/install/ntrip_client/bin'
[0.752s] Level 1:colcon.colcon_core.environment:checking '/home/leewonjong/ros2_ws/install/ntrip_client/lib/pkgconfig/ntrip_client.pc'
[0.752s] Level 1:colcon.colcon_core.environment:checking '/home/leewonjong/ros2_ws/install/ntrip_client/lib/python3.10/site-packages'
[0.752s] Level 1:colcon.colcon_core.shell:create_environment_hook('ntrip_client', 'pythonpath')
[0.752s] INFO:colcon.colcon_core.shell:Creating environment hook '/home/leewonjong/ros2_ws/install/ntrip_client/share/ntrip_client/hook/pythonpath.ps1'
[0.752s] INFO:colcon.colcon_core.shell:Creating environment descriptor '/home/leewonjong/ros2_ws/install/ntrip_client/share/ntrip_client/hook/pythonpath.dsv'
[0.753s] INFO:colcon.colcon_core.shell:Creating environment hook '/home/leewonjong/ros2_ws/install/ntrip_client/share/ntrip_client/hook/pythonpath.sh'
[0.753s] Level 1:colcon.colcon_core.environment:checking '/home/leewonjong/ros2_ws/install/ntrip_client/bin'
[0.753s] Level 1:colcon.colcon_core.environment:create_environment_scripts_only(ntrip_client)
[0.753s] INFO:colcon.colcon_core.shell:Creating package script '/home/leewonjong/ros2_ws/install/ntrip_client/share/ntrip_client/package.ps1'
[0.753s] INFO:colcon.colcon_core.shell:Creating package descriptor '/home/leewonjong/ros2_ws/install/ntrip_client/share/ntrip_client/package.dsv'
[0.754s] INFO:colcon.colcon_core.shell:Creating package script '/home/leewonjong/ros2_ws/install/ntrip_client/share/ntrip_client/package.sh'
[0.754s] DEBUG:colcon.colcon_core.event_handler.log_command:Invoked command in '/home/leewonjong/ros2_ws/src/ntrip_client' returned '0': PYTHONPATH=/home/leewonjong/ros2_ws/build/ntrip_client/prefix_override:/usr/lib/python3/dist-packages/colcon_core/task/python/colcon_distutils_commands:/home/leewonjong/ros2_ws/install/ntrip_client/lib/python3.10/site-packages:${PYTHONPATH} /usr/bin/python3 -W ignore:setup.py install is deprecated -W ignore:easy_install command is deprecated setup.py egg_info --egg-base ../../build/ntrip_client build --build-base /home/leewonjong/ros2_ws/build/ntrip_client/build install --record /home/leewonjong/ros2_ws/build/ntrip_client/install.log --single-version-externally-managed install_data
[0.754s] INFO:colcon.colcon_core.shell:Creating package script '/home/leewonjong/ros2_ws/install/ntrip_client/share/ntrip_client/package.bash'
[0.754s] INFO:colcon.colcon_core.shell:Creating package script '/home/leewonjong/ros2_ws/install/ntrip_client/share/ntrip_client/package.zsh'
[0.755s] Level 1:colcon.colcon_core.environment:create_file_with_runtime_dependencies(/home/leewonjong/ros2_ws/install/ntrip_client/share/colcon-core/packages/ntrip_client)
[0.756s] Level 1:colcon.colcon_core.environment:checking '/home/leewonjong/ros2_ws/install/gps_path_planner' for CMake module files
[0.756s] Level 1:colcon.colcon_core.environment:checking '/home/leewonjong/ros2_ws/install/gps_path_planner' for CMake config files
[0.757s] DEBUG:colcon.colcon_core.event_handler.log_command:Invoked command in '/home/leewonjong/ros2_ws/src/gps_path_planner' returned '0': PYTHONPATH=/home/leewonjong/ros2_ws/build/gps_path_planner/prefix_override:/usr/lib/python3/dist-packages/colcon_core/task/python/colcon_distutils_commands:/home/leewonjong/ros2_ws/install/gps_path_planner/lib/python3.10/site-packages:${PYTHONPATH} /usr/bin/python3 -W ignore:setup.py install is deprecated -W ignore:easy_install command is deprecated setup.py egg_info --egg-base ../../build/gps_path_planner build --build-base /home/leewonjong/ros2_ws/build/gps_path_planner/build install --record /home/leewonjong/ros2_ws/build/gps_path_planner/install.log --single-version-externally-managed install_data
[0.757s] Level 1:colcon.colcon_core.environment:checking '/home/leewonjong/ros2_ws/install/gps_path_planner/lib'
[0.757s] Level 1:colcon.colcon_core.environment:checking '/home/leewonjong/ros2_ws/install/gps_path_planner/bin'
[0.757s] Level 1:colcon.colcon_core.environment:checking '/home/leewonjong/ros2_ws/install/gps_path_planner/lib/pkgconfig/gps_path_planner.pc'
[0.757s] Level 1:colcon.colcon_core.environment:checking '/home/leewonjong/ros2_ws/install/gps_path_planner/lib/python3.10/site-packages'
[0.757s] Level 1:colcon.colcon_core.shell:create_environment_hook('gps_path_planner', 'pythonpath')
[0.757s] INFO:colcon.colcon_core.shell:Creating environment hook '/home/leewonjong/ros2_ws/install/gps_path_planner/share/gps_path_planner/hook/pythonpath.ps1'
[0.757s] INFO:colcon.colcon_core.shell:Creating environment descriptor '/home/leewonjong/ros2_ws/install/gps_path_planner/share/gps_path_planner/hook/pythonpath.dsv'
[0.758s] INFO:colcon.colcon_core.shell:Creating environment hook '/home/leewonjong/ros2_ws/install/gps_path_planner/share/gps_path_planner/hook/pythonpath.sh'
[0.758s] Level 1:colcon.colcon_core.environment:checking '/home/leewonjong/ros2_ws/install/gps_path_planner/bin'
[0.758s] Level 1:colcon.colcon_core.environment:create_environment_scripts_only(gps_path_planner)
[0.758s] INFO:colcon.colcon_core.shell:Creating package script '/home/leewonjong/ros2_ws/install/gps_path_planner/share/gps_path_planner/package.ps1'
[0.758s] INFO:colcon.colcon_core.shell:Creating package descriptor '/home/leewonjong/ros2_ws/install/gps_path_planner/share/gps_path_planner/package.dsv'
[0.758s] INFO:colcon.colcon_core.shell:Creating package script '/home/leewonjong/ros2_ws/install/gps_path_planner/share/gps_path_planner/package.sh'
[0.758s] INFO:colcon.colcon_core.shell:Creating package script '/home/leewonjong/ros2_ws/install/gps_path_planner/share/gps_path_planner/package.bash'
[0.759s] INFO:colcon.colcon_core.shell:Creating package script '/home/leewonjong/ros2_ws/install/gps_path_planner/share/gps_path_planner/package.zsh'
[0.759s] Level 1:colcon.colcon_core.environment:create_file_with_runtime_dependencies(/home/leewonjong/ros2_ws/install/gps_path_planner/share/colcon-core/packages/gps_path_planner)
[1.094s] DEBUG:colcon.colcon_core.event_handler.log_command:Invoked command in '/home/leewonjong/ros2_ws/build/ublox_msgs' returned '0': CMAKE_PREFIX_PATH=/home/leewonjong/ros2_ws/install/ublox_serialization:/home/leewonjong/ros2_ws/install/ublox:/home/leewonjong/ros2_ws/install/ublox_gps:/home/leewonjong/ros2_ws/install/ublox_msgs:/home/leewonjong/ros2_ws/install/rplidar_ros:/home/leewonjong/ros2_ws/install/combined_rtk:/home/leewonjong/ros2_ws/install/ntrip_client:/home/leewonjong/ros2_ws/install/gps_path_planner:/opt/ros/humble /usr/bin/cmake --build /home/leewonjong/ros2_ws/build/ublox_msgs -- -j16 -l16
[1.096s] DEBUG:colcon.colcon_core.event_handler.log_command:Invoking command in '/home/leewonjong/ros2_ws/build/ublox_msgs': CMAKE_PREFIX_PATH=/home/leewonjong/ros2_ws/install/ublox_serialization:/home/leewonjong/ros2_ws/install/ublox:/home/leewonjong/ros2_ws/install/ublox_gps:/home/leewonjong/ros2_ws/install/ublox_msgs:/home/leewonjong/ros2_ws/install/rplidar_ros:/home/leewonjong/ros2_ws/install/combined_rtk:/home/leewonjong/ros2_ws/install/ntrip_client:/home/leewonjong/ros2_ws/install/gps_path_planner:/opt/ros/humble /usr/bin/cmake --install /home/leewonjong/ros2_ws/build/ublox_msgs
[1.210s] Level 1:colcon.colcon_core.environment:create_environment_scripts_only(ublox_msgs)
[1.211s] Level 1:colcon.colcon_core.environment:checking '/home/leewonjong/ros2_ws/install/ublox_msgs' for CMake module files
[1.211s] DEBUG:colcon.colcon_core.event_handler.log_command:Invoked command in '/home/leewonjong/ros2_ws/build/ublox_msgs' returned '0': CMAKE_PREFIX_PATH=/home/leewonjong/ros2_ws/install/ublox_serialization:/home/leewonjong/ros2_ws/install/ublox:/home/leewonjong/ros2_ws/install/ublox_gps:/home/leewonjong/ros2_ws/install/ublox_msgs:/home/leewonjong/ros2_ws/install/rplidar_ros:/home/leewonjong/ros2_ws/install/combined_rtk:/home/leewonjong/ros2_ws/install/ntrip_client:/home/leewonjong/ros2_ws/install/gps_path_planner:/opt/ros/humble /usr/bin/cmake --install /home/leewonjong/ros2_ws/build/ublox_msgs
[1.212s] Level 1:colcon.colcon_core.environment:checking '/home/leewonjong/ros2_ws/install/ublox_msgs' for CMake config files
[1.215s] Level 1:colcon.colcon_core.shell:create_environment_hook('ublox_msgs', 'cmake_prefix_path')
[1.215s] INFO:colcon.colcon_core.shell:Creating environment hook '/home/leewonjong/ros2_ws/install/ublox_msgs/share/ublox_msgs/hook/cmake_prefix_path.ps1'
[1.215s] INFO:colcon.colcon_core.shell:Creating environment descriptor '/home/leewonjong/ros2_ws/install/ublox_msgs/share/ublox_msgs/hook/cmake_prefix_path.dsv'
[1.215s] INFO:colcon.colcon_core.shell:Creating environment hook '/home/leewonjong/ros2_ws/install/ublox_msgs/share/ublox_msgs/hook/cmake_prefix_path.sh'
[1.216s] Level 1:colcon.colcon_core.environment:checking '/home/leewonjong/ros2_ws/install/ublox_msgs/lib'
[1.216s] Level 1:colcon.colcon_core.shell:create_environment_hook('ublox_msgs', 'ld_library_path_lib')
[1.216s] INFO:colcon.colcon_core.shell:Creating environment hook '/home/leewonjong/ros2_ws/install/ublox_msgs/share/ublox_msgs/hook/ld_library_path_lib.ps1'
[1.216s] INFO:colcon.colcon_core.shell:Creating environment descriptor '/home/leewonjong/ros2_ws/install/ublox_msgs/share/ublox_msgs/hook/ld_library_path_lib.dsv'
[1.216s] INFO:colcon.colcon_core.shell:Creating environment hook '/home/leewonjong/ros2_ws/install/ublox_msgs/share/ublox_msgs/hook/ld_library_path_lib.sh'
[1.216s] Level 1:colcon.colcon_core.environment:checking '/home/leewonjong/ros2_ws/install/ublox_msgs/bin'
[1.216s] Level 1:colcon.colcon_core.environment:checking '/home/leewonjong/ros2_ws/install/ublox_msgs/lib/pkgconfig/ublox_msgs.pc'
[1.216s] Level 1:colcon.colcon_core.environment:checking '/home/leewonjong/ros2_ws/install/ublox_msgs/lib/python3.10/site-packages'
[1.216s] Level 1:colcon.colcon_core.environment:checking '/home/leewonjong/ros2_ws/install/ublox_msgs/bin'
[1.217s] INFO:colcon.colcon_core.shell:Creating package script '/home/leewonjong/ros2_ws/install/ublox_msgs/share/ublox_msgs/package.ps1'
[1.217s] INFO:colcon.colcon_core.shell:Creating package descriptor '/home/leewonjong/ros2_ws/install/ublox_msgs/share/ublox_msgs/package.dsv'
[1.217s] INFO:colcon.colcon_core.shell:Creating package script '/home/leewonjong/ros2_ws/install/ublox_msgs/share/ublox_msgs/package.sh'
[1.217s] INFO:colcon.colcon_core.shell:Creating package script '/home/leewonjong/ros2_ws/install/ublox_msgs/share/ublox_msgs/package.bash'
[1.217s] INFO:colcon.colcon_core.shell:Creating package script '/home/leewonjong/ros2_ws/install/ublox_msgs/share/ublox_msgs/package.zsh'
[1.217s] Level 1:colcon.colcon_core.environment:create_file_with_runtime_dependencies(/home/leewonjong/ros2_ws/install/ublox_msgs/share/colcon-core/packages/ublox_msgs)
[1.218s] Level 1:colcon.colcon_core.environment:create_environment_scripts_only(ublox_msgs)
[1.218s] Level 1:colcon.colcon_core.environment:checking '/home/leewonjong/ros2_ws/install/ublox_msgs' for CMake module files
[1.218s] Level 1:colcon.colcon_core.environment:checking '/home/leewonjong/ros2_ws/install/ublox_msgs' for CMake config files
[1.220s] Level 1:colcon.colcon_core.shell:create_environment_hook('ublox_msgs', 'cmake_prefix_path')
[1.221s] INFO:colcon.colcon_core.shell:Creating environment hook '/home/leewonjong/ros2_ws/install/ublox_msgs/share/ublox_msgs/hook/cmake_prefix_path.ps1'
[1.221s] INFO:colcon.colcon_core.shell:Creating environment descriptor '/home/leewonjong/ros2_ws/install/ublox_msgs/share/ublox_msgs/hook/cmake_prefix_path.dsv'
[1.221s] INFO:colcon.colcon_core.shell:Creating environment hook '/home/leewonjong/ros2_ws/install/ublox_msgs/share/ublox_msgs/hook/cmake_prefix_path.sh'
[1.221s] Level 1:colcon.colcon_core.environment:checking '/home/leewonjong/ros2_ws/install/ublox_msgs/lib'
[1.221s] Level 1:colcon.colcon_core.shell:create_environment_hook('ublox_msgs', 'ld_library_path_lib')
[1.221s] INFO:colcon.colcon_core.shell:Creating environment hook '/home/leewonjong/ros2_ws/install/ublox_msgs/share/ublox_msgs/hook/ld_library_path_lib.ps1'
[1.221s] INFO:colcon.colcon_core.shell:Creating environment descriptor '/home/leewonjong/ros2_ws/install/ublox_msgs/share/ublox_msgs/hook/ld_library_path_lib.dsv'
[1.221s] INFO:colcon.colcon_core.shell:Creating environment hook '/home/leewonjong/ros2_ws/install/ublox_msgs/share/ublox_msgs/hook/ld_library_path_lib.sh'
[1.222s] Level 1:colcon.colcon_core.environment:checking '/home/leewonjong/ros2_ws/install/ublox_msgs/bin'
[1.222s] Level 1:colcon.colcon_core.environment:checking '/home/leewonjong/ros2_ws/install/ublox_msgs/lib/pkgconfig/ublox_msgs.pc'
[1.222s] Level 1:colcon.colcon_core.environment:checking '/home/leewonjong/ros2_ws/install/ublox_msgs/lib/python3.10/site-packages'
[1.222s] Level 1:colcon.colcon_core.environment:checking '/home/leewonjong/ros2_ws/install/ublox_msgs/bin'
[1.222s] INFO:colcon.colcon_core.shell:Creating package script '/home/leewonjong/ros2_ws/install/ublox_msgs/share/ublox_msgs/package.ps1'
[1.222s] INFO:colcon.colcon_core.shell:Creating package descriptor '/home/leewonjong/ros2_ws/install/ublox_msgs/share/ublox_msgs/package.dsv'
[1.222s] INFO:colcon.colcon_core.shell:Creating package script '/home/leewonjong/ros2_ws/install/ublox_msgs/share/ublox_msgs/package.sh'
[1.222s] INFO:colcon.colcon_core.shell:Creating package script '/home/leewonjong/ros2_ws/install/ublox_msgs/share/ublox_msgs/package.bash'
[1.223s] INFO:colcon.colcon_core.shell:Creating package script '/home/leewonjong/ros2_ws/install/ublox_msgs/share/ublox_msgs/package.zsh'
[1.223s] Level 1:colcon.colcon_core.environment:create_file_with_runtime_dependencies(/home/leewonjong/ros2_ws/install/ublox_msgs/share/colcon-core/packages/ublox_msgs)
[1.223s] INFO:colcon.colcon_ros.task.ament_cmake.build:Building ROS package in '/home/leewonjong/ros2_ws/src/ublox/ublox_gps' with build type 'ament_cmake'
[1.223s] INFO:colcon.colcon_cmake.task.cmake.build:Building CMake package in '/home/leewonjong/ros2_ws/src/ublox/ublox_gps'
[1.223s] INFO:colcon.colcon_core.shell:Skip shell extension 'powershell' for command environment: Not usable outside of PowerShell
[1.223s] DEBUG:colcon.colcon_core.shell:Skip shell extension 'dsv' for command environment
[1.231s] DEBUG:colcon.colcon_core.event_handler.log_command:Invoking command in '/home/leewonjong/ros2_ws/build/ublox_gps': CMAKE_PREFIX_PATH=/home/leewonjong/ros2_ws/install/ublox_msgs:/home/leewonjong/ros2_ws/install/ublox_serialization:/home/leewonjong/ros2_ws/install/ublox:/home/leewonjong/ros2_ws/install/ublox_gps:/home/leewonjong/ros2_ws/install/rplidar_ros:/home/leewonjong/ros2_ws/install/combined_rtk:/home/leewonjong/ros2_ws/install/ntrip_client:/home/leewonjong/ros2_ws/install/gps_path_planner:/opt/ros/humble LD_LIBRARY_PATH=/home/leewonjong/ros2_ws/install/ublox_msgs/lib:/home/leewonjong/ros2_ws/install/ublox_gps/lib:/opt/ros/humble/opt/rviz_ogre_vendor/lib:/opt/ros/humble/lib/x86_64-linux-gnu:/opt/ros/humble/lib /usr/bin/cmake --build /home/leewonjong/ros2_ws/build/ublox_gps -- -j16 -l16
[1.343s] DEBUG:colcon.colcon_core.event_handler.log_command:Invoked command in '/home/leewonjong/ros2_ws/build/ublox_gps' returned '0': CMAKE_PREFIX_PATH=/home/leewonjong/ros2_ws/install/ublox_msgs:/home/leewonjong/ros2_ws/install/ublox_serialization:/home/leewonjong/ros2_ws/install/ublox:/home/leewonjong/ros2_ws/install/ublox_gps:/home/leewonjong/ros2_ws/install/rplidar_ros:/home/leewonjong/ros2_ws/install/combined_rtk:/home/leewonjong/ros2_ws/install/ntrip_client:/home/leewonjong/ros2_ws/install/gps_path_planner:/opt/ros/humble LD_LIBRARY_PATH=/home/leewonjong/ros2_ws/install/ublox_msgs/lib:/home/leewonjong/ros2_ws/install/ublox_gps/lib:/opt/ros/humble/opt/rviz_ogre_vendor/lib:/opt/ros/humble/lib/x86_64-linux-gnu:/opt/ros/humble/lib /usr/bin/cmake --build /home/leewonjong/ros2_ws/build/ublox_gps -- -j16 -l16
[1.343s] DEBUG:colcon.colcon_core.event_handler.log_command:Invoking command in '/home/leewonjong/ros2_ws/build/ublox_gps': CMAKE_PREFIX_PATH=/home/leewonjong/ros2_ws/install/ublox_msgs:/home/leewonjong/ros2_ws/install/ublox_serialization:/home/leewonjong/ros2_ws/install/ublox:/home/leewonjong/ros2_ws/install/ublox_gps:/home/leewonjong/ros2_ws/install/rplidar_ros:/home/leewonjong/ros2_ws/install/combined_rtk:/home/leewonjong/ros2_ws/install/ntrip_client:/home/leewonjong/ros2_ws/install/gps_path_planner:/opt/ros/humble LD_LIBRARY_PATH=/home/leewonjong/ros2_ws/install/ublox_msgs/lib:/home/leewonjong/ros2_ws/install/ublox_gps/lib:/opt/ros/humble/opt/rviz_ogre_vendor/lib:/opt/ros/humble/lib/x86_64-linux-gnu:/opt/ros/humble/lib /usr/bin/cmake --install /home/leewonjong/ros2_ws/build/ublox_gps
[1.357s] Level 1:colcon.colcon_core.environment:create_environment_scripts_only(ublox_gps)
[1.357s] Level 1:colcon.colcon_core.environment:checking '/home/leewonjong/ros2_ws/install/ublox_gps' for CMake module files
[1.358s] DEBUG:colcon.colcon_core.event_handler.log_command:Invoked command in '/home/leewonjong/ros2_ws/build/ublox_gps' returned '0': CMAKE_PREFIX_PATH=/home/leewonjong/ros2_ws/install/ublox_msgs:/home/leewonjong/ros2_ws/install/ublox_serialization:/home/leewonjong/ros2_ws/install/ublox:/home/leewonjong/ros2_ws/install/ublox_gps:/home/leewonjong/ros2_ws/install/rplidar_ros:/home/leewonjong/ros2_ws/install/combined_rtk:/home/leewonjong/ros2_ws/install/ntrip_client:/home/leewonjong/ros2_ws/install/gps_path_planner:/opt/ros/humble LD_LIBRARY_PATH=/home/leewonjong/ros2_ws/install/ublox_msgs/lib:/home/leewonjong/ros2_ws/install/ublox_gps/lib:/opt/ros/humble/opt/rviz_ogre_vendor/lib:/opt/ros/humble/lib/x86_64-linux-gnu:/opt/ros/humble/lib /usr/bin/cmake --install /home/leewonjong/ros2_ws/build/ublox_gps
[1.358s] Level 1:colcon.colcon_core.environment:checking '/home/leewonjong/ros2_ws/install/ublox_gps' for CMake config files
[1.358s] Level 1:colcon.colcon_core.shell:create_environment_hook('ublox_gps', 'cmake_prefix_path')
[1.358s] INFO:colcon.colcon_core.shell:Creating environment hook '/home/leewonjong/ros2_ws/install/ublox_gps/share/ublox_gps/hook/cmake_prefix_path.ps1'
[1.358s] INFO:colcon.colcon_core.shell:Creating environment descriptor '/home/leewonjong/ros2_ws/install/ublox_gps/share/ublox_gps/hook/cmake_prefix_path.dsv'
[1.359s] INFO:colcon.colcon_core.shell:Creating environment hook '/home/leewonjong/ros2_ws/install/ublox_gps/share/ublox_gps/hook/cmake_prefix_path.sh'
[1.359s] Level 1:colcon.colcon_core.environment:checking '/home/leewonjong/ros2_ws/install/ublox_gps/lib'
[1.359s] Level 1:colcon.colcon_core.shell:create_environment_hook('ublox_gps', 'ld_library_path_lib')
[1.359s] INFO:colcon.colcon_core.shell:Creating environment hook '/home/leewonjong/ros2_ws/install/ublox_gps/share/ublox_gps/hook/ld_library_path_lib.ps1'
[1.359s] INFO:colcon.colcon_core.shell:Creating environment descriptor '/home/leewonjong/ros2_ws/install/ublox_gps/share/ublox_gps/hook/ld_library_path_lib.dsv'
[1.359s] INFO:colcon.colcon_core.shell:Creating environment hook '/home/leewonjong/ros2_ws/install/ublox_gps/share/ublox_gps/hook/ld_library_path_lib.sh'
[1.359s] Level 1:colcon.colcon_core.environment:checking '/home/leewonjong/ros2_ws/install/ublox_gps/bin'
[1.359s] Level 1:colcon.colcon_core.environment:checking '/home/leewonjong/ros2_ws/install/ublox_gps/lib/pkgconfig/ublox_gps.pc'
[1.360s] Level 1:colcon.colcon_core.environment:checking '/home/leewonjong/ros2_ws/install/ublox_gps/lib/python3.10/site-packages'
[1.360s] Level 1:colcon.colcon_core.environment:checking '/home/leewonjong/ros2_ws/install/ublox_gps/bin'
[1.360s] INFO:colcon.colcon_core.shell:Creating package script '/home/leewonjong/ros2_ws/install/ublox_gps/share/ublox_gps/package.ps1'
[1.360s] INFO:colcon.colcon_core.shell:Creating package descriptor '/home/leewonjong/ros2_ws/install/ublox_gps/share/ublox_gps/package.dsv'
[1.360s] INFO:colcon.colcon_core.shell:Creating package script '/home/leewonjong/ros2_ws/install/ublox_gps/share/ublox_gps/package.sh'
[1.360s] INFO:colcon.colcon_core.shell:Creating package script '/home/leewonjong/ros2_ws/install/ublox_gps/share/ublox_gps/package.bash'
[1.361s] INFO:colcon.colcon_core.shell:Creating package script '/home/leewonjong/ros2_ws/install/ublox_gps/share/ublox_gps/package.zsh'
[1.361s] Level 1:colcon.colcon_core.environment:create_file_with_runtime_dependencies(/home/leewonjong/ros2_ws/install/ublox_gps/share/colcon-core/packages/ublox_gps)
[1.361s] Level 1:colcon.colcon_core.environment:create_environment_scripts_only(ublox_gps)
[1.361s] Level 1:colcon.colcon_core.environment:checking '/home/leewonjong/ros2_ws/install/ublox_gps' for CMake module files
[1.361s] Level 1:colcon.colcon_core.environment:checking '/home/leewonjong/ros2_ws/install/ublox_gps' for CMake config files
[1.361s] Level 1:colcon.colcon_core.shell:create_environment_hook('ublox_gps', 'cmake_prefix_path')
[1.361s] INFO:colcon.colcon_core.shell:Creating environment hook '/home/leewonjong/ros2_ws/install/ublox_gps/share/ublox_gps/hook/cmake_prefix_path.ps1'
[1.362s] INFO:colcon.colcon_core.shell:Creating environment descriptor '/home/leewonjong/ros2_ws/install/ublox_gps/share/ublox_gps/hook/cmake_prefix_path.dsv'
[1.362s] INFO:colcon.colcon_core.shell:Creating environment hook '/home/leewonjong/ros2_ws/install/ublox_gps/share/ublox_gps/hook/cmake_prefix_path.sh'
[1.362s] Level 1:colcon.colcon_core.environment:checking '/home/leewonjong/ros2_ws/install/ublox_gps/lib'
[1.362s] Level 1:colcon.colcon_core.shell:create_environment_hook('ublox_gps', 'ld_library_path_lib')
[1.362s] INFO:colcon.colcon_core.shell:Creating environment hook '/home/leewonjong/ros2_ws/install/ublox_gps/share/ublox_gps/hook/ld_library_path_lib.ps1'
[1.362s] INFO:colcon.colcon_core.shell:Creating environment descriptor '/home/leewonjong/ros2_ws/install/ublox_gps/share/ublox_gps/hook/ld_library_path_lib.dsv'
[1.363s] INFO:colcon.colcon_core.shell:Creating environment hook '/home/leewonjong/ros2_ws/install/ublox_gps/share/ublox_gps/hook/ld_library_path_lib.sh'
[1.363s] Level 1:colcon.colcon_core.environment:checking '/home/leewonjong/ros2_ws/install/ublox_gps/bin'
[1.363s] Level 1:colcon.colcon_core.environment:checking '/home/leewonjong/ros2_ws/install/ublox_gps/lib/pkgconfig/ublox_gps.pc'
[1.363s] Level 1:colcon.colcon_core.environment:checking '/home/leewonjong/ros2_ws/install/ublox_gps/lib/python3.10/site-packages'
[1.363s] Level 1:colcon.colcon_core.environment:checking '/home/leewonjong/ros2_ws/install/ublox_gps/bin'
[1.363s] INFO:colcon.colcon_core.shell:Creating package script '/home/leewonjong/ros2_ws/install/ublox_gps/share/ublox_gps/package.ps1'
[1.363s] INFO:colcon.colcon_core.shell:Creating package descriptor '/home/leewonjong/ros2_ws/install/ublox_gps/share/ublox_gps/package.dsv'
[1.363s] INFO:colcon.colcon_core.shell:Creating package script '/home/leewonjong/ros2_ws/install/ublox_gps/share/ublox_gps/package.sh'
[1.364s] INFO:colcon.colcon_core.shell:Creating package script '/home/leewonjong/ros2_ws/install/ublox_gps/share/ublox_gps/package.bash'
[1.364s] INFO:colcon.colcon_core.shell:Creating package script '/home/leewonjong/ros2_ws/install/ublox_gps/share/ublox_gps/package.zsh'
[1.364s] Level 1:colcon.colcon_core.environment:create_file_with_runtime_dependencies(/home/leewonjong/ros2_ws/install/ublox_gps/share/colcon-core/packages/ublox_gps)
[1.364s] INFO:colcon.colcon_ros.task.ament_python.build:Building ROS package in '/home/leewonjong/ros2_ws/src/combined_rtk' with build type 'ament_python'
[1.364s] Level 1:colcon.colcon_core.shell:create_environment_hook('combined_rtk', 'ament_prefix_path')
[1.364s] INFO:colcon.colcon_core.shell:Creating environment hook '/home/leewonjong/ros2_ws/install/combined_rtk/share/combined_rtk/hook/ament_prefix_path.ps1'
[1.364s] INFO:colcon.colcon_core.shell:Creating environment descriptor '/home/leewonjong/ros2_ws/install/combined_rtk/share/combined_rtk/hook/ament_prefix_path.dsv'
[1.365s] INFO:colcon.colcon_core.shell:Creating environment hook '/home/leewonjong/ros2_ws/install/combined_rtk/share/combined_rtk/hook/ament_prefix_path.sh'
[1.365s] INFO:colcon.colcon_core.shell:Skip shell extension 'powershell' for command environment: Not usable outside of PowerShell
[1.365s] DEBUG:colcon.colcon_core.shell:Skip shell extension 'dsv' for command environment
[1.366s] INFO:colcon.colcon_ros.task.ament_cmake.build:Building ROS package in '/home/leewonjong/ros2_ws/src/ublox/ublox' with build type 'ament_cmake'
[1.367s] INFO:colcon.colcon_cmake.task.cmake.build:Building CMake package in '/home/leewonjong/ros2_ws/src/ublox/ublox'
[1.367s] INFO:colcon.colcon_core.shell:Skip shell extension 'powershell' for command environment: Not usable outside of PowerShell
[1.367s] DEBUG:colcon.colcon_core.shell:Skip shell extension 'dsv' for command environment
[1.494s] INFO:colcon.colcon_core.task.python.build:Building Python package in '/home/leewonjong/ros2_ws/src/combined_rtk'
[1.494s] INFO:colcon.colcon_core.shell:Skip shell extension 'powershell' for command environment: Not usable outside of PowerShell
[1.494s] DEBUG:colcon.colcon_core.shell:Skip shell extension 'dsv' for command environment
[1.497s] DEBUG:colcon.colcon_core.event_handler.log_command:Invoking command in '/home/leewonjong/ros2_ws/build/ublox': CMAKE_PREFIX_PATH=/home/leewonjong/ros2_ws/install/ublox_gps:/home/leewonjong/ros2_ws/install/ublox_msgs:/home/leewonjong/ros2_ws/install/ublox_serialization:/home/leewonjong/ros2_ws/install/ublox:/home/leewonjong/ros2_ws/install/rplidar_ros:/home/leewonjong/ros2_ws/install/combined_rtk:/home/leewonjong/ros2_ws/install/ntrip_client:/home/leewonjong/ros2_ws/install/gps_path_planner:/opt/ros/humble /usr/bin/cmake --build /home/leewonjong/ros2_ws/build/ublox -- -j16 -l16
[1.523s] DEBUG:colcon.colcon_core.event_handler.log_command:Invoked command in '/home/leewonjong/ros2_ws/build/ublox' returned '0': CMAKE_PREFIX_PATH=/home/leewonjong/ros2_ws/install/ublox_gps:/home/leewonjong/ros2_ws/install/ublox_msgs:/home/leewonjong/ros2_ws/install/ublox_serialization:/home/leewonjong/ros2_ws/install/ublox:/home/leewonjong/ros2_ws/install/rplidar_ros:/home/leewonjong/ros2_ws/install/combined_rtk:/home/leewonjong/ros2_ws/install/ntrip_client:/home/leewonjong/ros2_ws/install/gps_path_planner:/opt/ros/humble /usr/bin/cmake --build /home/leewonjong/ros2_ws/build/ublox -- -j16 -l16
[1.525s] DEBUG:colcon.colcon_core.event_handler.log_command:Invoking command in '/home/leewonjong/ros2_ws/build/ublox': CMAKE_PREFIX_PATH=/home/leewonjong/ros2_ws/install/ublox_gps:/home/leewonjong/ros2_ws/install/ublox_msgs:/home/leewonjong/ros2_ws/install/ublox_serialization:/home/leewonjong/ros2_ws/install/ublox:/home/leewonjong/ros2_ws/install/rplidar_ros:/home/leewonjong/ros2_ws/install/combined_rtk:/home/leewonjong/ros2_ws/install/ntrip_client:/home/leewonjong/ros2_ws/install/gps_path_planner:/opt/ros/humble /usr/bin/cmake --install /home/leewonjong/ros2_ws/build/ublox
[1.535s] Level 1:colcon.colcon_core.environment:create_environment_scripts_only(ublox)
[1.536s] Level 1:colcon.colcon_core.environment:checking '/home/leewonjong/ros2_ws/install/ublox' for CMake module files
[1.536s] DEBUG:colcon.colcon_core.event_handler.log_command:Invoked command in '/home/leewonjong/ros2_ws/build/ublox' returned '0': CMAKE_PREFIX_PATH=/home/leewonjong/ros2_ws/install/ublox_gps:/home/leewonjong/ros2_ws/install/ublox_msgs:/home/leewonjong/ros2_ws/install/ublox_serialization:/home/leewonjong/ros2_ws/install/ublox:/home/leewonjong/ros2_ws/install/rplidar_ros:/home/leewonjong/ros2_ws/install/combined_rtk:/home/leewonjong/ros2_ws/install/ntrip_client:/home/leewonjong/ros2_ws/install/gps_path_planner:/opt/ros/humble /usr/bin/cmake --install /home/leewonjong/ros2_ws/build/ublox
[1.536s] Level 1:colcon.colcon_core.environment:checking '/home/leewonjong/ros2_ws/install/ublox' for CMake config files
[1.536s] Level 1:colcon.colcon_core.shell:create_environment_hook('ublox', 'cmake_prefix_path')
[1.536s] INFO:colcon.colcon_core.shell:Creating environment hook '/home/leewonjong/ros2_ws/install/ublox/share/ublox/hook/cmake_prefix_path.ps1'
[1.537s] INFO:colcon.colcon_core.shell:Creating environment descriptor '/home/leewonjong/ros2_ws/install/ublox/share/ublox/hook/cmake_prefix_path.dsv'
[1.537s] INFO:colcon.colcon_core.shell:Creating environment hook '/home/leewonjong/ros2_ws/install/ublox/share/ublox/hook/cmake_prefix_path.sh'
[1.537s] Level 1:colcon.colcon_core.environment:checking '/home/leewonjong/ros2_ws/install/ublox/bin'
[1.537s] Level 1:colcon.colcon_core.environment:checking '/home/leewonjong/ros2_ws/install/ublox/lib/pkgconfig/ublox.pc'
[1.537s] Level 1:colcon.colcon_core.environment:checking '/home/leewonjong/ros2_ws/install/ublox/lib/python3.10/site-packages'
[1.537s] Level 1:colcon.colcon_core.environment:checking '/home/leewonjong/ros2_ws/install/ublox/bin'
[1.537s] INFO:colcon.colcon_core.shell:Creating package script '/home/leewonjong/ros2_ws/install/ublox/share/ublox/package.ps1'
[1.538s] INFO:colcon.colcon_core.shell:Creating package descriptor '/home/leewonjong/ros2_ws/install/ublox/share/ublox/package.dsv'
[1.538s] INFO:colcon.colcon_core.shell:Creating package script '/home/leewonjong/ros2_ws/install/ublox/share/ublox/package.sh'
[1.538s] INFO:colcon.colcon_core.shell:Creating package script '/home/leewonjong/ros2_ws/install/ublox/share/ublox/package.bash'
[1.538s] INFO:colcon.colcon_core.shell:Creating package script '/home/leewonjong/ros2_ws/install/ublox/share/ublox/package.zsh'
[1.538s] Level 1:colcon.colcon_core.environment:create_file_with_runtime_dependencies(/home/leewonjong/ros2_ws/install/ublox/share/colcon-core/packages/ublox)
[1.539s] Level 1:colcon.colcon_core.environment:create_environment_scripts_only(ublox)
[1.539s] Level 1:colcon.colcon_core.environment:checking '/home/leewonjong/ros2_ws/install/ublox' for CMake module files
[1.539s] Level 1:colcon.colcon_core.environment:checking '/home/leewonjong/ros2_ws/install/ublox' for CMake config files
[1.539s] Level 1:colcon.colcon_core.shell:create_environment_hook('ublox', 'cmake_prefix_path')
[1.539s] INFO:colcon.colcon_core.shell:Creating environment hook '/home/leewonjong/ros2_ws/install/ublox/share/ublox/hook/cmake_prefix_path.ps1'
[1.539s] INFO:colcon.colcon_core.shell:Creating environment descriptor '/home/leewonjong/ros2_ws/install/ublox/share/ublox/hook/cmake_prefix_path.dsv'
[1.540s] INFO:colcon.colcon_core.shell:Creating environment hook '/home/leewonjong/ros2_ws/install/ublox/share/ublox/hook/cmake_prefix_path.sh'
[1.540s] Level 1:colcon.colcon_core.environment:checking '/home/leewonjong/ros2_ws/install/ublox/bin'
[1.540s] Level 1:colcon.colcon_core.environment:checking '/home/leewonjong/ros2_ws/install/ublox/lib/pkgconfig/ublox.pc'
[1.540s] Level 1:colcon.colcon_core.environment:checking '/home/leewonjong/ros2_ws/install/ublox/lib/python3.10/site-packages'
[1.540s] Level 1:colcon.colcon_core.environment:checking '/home/leewonjong/ros2_ws/install/ublox/bin'
[1.540s] INFO:colcon.colcon_core.shell:Creating package script '/home/leewonjong/ros2_ws/install/ublox/share/ublox/package.ps1'
[1.540s] INFO:colcon.colcon_core.shell:Creating package descriptor '/home/leewonjong/ros2_ws/install/ublox/share/ublox/package.dsv'
[1.540s] INFO:colcon.colcon_core.shell:Creating package script '/home/leewonjong/ros2_ws/install/ublox/share/ublox/package.sh'
[1.541s] INFO:colcon.colcon_core.shell:Creating package script '/home/leewonjong/ros2_ws/install/ublox/share/ublox/package.bash'
[1.541s] INFO:colcon.colcon_core.shell:Creating package script '/home/leewonjong/ros2_ws/install/ublox/share/ublox/package.zsh'
[1.541s] Level 1:colcon.colcon_core.environment:create_file_with_runtime_dependencies(/home/leewonjong/ros2_ws/install/ublox/share/colcon-core/packages/ublox)
[1.667s] DEBUG:colcon.colcon_core.event_handler.log_command:Invoking command in '/home/leewonjong/ros2_ws/src/combined_rtk': AMENT_PREFIX_PATH=/home/leewonjong/ros2_ws/install/ntrip_client:/home/leewonjong/ros2_ws/install/ublox:/home/leewonjong/ros2_ws/install/combined_rtk:/home/leewonjong/ros2_ws/install/ublox_gps:/home/leewonjong/ros2_ws/install/ublox_msgs:/home/leewonjong/ros2_ws/install/ublox_serialization:/home/leewonjong/ros2_ws/install/rplidar_ros:/home/leewonjong/ros2_ws/install/gps_path_planner:/opt/ros/humble CMAKE_PREFIX_PATH=/home/leewonjong/ros2_ws/install/ublox_gps:/home/leewonjong/ros2_ws/install/ublox_msgs:/home/leewonjong/ros2_ws/install/ublox_serialization:/home/leewonjong/ros2_ws/install/ublox:/home/leewonjong/ros2_ws/install/rplidar_ros PYTHONPATH=/home/leewonjong/ros2_ws/build/combined_rtk/prefix_override:/usr/lib/python3/dist-packages/colcon_core/task/python/colcon_distutils_commands:/home/leewonjong/ros2_ws/install/combined_rtk/lib/python3.10/site-packages:/home/leewonjong/ros2_ws/install/ntrip_client/lib/python3.10/site-packages:/home/leewonjong/ros2_ws/install/combined_rtk/lib/python3.10/site-packages:/home/leewonjong/ros2_ws/install/ublox_msgs/local/lib/python3.10/dist-packages:/home/leewonjong/ros2_ws/install/gps_path_planner/lib/python3.10/site-packages:/opt/ros/humble/lib/python3.10/site-packages:/opt/ros/humble/local/lib/python3.10/dist-packages /usr/bin/python3 -W ignore:setup.py install is deprecated -W ignore:easy_install command is deprecated setup.py egg_info --egg-base ../../build/combined_rtk build --build-base /home/leewonjong/ros2_ws/build/combined_rtk/build install --record /home/leewonjong/ros2_ws/build/combined_rtk/install.log --single-version-externally-managed install_data
[1.799s] Level 1:colcon.colcon_core.environment:checking '/home/leewonjong/ros2_ws/install/combined_rtk' for CMake module files
[1.799s] DEBUG:colcon.colcon_core.event_handler.log_command:Invoked command in '/home/leewonjong/ros2_ws/src/combined_rtk' returned '0': AMENT_PREFIX_PATH=/home/leewonjong/ros2_ws/install/ntrip_client:/home/leewonjong/ros2_ws/install/ublox:/home/leewonjong/ros2_ws/install/combined_rtk:/home/leewonjong/ros2_ws/install/ublox_gps:/home/leewonjong/ros2_ws/install/ublox_msgs:/home/leewonjong/ros2_ws/install/ublox_serialization:/home/leewonjong/ros2_ws/install/rplidar_ros:/home/leewonjong/ros2_ws/install/gps_path_planner:/opt/ros/humble CMAKE_PREFIX_PATH=/home/leewonjong/ros2_ws/install/ublox_gps:/home/leewonjong/ros2_ws/install/ublox_msgs:/home/leewonjong/ros2_ws/install/ublox_serialization:/home/leewonjong/ros2_ws/install/ublox:/home/leewonjong/ros2_ws/install/rplidar_ros PYTHONPATH=/home/leewonjong/ros2_ws/build/combined_rtk/prefix_override:/usr/lib/python3/dist-packages/colcon_core/task/python/colcon_distutils_commands:/home/leewonjong/ros2_ws/install/combined_rtk/lib/python3.10/site-packages:/home/leewonjong/ros2_ws/install/ntrip_client/lib/python3.10/site-packages:/home/leewonjong/ros2_ws/install/combined_rtk/lib/python3.10/site-packages:/home/leewonjong/ros2_ws/install/ublox_msgs/local/lib/python3.10/dist-packages:/home/leewonjong/ros2_ws/install/gps_path_planner/lib/python3.10/site-packages:/opt/ros/humble/lib/python3.10/site-packages:/opt/ros/humble/local/lib/python3.10/dist-packages /usr/bin/python3 -W ignore:setup.py install is deprecated -W ignore:easy_install command is deprecated setup.py egg_info --egg-base ../../build/combined_rtk build --build-base /home/leewonjong/ros2_ws/build/combined_rtk/build install --record /home/leewonjong/ros2_ws/build/combined_rtk/install.log --single-version-externally-managed install_data
[1.800s] Level 1:colcon.colcon_core.environment:checking '/home/leewonjong/ros2_ws/install/combined_rtk' for CMake config files
[1.800s] Level 1:colcon.colcon_core.environment:checking '/home/leewonjong/ros2_ws/install/combined_rtk/lib'
[1.800s] Level 1:colcon.colcon_core.environment:checking '/home/leewonjong/ros2_ws/install/combined_rtk/bin'
[1.800s] Level 1:colcon.colcon_core.environment:checking '/home/leewonjong/ros2_ws/install/combined_rtk/lib/pkgconfig/combined_rtk.pc'
[1.800s] Level 1:colcon.colcon_core.environment:checking '/home/leewonjong/ros2_ws/install/combined_rtk/lib/python3.10/site-packages'
[1.800s] Level 1:colcon.colcon_core.shell:create_environment_hook('combined_rtk', 'pythonpath')
[1.800s] INFO:colcon.colcon_core.shell:Creating environment hook '/home/leewonjong/ros2_ws/install/combined_rtk/share/combined_rtk/hook/pythonpath.ps1'
[1.800s] INFO:colcon.colcon_core.shell:Creating environment descriptor '/home/leewonjong/ros2_ws/install/combined_rtk/share/combined_rtk/hook/pythonpath.dsv'
[1.800s] INFO:colcon.colcon_core.shell:Creating environment hook '/home/leewonjong/ros2_ws/install/combined_rtk/share/combined_rtk/hook/pythonpath.sh'
[1.801s] Level 1:colcon.colcon_core.environment:checking '/home/leewonjong/ros2_ws/install/combined_rtk/bin'
[1.801s] Level 1:colcon.colcon_core.environment:create_environment_scripts_only(combined_rtk)
[1.801s] INFO:colcon.colcon_core.shell:Creating package script '/home/leewonjong/ros2_ws/install/combined_rtk/share/combined_rtk/package.ps1'
[1.801s] INFO:colcon.colcon_core.shell:Creating package descriptor '/home/leewonjong/ros2_ws/install/combined_rtk/share/combined_rtk/package.dsv'
[1.801s] INFO:colcon.colcon_core.shell:Creating package script '/home/leewonjong/ros2_ws/install/combined_rtk/share/combined_rtk/package.sh'
[1.801s] INFO:colcon.colcon_core.shell:Creating package script '/home/leewonjong/ros2_ws/install/combined_rtk/share/combined_rtk/package.bash'
[1.801s] INFO:colcon.colcon_core.shell:Creating package script '/home/leewonjong/ros2_ws/install/combined_rtk/share/combined_rtk/package.zsh'
[1.802s] Level 1:colcon.colcon_core.environment:create_file_with_runtime_dependencies(/home/leewonjong/ros2_ws/install/combined_rtk/share/colcon-core/packages/combined_rtk)
[1.802s] DEBUG:colcon.colcon_parallel_executor.executor.parallel:closing loop
[1.802s] DEBUG:colcon.colcon_parallel_executor.executor.parallel:loop closed
[1.802s] DEBUG:colcon.colcon_parallel_executor.executor.parallel:run_until_complete finished with '0'
[1.802s] DEBUG:colcon.colcon_core.event_reactor:joining thread
[1.805s] INFO:colcon.colcon_core.plugin_system:Skipping extension 'colcon_notification.desktop_notification.terminal_notifier': Not used on non-Darwin systems
[1.805s] INFO:colcon.colcon_core.plugin_system:Skipping extension 'colcon_notification.desktop_notification.win32': Not used on non-Windows systems
[1.805s] INFO:colcon.colcon_notification.desktop_notification:Sending desktop notification using 'notify2'
[1.811s] DEBUG:colcon.colcon_core.event_reactor:joined thread
[1.811s] INFO:colcon.colcon_core.shell:Creating prefix script '/home/leewonjong/ros2_ws/install/local_setup.ps1'
[1.811s] INFO:colcon.colcon_core.shell:Creating prefix util module '/home/leewonjong/ros2_ws/install/_local_setup_util_ps1.py'
[1.812s] INFO:colcon.colcon_core.shell:Creating prefix chain script '/home/leewonjong/ros2_ws/install/setup.ps1'
[1.813s] INFO:colcon.colcon_core.shell:Creating prefix script '/home/leewonjong/ros2_ws/install/local_setup.sh'
[1.813s] INFO:colcon.colcon_core.shell:Creating prefix util module '/home/leewonjong/ros2_ws/install/_local_setup_util_sh.py'
[1.813s] INFO:colcon.colcon_core.shell:Creating prefix chain script '/home/leewonjong/ros2_ws/install/setup.sh'
[1.814s] INFO:colcon.colcon_core.shell:Creating prefix script '/home/leewonjong/ros2_ws/install/local_setup.bash'
[1.814s] INFO:colcon.colcon_core.shell:Creating prefix chain script '/home/leewonjong/ros2_ws/install/setup.bash'
[1.814s] INFO:colcon.colcon_core.shell:Creating prefix script '/home/leewonjong/ros2_ws/install/local_setup.zsh'
[1.815s] INFO:colcon.colcon_core.shell:Creating prefix chain script '/home/leewonjong/ros2_ws/install/setup.zsh'
