/home/leewonjong/ros2_ws/install/gps_path_planner/lib/python3.10/site-packages/gps_path_planner/pose_publisher.py
/home/leewonjong/ros2_ws/install/gps_path_planner/lib/python3.10/site-packages/gps_path_planner/traffic_light_node.py
/home/leewonjong/ros2_ws/install/gps_path_planner/lib/python3.10/site-packages/gps_path_planner/__init__.py
/home/leewonjong/ros2_ws/install/gps_path_planner/lib/python3.10/site-packages/gps_path_planner/cone_detector.py
/home/leewonjong/ros2_ws/install/gps_path_planner/lib/python3.10/site-packages/gps_path_planner/gps_latlon_logger.py
/home/leewonjong/ros2_ws/install/gps_path_planner/lib/python3.10/site-packages/gps_path_planner/mission_manager.py
/home/leewonjong/ros2_ws/install/gps_path_planner/lib/python3.10/site-packages/gps_path_planner/twist_serial_bridge.py
/home/leewonjong/ros2_ws/install/gps_path_planner/lib/python3.10/site-packages/gps_path_planner/realtime_phone.py
/home/leewonjong/ros2_ws/install/gps_path_planner/lib/python3.10/site-packages/gps_path_planner/gps_publish_global_path_node.py
/home/leewonjong/ros2_ws/install/gps_path_planner/lib/python3.10/site-packages/gps_path_planner/lidar_roi_node.py
/home/leewonjong/ros2_ws/install/gps_path_planner/lib/python3.10/site-packages/gps_path_planner/camera_publisher.py
/home/leewonjong/ros2_ws/install/gps_path_planner/lib/python3.10/site-packages/gps_path_planner/pure_pursuit_node.py
/home/leewonjong/ros2_ws/install/gps_path_planner/lib/python3.10/site-packages/gps_path_planner/__pycache__/pose_publisher.cpython-310.pyc
/home/leewonjong/ros2_ws/install/gps_path_planner/lib/python3.10/site-packages/gps_path_planner/__pycache__/traffic_light_node.cpython-310.pyc
/home/leewonjong/ros2_ws/install/gps_path_planner/lib/python3.10/site-packages/gps_path_planner/__pycache__/__init__.cpython-310.pyc
/home/leewonjong/ros2_ws/install/gps_path_planner/lib/python3.10/site-packages/gps_path_planner/__pycache__/cone_detector.cpython-310.pyc
/home/leewonjong/ros2_ws/install/gps_path_planner/lib/python3.10/site-packages/gps_path_planner/__pycache__/gps_latlon_logger.cpython-310.pyc
/home/leewonjong/ros2_ws/install/gps_path_planner/lib/python3.10/site-packages/gps_path_planner/__pycache__/mission_manager.cpython-310.pyc
/home/leewonjong/ros2_ws/install/gps_path_planner/lib/python3.10/site-packages/gps_path_planner/__pycache__/twist_serial_bridge.cpython-310.pyc
/home/leewonjong/ros2_ws/install/gps_path_planner/lib/python3.10/site-packages/gps_path_planner/__pycache__/realtime_phone.cpython-310.pyc
/home/leewonjong/ros2_ws/install/gps_path_planner/lib/python3.10/site-packages/gps_path_planner/__pycache__/gps_publish_global_path_node.cpython-310.pyc
/home/leewonjong/ros2_ws/install/gps_path_planner/lib/python3.10/site-packages/gps_path_planner/__pycache__/lidar_roi_node.cpython-310.pyc
/home/leewonjong/ros2_ws/install/gps_path_planner/lib/python3.10/site-packages/gps_path_planner/__pycache__/camera_publisher.cpython-310.pyc
/home/leewonjong/ros2_ws/install/gps_path_planner/lib/python3.10/site-packages/gps_path_planner/__pycache__/pure_pursuit_node.cpython-310.pyc
/home/leewonjong/ros2_ws/install/gps_path_planner/share/ament_index/resource_index/packages/gps_path_planner
/home/leewonjong/ros2_ws/install/gps_path_planner/share/gps_path_planner/package.xml
/home/leewonjong/ros2_ws/install/gps_path_planner/share/gps_path_planner/launch/gps_path_planner_launch.py
/home/leewonjong/ros2_ws/install/gps_path_planner/lib/python3.10/site-packages/gps_path_planner-0.0.0-py3.10.egg-info/zip-safe
/home/leewonjong/ros2_ws/install/gps_path_planner/lib/python3.10/site-packages/gps_path_planner-0.0.0-py3.10.egg-info/dependency_links.txt
/home/leewonjong/ros2_ws/install/gps_path_planner/lib/python3.10/site-packages/gps_path_planner-0.0.0-py3.10.egg-info/PKG-INFO
/home/leewonjong/ros2_ws/install/gps_path_planner/lib/python3.10/site-packages/gps_path_planner-0.0.0-py3.10.egg-info/entry_points.txt
/home/leewonjong/ros2_ws/install/gps_path_planner/lib/python3.10/site-packages/gps_path_planner-0.0.0-py3.10.egg-info/SOURCES.txt
/home/leewonjong/ros2_ws/install/gps_path_planner/lib/python3.10/site-packages/gps_path_planner-0.0.0-py3.10.egg-info/requires.txt
/home/leewonjong/ros2_ws/install/gps_path_planner/lib/python3.10/site-packages/gps_path_planner-0.0.0-py3.10.egg-info/top_level.txt
/home/leewonjong/ros2_ws/install/gps_path_planner/lib/gps_path_planner/camera_publisher
/home/leewonjong/ros2_ws/install/gps_path_planner/lib/gps_path_planner/cone_detector
/home/leewonjong/ros2_ws/install/gps_path_planner/lib/gps_path_planner/gps_latlon_logger
/home/leewonjong/ros2_ws/install/gps_path_planner/lib/gps_path_planner/gps_publish_global_path_node
/home/leewonjong/ros2_ws/install/gps_path_planner/lib/gps_path_planner/lidar_roi_node
/home/leewonjong/ros2_ws/install/gps_path_planner/lib/gps_path_planner/mission_manager
/home/leewonjong/ros2_ws/install/gps_path_planner/lib/gps_path_planner/pose_publisher
/home/leewonjong/ros2_ws/install/gps_path_planner/lib/gps_path_planner/pure_pursuit_node
/home/leewonjong/ros2_ws/install/gps_path_planner/lib/gps_path_planner/traffic_light_node
/home/leewonjong/ros2_ws/install/gps_path_planner/lib/gps_path_planner/twist_serial_bridge
