[  0%] Built target ublox_msgs__cpp
[  0%] Built target ament_cmake_python_symlink_ublox_msgs
[ 12%] Built target ublox_msgs__rosidl_typesupport_introspection_cpp
running egg_info
writing ublox_msgs.egg-info/PKG-INFO
writing dependency_links to ublox_msgs.egg-info/dependency_links.txt
writing top-level names to ublox_msgs.egg-info/top_level.txt
reading manifest file 'ublox_msgs.egg-info/SOURCES.txt'
writing manifest file 'ublox_msgs.egg-info/SOURCES.txt'
[ 12%] Built target ament_cmake_python_build_ublox_msgs_egg
[ 24%] Built target ublox_msgs__rosidl_typesupport_fastrtps_cpp
[ 36%] Built target ublox_msgs__rosidl_typesupport_cpp
[ 48%] Built target ublox_msgs__rosidl_generator_c
[ 49%] Built target ublox_msgs_lib
[ 62%] Built target ublox_msgs__rosidl_typesupport_c
[ 75%] Built target ublox_msgs__rosidl_typesupport_introspection_c
[ 88%] Built target ublox_msgs__rosidl_typesupport_fastrtps_c
[ 88%] Built target ublox_msgs
[ 88%] Built target ublox_msgs__py
gmake[2]: *** [CMakeFiles/ublox_msgs__rosidl_generator_py.dir/build.make:1422: CMakeFiles/ublox_msgs__rosidl_generator_py.dir/depend] Interrupt
gmake[1]: *** [CMakeFiles/Makefile2:476: CMakeFiles/ublox_msgs__rosidl_generator_py.dir/all] Interrupt
gmake: *** [Makefile:146: all] Interrupt
