[0.020s] Invoking command in '/home/leewonjong/ros2_ws/build/ublox_serialization': CMAKE_PREFIX_PATH=${CMAKE_PREFIX_PATH}:/home/leewonjong/ros2_ws/install/combined_rtk:/home/leewonjong/ros2_ws/install/ntrip_client:/home/leewonjong/ros2_ws/install/gps_path_planner:/opt/ros/humble /usr/bin/cmake /home/leewonjong/ros2_ws/src/ublox/ublox_serialization -DCMAKE_INSTALL_PREFIX=/home/leewonjong/ros2_ws/install/ublox_serialization
[0.249s] -- Found ament_cmake: 1.3.12 (/opt/ros/humble/share/ament_cmake/cmake)
[0.249s] -- Override CMake install command with custom implementation using symlinks instead of copying resources
[0.249s] -- Configuring done
[0.249s] -- Generating done
[0.249s] -- Build files have been written to: /home/leewonjong/ros2_ws/build/ublox_serialization
[0.252s] Invoked command in '/home/leewonjong/ros2_ws/build/ublox_serialization' returned '0': CMAKE_PREFIX_PATH=${CMAKE_PREFIX_PATH}:/home/leewonjong/ros2_ws/install/combined_rtk:/home/leewonjong/ros2_ws/install/ntrip_client:/home/leewonjong/ros2_ws/install/gps_path_planner:/opt/ros/humble /usr/bin/cmake /home/leewonjong/ros2_ws/src/ublox/ublox_serialization -DCMAKE_INSTALL_PREFIX=/home/leewonjong/ros2_ws/install/ublox_serialization
[0.252s] Invoking command in '/home/leewonjong/ros2_ws/build/ublox_serialization': CMAKE_PREFIX_PATH=${CMAKE_PREFIX_PATH}:/home/leewonjong/ros2_ws/install/combined_rtk:/home/leewonjong/ros2_ws/install/ntrip_client:/home/leewonjong/ros2_ws/install/gps_path_planner:/opt/ros/humble /usr/bin/cmake --build /home/leewonjong/ros2_ws/build/ublox_serialization -- -j16 -l16
[0.276s] Invoked command in '/home/leewonjong/ros2_ws/build/ublox_serialization' returned '0': CMAKE_PREFIX_PATH=${CMAKE_PREFIX_PATH}:/home/leewonjong/ros2_ws/install/combined_rtk:/home/leewonjong/ros2_ws/install/ntrip_client:/home/leewonjong/ros2_ws/install/gps_path_planner:/opt/ros/humble /usr/bin/cmake --build /home/leewonjong/ros2_ws/build/ublox_serialization -- -j16 -l16
[0.284s] Invoking command in '/home/leewonjong/ros2_ws/build/ublox_serialization': CMAKE_PREFIX_PATH=${CMAKE_PREFIX_PATH}:/home/leewonjong/ros2_ws/install/combined_rtk:/home/leewonjong/ros2_ws/install/ntrip_client:/home/leewonjong/ros2_ws/install/gps_path_planner:/opt/ros/humble /usr/bin/cmake --install /home/leewonjong/ros2_ws/build/ublox_serialization
[0.289s] -- Install configuration: ""
[0.289s] -- Execute custom install script
[0.289s] -- Up-to-date symlink: /home/leewonjong/ros2_ws/install/ublox_serialization/include/ublox_serialization/ublox_serialization/checksum.hpp
[0.289s] -- Up-to-date symlink: /home/leewonjong/ros2_ws/install/ublox_serialization/include/ublox_serialization/ublox_serialization/serialization.hpp
[0.289s] -- Up-to-date symlink: /home/leewonjong/ros2_ws/install/ublox_serialization/share/ament_index/resource_index/package_run_dependencies/ublox_serialization
[0.289s] -- Up-to-date symlink: /home/leewonjong/ros2_ws/install/ublox_serialization/share/ament_index/resource_index/parent_prefix_path/ublox_serialization
[0.289s] -- Up-to-date symlink: /home/leewonjong/ros2_ws/install/ublox_serialization/share/ublox_serialization/environment/ament_prefix_path.sh
[0.289s] -- Up-to-date symlink: /home/leewonjong/ros2_ws/install/ublox_serialization/share/ublox_serialization/environment/ament_prefix_path.dsv
[0.289s] -- Up-to-date symlink: /home/leewonjong/ros2_ws/install/ublox_serialization/share/ublox_serialization/environment/path.sh
[0.289s] -- Up-to-date symlink: /home/leewonjong/ros2_ws/install/ublox_serialization/share/ublox_serialization/environment/path.dsv
[0.289s] -- Up-to-date symlink: /home/leewonjong/ros2_ws/install/ublox_serialization/share/ublox_serialization/local_setup.bash
[0.289s] -- Up-to-date symlink: /home/leewonjong/ros2_ws/install/ublox_serialization/share/ublox_serialization/local_setup.sh
[0.289s] -- Up-to-date symlink: /home/leewonjong/ros2_ws/install/ublox_serialization/share/ublox_serialization/local_setup.zsh
[0.290s] -- Up-to-date symlink: /home/leewonjong/ros2_ws/install/ublox_serialization/share/ublox_serialization/local_setup.dsv
[0.290s] -- Symlinking: /home/leewonjong/ros2_ws/install/ublox_serialization/share/ublox_serialization/package.dsv
[0.293s] -- Up-to-date symlink: /home/leewonjong/ros2_ws/install/ublox_serialization/share/ament_index/resource_index/packages/ublox_serialization
[0.293s] -- Up-to-date symlink: /home/leewonjong/ros2_ws/install/ublox_serialization/share/ublox_serialization/cmake/ament_cmake_export_include_directories-extras.cmake
[0.294s] -- Up-to-date symlink: /home/leewonjong/ros2_ws/install/ublox_serialization/share/ublox_serialization/cmake/ament_cmake_export_targets-extras.cmake
[0.294s] -- Up-to-date symlink: /home/leewonjong/ros2_ws/install/ublox_serialization/share/ublox_serialization/cmake/ublox_serializationConfig.cmake
[0.294s] -- Up-to-date symlink: /home/leewonjong/ros2_ws/install/ublox_serialization/share/ublox_serialization/cmake/ublox_serializationConfig-version.cmake
[0.294s] -- Up-to-date symlink: /home/leewonjong/ros2_ws/install/ublox_serialization/share/ublox_serialization/package.xml
[0.294s] -- Up-to-date: /home/leewonjong/ros2_ws/install/ublox_serialization/share/ublox_serialization/cmake/export_ublox_serializationExport.cmake
[0.295s] Invoked command in '/home/leewonjong/ros2_ws/build/ublox_serialization' returned '0': CMAKE_PREFIX_PATH=${CMAKE_PREFIX_PATH}:/home/leewonjong/ros2_ws/install/combined_rtk:/home/leewonjong/ros2_ws/install/ntrip_client:/home/leewonjong/ros2_ws/install/gps_path_planner:/opt/ros/humble /usr/bin/cmake --install /home/leewonjong/ros2_ws/build/ublox_serialization
